[I 2026-04-10 08:41:00,121] Trial 26 finished with value: 2.4823525646609608 and parameters: {'num_leaves': 12, 'learning_rate': 0.09871737965640459, 'feature_fraction': 0.5814118566565686, 'atr_multiplier': 2.5648214187993275, 'rrr': 3.695919816844567}. Best is trial 13 with value: 2.9330145792274953.
[I 2026-04-10 08:41:00,503] Trial 24 finished with value: 2.4849715462030133 and parameters: {'num_leaves': 40, 'learning_rate': 0.09952866876097478, 'feature_fraction': 0.5767699931932964, 'atr_multiplier': 2.599718096301051, 'rrr': 3.674704398382704}. Best is trial 13 with value: 2.9330145792274953.
[I 2026-04-10 08:41:00,596] Trial 27 finished with value: 2.5403616519473164 and parameters: {'num_leaves': 11, 'learning_rate': 0.09976825414335803, 'feature_fraction': 0.5696660909998568, 'atr_multiplier': 2.64327115025217, 'rrr': 3.7302890002516724}. Best is trial 13 with value: 2.9330145792274953.
[I 2026-04-10 08:41:00,703] Trial 25 finished with value: 2.4742584461391313 and parameters: {'num_leaves': 13, 'learning_rate': 0.09650401519914895, 'feature_fraction': 0.5817090654460163, 'atr_multiplier': 2.6093275082526595, 'rrr': 3.6726723607329945}. Best is trial 13 with value: 2.9330145792274953.
[I 2026-04-10 08:41:47,027] Trial 28 finished with value: 2.226289702360859 and parameters: {'num_leaves': 29, 'learning_rate': 0.0911908337313619, 'feature_fraction': 0.5721570979486037, 'atr_multiplier': 2.3339506524631313, 'rrr': 3.305621968919782}. Best is trial 13 with value: 2.9330145792274953.
[I 2026-04-10 08:41:47,231] Trial 30 finished with value: 2.064801292348626 and parameters: {'num_leaves': 29, 'learning_rate': 0.09045541913455367, 'feature_fraction': 0.6979462504661433, 'atr_multiplier': 2.287554101804701, 'rrr': 3.164085048650081}. Best is trial 13 with value: 2.9330145792274953.
[I 2026-04-10 08:41:47,238] Trial 29 finished with value: 2.076063271293922 and parameters: {'num_leaves': 27, 'learning_rate': 0.01094505406629153, 'feature_fraction': 0.5788657045682243, 'atr_multiplier': 3.126911792133057, 'rrr': 3.274020130121883}. Best is trial 13 with value: 2.9330145792274953.
[I 2026-04-10 08:41:47,394] Trial 31 finished with value: 2.1865522239001534 and parameters: {'num_leaves': 31, 'learning_rate': 0.06129145905357549, 'feature_fraction': 0.6965558891927027, 'atr_multiplier': 3.0172610349243816, 'rrr': 3.3311014444857756}. Best is trial 13 with value: 2.9330145792274953.
[I 2026-04-10 08:42:34,822] Trial 35 finished with value: 2.928271020894211 and parameters: {'num_leaves': 16, 'learning_rate': 0.07571282369208443, 'feature_fraction': 0.5142696186214889, 'atr_multiplier': 2.895339411260466, 'rrr': 3.986957402207509}. Best is trial 13 with value: 2.9330145792274953.
[I 2026-04-10 08:42:34,824] Trial 34 finished with value: 2.8336929057843667 and parameters: {'num_leaves': 16, 'learning_rate': 0.07532792388279755, 'feature_fraction': 0.5219858125180762, 'atr_multiplier': 2.9402256684816783, 'rrr': 3.9160465645849634}. Best is trial 13 with value: 2.9330145792274953.
[I 2026-04-10 08:42:34,940] Trial 33 finished with value: 2.8696705481447617 and parameters: {'num_leaves': 16, 'learning_rate': 0.07484941672622533, 'feature_fraction': 0.5030448086095606, 'atr_multiplier': 3.0077795082817724, 'rrr': 3.977265193963181}. Best is trial 13 with value: 2.9330145792274953.
[I 2026-04-10 08:42:36,676] Trial 32 finished with value: 2.0947505438747163 and parameters: {'num_leaves': 49, 'learning_rate': 0.05232158113665979, 'feature_fraction': 0.6883101488675085, 'atr_multiplier': 3.161040665293653, 'rrr': 3.204931827266214}. Best is trial 13 with value: 2.9330145792274953.
[I 2026-04-10 08:43:25,180] Trial 36 finished with value: 2.642562743254428 and parameters: {'num_leaves': 15, 'learning_rate': 0.07488220292751759, 'feature_fraction': 0.5453411562043682, 'atr_multiplier': 3.345548330998977, 'rrr': 3.7789068999249937}. Best is trial 13 with value: 2.9330145792274953.
[I 2026-04-10 08:43:25,256] Trial 38 finished with value: 0.7724006512467615 and parameters: {'num_leaves': 15, 'learning_rate': 0.07506322541737384, 'feature_fraction': 0.5493955278415484, 'atr_multiplier': 3.2292099243501364, 'rrr': 1.5632008683290155}. Best is trial 13 with value: 2.9330145792274953.
[I 2026-04-10 08:43:25,494] Trial 39 finished with value: 0.564780851863341 and parameters: {'num_leaves': 16, 'learning_rate': 0.0734652776475981, 'feature_fraction': 0.5457372220794577, 'atr_multiplier': 3.342492525128983, 'rrr': 1.6793450810364703}. Best is trial 13 with value: 2.9330145792274953.
[I 2026-04-10 08:43:26,627] Trial 37 finished with value: 3.0255333899396977 and parameters: {'num_leaves': 50, 'learning_rate': 0.0744973614505993, 'feature_fraction': 0.542042641797041, 'atr_multiplier': 3.4102257183789724, 'rrr': 3.9930323970062034}. Best is trial 37 with value: 3.0255333899396977.
[I 2026-04-10 08:43:36,801] A new study created in memory with name: no-name-87d9f9aa-5a3b-4e4b-b541-55c0895590d6
[I 2026-04-10 08:44:24,131] Trial 2 finished with value: 1.391428972787545 and parameters: {'num_leaves': 14, 'learning_rate': 0.09256183848015334, 'feature_fraction': 0.7772605124090011, 'atr_multiplier': 3.8312123777901466, 'rrr': 2.826107354636194}. Best is trial 2 with value: 1.391428972787545.
[I 2026-04-10 08:44:24,753] Trial 1 finished with value: 0.6676259096362994 and parameters: {'num_leaves': 20, 'learning_rate': 0.05929619695072927, 'feature_fraction': 0.8550566876311715, 'atr_multiplier': 2.6444748782465197, 'rrr': 1.8274180816564656}. Best is trial 2 with value: 1.391428972787545.
[I 2026-04-10 08:44:24,909] Trial 3 finished with value: 1.3711115915086014 and parameters: {'num_leaves': 21, 'learning_rate': 0.058904072422934745, 'feature_fraction': 0.7907536272766713, 'atr_multiplier': 4.783907505589698, 'rrr': 3.2138579458072343}. Best is trial 2 with value: 1.391428972787545.
[I 2026-04-10 08:44:26,879] Trial 0 finished with value: 2.511880417470645 and parameters: {'num_leaves': 58, 'learning_rate': 0.030324458416807143, 'feature_fraction': 0.6537189113849751, 'atr_multiplier': 2.5346612661126753, 'rrr': 3.7350278919993167}. Best is trial 0 with value: 2.511880417470645.
[I 2026-04-10 08:45:10,381] Trial 4 finished with value: 0.8999387582583602 and parameters: {'num_leaves': 29, 'learning_rate': 0.013597592205661313, 'feature_fraction': 0.7109664776229248, 'atr_multiplier': 4.047345977240402, 'rrr': 2.469127129360302}. Best is trial 0 with value: 2.511880417470645.
[I 2026-04-10 08:45:12,315] Trial 5 finished with value: 0.46619970134408856 and parameters: {'num_leaves': 33, 'learning_rate': 0.09219905540242081, 'feature_fraction': 0.7374988525675559, 'atr_multiplier': 3.977536744043775, 'rrr': 1.6208643805579814}. Best is trial 0 with value: 2.511880417470645.
[I 2026-04-10 08:45:13,288] Trial 6 finished with value: 1.530880372795661 and parameters: {'num_leaves': 57, 'learning_rate': 0.04247949248730674, 'feature_fraction': 0.5688646325679239, 'atr_multiplier': 2.701575874930718, 'rrr': 2.6357144781749375}. Best is trial 0 with value: 2.511880417470645.
[I 2026-04-10 08:45:13,313] Trial 7 finished with value: 2.305199767671178 and parameters: {'num_leaves': 55, 'learning_rate': 0.0583999446734611, 'feature_fraction': 0.6785410452716478, 'atr_multiplier': 3.6317699557483327, 'rrr': 3.660164392531295}. Best is trial 0 with value: 2.511880417470645.
[I 2026-04-10 08:45:57,179] Trial 9 finished with value: 1.636308004720244 and parameters: {'num_leaves': 8, 'learning_rate': 0.0394951369858163, 'feature_fraction': 0.5534043341252716, 'atr_multiplier': 3.027268755088962, 'rrr': 3.0613981085752715}. Best is trial 0 with value: 2.511880417470645.
[I 2026-04-10 08:45:57,466] Trial 8 finished with value: 1.3143788681935953 and parameters: {'num_leaves': 45, 'learning_rate': 0.01840029353053016, 'feature_fraction': 0.9202938248163937, 'atr_multiplier': 2.8338547817673483, 'rrr': 2.6807710018532545}. Best is trial 0 with value: 2.511880417470645.
[I 2026-04-10 08:45:59,466] Trial 10 finished with value: 0.4968719328280032 and parameters: {'num_leaves': 43, 'learning_rate': 0.07328204941872979, 'feature_fraction': 0.5203162607179265, 'atr_multiplier': 2.9653033927146786, 'rrr': 1.7447865547133385}. Best is trial 0 with value: 2.511880417470645.
[I 2026-04-10 08:46:00,207] Trial 11 finished with value: 0.6951780548149704 and parameters: {'num_leaves': 64, 'learning_rate': 0.09417911661121288, 'feature_fraction': 0.7903019797935993, 'atr_multiplier': 4.98239238326881, 'rrr': 2.2344885902050655}. Best is trial 0 with value: 2.511880417470645.
[I 2026-04-10 08:46:45,006] Trial 12 finished with value: 0.606829699217261 and parameters: {'num_leaves': 46, 'learning_rate': 0.032605929663249184, 'feature_fraction': 0.9636605808254339, 'atr_multiplier': 3.0648911834302393, 'rrr': 1.7607323844842675}. Best is trial 0 with value: 2.511880417470645.
[I 2026-04-10 08:46:45,180] Trial 13 finished with value: 2.7149533615529804 and parameters: {'num_leaves': 45, 'learning_rate': 0.03166737976089708, 'feature_fraction': 0.9957070860294901, 'atr_multiplier': 2.079812215955767, 'rrr': 3.9134654616178484}. Best is trial 13 with value: 2.7149533615529804.
[I 2026-04-10 08:46:46,789] Trial 15 finished with value: 2.801910596377084 and parameters: {'num_leaves': 52, 'learning_rate': 0.03484868773180942, 'feature_fraction': 0.6363642937172932, 'atr_multiplier': 2.285875169428894, 'rrr': 3.9073175537429723}. Best is trial 15 with value: 2.801910596377084.
[I 2026-04-10 08:46:46,967] Trial 14 finished with value: 2.724314445274244 and parameters: {'num_leaves': 64, 'learning_rate': 0.0349051258975535, 'feature_fraction': 0.6543229391010517, 'atr_multiplier': 2.055959566768866, 'rrr': 3.9049573171238974}. Best is trial 15 with value: 2.801910596377084.
[I 2026-04-10 08:47:32,722] Trial 16 finished with value: 2.870540283364708 and parameters: {'num_leaves': 55, 'learning_rate': 0.07321509597260371, 'feature_fraction': 0.6451387841737136, 'atr_multiplier': 2.1377005512302794, 'rrr': 3.979284504782445}. Best is trial 16 with value: 2.870540283364708.
[I 2026-04-10 08:47:32,922] Trial 18 finished with value: 2.6946062649873874 and parameters: {'num_leaves': 49, 'learning_rate': 0.0236422920874029, 'feature_fraction': 0.6173485758932198, 'atr_multiplier': 2.0640107512548536, 'rrr': 3.871791144945849}. Best is trial 16 with value: 2.870540283364708.
[I 2026-04-10 08:47:33,075] Trial 17 finished with value: 2.7045535358375115 and parameters: {'num_leaves': 54, 'learning_rate': 0.02705949607010299, 'feature_fraction': 0.6332770169549555, 'atr_multiplier': 2.1217185439890294, 'rrr': 3.8181919197968894}. Best is trial 16 with value: 2.870540283364708.
[I 2026-04-10 08:47:33,846] Trial 19 finished with value: 2.339612903577592 and parameters: {'num_leaves': 62, 'learning_rate': 0.04464035062653486, 'feature_fraction': 0.6250369146791748, 'atr_multiplier': 2.016399687274382, 'rrr': 3.453336734409711}. Best is trial 16 with value: 2.870540283364708.
[I 2026-04-10 08:48:21,187] Trial 21 finished with value: 2.30053574729916 and parameters: {'num_leaves': 38, 'learning_rate': 0.07550027839011966, 'feature_fraction': 0.6030512047078128, 'atr_multiplier': 2.382290282603663, 'rrr': 3.446212729106878}. Best is trial 16 with value: 2.870540283364708.
[I 2026-04-10 08:48:21,287] Trial 23 finished with value: 2.2183606209972693 and parameters: {'num_leaves': 38, 'learning_rate': 0.0750767117042263, 'feature_fraction': 0.5043991701033906, 'atr_multiplier': 2.4362728950508874, 'rrr': 3.449452491396923}. Best is trial 16 with value: 2.870540283364708.
[I 2026-04-10 08:48:21,501] Trial 22 finished with value: 2.273258816075359 and parameters: {'num_leaves': 38, 'learning_rate': 0.0754830963467223, 'feature_fraction': 0.6078594262985604, 'atr_multiplier': 2.45132144608002, 'rrr': 3.4388547819698396}. Best is trial 16 with value: 2.870540283364708.
[I 2026-04-10 08:48:22,095] Trial 20 finished with value: 2.2647513734651863 and parameters: {'num_leaves': 51, 'learning_rate': 0.07440414651045453, 'feature_fraction': 0.6080553789991354, 'atr_multiplier': 2.331857635766562, 'rrr': 3.4176273836333597}. Best is trial 16 with value: 2.870540283364708.
[I 2026-04-10 08:49:10,699] Trial 24 finished with value: 2.298949611008622 and parameters: {'num_leaves': 52, 'learning_rate': 0.07572168823312382, 'feature_fraction': 0.7173878195757967, 'atr_multiplier': 2.3663453524567624, 'rrr': 3.460420410390958}. Best is trial 16 with value: 2.870540283364708.
[I 2026-04-10 08:49:11,118] Trial 25 finished with value: 2.6716398131610526 and parameters: {'num_leaves': 52, 'learning_rate': 0.05149314750167911, 'feature_fraction': 0.7031994981930085, 'atr_multiplier': 3.320803058199516, 'rrr': 3.997528986441377}. Best is trial 16 with value: 2.870540283364708.
[I 2026-04-10 08:49:11,223] Trial 26 finished with value: 2.6590432713734247 and parameters: {'num_leaves': 52, 'learning_rate': 0.05035646601737748, 'feature_fraction': 0.68855022511373, 'atr_multiplier': 3.310601794046393, 'rrr': 3.9887096576569854}. Best is trial 16 with value: 2.870540283364708.
[I 2026-04-10 08:49:12,181] Trial 27 finished with value: 2.6088428220288638 and parameters: {'num_leaves': 60, 'learning_rate': 0.04824761486371612, 'feature_fraction': 0.6804997020736713, 'atr_multiplier': 3.293452724206493, 'rrr': 3.9718027397757667}. Best is trial 16 with value: 2.870540283364708.
[I 2026-04-10 08:50:02,165] Trial 28 finished with value: 2.626415881434262 and parameters: {'num_leaves': 60, 'learning_rate': 0.05222972244323734, 'feature_fraction': 0.6631523048525989, 'atr_multiplier': 3.267204117641964, 'rrr': 3.951020152248264}. Best is trial 16 with value: 2.870540283364708.
[I 2026-04-10 08:50:02,438] Trial 30 finished with value: 2.501464049524238 and parameters: {'num_leaves': 60, 'learning_rate': 0.06666622381283646, 'feature_fraction': 0.5589871817476187, 'atr_multiplier': 2.215272490734283, 'rrr': 3.654441299178964}. Best is trial 16 with value: 2.870540283364708.
[I 2026-04-10 08:50:02,518] Trial 29 finished with value: 2.3429011873514574 and parameters: {'num_leaves': 59, 'learning_rate': 0.051390404039921615, 'feature_fraction': 0.67122768266298, 'atr_multiplier': 4.4012015664590765, 'rrr': 3.657201583135276}. Best is trial 16 with value: 2.870540283364708.
[I 2026-04-10 08:50:02,784] Trial 31 finished with value: 2.4303713798412456 and parameters: {'num_leaves': 64, 'learning_rate': 0.08349035086171477, 'feature_fraction': 0.5576138005111014, 'atr_multiplier': 2.225113993172927, 'rrr': 3.625621412300345}. Best is trial 16 with value: 2.870540283364708.
[I 2026-04-10 08:50:53,274] Trial 35 finished with value: 2.5383529014441044 and parameters: {'num_leaves': 42, 'learning_rate': 0.03513985326690664, 'feature_fraction': 0.8316386334112781, 'atr_multiplier': 2.66626102630309, 'rrr': 3.784320620730352}. Best is trial 16 with value: 2.870540283364708.
[I 2026-04-10 08:50:53,397] Trial 34 finished with value: 2.5913269392001825 and parameters: {'num_leaves': 48, 'learning_rate': 0.036129879095875964, 'feature_fraction': 0.9959820974990269, 'atr_multiplier': 2.2002165849998545, 'rrr': 3.7667869996233594}. Best is trial 16 with value: 2.870540283364708.
[I 2026-04-10 08:50:53,599] Trial 32 finished with value: 2.4295253013537814 and parameters: {'num_leaves': 58, 'learning_rate': 0.08489801232347774, 'feature_fraction': 0.5614691304299023, 'atr_multiplier': 2.6575275851949183, 'rrr': 3.6507049426566582}. Best is trial 16 with value: 2.870540283364708.
[I 2026-04-10 08:50:53,889] Trial 33 finished with value: 2.5161643723380034 and parameters: {'num_leaves': 56, 'learning_rate': 0.08551829682931689, 'feature_fraction': 0.8238851495122251, 'atr_multiplier': 2.631410440969204, 'rrr': 3.696181981709156}. Best is trial 16 with value: 2.870540283364708.
[I 2026-04-10 08:51:41,778] Trial 36 finished with value: 2.0317686394686634 and parameters: {'num_leaves': 48, 'learning_rate': 0.03647528006893185, 'feature_fraction': 0.8669598673439509, 'atr_multiplier': 2.5875148860193122, 'rrr': 3.2106040079196094}. Best is trial 16 with value: 2.870540283364708.
[I 2026-04-10 08:51:42,201] Trial 39 finished with value: 2.0508172585730353 and parameters: {'num_leaves': 42, 'learning_rate': 0.02397559401408139, 'feature_fraction': 0.7515992509291018, 'atr_multiplier': 2.028534065480095, 'rrr': 3.1964442207512804}. Best is trial 16 with value: 2.870540283364708.
[I 2026-04-10 08:51:42,516] Trial 37 finished with value: 1.7849567131186683 and parameters: {'num_leaves': 56, 'learning_rate': 0.025621916123932824, 'feature_fraction': 0.8819726286209392, 'atr_multiplier': 2.5602814604666273, 'rrr': 3.0530354609733985}. Best is trial 16 with value: 2.870540283364708.
[I 2026-04-10 08:51:42,959] Trial 38 finished with value: 1.6892669043457846 and parameters: {'num_leaves': 56, 'learning_rate': 0.02792736500649127, 'feature_fraction': 0.7591146174079934, 'atr_multiplier': 2.5419063108819104, 'rrr': 2.90523728597736}. Best is trial 16 with value: 2.870540283364708.
[I 2026-04-10 08:51:53,360] A new study created in memory with name: no-name-61f59439-db7b-413a-b7c6-61f09ea937cd
[I 2026-04-10 08:52:42,209] Trial 2 finished with value: 1.8536377586556958 and parameters: {'num_leaves': 31, 'learning_rate': 0.015419205080728408, 'feature_fraction': 0.9679591395895089, 'atr_multiplier': 4.093491955615145, 'rrr': 3.83397951783651}. Best is trial 2 with value: 1.8536377586556958.
[I 2026-04-10 08:52:42,352] Trial 3 finished with value: 2.542500646916242 and parameters: {'num_leaves': 39, 'learning_rate': 0.09899633166912206, 'feature_fraction': 0.5739241220288971, 'atr_multiplier': 3.203767044948353, 'rrr': 3.8418220403272576}. Best is trial 3 with value: 2.542500646916242.
[I 2026-04-10 08:52:43,021] Trial 1 finished with value: 1.8416897174941367 and parameters: {'num_leaves': 43, 'learning_rate': 0.07553268773519008, 'feature_fraction': 0.9997436863357659, 'atr_multiplier': 3.501780077566931, 'rrr': 3.2850402940527377}. Best is trial 3 with value: 2.542500646916242.
[I 2026-04-10 08:52:43,743] Trial 0 finished with value: 0.48872074395021137 and parameters: {'num_leaves': 62, 'learning_rate': 0.093290282259101, 'feature_fraction': 0.9542247574570889, 'atr_multiplier': 3.427299042529536, 'rrr': 1.9211978479112464}. Best is trial 3 with value: 2.542500646916242.
[I 2026-04-10 08:53:28,661] Trial 6 finished with value: 2.577597740747832 and parameters: {'num_leaves': 8, 'learning_rate': 0.03591378012486193, 'feature_fraction': 0.8205292469066703, 'atr_multiplier': 2.696186638961712, 'rrr': 3.8776012990636524}. Best is trial 6 with value: 2.577597740747832.
[I 2026-04-10 08:53:30,534] Trial 5 finished with value: -1.0 and parameters: {'num_leaves': 51, 'learning_rate': 0.014298909954657994, 'feature_fraction': 0.5884561818294112, 'atr_multiplier': 4.513914408397005, 'rrr': 2.5357852269149186}. Best is trial 6 with value: 2.577597740747832.
[I 2026-04-10 08:53:30,774] Trial 7 finished with value: 2.366255768775812 and parameters: {'num_leaves': 44, 'learning_rate': 0.040212361450218954, 'feature_fraction': 0.6013888783321846, 'atr_multiplier': 3.9658498510693763, 'rrr': 3.995315735006908}. Best is trial 6 with value: 2.577597740747832.
[I 2026-04-10 08:53:31,133] Trial 4 finished with value: 2.041871083245779 and parameters: {'num_leaves': 60, 'learning_rate': 0.022498528444710862, 'feature_fraction': 0.8647944150444358, 'atr_multiplier': 2.804235284276542, 'rrr': 3.445055367607377}. Best is trial 6 with value: 2.577597740747832.
[I 2026-04-10 08:54:12,756] Trial 8 finished with value: 1.112189257574084 and parameters: {'num_leaves': 16, 'learning_rate': 0.03424522253541749, 'feature_fraction': 0.6210905086354856, 'atr_multiplier': 2.3930246447722787, 'rrr': 2.448191392612924}. Best is trial 6 with value: 2.577597740747832.
[I 2026-04-10 08:54:20,815] Trial 11 finished with value: 0.9307259923366353 and parameters: {'num_leaves': 35, 'learning_rate': 0.0873492778891601, 'feature_fraction': 0.8005733146070914, 'atr_multiplier': 3.2350222214289417, 'rrr': 2.311399292682084}. Best is trial 6 with value: 2.577597740747832.
[I 2026-04-10 08:54:21,274] Trial 9 finished with value: 0.7556664557564096 and parameters: {'num_leaves': 63, 'learning_rate': 0.06276132160185935, 'feature_fraction': 0.5826894248365253, 'atr_multiplier': 2.766276094002366, 'rrr': 2.0967079906041652}. Best is trial 6 with value: 2.577597740747832.
[I 2026-04-10 08:54:21,424] Trial 10 finished with value: 2.5814097571395407 and parameters: {'num_leaves': 60, 'learning_rate': 0.06622347754777745, 'feature_fraction': 0.5851197700380636, 'atr_multiplier': 2.853470040402236, 'rrr': 3.828280207727263}. Best is trial 10 with value: 2.5814097571395407.
[I 2026-04-10 08:55:00,533] Trial 12 finished with value: 1.1927017496623535 and parameters: {'num_leaves': 47, 'learning_rate': 0.05315317873497259, 'feature_fraction': 0.5532873925293091, 'atr_multiplier': 3.3038839841859624, 'rrr': 2.6473200892946815}. Best is trial 10 with value: 2.5814097571395407.
[I 2026-04-10 08:55:08,110] Trial 13 finished with value: 1.816935069257451 and parameters: {'num_leaves': 8, 'learning_rate': 0.060432366400378815, 'feature_fraction': 0.716747244038016, 'atr_multiplier': 2.1815007134924143, 'rrr': 3.084114323730936}. Best is trial 10 with value: 2.5814097571395407.
[I 2026-04-10 08:55:08,984] Trial 15 finished with value: 1.6683831148888928 and parameters: {'num_leaves': 9, 'learning_rate': 0.05193531950300548, 'feature_fraction': 0.7249458845062355, 'atr_multiplier': 2.0143422208363386, 'rrr': 3.0709978326172895}. Best is trial 10 with value: 2.5814097571395407.
[I 2026-04-10 08:55:09,098] Trial 14 finished with value: 1.8099311318504188 and parameters: {'num_leaves': 9, 'learning_rate': 0.054305871041231406, 'feature_fraction': 0.723689229478446, 'atr_multiplier': 2.1375198078383337, 'rrr': 3.1680662877077324}. Best is trial 10 with value: 2.5814097571395407.
