[I 2026-04-10 11:01:06,478] Trial 14 finished with value: 2.9734361827880633 and parameters: {'num_leaves': 64, 'learning_rate': 0.014130446873697522, 'feature_fraction': 0.9461478544034547, 'atr_multiplier': 2.7096278191259517, 'rrr': 3.9881977351886286}. Best is trial 14 with value: 2.9734361827880633.
[I 2026-04-10 11:01:56,262] Trial 17 finished with value: 2.785795353151229 and parameters: {'num_leaves': 8, 'learning_rate': 0.03457700901896606, 'feature_fraction': 0.8945145598541608, 'atr_multiplier': 2.6609903105695145, 'rrr': 3.9223132484580643}. Best is trial 14 with value: 2.9734361827880633.
[I 2026-04-10 11:01:57,928] Trial 18 finished with value: 2.352274478727195 and parameters: {'num_leaves': 44, 'learning_rate': 0.026601063879756057, 'feature_fraction': 0.9803675195143305, 'atr_multiplier': 2.7909793874687976, 'rrr': 3.5498756424520455}. Best is trial 14 with value: 2.9734361827880633.
[I 2026-04-10 11:01:58,158] Trial 19 finished with value: 2.3970882310705393 and parameters: {'num_leaves': 46, 'learning_rate': 0.030410751580445053, 'feature_fraction': 0.9828350163873671, 'atr_multiplier': 2.9451432516891063, 'rrr': 3.502073524051069}. Best is trial 14 with value: 2.9734361827880633.
[I 2026-04-10 11:01:58,285] Trial 16 finished with value: 2.921407998393077 and parameters: {'num_leaves': 63, 'learning_rate': 0.010426013864893568, 'feature_fraction': 0.9268932525908691, 'atr_multiplier': 2.7056376214461064, 'rrr': 3.990084674953566}. Best is trial 14 with value: 2.9734361827880633.
[I 2026-04-10 11:02:43,316] Trial 20 finished with value: 2.475311829057198 and parameters: {'num_leaves': 44, 'learning_rate': 0.028105860877301526, 'feature_fraction': 0.9998408541407384, 'atr_multiplier': 3.001667357882414, 'rrr': 3.5285465168427788}. Best is trial 14 with value: 2.9734361827880633.
[I 2026-04-10 11:02:44,745] Trial 21 finished with value: 2.2855989027114645 and parameters: {'num_leaves': 48, 'learning_rate': 0.026099416641441806, 'feature_fraction': 0.9419443973752666, 'atr_multiplier': 3.30274877926058, 'rrr': 3.4325360843018444}. Best is trial 14 with value: 2.9734361827880633.
[I 2026-04-10 11:02:44,875] Trial 23 finished with value: 1.9495736845096863 and parameters: {'num_leaves': 55, 'learning_rate': 0.04420358746376031, 'feature_fraction': 0.8204052225421048, 'atr_multiplier': 3.464128271318593, 'rrr': 3.1614646690176347}. Best is trial 14 with value: 2.9734361827880633.
[I 2026-04-10 11:02:45,204] Trial 22 finished with value: 1.9801397995510008 and parameters: {'num_leaves': 56, 'learning_rate': 0.023886626135141056, 'feature_fraction': 0.9123919766468566, 'atr_multiplier': 3.2438201798348594, 'rrr': 3.1534547340195975}. Best is trial 14 with value: 2.9734361827880633.
[I 2026-04-10 11:03:29,964] Trial 24 finished with value: 1.9638659840713935 and parameters: {'num_leaves': 57, 'learning_rate': 0.010760069476114164, 'feature_fraction': 0.9221174221634845, 'atr_multiplier': 3.355055126354001, 'rrr': 3.1297371561797913}. Best is trial 14 with value: 2.9734361827880633.
[I 2026-04-10 11:03:31,442] Trial 25 finished with value: 2.0726930728292507 and parameters: {'num_leaves': 57, 'learning_rate': 0.010095772432395693, 'feature_fraction': 0.8162304628413107, 'atr_multiplier': 2.3532473314575126, 'rrr': 3.2135785866014626}. Best is trial 14 with value: 2.9734361827880633.
[I 2026-04-10 11:03:31,552] Trial 26 finished with value: 2.531267468157473 and parameters: {'num_leaves': 59, 'learning_rate': 0.01153107948220492, 'feature_fraction': 0.9199153921793438, 'atr_multiplier': 2.3015733923284705, 'rrr': 3.770309094154058}. Best is trial 14 with value: 2.9734361827880633.
[I 2026-04-10 11:03:32,738] Trial 27 finished with value: 2.515344861420497 and parameters: {'num_leaves': 63, 'learning_rate': 0.010044124633913536, 'feature_fraction': 0.9371869305073648, 'atr_multiplier': 2.371082164615185, 'rrr': 3.700658671935625}. Best is trial 14 with value: 2.9734361827880633.
[I 2026-04-10 11:04:20,630] Trial 28 finished with value: 2.509021608603744 and parameters: {'num_leaves': 64, 'learning_rate': 0.02049312116224076, 'feature_fraction': 0.8408393260579681, 'atr_multiplier': 2.3000152251953976, 'rrr': 3.715721814536722}. Best is trial 14 with value: 2.9734361827880633.
[I 2026-04-10 11:04:22,612] Trial 31 finished with value: 2.5417934891791494 and parameters: {'num_leaves': 51, 'learning_rate': 0.041455875745944795, 'feature_fraction': 0.8509357309769597, 'atr_multiplier': 3.6143548742851985, 'rrr': 3.7579579882093346}. Best is trial 14 with value: 2.9734361827880633.
[I 2026-04-10 11:04:22,874] Trial 30 finished with value: 2.4412959792024496 and parameters: {'num_leaves': 64, 'learning_rate': 0.019331456368845215, 'feature_fraction': 0.8545680185352077, 'atr_multiplier': 3.6382689385362577, 'rrr': 3.7282389273921694}. Best is trial 14 with value: 2.9734361827880633.
[I 2026-04-10 11:04:23,450] Trial 29 finished with value: 2.505350396047819 and parameters: {'num_leaves': 64, 'learning_rate': 0.019016084685674662, 'feature_fraction': 0.9412201438238704, 'atr_multiplier': 2.235170941696002, 'rrr': 3.6785360838304353}. Best is trial 14 with value: 2.9734361827880633.
[I 2026-04-10 11:05:09,718] Trial 32 finished with value: 1.6792313475622944 and parameters: {'num_leaves': 51, 'learning_rate': 0.03895054448510771, 'feature_fraction': 0.7794958626270436, 'atr_multiplier': 3.6917120868199085, 'rrr': 2.9315292751839674}. Best is trial 14 with value: 2.9734361827880633.
[I 2026-04-10 11:05:11,656] Trial 33 finished with value: 1.774124567939447 and parameters: {'num_leaves': 50, 'learning_rate': 0.03669304476393513, 'feature_fraction': 0.7725990382508292, 'atr_multiplier': 2.8028949275483783, 'rrr': 2.8652221300349012}. Best is trial 14 with value: 2.9734361827880633.
[I 2026-04-10 11:05:11,759] Trial 35 finished with value: 2.9896293577008635 and parameters: {'num_leaves': 60, 'learning_rate': 0.016416232855625986, 'feature_fraction': 0.5747564727072038, 'atr_multiplier': 2.708618761684516, 'rrr': 3.9998120813789644}. Best is trial 35 with value: 2.9896293577008635.
[I 2026-04-10 11:05:11,850] Trial 34 finished with value: 2.950699391562303 and parameters: {'num_leaves': 61, 'learning_rate': 0.017091967160725606, 'feature_fraction': 0.7786684934653512, 'atr_multiplier': 2.706951431859828, 'rrr': 3.982455996483731}. Best is trial 35 with value: 2.9896293577008635.
[I 2026-04-10 11:05:57,835] Trial 36 finished with value: 2.9414464121789 and parameters: {'num_leaves': 60, 'learning_rate': 0.01638709855176295, 'feature_fraction': 0.7772841106874223, 'atr_multiplier': 2.7117462329025583, 'rrr': 3.976667007953754}. Best is trial 35 with value: 2.9896293577008635.
[I 2026-04-10 11:05:59,910] Trial 38 finished with value: 2.8164613366712707 and parameters: {'num_leaves': 60, 'learning_rate': 0.06346482845117332, 'feature_fraction': 0.5961512089930743, 'atr_multiplier': 2.042920449534, 'rrr': 3.9910085454055477}. Best is trial 35 with value: 2.9896293577008635.
[I 2026-04-10 11:06:00,026] Trial 37 finished with value: 2.8207840581657155 and parameters: {'num_leaves': 61, 'learning_rate': 0.059479110983902, 'feature_fraction': 0.6196520682914941, 'atr_multiplier': 2.589556463331767, 'rrr': 3.9842092238228584}. Best is trial 35 with value: 2.9896293577008635.
[I 2026-04-10 11:06:00,256] Trial 39 finished with value: 2.839920039956114 and parameters: {'num_leaves': 60, 'learning_rate': 0.06099625874179252, 'feature_fraction': 0.5497120118126146, 'atr_multiplier': 3.187095454739726, 'rrr': 3.9809646950419877}. Best is trial 35 with value: 2.9896293577008635.
[I 2026-04-10 11:06:10,510] A new study created in memory with name: no-name-7a295da7-4f4a-42e6-8e97-3a2d84203a68
[I 2026-04-10 11:06:58,445] Trial 0 finished with value: 0.4284425729697231 and parameters: {'num_leaves': 14, 'learning_rate': 0.0920427989749216, 'feature_fraction': 0.6885101400864277, 'atr_multiplier': 4.635978211621981, 'rrr': 1.7415055214737294}. Best is trial 0 with value: 0.4284425729697231.
[I 2026-04-10 11:06:58,776] Trial 1 finished with value: -1.0 and parameters: {'num_leaves': 25, 'learning_rate': 0.01761731990426394, 'feature_fraction': 0.5364282482577749, 'atr_multiplier': 2.6968478792404866, 'rrr': 1.7342383619622554}. Best is trial 0 with value: 0.4284425729697231.
[I 2026-04-10 11:06:59,792] Trial 2 finished with value: 1.207204273694921 and parameters: {'num_leaves': 37, 'learning_rate': 0.0203334148545612, 'feature_fraction': 0.5219323397910502, 'atr_multiplier': 4.340733001638776, 'rrr': 2.1429390315932277}. Best is trial 2 with value: 1.207204273694921.
[I 2026-04-10 11:07:00,725] Trial 3 finished with value: 1.9527397804677369 and parameters: {'num_leaves': 46, 'learning_rate': 0.07946612033049925, 'feature_fraction': 0.5228506599056503, 'atr_multiplier': 2.7736537366705525, 'rrr': 3.143410265842008}. Best is trial 3 with value: 1.9527397804677369.
[I 2026-04-10 11:07:45,337] Trial 4 finished with value: 0.7729148671903154 and parameters: {'num_leaves': 16, 'learning_rate': 0.061326277492871215, 'feature_fraction': 0.7263122465324063, 'atr_multiplier': 4.967534926980554, 'rrr': 1.884372300785473}. Best is trial 3 with value: 1.9527397804677369.
[I 2026-04-10 11:07:46,496] Trial 5 finished with value: 0.8742201106423867 and parameters: {'num_leaves': 43, 'learning_rate': 0.08727147002049279, 'feature_fraction': 0.7680514429301515, 'atr_multiplier': 4.802779119724025, 'rrr': 2.166087865363733}. Best is trial 3 with value: 1.9527397804677369.
[I 2026-04-10 11:07:46,872] Trial 6 finished with value: 1.6370218742149143 and parameters: {'num_leaves': 43, 'learning_rate': 0.06275983933005912, 'feature_fraction': 0.558314234364398, 'atr_multiplier': 2.8456191055589173, 'rrr': 2.73925434790501}. Best is trial 3 with value: 1.9527397804677369.
[I 2026-04-10 11:07:47,744] Trial 7 finished with value: 0.43086850506805285 and parameters: {'num_leaves': 53, 'learning_rate': 0.07850379051224562, 'feature_fraction': 0.9865712766371949, 'atr_multiplier': 3.62246233863332, 'rrr': 1.6417144755742459}. Best is trial 3 with value: 1.9527397804677369.
[I 2026-04-10 11:08:30,816] Trial 8 finished with value: -1.0 and parameters: {'num_leaves': 9, 'learning_rate': 0.018615028847686354, 'feature_fraction': 0.666853613854163, 'atr_multiplier': 2.0884881240325006, 'rrr': 1.6937889818492038}. Best is trial 3 with value: 1.9527397804677369.
[I 2026-04-10 11:08:34,017] Trial 9 finished with value: 1.8338353189995646 and parameters: {'num_leaves': 21, 'learning_rate': 0.09521600966711345, 'feature_fraction': 0.9575286854972958, 'atr_multiplier': 3.439800164232823, 'rrr': 3.2753461287157943}. Best is trial 3 with value: 1.9527397804677369.
[I 2026-04-10 11:08:35,012] Trial 11 finished with value: 2.002952927617078 and parameters: {'num_leaves': 20, 'learning_rate': 0.09574247090686085, 'feature_fraction': 0.9718946921331507, 'atr_multiplier': 3.7302746062318324, 'rrr': 3.2994812649323784}. Best is trial 11 with value: 2.002952927617078.
[I 2026-04-10 11:08:35,827] Trial 10 finished with value: 1.2889366424281483 and parameters: {'num_leaves': 44, 'learning_rate': 0.06850326875557604, 'feature_fraction': 0.8306893363518063, 'atr_multiplier': 4.009948482513251, 'rrr': 2.658404963642222}. Best is trial 11 with value: 2.002952927617078.
[I 2026-04-10 11:09:15,198] Trial 12 finished with value: 1.1375394730904755 and parameters: {'num_leaves': 14, 'learning_rate': 0.06015451969790541, 'feature_fraction': 0.7978159165391843, 'atr_multiplier': 2.7427471663655627, 'rrr': 2.2553446347826}. Best is trial 11 with value: 2.002952927617078.
[I 2026-04-10 11:09:23,638] Trial 13 finished with value: 2.6398395473927585 and parameters: {'num_leaves': 64, 'learning_rate': 0.040585601620404047, 'feature_fraction': 0.8418451299300934, 'atr_multiplier': 2.1270511811066717, 'rrr': 3.8175926449907944}. Best is trial 13 with value: 2.6398395473927585.
[I 2026-04-10 11:09:25,457] Trial 15 finished with value: 2.549055928309192 and parameters: {'num_leaves': 62, 'learning_rate': 0.0754183863982127, 'feature_fraction': 0.8754576886760552, 'atr_multiplier': 2.9854036745567907, 'rrr': 3.7939764830887124}. Best is trial 13 with value: 2.6398395473927585.
[I 2026-04-10 11:09:26,707] Trial 14 finished with value: 2.6510190220440757 and parameters: {'num_leaves': 63, 'learning_rate': 0.07306220098361899, 'feature_fraction': 0.8743883611509549, 'atr_multiplier': 3.763668538607256, 'rrr': 3.9314945070485634}. Best is trial 14 with value: 2.6510190220440757.
[I 2026-04-10 11:10:05,655] Trial 16 finished with value: 2.7307390089591874 and parameters: {'num_leaves': 64, 'learning_rate': 0.03918961568743053, 'feature_fraction': 0.8925667659535725, 'atr_multiplier': 3.3137710763239197, 'rrr': 3.9795862552236163}. Best is trial 16 with value: 2.7307390089591874.
[I 2026-04-10 11:10:13,648] Trial 17 finished with value: 2.611758619062321 and parameters: {'num_leaves': 61, 'learning_rate': 0.039216043069818726, 'feature_fraction': 0.9159945669391856, 'atr_multiplier': 2.081391716163276, 'rrr': 3.8944200054613054}. Best is trial 16 with value: 2.7307390089591874.
[I 2026-04-10 11:10:13,894] Trial 18 finished with value: 2.7309536424279828 and parameters: {'num_leaves': 64, 'learning_rate': 0.042194050187195214, 'feature_fraction': 0.8792603885260938, 'atr_multiplier': 2.343011844810889, 'rrr': 3.882490066280365}. Best is trial 18 with value: 2.7309536424279828.
[I 2026-04-10 11:10:14,667] Trial 19 finished with value: 2.8477961689279785 and parameters: {'num_leaves': 64, 'learning_rate': 0.04365541314649139, 'feature_fraction': 0.8944986196899715, 'atr_multiplier': 2.086059873958189, 'rrr': 3.9972452111599734}. Best is trial 19 with value: 2.8477961689279785.
[I 2026-04-10 11:10:51,138] Trial 20 finished with value: 2.6127427948116457 and parameters: {'num_leaves': 56, 'learning_rate': 0.04393950328030769, 'feature_fraction': 0.894113418695371, 'atr_multiplier': 3.312828900953205, 'rrr': 3.9264776798049383}. Best is trial 19 with value: 2.8477961689279785.
[I 2026-04-10 11:11:01,739] Trial 22 finished with value: 2.2118953054214012 and parameters: {'num_leaves': 55, 'learning_rate': 0.04555094698454842, 'feature_fraction': 0.9105959181629022, 'atr_multiplier': 3.224528200818715, 'rrr': 3.56906234559202}. Best is trial 19 with value: 2.8477961689279785.
[I 2026-04-10 11:11:02,004] Trial 21 finished with value: 2.1959072990062114 and parameters: {'num_leaves': 55, 'learning_rate': 0.04615541289410025, 'feature_fraction': 0.8996603096594182, 'atr_multiplier': 4.086782482317986, 'rrr': 3.56447847580477}. Best is trial 19 with value: 2.8477961689279785.
[I 2026-04-10 11:11:02,868] Trial 23 finished with value: 2.362675997620428 and parameters: {'num_leaves': 54, 'learning_rate': 0.04739884055019001, 'feature_fraction': 0.933439640293673, 'atr_multiplier': 2.42685466923015, 'rrr': 3.543289982252338}. Best is trial 19 with value: 2.8477961689279785.
[I 2026-04-10 11:11:36,924] Trial 24 finished with value: 2.3091118960554406 and parameters: {'num_leaves': 54, 'learning_rate': 0.030230472390680923, 'feature_fraction': 0.9412276906511355, 'atr_multiplier': 2.328472197221098, 'rrr': 3.5003751708884554}. Best is trial 19 with value: 2.8477961689279785.
[I 2026-04-10 11:11:52,529] Trial 27 finished with value: 1.8923026541599832 and parameters: {'num_leaves': 49, 'learning_rate': 0.031292027224752966, 'feature_fraction': 0.8285383228630777, 'atr_multiplier': 2.5834423422253168, 'rrr': 3.093463704102303}. Best is trial 19 with value: 2.8477961689279785.
[I 2026-04-10 11:11:52,658] Trial 25 finished with value: 2.351939385554353 and parameters: {'num_leaves': 52, 'learning_rate': 0.030605509063323617, 'feature_fraction': 0.9357833936091042, 'atr_multiplier': 2.4107408545109648, 'rrr': 3.5827848749229805}. Best is trial 19 with value: 2.8477961689279785.
[I 2026-04-10 11:11:53,053] Trial 26 finished with value: 2.3266123675890933 and parameters: {'num_leaves': 49, 'learning_rate': 0.030710721147247384, 'feature_fraction': 0.8264168121007794, 'atr_multiplier': 2.4374020342890335, 'rrr': 3.4939416863492596}. Best is trial 19 with value: 2.8477961689279785.
[I 2026-04-10 11:12:19,423] Trial 28 finished with value: 2.7614429057244143 and parameters: {'num_leaves': 48, 'learning_rate': 0.029588715078217247, 'feature_fraction': 0.8328916382833789, 'atr_multiplier': 2.5298346608272118, 'rrr': 3.9990148356087643}. Best is trial 19 with value: 2.8477961689279785.
[I 2026-04-10 11:12:42,746] Trial 29 finished with value: 2.4847055791390393 and parameters: {'num_leaves': 59, 'learning_rate': 0.029645873925878304, 'feature_fraction': 0.7919901766141153, 'atr_multiplier': 2.375755386326481, 'rrr': 3.7285624714391763}. Best is trial 19 with value: 2.8477961689279785.
[I 2026-04-10 11:12:42,846] Trial 31 finished with value: 1.7528795584335628 and parameters: {'num_leaves': 60, 'learning_rate': 0.05521442851051461, 'feature_fraction': 0.7626199766514804, 'atr_multiplier': 2.989195599189325, 'rrr': 2.917268697811834}. Best is trial 19 with value: 2.8477961689279785.
[I 2026-04-10 11:12:42,923] Trial 30 finished with value: 2.697789536448419 and parameters: {'num_leaves': 59, 'learning_rate': 0.05206023049504198, 'feature_fraction': 0.9997068219160077, 'atr_multiplier': 2.9600817813984697, 'rrr': 3.9917269662033545}. Best is trial 19 with value: 2.8477961689279785.
[I 2026-04-10 11:12:59,404] Trial 32 finished with value: 2.459299450511741 and parameters: {'num_leaves': 33, 'learning_rate': 0.0524215328519482, 'feature_fraction': 0.6596076515459603, 'atr_multiplier': 3.029349325810315, 'rrr': 3.7316257814129186}. Best is trial 19 with value: 2.8477961689279785.
[I 2026-04-10 11:13:32,308] Trial 33 finished with value: 1.7967495778468843 and parameters: {'num_leaves': 29, 'learning_rate': 0.01131893658107365, 'feature_fraction': 0.7105788366291561, 'atr_multiplier': 2.0261959104035814, 'rrr': 2.9168728956565584}. Best is trial 19 with value: 2.8477961689279785.
[I 2026-04-10 11:13:32,713] Trial 34 finished with value: 2.7640608157903723 and parameters: {'num_leaves': 32, 'learning_rate': 0.03694123190032186, 'feature_fraction': 0.8627597474746524, 'atr_multiplier': 2.010658334458754, 'rrr': 3.963597284540613}. Best is trial 19 with value: 2.8477961689279785.
[I 2026-04-10 11:13:36,142] Trial 35 finished with value: 2.4678427053927363 and parameters: {'num_leaves': 31, 'learning_rate': 0.011881931825220165, 'feature_fraction': 0.866242826777297, 'atr_multiplier': 2.0062014293207775, 'rrr': 3.7195725827551334}. Best is trial 19 with value: 2.8477961689279785.
[I 2026-04-10 11:13:51,517] Trial 36 finished with value: 2.5120941698729946 and parameters: {'num_leaves': 33, 'learning_rate': 0.012891824210712197, 'feature_fraction': 0.862664256429948, 'atr_multiplier': 2.0175805393879855, 'rrr': 3.7374113491170147}. Best is trial 19 with value: 2.8477961689279785.
[I 2026-04-10 11:14:11,234] Trial 37 finished with value: 2.7826579579658484 and parameters: {'num_leaves': 39, 'learning_rate': 0.03659099148712845, 'feature_fraction': 0.8647814615426525, 'atr_multiplier': 2.2285438541511184, 'rrr': 3.9943906679998245}. Best is trial 19 with value: 2.8477961689279785.
[I 2026-04-10 11:14:11,335] Trial 38 finished with value: 2.5334471485592873 and parameters: {'num_leaves': 34, 'learning_rate': 0.024768601730643765, 'feature_fraction': 0.8651320024861555, 'atr_multiplier': 2.276448823462064, 'rrr': 3.7295813029233806}. Best is trial 19 with value: 2.8477961689279785.
[I 2026-04-10 11:14:12,443] Trial 39 finished with value: 2.1731666111599317 and parameters: {'num_leaves': 39, 'learning_rate': 0.025077363591281838, 'feature_fraction': 0.801362545715524, 'atr_multiplier': 2.2601712187625003, 'rrr': 3.3616561771474096}. Best is trial 19 with value: 2.8477961689279785.
[I 2026-04-10 11:14:23,092] A new study created in memory with name: no-name-f807acff-5220-4064-be73-bb7c4877b7a3
[I 2026-04-10 11:15:11,178] Trial 1 finished with value: -1.0 and parameters: {'num_leaves': 24, 'learning_rate': 0.025195582032395258, 'feature_fraction': 0.5833213789752534, 'atr_multiplier': 4.352999373594891, 'rrr': 1.7069131530881925}. Best is trial 1 with value: -1.0.
[I 2026-04-10 11:15:12,101] Trial 2 finished with value: 1.0014006084465372 and parameters: {'num_leaves': 35, 'learning_rate': 0.027385499573140522, 'feature_fraction': 0.6507968347498407, 'atr_multiplier': 3.8523138115460682, 'rrr': 2.5000397958309337}. Best is trial 2 with value: 1.0014006084465372.
[I 2026-04-10 11:15:12,330] Trial 0 finished with value: 0.7926498312713249 and parameters: {'num_leaves': 40, 'learning_rate': 0.024071397364235296, 'feature_fraction': 0.6122218134616186, 'atr_multiplier': 2.4585561272953727, 'rrr': 1.8600122515938948}. Best is trial 2 with value: 1.0014006084465372.
[I 2026-04-10 11:15:13,027] Trial 3 finished with value: 1.4196424885480803 and parameters: {'num_leaves': 56, 'learning_rate': 0.04755733577318857, 'feature_fraction': 0.514368395459857, 'atr_multiplier': 4.329308825690887, 'rrr': 2.7617446739569838}. Best is trial 3 with value: 1.4196424885480803.
[I 2026-04-10 11:15:58,809] Trial 4 finished with value: 2.0253293243016977 and parameters: {'num_leaves': 52, 'learning_rate': 0.020091347723523556, 'feature_fraction': 0.9541518877103146, 'atr_multiplier': 2.598275866386883, 'rrr': 3.2966502408042766}. Best is trial 4 with value: 2.0253293243016977.
[I 2026-04-10 11:15:58,899] Trial 7 finished with value: 0.9585188061996931 and parameters: {'num_leaves': 38, 'learning_rate': 0.021203723854697987, 'feature_fraction': 0.7015986652989432, 'atr_multiplier': 4.464790056993866, 'rrr': 2.397058076655061}. Best is trial 4 with value: 2.0253293243016977.
