[I 2026-04-10 11:15:59,603] Trial 6 finished with value: 0.5710158983233616 and parameters: {'num_leaves': 51, 'learning_rate': 0.045739808085123845, 'feature_fraction': 0.6976131836037844, 'atr_multiplier': 2.65747290957893, 'rrr': 1.7633213015332847}. Best is trial 4 with value: 2.0253293243016977.
[I 2026-04-10 11:15:59,844] Trial 5 finished with value: 2.482293220094256 and parameters: {'num_leaves': 54, 'learning_rate': 0.09963801707405964, 'feature_fraction': 0.8090303212725447, 'atr_multiplier': 4.2342452349996496, 'rrr': 3.731978323425544}. Best is trial 5 with value: 2.482293220094256.
[I 2026-04-10 11:16:45,475] Trial 8 finished with value: -1.0 and parameters: {'num_leaves': 11, 'learning_rate': 0.020077968241327206, 'feature_fraction': 0.9496369984001646, 'atr_multiplier': 2.6470483038465353, 'rrr': 1.6248044138243567}. Best is trial 5 with value: 2.482293220094256.
[I 2026-04-10 11:16:45,697] Trial 11 finished with value: 2.3947145842940984 and parameters: {'num_leaves': 18, 'learning_rate': 0.06660832296995174, 'feature_fraction': 0.7481244710980641, 'atr_multiplier': 3.510438579789594, 'rrr': 3.649831484103434}. Best is trial 5 with value: 2.482293220094256.
[I 2026-04-10 11:16:46,610] Trial 9 finished with value: 0.8079633719044215 and parameters: {'num_leaves': 42, 'learning_rate': 0.07240802391090867, 'feature_fraction': 0.7328030311370992, 'atr_multiplier': 4.562402064637816, 'rrr': 2.3005668269245962}. Best is trial 5 with value: 2.482293220094256.
[I 2026-04-10 11:16:47,942] Trial 10 finished with value: 1.6588296188080902 and parameters: {'num_leaves': 44, 'learning_rate': 0.08014916057426759, 'feature_fraction': 0.6128713373921344, 'atr_multiplier': 2.43968723074748, 'rrr': 2.794710213489075}. Best is trial 5 with value: 2.482293220094256.
[I 2026-04-10 11:17:35,387] Trial 12 finished with value: 2.1255889833134316 and parameters: {'num_leaves': 16, 'learning_rate': 0.047105835717567664, 'feature_fraction': 0.7407623180429059, 'atr_multiplier': 3.7489851580331326, 'rrr': 3.566697049728944}. Best is trial 5 with value: 2.482293220094256.
[I 2026-04-10 11:17:38,098] Trial 13 finished with value: 2.3910978082390137 and parameters: {'num_leaves': 64, 'learning_rate': 0.0983187787559265, 'feature_fraction': 0.8346175356163908, 'atr_multiplier': 4.764930122088628, 'rrr': 3.8247457637256552}. Best is trial 5 with value: 2.482293220094256.
[I 2026-04-10 11:17:38,200] Trial 15 finished with value: 2.843843552669517 and parameters: {'num_leaves': 64, 'learning_rate': 0.09612700924361722, 'feature_fraction': 0.8329845085714659, 'atr_multiplier': 3.4987514535971864, 'rrr': 3.962841660530317}. Best is trial 15 with value: 2.843843552669517.
[I 2026-04-10 11:17:38,365] Trial 14 finished with value: 2.7123784427643636 and parameters: {'num_leaves': 64, 'learning_rate': 0.09982444383802733, 'feature_fraction': 0.827581654008929, 'atr_multiplier': 3.474417317474713, 'rrr': 3.925180564598853}. Best is trial 15 with value: 2.843843552669517.
[I 2026-04-10 11:18:23,301] Trial 16 finished with value: 2.7258857326217445 and parameters: {'num_leaves': 63, 'learning_rate': 0.09947229202060612, 'feature_fraction': 0.8442773849934446, 'atr_multiplier': 3.2117979701541395, 'rrr': 3.9275742393392292}. Best is trial 15 with value: 2.843843552669517.
[I 2026-04-10 11:18:24,436] Trial 17 finished with value: 2.77485457831109 and parameters: {'num_leaves': 19, 'learning_rate': 0.08709860108424246, 'feature_fraction': 0.8370497678299668, 'atr_multiplier': 3.239619062172963, 'rrr': 3.989491245302357}. Best is trial 15 with value: 2.843843552669517.
[I 2026-04-10 11:18:26,659] Trial 18 finished with value: 2.091561617678893 and parameters: {'num_leaves': 64, 'learning_rate': 0.09904709864530784, 'feature_fraction': 0.8510885821894282, 'atr_multiplier': 3.1266557758068743, 'rrr': 3.278458656874316}. Best is trial 15 with value: 2.843843552669517.
[I 2026-04-10 11:18:27,062] Trial 19 finished with value: 2.0692809638101335 and parameters: {'num_leaves': 63, 'learning_rate': 0.08899240401919079, 'feature_fraction': 0.8705893962766597, 'atr_multiplier': 3.082831851585117, 'rrr': 3.1501573870805326}. Best is trial 15 with value: 2.843843552669517.
[I 2026-04-10 11:19:10,519] Trial 20 finished with value: 2.0485470890759414 and parameters: {'num_leaves': 31, 'learning_rate': 0.08647040670695558, 'feature_fraction': 0.8731846015215184, 'atr_multiplier': 3.061724479098018, 'rrr': 3.226651510564637}. Best is trial 15 with value: 2.843843552669517.
[I 2026-04-10 11:19:11,251] Trial 21 finished with value: 2.0861622546820624 and parameters: {'num_leaves': 30, 'learning_rate': 0.08273793700189605, 'feature_fraction': 0.895741266466853, 'atr_multiplier': 3.0332018874199997, 'rrr': 3.2290756737322406}. Best is trial 15 with value: 2.843843552669517.
[I 2026-04-10 11:19:11,725] Trial 23 finished with value: 2.24994555579049 and parameters: {'num_leaves': 30, 'learning_rate': 0.08480293938915127, 'feature_fraction': 0.9033073957988467, 'atr_multiplier': 2.0654522403982485, 'rrr': 3.4948432771467495}. Best is trial 15 with value: 2.843843552669517.
[I 2026-04-10 11:19:11,806] Trial 22 finished with value: 1.8242866449271393 and parameters: {'num_leaves': 26, 'learning_rate': 0.07946019935962258, 'feature_fraction': 0.9056014384572493, 'atr_multiplier': 2.0303837907331235, 'rrr': 3.114562758129769}. Best is trial 15 with value: 2.843843552669517.
[I 2026-04-10 11:19:57,784] Trial 24 finished with value: 2.818927780179765 and parameters: {'num_leaves': 26, 'learning_rate': 0.08733606334717778, 'feature_fraction': 0.9240923961764349, 'atr_multiplier': 2.0153238341494806, 'rrr': 3.9885461695677726}. Best is trial 15 with value: 2.843843552669517.
[I 2026-04-10 11:19:59,639] Trial 25 finished with value: 2.8127206348882456 and parameters: {'num_leaves': 47, 'learning_rate': 0.06861611046501617, 'feature_fraction': 0.7955680878359876, 'atr_multiplier': 3.3807705394783913, 'rrr': 3.974479094859713}. Best is trial 15 with value: 2.843843552669517.
[I 2026-04-10 11:19:59,953] Trial 26 finished with value: 2.7786634810904585 and parameters: {'num_leaves': 58, 'learning_rate': 0.06570545097528797, 'feature_fraction': 0.786573058449506, 'atr_multiplier': 3.3755518577075083, 'rrr': 3.9492771256442065}. Best is trial 15 with value: 2.843843552669517.
[I 2026-04-10 11:20:00,608] Trial 27 finished with value: 2.8020123461826807 and parameters: {'num_leaves': 59, 'learning_rate': 0.09108002872366343, 'feature_fraction': 0.791848553468785, 'atr_multiplier': 3.4085558553481956, 'rrr': 3.981182228001087}. Best is trial 15 with value: 2.843843552669517.
[I 2026-04-10 11:20:59,572] Trial 28 finished with value: 2.013973581594207 and parameters: {'num_leaves': 21, 'learning_rate': 0.06281987666050332, 'feature_fraction': 0.9952039260149955, 'atr_multiplier': 3.949549133773406, 'rrr': 3.480526347089783}. Best is trial 15 with value: 2.843843552669517.
[I 2026-04-10 11:21:03,726] Trial 30 finished with value: 2.1597699368929146 and parameters: {'num_leaves': 44, 'learning_rate': 0.05909275952940933, 'feature_fraction': 0.9793913154548672, 'atr_multiplier': 3.9454208507722486, 'rrr': 3.4323819622717973}. Best is trial 15 with value: 2.843843552669517.
[I 2026-04-10 11:21:04,236] Trial 29 finished with value: 2.272532276733215 and parameters: {'num_leaves': 47, 'learning_rate': 0.062657397844318, 'feature_fraction': 0.9944562858765629, 'atr_multiplier': 4.002752980912858, 'rrr': 3.467305287525459}. Best is trial 15 with value: 2.843843552669517.
[I 2026-04-10 11:21:04,237] Trial 31 finished with value: 2.238280298985156 and parameters: {'num_leaves': 49, 'learning_rate': 0.07287455725654599, 'feature_fraction': 0.9990145585620192, 'atr_multiplier': 4.043049776897899, 'rrr': 3.4516235843049645}. Best is trial 15 with value: 2.843843552669517.
[I 2026-04-10 11:21:55,041] Trial 32 finished with value: 2.3956650845662435 and parameters: {'num_leaves': 46, 'learning_rate': 0.059018437109252676, 'feature_fraction': 0.9477193362585976, 'atr_multiplier': 4.019709401639128, 'rrr': 3.6730047524796126}. Best is trial 15 with value: 2.843843552669517.
[I 2026-04-10 11:22:03,713] Trial 33 finished with value: 0.7869128789009819 and parameters: {'num_leaves': 49, 'learning_rate': 0.0729366460830673, 'feature_fraction': 0.9453605933904452, 'atr_multiplier': 2.8699935064004274, 'rrr': 2.022757977678805}. Best is trial 15 with value: 2.843843552669517.
[I 2026-04-10 11:22:05,327] Trial 34 finished with value: 2.642103927633592 and parameters: {'num_leaves': 58, 'learning_rate': 0.09148557922642474, 'feature_fraction': 0.7890762054442936, 'atr_multiplier': 3.690293298378918, 'rrr': 3.783221999628735}. Best is trial 15 with value: 2.843843552669517.
[I 2026-04-10 11:22:05,468] Trial 35 finished with value: 2.490490113701417 and parameters: {'num_leaves': 59, 'learning_rate': 0.09148403316074581, 'feature_fraction': 0.7976514562437398, 'atr_multiplier': 3.6865006743803055, 'rrr': 3.7955050493737548}. Best is trial 15 with value: 2.843843552669517.
[I 2026-04-10 11:22:40,439] Trial 36 finished with value: 2.515149251783865 and parameters: {'num_leaves': 58, 'learning_rate': 0.0926903315789164, 'feature_fraction': 0.7859344395190507, 'atr_multiplier': 3.6615564508845813, 'rrr': 3.7347453369347976}. Best is trial 15 with value: 2.843843552669517.
[I 2026-04-10 11:22:48,794] Trial 39 finished with value: 2.6484979204714567 and parameters: {'num_leaves': 35, 'learning_rate': 0.09340687871643952, 'feature_fraction': 0.7756984572020955, 'atr_multiplier': 2.4399893916400166, 'rrr': 3.8336117090184234}. Best is trial 15 with value: 2.843843552669517.
[I 2026-04-10 11:22:48,983] Trial 37 finished with value: 2.590822759727341 and parameters: {'num_leaves': 59, 'learning_rate': 0.09237798960405672, 'feature_fraction': 0.7844814749810404, 'atr_multiplier': 3.6811293744690374, 'rrr': 3.801439174362679}. Best is trial 15 with value: 2.843843552669517.
[I 2026-04-10 11:22:50,025] Trial 38 finished with value: 2.680895320484912 and parameters: {'num_leaves': 59, 'learning_rate': 0.09251999017899926, 'feature_fraction': 0.7867077825290363, 'atr_multiplier': 2.311300894331349, 'rrr': 3.818485798115118}. Best is trial 15 with value: 2.843843552669517.
[I 2026-04-10 11:23:00,789] A new study created in memory with name: no-name-f1a4777b-2599-4880-a56d-fcbbdc08d7b2
[I 2026-04-10 11:23:51,552] Trial 1 finished with value: 1.4369130092849758 and parameters: {'num_leaves': 30, 'learning_rate': 0.09089698590214285, 'feature_fraction': 0.539027484198496, 'atr_multiplier': 3.28882168402544, 'rrr': 2.7066216252441446}. Best is trial 1 with value: 1.4369130092849758.
[I 2026-04-10 11:23:51,709] Trial 0 finished with value: 0.6917837164126961 and parameters: {'num_leaves': 31, 'learning_rate': 0.02777849541765779, 'feature_fraction': 0.7012023410018664, 'atr_multiplier': 3.438547243009846, 'rrr': 1.864996892197527}. Best is trial 1 with value: 1.4369130092849758.
[I 2026-04-10 11:23:52,074] Trial 2 finished with value: 1.0327538666641196 and parameters: {'num_leaves': 36, 'learning_rate': 0.09045410002977353, 'feature_fraction': 0.6394794786275506, 'atr_multiplier': 4.621798513676584, 'rrr': 2.398859592376986}. Best is trial 1 with value: 1.4369130092849758.
[I 2026-04-10 11:23:52,462] Trial 3 finished with value: 0.7944430797335987 and parameters: {'num_leaves': 47, 'learning_rate': 0.031094279723078516, 'feature_fraction': 0.8111976916206258, 'atr_multiplier': 2.453897911244011, 'rrr': 2.009891342601324}. Best is trial 1 with value: 1.4369130092849758.
[I 2026-04-10 11:24:44,046] Trial 4 finished with value: 2.4540013696990024 and parameters: {'num_leaves': 52, 'learning_rate': 0.05261338766414725, 'feature_fraction': 0.6999151644000434, 'atr_multiplier': 2.2538929639929974, 'rrr': 3.44105975233877}. Best is trial 4 with value: 2.4540013696990024.
[I 2026-04-10 11:24:44,253] Trial 6 finished with value: 0.58512739217155 and parameters: {'num_leaves': 47, 'learning_rate': 0.032516614515074656, 'feature_fraction': 0.6297222803016165, 'atr_multiplier': 4.56163240651315, 'rrr': 1.7762038274744798}. Best is trial 4 with value: 2.4540013696990024.
[I 2026-04-10 11:24:44,649] Trial 5 finished with value: 1.399148162189329 and parameters: {'num_leaves': 61, 'learning_rate': 0.08034033259929504, 'feature_fraction': 0.6666290870383748, 'atr_multiplier': 4.4014112434308075, 'rrr': 2.7273258842096073}. Best is trial 4 with value: 2.4540013696990024.
[I 2026-04-10 11:24:44,851] Trial 7 finished with value: 2.457268509748153 and parameters: {'num_leaves': 55, 'learning_rate': 0.04855112890290631, 'feature_fraction': 0.8414675190453962, 'atr_multiplier': 2.237193214432242, 'rrr': 3.497373726439256}. Best is trial 7 with value: 2.457268509748153.
[I 2026-04-10 11:25:32,823] Trial 9 finished with value: 1.7150362130438814 and parameters: {'num_leaves': 14, 'learning_rate': 0.0811122396710885, 'feature_fraction': 0.7400757741691563, 'atr_multiplier': 2.341766610171251, 'rrr': 2.7292826740033993}. Best is trial 7 with value: 2.457268509748153.
[I 2026-04-10 11:25:33,068] Trial 8 finished with value: -1.0 and parameters: {'num_leaves': 9, 'learning_rate': 0.06652404425372026, 'feature_fraction': 0.6052221506638945, 'atr_multiplier': 2.3486318348183612, 'rrr': 1.6210809382284017}. Best is trial 7 with value: 2.457268509748153.
[I 2026-04-10 11:25:35,459] Trial 11 finished with value: 2.8574349199260736 and parameters: {'num_leaves': 54, 'learning_rate': 0.03981088913572883, 'feature_fraction': 0.9092791786719887, 'atr_multiplier': 3.283141142539627, 'rrr': 3.9980368102448787}. Best is trial 11 with value: 2.8574349199260736.
[I 2026-04-10 11:25:35,816] Trial 10 finished with value: 0.4159284311448613 and parameters: {'num_leaves': 63, 'learning_rate': 0.09407498342072917, 'feature_fraction': 0.6893177826235366, 'atr_multiplier': 4.928351663392695, 'rrr': 1.5704862926340175}. Best is trial 11 with value: 2.8574349199260736.
[I 2026-04-10 11:26:23,527] Trial 12 finished with value: 1.5550596106270542 and parameters: {'num_leaves': 20, 'learning_rate': 0.02397711957418973, 'feature_fraction': 0.6868588554397186, 'atr_multiplier': 4.010375625774554, 'rrr': 2.3415442248922433}. Best is trial 11 with value: 2.8574349199260736.
[I 2026-04-10 11:26:25,083] Trial 13 finished with value: 2.770338983900312 and parameters: {'num_leaves': 64, 'learning_rate': 0.013188827948778688, 'feature_fraction': 0.9891188513545166, 'atr_multiplier': 2.87885451717073, 'rrr': 3.9701924745041244}. Best is trial 11 with value: 2.8574349199260736.
[I 2026-04-10 11:26:26,073] Trial 14 finished with value: 2.6929819093918836 and parameters: {'num_leaves': 64, 'learning_rate': 0.05003724216601287, 'feature_fraction': 0.9685586458205633, 'atr_multiplier': 2.9476998910868066, 'rrr': 3.8706316678922192}. Best is trial 11 with value: 2.8574349199260736.
[I 2026-04-10 11:26:26,268] Trial 15 finished with value: 2.8042198059839953 and parameters: {'num_leaves': 54, 'learning_rate': 0.047604367106809306, 'feature_fraction': 0.980635402959618, 'atr_multiplier': 2.9400795980674723, 'rrr': 3.985755407545038}. Best is trial 11 with value: 2.8574349199260736.
[I 2026-04-10 11:27:10,531] Trial 16 finished with value: 2.7810883236065034 and parameters: {'num_leaves': 56, 'learning_rate': 0.047649989548444086, 'feature_fraction': 0.9549204048768813, 'atr_multiplier': 2.946243397427277, 'rrr': 3.9311020199625437}. Best is trial 11 with value: 2.8574349199260736.
[I 2026-04-10 11:27:11,574] Trial 19 finished with value: 2.0972878333197094 and parameters: {'num_leaves': 41, 'learning_rate': 0.041065776256180596, 'feature_fraction': 0.9110792848195539, 'atr_multiplier': 3.865089474122171, 'rrr': 3.474041014796044}. Best is trial 11 with value: 2.8574349199260736.
[I 2026-04-10 11:27:11,767] Trial 18 finished with value: 2.8430934659750564 and parameters: {'num_leaves': 44, 'learning_rate': 0.01499431138288297, 'feature_fraction': 0.9763566661557725, 'atr_multiplier': 2.8576033942291548, 'rrr': 3.994496216062845}. Best is trial 11 with value: 2.8574349199260736.
[I 2026-04-10 11:27:12,318] Trial 17 finished with value: 2.788090201615923 and parameters: {'num_leaves': 64, 'learning_rate': 0.010966934480916854, 'feature_fraction': 0.9978732913223832, 'atr_multiplier': 2.9278017571179364, 'rrr': 3.9025204550728834}. Best is trial 11 with value: 2.8574349199260736.
[I 2026-04-10 11:27:58,535] Trial 20 finished with value: 2.2427122293125357 and parameters: {'num_leaves': 41, 'learning_rate': 0.06367069597510835, 'feature_fraction': 0.8979512371491735, 'atr_multiplier': 3.7084287441350927, 'rrr': 3.39796029725699}. Best is trial 11 with value: 2.8574349199260736.
[I 2026-04-10 11:27:59,099] Trial 23 finished with value: 2.0920694134366977 and parameters: {'num_leaves': 43, 'learning_rate': 0.06346126682887109, 'feature_fraction': 0.872859792877359, 'atr_multiplier': 3.6923783464684328, 'rrr': 3.2668614694080675}. Best is trial 11 with value: 2.8574349199260736.
[I 2026-04-10 11:27:59,467] Trial 22 finished with value: 1.823900843315245 and parameters: {'num_leaves': 43, 'learning_rate': 0.014908593983153041, 'feature_fraction': 0.8836758167961308, 'atr_multiplier': 3.626796650473075, 'rrr': 3.117708859974955}. Best is trial 11 with value: 2.8574349199260736.
[I 2026-04-10 11:27:59,819] Trial 21 finished with value: 1.9773748896708676 and parameters: {'num_leaves': 46, 'learning_rate': 0.0634256629061404, 'feature_fraction': 0.8559092956498463, 'atr_multiplier': 3.7709923240477594, 'rrr': 3.245648335068329}. Best is trial 11 with value: 2.8574349199260736.
[I 2026-04-10 11:28:46,200] Trial 24 finished with value: 1.8505016211408258 and parameters: {'num_leaves': 49, 'learning_rate': 0.037503142566525975, 'feature_fraction': 0.9090525154610546, 'atr_multiplier': 3.2079992718658, 'rrr': 3.213819216574821}. Best is trial 11 with value: 2.8574349199260736.
[I 2026-04-10 11:28:46,559] Trial 26 finished with value: 2.558873619457392 and parameters: {'num_leaves': 51, 'learning_rate': 0.036738543447915835, 'feature_fraction': 0.9363936607633727, 'atr_multiplier': 3.2391473002051607, 'rrr': 3.7449557236782827}. Best is trial 11 with value: 2.8574349199260736.
[I 2026-04-10 11:28:46,571] Trial 25 finished with value: 2.4623037383716246 and parameters: {'num_leaves': 51, 'learning_rate': 0.040191817672899276, 'feature_fraction': 0.9317586466672899, 'atr_multiplier': 2.6432130340745035, 'rrr': 3.692720868579452}. Best is trial 11 with value: 2.8574349199260736.
[I 2026-04-10 11:28:46,729] Trial 27 finished with value: 2.490047767353091 and parameters: {'num_leaves': 52, 'learning_rate': 0.03926553165143704, 'feature_fraction': 0.9515802994626419, 'atr_multiplier': 3.229831214873789, 'rrr': 3.6865615004671044}. Best is trial 11 with value: 2.8574349199260736.
[I 2026-04-10 11:29:34,246] Trial 28 finished with value: 2.570357524201547 and parameters: {'num_leaves': 57, 'learning_rate': 0.019631601120474716, 'feature_fraction': 0.9547673506102425, 'atr_multiplier': 2.6756592495053537, 'rrr': 3.7588622318774396}. Best is trial 11 with value: 2.8574349199260736.
[I 2026-04-10 11:29:34,377] Trial 29 finished with value: 2.4918651283257893 and parameters: {'num_leaves': 55, 'learning_rate': 0.02175504777822702, 'feature_fraction': 0.7963706421240182, 'atr_multiplier': 2.676125186179513, 'rrr': 3.6723607273375887}. Best is trial 11 with value: 2.8574349199260736.
[I 2026-04-10 11:29:34,493] Trial 31 finished with value: 2.365840943853628 and parameters: {'num_leaves': 58, 'learning_rate': 0.019106921924679943, 'feature_fraction': 0.8016452618028539, 'atr_multiplier': 2.7828081357657775, 'rrr': 3.6351161506984155}. Best is trial 11 with value: 2.8574349199260736.
[I 2026-04-10 11:29:35,353] Trial 30 finished with value: 2.43814821707375 and parameters: {'num_leaves': 57, 'learning_rate': 0.020577272757569577, 'feature_fraction': 0.805858016925766, 'atr_multiplier': 2.7223742970106835, 'rrr': 3.669507953726113}. Best is trial 11 with value: 2.8574349199260736.
[I 2026-04-10 11:30:23,840] Trial 32 finished with value: 2.417804721157833 and parameters: {'num_leaves': 33, 'learning_rate': 0.02274393515980226, 'feature_fraction': 0.800367803750417, 'atr_multiplier': 3.439970113870386, 'rrr': 3.614360772697464}. Best is trial 11 with value: 2.8574349199260736.
[I 2026-04-10 11:30:23,905] Trial 33 finished with value: 1.707779931154096 and parameters: {'num_leaves': 33, 'learning_rate': 0.057775387898426706, 'feature_fraction': 0.7609732473351805, 'atr_multiplier': 3.428925018939148, 'rrr': 2.961474249392919}. Best is trial 11 with value: 2.8574349199260736.
[I 2026-04-10 11:30:23,986] Trial 34 finished with value: 2.583835624615959 and parameters: {'num_leaves': 35, 'learning_rate': 0.011330801722630882, 'feature_fraction': 0.9662105535158255, 'atr_multiplier': 3.4750408955829686, 'rrr': 3.9869722383569313}. Best is trial 11 with value: 2.8574349199260736.
[I 2026-04-10 11:30:25,591] Trial 35 finished with value: 2.642514229517076 and parameters: {'num_leaves': 60, 'learning_rate': 0.011229331133413414, 'feature_fraction': 0.9987756167754892, 'atr_multiplier': 3.4456113957980357, 'rrr': 3.9390882989059586}. Best is trial 11 with value: 2.8574349199260736.
[I 2026-04-10 11:31:11,263] Trial 38 finished with value: 2.6753394929118244 and parameters: {'num_leaves': 27, 'learning_rate': 0.02846809988377126, 'feature_fraction': 0.9952166115856125, 'atr_multiplier': 3.091842031778512, 'rrr': 3.845430024354978}. Best is trial 11 with value: 2.8574349199260736.
[I 2026-04-10 11:31:11,349] Trial 37 finished with value: 3.0073803750694323 and parameters: {'num_leaves': 27, 'learning_rate': 0.011800288699392024, 'feature_fraction': 0.9947860324403447, 'atr_multiplier': 3.0754528926113744, 'rrr': 3.9614020513800297}. Best is trial 37 with value: 3.0073803750694323.
