[I 2026-04-10 08:11:43,757] A new study created in memory with name: no-name-49dcd392-df2a-4a92-b6ff-8ef0468c7c59
[I 2026-04-10 08:12:30,067] Trial 0 finished with value: 2.3702540385344 and parameters: {'num_leaves': 13, 'learning_rate': 0.08769158535227055, 'feature_fraction': 0.9062209200948723, 'atr_multiplier': 3.3675473870452586, 'rrr': 3.5305511617012235}. Best is trial 0 with value: 2.3702540385344.
[I 2026-04-10 08:12:30,606] Trial 3 finished with value: 2.128941510075972 and parameters: {'num_leaves': 23, 'learning_rate': 0.07677312656967424, 'feature_fraction': 0.7210378168261249, 'atr_multiplier': 3.345125815338541, 'rrr': 3.407017717670916}. Best is trial 0 with value: 2.3702540385344.
[I 2026-04-10 08:12:31,565] Trial 2 finished with value: 2.1900734228725556 and parameters: {'num_leaves': 48, 'learning_rate': 0.09646476820230077, 'feature_fraction': 0.7706092943928109, 'atr_multiplier': 3.14788113832163, 'rrr': 3.348397475060496}. Best is trial 0 with value: 2.3702540385344.
[I 2026-04-10 08:12:32,215] Trial 1 finished with value: 2.081443774674977 and parameters: {'num_leaves': 49, 'learning_rate': 0.025166478312420526, 'feature_fraction': 0.909569075697007, 'atr_multiplier': 4.918141325258806, 'rrr': 3.648743675848213}. Best is trial 0 with value: 2.3702540385344.
[I 2026-04-10 08:13:14,972] Trial 5 finished with value: 0.6047029760084661 and parameters: {'num_leaves': 30, 'learning_rate': 0.027134476834570466, 'feature_fraction': 0.771861932614636, 'atr_multiplier': 3.6674839314979897, 'rrr': 2.0938184050675583}. Best is trial 0 with value: 2.3702540385344.
[I 2026-04-10 08:13:15,203] Trial 4 finished with value: 1.0782744187510453 and parameters: {'num_leaves': 53, 'learning_rate': 0.05806838356331582, 'feature_fraction': 0.6250764752877636, 'atr_multiplier': 3.0072590979003175, 'rrr': 2.314205622825922}. Best is trial 0 with value: 2.3702540385344.
[I 2026-04-10 08:13:15,510] Trial 7 finished with value: 1.4611381718316467 and parameters: {'num_leaves': 31, 'learning_rate': 0.03000180476988496, 'feature_fraction': 0.8962319089630195, 'atr_multiplier': 2.5019980559235506, 'rrr': 2.6506434155940086}. Best is trial 0 with value: 2.3702540385344.
[I 2026-04-10 08:13:15,699] Trial 6 finished with value: 2.346753620092896 and parameters: {'num_leaves': 41, 'learning_rate': 0.056148756283101516, 'feature_fraction': 0.7030495065164963, 'atr_multiplier': 4.4916568746984415, 'rrr': 3.8636663988564828}. Best is trial 0 with value: 2.3702540385344.
[I 2026-04-10 08:14:02,412] Trial 8 finished with value: 2.084733453498095 and parameters: {'num_leaves': 33, 'learning_rate': 0.02239909018078077, 'feature_fraction': 0.881924833929647, 'atr_multiplier': 2.8921586882529975, 'rrr': 3.4460945410220734}. Best is trial 0 with value: 2.3702540385344.
[I 2026-04-10 08:14:03,056] Trial 9 finished with value: 2.50849036677854 and parameters: {'num_leaves': 39, 'learning_rate': 0.06835152400511542, 'feature_fraction': 0.8160604051032665, 'atr_multiplier': 2.319380692120818, 'rrr': 3.7890109951392907}. Best is trial 9 with value: 2.50849036677854.
[I 2026-04-10 08:14:03,617] Trial 10 finished with value: 0.6954787144478424 and parameters: {'num_leaves': 57, 'learning_rate': 0.05694087009006616, 'feature_fraction': 0.5583620041012682, 'atr_multiplier': 4.187873560972417, 'rrr': 1.708686500237962}. Best is trial 9 with value: 2.50849036677854.
[I 2026-04-10 08:14:03,911] Trial 11 finished with value: 2.3380632092431624 and parameters: {'num_leaves': 55, 'learning_rate': 0.06258878824174835, 'feature_fraction': 0.9621132434299431, 'atr_multiplier': 2.461260144523922, 'rrr': 3.5786239148626127}. Best is trial 9 with value: 2.50849036677854.
[I 2026-04-10 08:14:47,075] Trial 12 finished with value: 0.8724516474997588 and parameters: {'num_leaves': 36, 'learning_rate': 0.06028177192468921, 'feature_fraction': 0.625481906109975, 'atr_multiplier': 3.9081475326377464, 'rrr': 2.3370452183746018}. Best is trial 9 with value: 2.50849036677854.
[I 2026-04-10 08:14:48,224] Trial 15 finished with value: 1.818904231807884 and parameters: {'num_leaves': 8, 'learning_rate': 0.0870321538301559, 'feature_fraction': 0.8317668419135037, 'atr_multiplier': 2.064795453294852, 'rrr': 3.005664439740796}. Best is trial 9 with value: 2.50849036677854.
[I 2026-04-10 08:14:48,478] Trial 14 finished with value: 1.9214620950248398 and parameters: {'num_leaves': 14, 'learning_rate': 0.08367275947594627, 'feature_fraction': 0.9998440802042695, 'atr_multiplier': 2.093919476443954, 'rrr': 3.1168937843604705}. Best is trial 9 with value: 2.50849036677854.
[I 2026-04-10 08:14:50,054] Trial 13 finished with value: 0.36522312388003775 and parameters: {'num_leaves': 63, 'learning_rate': 0.0706085952828888, 'feature_fraction': 0.5029643250270055, 'atr_multiplier': 2.159445830091768, 'rrr': 1.5602045886248912}. Best is trial 9 with value: 2.50849036677854.
[I 2026-04-10 08:15:32,944] Trial 16 finished with value: 1.8283951844696245 and parameters: {'num_leaves': 8, 'learning_rate': 0.08826031027614406, 'feature_fraction': 0.8262179196012787, 'atr_multiplier': 2.1973224495809363, 'rrr': 3.063013084016366}. Best is trial 9 with value: 2.50849036677854.
[I 2026-04-10 08:15:33,822] Trial 17 finished with value: 2.7597052505114976 and parameters: {'num_leaves': 15, 'learning_rate': 0.07754360318370117, 'feature_fraction': 0.970537904140099, 'atr_multiplier': 2.0368659762765917, 'rrr': 3.975988500650996}. Best is trial 17 with value: 2.7597052505114976.
[I 2026-04-10 08:15:34,347] Trial 18 finished with value: 2.789237783249545 and parameters: {'num_leaves': 20, 'learning_rate': 0.07280401342352354, 'feature_fraction': 0.8253404626288727, 'atr_multiplier': 2.7316191070472433, 'rrr': 3.9994020415383402}. Best is trial 18 with value: 2.789237783249545.
[I 2026-04-10 08:15:34,589] Trial 19 finished with value: 2.6371600331943816 and parameters: {'num_leaves': 22, 'learning_rate': 0.043099546481981096, 'feature_fraction': 0.8209783455546709, 'atr_multiplier': 2.751036988434963, 'rrr': 3.92221664256676}. Best is trial 18 with value: 2.789237783249545.
[I 2026-04-10 08:16:18,901] Trial 20 finished with value: 2.525968881982582 and parameters: {'num_leaves': 20, 'learning_rate': 0.0989197929296172, 'feature_fraction': 0.8175223492150274, 'atr_multiplier': 2.738931126222912, 'rrr': 3.773432055444047}. Best is trial 18 with value: 2.789237783249545.
[I 2026-04-10 08:16:20,552] Trial 21 finished with value: 2.597252319767658 and parameters: {'num_leaves': 23, 'learning_rate': 0.044998479341526954, 'feature_fraction': 0.833868091468734, 'atr_multiplier': 2.6896828625491507, 'rrr': 3.841955244643602}. Best is trial 18 with value: 2.789237783249545.
[I 2026-04-10 08:16:20,667] Trial 22 finished with value: 2.742970680710495 and parameters: {'num_leaves': 23, 'learning_rate': 0.04307154650559664, 'feature_fraction': 0.9632402167807893, 'atr_multiplier': 2.7356522900403615, 'rrr': 3.9851652327987175}. Best is trial 18 with value: 2.789237783249545.
[I 2026-04-10 08:16:21,320] Trial 23 finished with value: 2.7285770930212654 and parameters: {'num_leaves': 22, 'learning_rate': 0.047651323922462144, 'feature_fraction': 0.9628836262569084, 'atr_multiplier': 2.7304705322444027, 'rrr': 3.980686430928947}. Best is trial 18 with value: 2.789237783249545.
[I 2026-04-10 08:17:04,767] Trial 24 finished with value: 2.7235578900671435 and parameters: {'num_leaves': 24, 'learning_rate': 0.04282443713757995, 'feature_fraction': 0.9609350470234841, 'atr_multiplier': 2.617762628811383, 'rrr': 3.9919079370681554}. Best is trial 18 with value: 2.789237783249545.
[I 2026-04-10 08:17:05,455] Trial 26 finished with value: 2.640777990914616 and parameters: {'num_leaves': 16, 'learning_rate': 0.044824809988341735, 'feature_fraction': 0.9654830270989977, 'atr_multiplier': 3.1188906049270892, 'rrr': 3.987048094604884}. Best is trial 18 with value: 2.789237783249545.
[I 2026-04-10 08:17:05,591] Trial 27 finished with value: 2.019199334382006 and parameters: {'num_leaves': 16, 'learning_rate': 0.03623103570432466, 'feature_fraction': 0.9486379073812339, 'atr_multiplier': 2.460026820413719, 'rrr': 3.305327397651027}. Best is trial 18 with value: 2.789237783249545.
[I 2026-04-10 08:17:05,777] Trial 25 finished with value: 2.748441413801773 and parameters: {'num_leaves': 17, 'learning_rate': 0.043097558156903415, 'feature_fraction': 0.9476968649994539, 'atr_multiplier': 2.6633406979462544, 'rrr': 3.9716078704101254}. Best is trial 18 with value: 2.789237783249545.
[I 2026-04-10 08:17:50,823] Trial 28 finished with value: 2.389641305608775 and parameters: {'num_leaves': 16, 'learning_rate': 0.07544037357327593, 'feature_fraction': 0.9953019493921151, 'atr_multiplier': 3.1634349847055425, 'rrr': 3.6665475171903443}. Best is trial 18 with value: 2.789237783249545.
[I 2026-04-10 08:17:51,428] Trial 30 finished with value: 1.3386373524113846 and parameters: {'num_leaves': 28, 'learning_rate': 0.010342656968582324, 'feature_fraction': 0.9983194481448792, 'atr_multiplier': 3.5582092411514594, 'rrr': 2.789515968444608}. Best is trial 18 with value: 2.789237783249545.
[I 2026-04-10 08:17:51,538] Trial 31 finished with value: 2.3672609454011466 and parameters: {'num_leaves': 28, 'learning_rate': 0.01594360447910949, 'feature_fraction': 0.8668527074336003, 'atr_multiplier': 2.3527048535308577, 'rrr': 3.6335704645964726}. Best is trial 18 with value: 2.789237783249545.
[I 2026-04-10 08:17:51,622] Trial 29 finished with value: 1.969083731162948 and parameters: {'num_leaves': 28, 'learning_rate': 0.03541787481525563, 'feature_fraction': 0.9966071167990755, 'atr_multiplier': 2.3657216382739903, 'rrr': 3.221035468519918}. Best is trial 18 with value: 2.789237783249545.
[I 2026-04-10 08:18:39,592] Trial 35 finished with value: 2.4865802680218336 and parameters: {'num_leaves': 10, 'learning_rate': 0.06640565039209068, 'feature_fraction': 0.9226156553178385, 'atr_multiplier': 2.921179488781809, 'rrr': 3.731464649791848}. Best is trial 18 with value: 2.789237783249545.
[I 2026-04-10 08:18:39,800] Trial 34 finished with value: 2.482213869624797 and parameters: {'num_leaves': 10, 'learning_rate': 0.05173333078307727, 'feature_fraction': 0.918707902498243, 'atr_multiplier': 2.947320820404934, 'rrr': 3.772251799507032}. Best is trial 18 with value: 2.789237783249545.
[I 2026-04-10 08:18:39,812] Trial 33 finished with value: 2.3076634670781697 and parameters: {'num_leaves': 12, 'learning_rate': 0.08088142480924297, 'feature_fraction': 0.8622508723618131, 'atr_multiplier': 2.367884618667797, 'rrr': 3.583204960267678}. Best is trial 18 with value: 2.789237783249545.
[I 2026-04-10 08:18:40,652] Trial 32 finished with value: 1.2792486613129723 and parameters: {'num_leaves': 28, 'learning_rate': 0.0133193551811056, 'feature_fraction': 0.8719605683446273, 'atr_multiplier': 3.4038048458632533, 'rrr': 2.712625312572656}. Best is trial 18 with value: 2.789237783249545.
[I 2026-04-10 08:19:30,530] Trial 36 finished with value: 2.2410832737801654 and parameters: {'num_leaves': 18, 'learning_rate': 0.048859651741215496, 'feature_fraction': 0.9376574915995589, 'atr_multiplier': 3.3431344690297884, 'rrr': 3.515848518053785}. Best is trial 18 with value: 2.789237783249545.
[I 2026-04-10 08:19:31,059] Trial 37 finished with value: 2.1757714054012682 and parameters: {'num_leaves': 19, 'learning_rate': 0.09339645174412131, 'feature_fraction': 0.9207397963080907, 'atr_multiplier': 3.3467168791781434, 'rrr': 3.439518108605414}. Best is trial 18 with value: 2.789237783249545.
[I 2026-04-10 08:19:31,112] Trial 38 finished with value: 2.1916912653836116 and parameters: {'num_leaves': 20, 'learning_rate': 0.0512187439288062, 'feature_fraction': 0.930897778714172, 'atr_multiplier': 3.312682497713119, 'rrr': 3.510460131601525}. Best is trial 18 with value: 2.789237783249545.
[I 2026-04-10 08:19:31,190] Trial 39 finished with value: 2.3625101960039876 and parameters: {'num_leaves': 19, 'learning_rate': 0.09098054976623896, 'feature_fraction': 0.9323434591420312, 'atr_multiplier': 3.2701748459070314, 'rrr': 3.5262834639563576}. Best is trial 18 with value: 2.789237783249545.
[I 2026-04-10 08:19:41,046] A new study created in memory with name: no-name-fe2ce7e0-3026-4244-a658-db635b5fe004
[I 2026-04-10 08:20:32,352] Trial 0 finished with value: 1.2421454791771633 and parameters: {'num_leaves': 8, 'learning_rate': 0.05640107260818852, 'feature_fraction': 0.7101177938789611, 'atr_multiplier': 3.1012463723225867, 'rrr': 2.289200033868599}. Best is trial 0 with value: 1.2421454791771633.
[I 2026-04-10 08:20:33,974] Trial 1 finished with value: 0.3615375013688085 and parameters: {'num_leaves': 48, 'learning_rate': 0.07678831852800229, 'feature_fraction': 0.588778787604936, 'atr_multiplier': 2.3153423899123577, 'rrr': 1.6529025534228066}. Best is trial 0 with value: 1.2421454791771633.
[I 2026-04-10 08:20:34,187] Trial 2 finished with value: 1.0357905949211574 and parameters: {'num_leaves': 47, 'learning_rate': 0.07555376113678319, 'feature_fraction': 0.8493548122336256, 'atr_multiplier': 4.610535020755414, 'rrr': 2.5909416916561874}. Best is trial 0 with value: 1.2421454791771633.
[I 2026-04-10 08:20:34,257] Trial 3 finished with value: 0.7995545422471603 and parameters: {'num_leaves': 52, 'learning_rate': 0.0866408832276613, 'feature_fraction': 0.6143118264921925, 'atr_multiplier': 3.0279240950710253, 'rrr': 2.0198982125005034}. Best is trial 0 with value: 1.2421454791771633.
[I 2026-04-10 08:21:16,990] Trial 4 finished with value: 0.4493297570084861 and parameters: {'num_leaves': 42, 'learning_rate': 0.03768693610382825, 'feature_fraction': 0.562415367101442, 'atr_multiplier': 3.2267284288938094, 'rrr': 1.7840184659036606}. Best is trial 0 with value: 1.2421454791771633.
[I 2026-04-10 08:21:18,531] Trial 5 finished with value: 0.8812117964239473 and parameters: {'num_leaves': 24, 'learning_rate': 0.04503235042680213, 'feature_fraction': 0.9519675749068044, 'atr_multiplier': 3.581273748009461, 'rrr': 2.2499388742783157}. Best is trial 0 with value: 1.2421454791771633.
[I 2026-04-10 08:21:19,499] Trial 7 finished with value: 0.746424664449038 and parameters: {'num_leaves': 57, 'learning_rate': 0.06973997529824255, 'feature_fraction': 0.8755789697498688, 'atr_multiplier': 4.343929670639058, 'rrr': 2.043100042953107}. Best is trial 0 with value: 1.2421454791771633.
[I 2026-04-10 08:21:19,682] Trial 6 finished with value: 2.074248557217754 and parameters: {'num_leaves': 47, 'learning_rate': 0.08434323916768947, 'feature_fraction': 0.9797774352522097, 'atr_multiplier': 4.723837038506631, 'rrr': 3.602553283967328}. Best is trial 6 with value: 2.074248557217754.
[I 2026-04-10 08:22:04,845] Trial 8 finished with value: 1.7897845213375065 and parameters: {'num_leaves': 22, 'learning_rate': 0.049917091908967405, 'feature_fraction': 0.5742333733356054, 'atr_multiplier': 2.8260290515914948, 'rrr': 3.2463554197097317}. Best is trial 6 with value: 2.074248557217754.
[I 2026-04-10 08:22:05,605] Trial 11 finished with value: 1.2930689522528234 and parameters: {'num_leaves': 18, 'learning_rate': 0.055346973658884455, 'feature_fraction': 0.8383588322898683, 'atr_multiplier': 4.414754018312777, 'rrr': 3.0066330816946305}. Best is trial 6 with value: 2.074248557217754.
[I 2026-04-10 08:22:07,595] Trial 10 finished with value: 2.1488689512459573 and parameters: {'num_leaves': 57, 'learning_rate': 0.07420171633823233, 'feature_fraction': 0.6865956878693453, 'atr_multiplier': 3.72857098148, 'rrr': 3.4730426457572303}. Best is trial 10 with value: 2.1488689512459573.
[I 2026-04-10 08:22:08,110] Trial 9 finished with value: 0.8636921283187966 and parameters: {'num_leaves': 54, 'learning_rate': 0.04855534406042693, 'feature_fraction': 0.7801437621413071, 'atr_multiplier': 2.8585240424089533, 'rrr': 2.182478468531804}. Best is trial 10 with value: 2.1488689512459573.
[I 2026-04-10 08:22:55,864] Trial 12 finished with value: 0.7256391781938517 and parameters: {'num_leaves': 54, 'learning_rate': 0.07626618215330386, 'feature_fraction': 0.9240398457531738, 'atr_multiplier': 4.92028198954273, 'rrr': 2.3277469290536077}. Best is trial 10 with value: 2.1488689512459573.
[I 2026-04-10 08:22:57,184] Trial 13 finished with value: 2.2402564504795457 and parameters: {'num_leaves': 64, 'learning_rate': 0.017237549592587623, 'feature_fraction': 0.9489613882755069, 'atr_multiplier': 3.826256154156326, 'rrr': 3.8925257758417384}. Best is trial 13 with value: 2.2402564504795457.
[I 2026-04-10 08:22:57,291] Trial 15 finished with value: 2.368280907995099 and parameters: {'num_leaves': 64, 'learning_rate': 0.09975070485059323, 'feature_fraction': 0.6854796143410853, 'atr_multiplier': 4.936597185477582, 'rrr': 3.925593271193139}. Best is trial 15 with value: 2.368280907995099.
[I 2026-04-10 08:22:57,567] Trial 14 finished with value: 1.9787946702549806 and parameters: {'num_leaves': 63, 'learning_rate': 0.09935523474815373, 'feature_fraction': 0.7048817203963234, 'atr_multiplier': 4.96880327340766, 'rrr': 3.8328703388759964}. Best is trial 15 with value: 2.368280907995099.
[I 2026-04-10 08:23:40,344] Trial 16 finished with value: 2.285454034842072 and parameters: {'num_leaves': 62, 'learning_rate': 0.09346130770888036, 'feature_fraction': 0.7043573359740739, 'atr_multiplier': 3.829315564643829, 'rrr': 3.7871080813373137}. Best is trial 15 with value: 2.368280907995099.
[I 2026-04-10 08:23:41,480] Trial 17 finished with value: 2.2103308959692356 and parameters: {'num_leaves': 63, 'learning_rate': 0.012575752630844386, 'feature_fraction': 0.6881147555086511, 'atr_multiplier': 3.8049891821333452, 'rrr': 3.9958901816179786}. Best is trial 15 with value: 2.368280907995099.
[I 2026-04-10 08:23:41,587] Trial 18 finished with value: 2.276211110823028 and parameters: {'num_leaves': 62, 'learning_rate': 0.014911774435880248, 'feature_fraction': 0.6596390721820824, 'atr_multiplier': 4.00796557896113, 'rrr': 3.8991616818310595}. Best is trial 15 with value: 2.368280907995099.
[I 2026-04-10 08:23:42,055] Trial 19 finished with value: 2.114451811691339 and parameters: {'num_leaves': 64, 'learning_rate': 0.011969876126781492, 'feature_fraction': 0.7969438454899664, 'atr_multiplier': 4.092217354909104, 'rrr': 3.8966777175370084}. Best is trial 15 with value: 2.368280907995099.
[I 2026-04-10 08:24:25,736] Trial 20 finished with value: 1.707869538211956 and parameters: {'num_leaves': 36, 'learning_rate': 0.09937770687424377, 'feature_fraction': 0.6425575010866778, 'atr_multiplier': 4.179089157164896, 'rrr': 3.0375714987529383}. Best is trial 15 with value: 2.368280907995099.
[I 2026-04-10 08:24:26,857] Trial 21 finished with value: 1.4818455717161005 and parameters: {'num_leaves': 35, 'learning_rate': 0.09992737424907265, 'feature_fraction': 0.5080852641128041, 'atr_multiplier': 4.105245353468033, 'rrr': 2.9578135696799377}. Best is trial 15 with value: 2.368280907995099.
[I 2026-04-10 08:24:27,523] Trial 22 finished with value: 1.4654179333404138 and parameters: {'num_leaves': 39, 'learning_rate': 0.09793841626032682, 'feature_fraction': 0.5026071431590806, 'atr_multiplier': 4.139348689647574, 'rrr': 2.932813633097066}. Best is trial 15 with value: 2.368280907995099.
[I 2026-04-10 08:24:27,856] Trial 23 finished with value: 1.75564191494301 and parameters: {'num_leaves': 37, 'learning_rate': 0.09721124687652472, 'feature_fraction': 0.5040861409156284, 'atr_multiplier': 2.1130283118392947, 'rrr': 2.946830267797589}. Best is trial 15 with value: 2.368280907995099.
[I 2026-04-10 08:25:11,010] Trial 24 finished with value: 2.213042877219719 and parameters: {'num_leaves': 59, 'learning_rate': 0.029365186704381513, 'feature_fraction': 0.7443090413529156, 'atr_multiplier': 3.3498671631553494, 'rrr': 3.5923904835983556}. Best is trial 15 with value: 2.368280907995099.
[I 2026-04-10 08:25:12,312] Trial 25 finished with value: 2.3443579115853614 and parameters: {'num_leaves': 59, 'learning_rate': 0.027299703445401242, 'feature_fraction': 0.7392300434930097, 'atr_multiplier': 3.3491116287351614, 'rrr': 3.6292775751771877}. Best is trial 15 with value: 2.368280907995099.
[I 2026-04-10 08:25:12,402] Trial 26 finished with value: 2.2007796522906315 and parameters: {'num_leaves': 59, 'learning_rate': 0.02698523051771587, 'feature_fraction': 0.6466004165599621, 'atr_multiplier': 3.411652077049383, 'rrr': 3.6200143690673863}. Best is trial 15 with value: 2.368280907995099.
[I 2026-04-10 08:25:13,127] Trial 27 finished with value: 2.1376620915790565 and parameters: {'num_leaves': 58, 'learning_rate': 0.0269729376265355, 'feature_fraction': 0.7342592387839518, 'atr_multiplier': 3.382363795694006, 'rrr': 3.565331719586083}. Best is trial 15 with value: 2.368280907995099.
[I 2026-04-10 08:25:54,509] Trial 30 finished with value: 2.0586709492078175 and parameters: {'num_leaves': 30, 'learning_rate': 0.08914068258570275, 'feature_fraction': 0.7467427058521603, 'atr_multiplier': 2.5625262449624344, 'rrr': 3.3326664613554655}. Best is trial 15 with value: 2.368280907995099.
[I 2026-04-10 08:25:54,718] Trial 28 finished with value: 2.109287981568785 and parameters: {'num_leaves': 59, 'learning_rate': 0.06507990596258066, 'feature_fraction': 0.6517889197516308, 'atr_multiplier': 4.632614709057514, 'rrr': 3.6869099900245343}. Best is trial 15 with value: 2.368280907995099.
[I 2026-04-10 08:25:55,159] Trial 31 finished with value: 2.0441136736429737 and parameters: {'num_leaves': 30, 'learning_rate': 0.06291828764972551, 'feature_fraction': 0.7875725867084409, 'atr_multiplier': 2.4444607157343388, 'rrr': 3.3182989330815613}. Best is trial 15 with value: 2.368280907995099.
[I 2026-04-10 08:25:56,087] Trial 29 finished with value: 2.0133841386150126 and parameters: {'num_leaves': 51, 'learning_rate': 0.06349343503432767, 'feature_fraction': 0.758268069254608, 'atr_multiplier': 2.5419417719938835, 'rrr': 3.2911993532516695}. Best is trial 15 with value: 2.368280907995099.
