[I 2026-04-10 11:31:11,467] Trial 39 finished with value: 2.8422346238106417 and parameters: {'num_leaves': 26, 'learning_rate': 0.028665026379342203, 'feature_fraction': 0.988072972795238, 'atr_multiplier': 2.0374010757303616, 'rrr': 3.8471824482766075}. Best is trial 37 with value: 3.0073803750694323.
[I 2026-04-10 11:31:12,610] Trial 36 finished with value: 1.8252993086212415 and parameters: {'num_leaves': 60, 'learning_rate': 0.010241271743587979, 'feature_fraction': 0.9760511292405937, 'atr_multiplier': 3.1630636361869304, 'rrr': 2.9875145373274368}. Best is trial 37 with value: 3.0073803750694323.
[I 2026-04-10 11:31:22,684] A new study created in memory with name: no-name-acbb8dbb-08c1-42ca-863b-3b58ae181b53
[I 2026-04-10 11:32:11,263] Trial 2 finished with value: 1.3703769484284658 and parameters: {'num_leaves': 25, 'learning_rate': 0.09941418554483258, 'feature_fraction': 0.6798753950359939, 'atr_multiplier': 3.953033444033091, 'rrr': 2.8914620083735514}. Best is trial 2 with value: 1.3703769484284658.
[I 2026-04-10 11:32:11,465] Trial 1 finished with value: -1.0 and parameters: {'num_leaves': 23, 'learning_rate': 0.014654724394193764, 'feature_fraction': 0.7661199172496012, 'atr_multiplier': 3.7796151744403153, 'rrr': 2.196560354730558}. Best is trial 2 with value: 1.3703769484284658.
[I 2026-04-10 11:32:11,700] Trial 0 finished with value: 1.7326088849590893 and parameters: {'num_leaves': 59, 'learning_rate': 0.05689104270966086, 'feature_fraction': 0.9518429610726544, 'atr_multiplier': 3.511436387155286, 'rrr': 3.069565484648126}. Best is trial 0 with value: 1.7326088849590893.
[I 2026-04-10 11:32:12,956] Trial 3 finished with value: 0.5987211461823925 and parameters: {'num_leaves': 51, 'learning_rate': 0.09407686931032895, 'feature_fraction': 0.5634414149383273, 'atr_multiplier': 2.2416852744414006, 'rrr': 1.6580561421972364}. Best is trial 0 with value: 1.7326088849590893.
[I 2026-04-10 11:33:00,512] Trial 7 finished with value: 1.5930253935030083 and parameters: {'num_leaves': 32, 'learning_rate': 0.0802722086421157, 'feature_fraction': 0.8423879782300531, 'atr_multiplier': 3.038352283948769, 'rrr': 2.8717924802099986}. Best is trial 0 with value: 1.7326088849590893.
[I 2026-04-10 11:33:00,621] Trial 4 finished with value: 2.0295177319985305 and parameters: {'num_leaves': 30, 'learning_rate': 0.07779162343460953, 'feature_fraction': 0.7335596277744245, 'atr_multiplier': 4.528485971188064, 'rrr': 3.522589877411702}. Best is trial 4 with value: 2.0295177319985305.
[I 2026-04-10 11:33:01,418] Trial 5 finished with value: 2.30304585195812 and parameters: {'num_leaves': 48, 'learning_rate': 0.09848859049655147, 'feature_fraction': 0.6588655387622451, 'atr_multiplier': 3.964147491733447, 'rrr': 3.4844751324131433}. Best is trial 5 with value: 2.30304585195812.
[I 2026-04-10 11:33:02,014] Trial 6 finished with value: 1.00598446989074 and parameters: {'num_leaves': 59, 'learning_rate': 0.0354988563587203, 'feature_fraction': 0.6529868669971588, 'atr_multiplier': 3.9647407902985337, 'rrr': 2.3945287398279738}. Best is trial 5 with value: 2.30304585195812.
[I 2026-04-10 11:33:53,592] Trial 8 finished with value: 2.2468110088578745 and parameters: {'num_leaves': 32, 'learning_rate': 0.01874153733592025, 'feature_fraction': 0.7935367530953266, 'atr_multiplier': 4.102052224092132, 'rrr': 3.7621958261438833}. Best is trial 5 with value: 2.30304585195812.
[I 2026-04-10 11:33:54,865] Trial 9 finished with value: 2.3122983431142843 and parameters: {'num_leaves': 52, 'learning_rate': 0.021398057444838976, 'feature_fraction': 0.9917694567990755, 'atr_multiplier': 3.10983413838494, 'rrr': 3.606976570837782}. Best is trial 9 with value: 2.3122983431142843.
[I 2026-04-10 11:33:55,575] Trial 11 finished with value: 2.716446986933567 and parameters: {'num_leaves': 49, 'learning_rate': 0.08817309486457582, 'feature_fraction': 0.8073739566127758, 'atr_multiplier': 2.5662224628305137, 'rrr': 3.9327333262557733}. Best is trial 11 with value: 2.716446986933567.
[I 2026-04-10 11:33:55,785] Trial 10 finished with value: 0.7467966188323667 and parameters: {'num_leaves': 49, 'learning_rate': 0.04416488698981084, 'feature_fraction': 0.9204283262255029, 'atr_multiplier': 2.8399667342322794, 'rrr': 2.005314123344789}. Best is trial 11 with value: 2.716446986933567.
[I 2026-04-10 11:34:43,617] Trial 13 finished with value: 2.497349646348575 and parameters: {'num_leaves': 11, 'learning_rate': 0.03851860632342162, 'feature_fraction': 0.9941272977511988, 'atr_multiplier': 2.9113499345662612, 'rrr': 3.9021717723859286}. Best is trial 11 with value: 2.716446986933567.
[I 2026-04-10 11:34:44,171] Trial 14 finished with value: 2.545386413603276 and parameters: {'num_leaves': 9, 'learning_rate': 0.047766381230942165, 'feature_fraction': 0.9873365356915511, 'atr_multiplier': 2.8001602810008057, 'rrr': 3.904286058202117}. Best is trial 11 with value: 2.716446986933567.
[I 2026-04-10 11:34:44,252] Trial 15 finished with value: 2.6646583976380223 and parameters: {'num_leaves': 8, 'learning_rate': 0.06479398811631594, 'feature_fraction': 0.8787629918232616, 'atr_multiplier': 2.0591313378955154, 'rrr': 3.9393927293127384}. Best is trial 11 with value: 2.716446986933567.
[I 2026-04-10 11:34:44,335] Trial 12 finished with value: 0.7271944090770828 and parameters: {'num_leaves': 18, 'learning_rate': 0.031802738163704616, 'feature_fraction': 0.9427953111065726, 'atr_multiplier': 4.709874869993401, 'rrr': 2.1014516323882235}. Best is trial 11 with value: 2.716446986933567.
[I 2026-04-10 11:35:39,029] Trial 16 finished with value: 2.736223383590958 and parameters: {'num_leaves': 9, 'learning_rate': 0.06172707469426793, 'feature_fraction': 0.8842957228554365, 'atr_multiplier': 2.1806068244550114, 'rrr': 3.9689940455417863}. Best is trial 16 with value: 2.736223383590958.
[I 2026-04-10 11:35:39,622] Trial 17 finished with value: 2.750342389002906 and parameters: {'num_leaves': 11, 'learning_rate': 0.06196587295720147, 'feature_fraction': 0.8764451114557235, 'atr_multiplier': 2.009781255913039, 'rrr': 3.972548065661076}. Best is trial 17 with value: 2.750342389002906.
[I 2026-04-10 11:35:41,237] Trial 18 finished with value: 2.0817385216242497 and parameters: {'num_leaves': 41, 'learning_rate': 0.08274036260525702, 'feature_fraction': 0.8518898549122945, 'atr_multiplier': 2.048636652609187, 'rrr': 3.23469185592143}. Best is trial 17 with value: 2.750342389002906.
[I 2026-04-10 11:35:41,434] Trial 19 finished with value: 1.994768571533299 and parameters: {'num_leaves': 41, 'learning_rate': 0.06408238751865951, 'feature_fraction': 0.8581494695961808, 'atr_multiplier': 2.0328300293750914, 'rrr': 3.246197177505107}. Best is trial 17 with value: 2.750342389002906.
[I 2026-04-10 11:36:33,833] Trial 21 finished with value: 1.9388737987399853 and parameters: {'num_leaves': 15, 'learning_rate': 0.06687201585694767, 'feature_fraction': 0.871293817123172, 'atr_multiplier': 2.4059541459232965, 'rrr': 3.22575096077623}. Best is trial 17 with value: 2.750342389002906.
[I 2026-04-10 11:36:34,128] Trial 23 finished with value: 1.340734334128962 and parameters: {'num_leaves': 16, 'learning_rate': 0.06964261377594061, 'feature_fraction': 0.8883407249679203, 'atr_multiplier': 2.4601608062022104, 'rrr': 2.4247597094273226}. Best is trial 17 with value: 2.750342389002906.
[I 2026-04-10 11:36:34,530] Trial 22 finished with value: 1.948070370760814 and parameters: {'num_leaves': 17, 'learning_rate': 0.06725111335345564, 'feature_fraction': 0.9037314883494333, 'atr_multiplier': 2.3905577006442504, 'rrr': 3.2520496028227277}. Best is trial 17 with value: 2.750342389002906.
[I 2026-04-10 11:36:34,656] Trial 20 finished with value: 2.0130765240823556 and parameters: {'num_leaves': 43, 'learning_rate': 0.07175469689896519, 'feature_fraction': 0.8325973980929665, 'atr_multiplier': 2.3510189219908266, 'rrr': 3.2376559459623886}. Best is trial 17 with value: 2.750342389002906.
[I 2026-04-10 11:37:26,068] Trial 24 finished with value: 2.4388480958869123 and parameters: {'num_leaves': 18, 'learning_rate': 0.07305159772893517, 'feature_fraction': 0.801946260410128, 'atr_multiplier': 2.626836307392813, 'rrr': 3.702255788285563}. Best is trial 17 with value: 2.750342389002906.
[I 2026-04-10 11:37:26,501] Trial 26 finished with value: 2.4829906966790447 and parameters: {'num_leaves': 24, 'learning_rate': 0.05402680000789007, 'feature_fraction': 0.8288394470784878, 'atr_multiplier': 2.6192503725428926, 'rrr': 3.759744333040371}. Best is trial 17 with value: 2.750342389002906.
[I 2026-04-10 11:37:26,615] Trial 27 finished with value: 2.42236317567435 and parameters: {'num_leaves': 25, 'learning_rate': 0.05674490040716698, 'feature_fraction': 0.7941909327314078, 'atr_multiplier': 2.6292090457792887, 'rrr': 3.6854140167598297}. Best is trial 17 with value: 2.750342389002906.
[I 2026-04-10 11:37:27,730] Trial 25 finished with value: 2.3835683854952245 and parameters: {'num_leaves': 40, 'learning_rate': 0.053505243123009374, 'feature_fraction': 0.7933530761438137, 'atr_multiplier': 2.4494772618484135, 'rrr': 3.628879340567868}. Best is trial 17 with value: 2.750342389002906.
[I 2026-04-10 11:38:16,793] Trial 28 finished with value: 2.546967895137465 and parameters: {'num_leaves': 27, 'learning_rate': 0.05619980702155136, 'feature_fraction': 0.710941885281477, 'atr_multiplier': 3.309121755876024, 'rrr': 3.7600445001769933}. Best is trial 17 with value: 2.750342389002906.
[I 2026-04-10 11:38:18,339] Trial 29 finished with value: 2.1977319562613102 and parameters: {'num_leaves': 62, 'learning_rate': 0.08781910905319991, 'feature_fraction': 0.7316602150093697, 'atr_multiplier': 3.2492390514518372, 'rrr': 3.4784228818859897}. Best is trial 17 with value: 2.750342389002906.
[I 2026-04-10 11:38:18,496] Trial 31 finished with value: 2.744096037605531 and parameters: {'num_leaves': 63, 'learning_rate': 0.09032473433024561, 'feature_fraction': 0.7355604679446202, 'atr_multiplier': 3.2833096397398394, 'rrr': 3.963519427037498}. Best is trial 17 with value: 2.750342389002906.
[I 2026-04-10 11:38:18,744] Trial 30 finished with value: 2.7853595338153165 and parameters: {'num_leaves': 62, 'learning_rate': 0.08767157062615061, 'feature_fraction': 0.7538476817158384, 'atr_multiplier': 3.2414312397401215, 'rrr': 3.9909078635850217}. Best is trial 30 with value: 2.7853595338153165.
[I 2026-04-10 11:39:04,796] Trial 32 finished with value: 2.852037939118539 and parameters: {'num_leaves': 63, 'learning_rate': 0.08756932617782424, 'feature_fraction': 0.9520397126029387, 'atr_multiplier': 3.5120056145485834, 'rrr': 3.996556349139014}. Best is trial 32 with value: 2.852037939118539.
[I 2026-04-10 11:39:06,193] Trial 33 finished with value: 2.162509548873237 and parameters: {'num_leaves': 55, 'learning_rate': 0.08790684541124662, 'feature_fraction': 0.9522194376030906, 'atr_multiplier': 2.186653082463188, 'rrr': 3.384638755539798}. Best is trial 32 with value: 2.852037939118539.
[I 2026-04-10 11:39:06,257] Trial 35 finished with value: 2.864668522822673 and parameters: {'num_leaves': 56, 'learning_rate': 0.08836831000227759, 'feature_fraction': 0.5872795632317311, 'atr_multiplier': 3.655115031318874, 'rrr': 3.9658791832824}. Best is trial 35 with value: 2.864668522822673.
[I 2026-04-10 11:39:06,633] Trial 34 finished with value: 2.78341056878435 and parameters: {'num_leaves': 56, 'learning_rate': 0.08590009667156981, 'feature_fraction': 0.9325982314111692, 'atr_multiplier': 3.5976165146077617, 'rrr': 3.990347422301232}. Best is trial 35 with value: 2.864668522822673.
[I 2026-04-10 11:39:53,126] Trial 36 finished with value: 2.1762238283564472 and parameters: {'num_leaves': 64, 'learning_rate': 0.08959723441116016, 'feature_fraction': 0.6079979524189433, 'atr_multiplier': 3.58962096081986, 'rrr': 3.3980070619379688}. Best is trial 35 with value: 2.864668522822673.
[I 2026-04-10 11:39:54,705] Trial 37 finished with value: -0.007261727987487515 and parameters: {'num_leaves': 58, 'learning_rate': 0.07700409373261399, 'feature_fraction': 0.5324751289140427, 'atr_multiplier': 3.669592850944776, 'rrr': 1.535450541027762}. Best is trial 35 with value: 2.864668522822673.
[I 2026-04-10 11:39:55,006] Trial 39 finished with value: 1.6588754987641285 and parameters: {'num_leaves': 56, 'learning_rate': 0.09693753077634695, 'feature_fraction': 0.5077868296414234, 'atr_multiplier': 3.6467140430891285, 'rrr': 3.0145720571959003}. Best is trial 35 with value: 2.864668522822673.
[I 2026-04-10 11:39:55,063] Trial 38 finished with value: 1.7151573591252975 and parameters: {'num_leaves': 57, 'learning_rate': 0.07690147785853814, 'feature_fraction': 0.5500408792337467, 'atr_multiplier': 3.5461679568201, 'rrr': 3.022511563303989}. Best is trial 35 with value: 2.864668522822673.
[I 2026-04-10 11:40:05,821] A new study created in memory with name: no-name-17baad02-63f0-4349-8ced-e8bbdd20c273
[I 2026-04-10 11:40:55,104] Trial 1 finished with value: 1.5690249880870997 and parameters: {'num_leaves': 15, 'learning_rate': 0.02650631964504043, 'feature_fraction': 0.845333942915456, 'atr_multiplier': 3.1760562483653096, 'rrr': 3.056957918733133}. Best is trial 1 with value: 1.5690249880870997.
[I 2026-04-10 11:40:55,821] Trial 2 finished with value: 2.282866182888084 and parameters: {'num_leaves': 28, 'learning_rate': 0.03452490944536893, 'feature_fraction': 0.908633418013971, 'atr_multiplier': 2.1179130225088496, 'rrr': 3.4562138254834482}. Best is trial 2 with value: 2.282866182888084.
[I 2026-04-10 11:40:56,097] Trial 3 finished with value: 2.2228058116283975 and parameters: {'num_leaves': 48, 'learning_rate': 0.05207402179911622, 'feature_fraction': 0.5335515607163503, 'atr_multiplier': 4.923723982364198, 'rrr': 3.894681604680235}. Best is trial 2 with value: 2.282866182888084.
[I 2026-04-10 11:40:57,545] Trial 0 finished with value: 1.2973245853237103 and parameters: {'num_leaves': 60, 'learning_rate': 0.061612633531896006, 'feature_fraction': 0.5025219047098146, 'atr_multiplier': 3.1568978864619828, 'rrr': 2.645756727621403}. Best is trial 2 with value: 2.282866182888084.
[I 2026-04-10 11:41:45,255] Trial 5 finished with value: 0.009458126879229294 and parameters: {'num_leaves': 11, 'learning_rate': 0.03984744288274056, 'feature_fraction': 0.6923610171833775, 'atr_multiplier': 4.6280061384580105, 'rrr': 2.22071701910897}. Best is trial 2 with value: 2.282866182888084.
[I 2026-04-10 11:41:45,774] Trial 4 finished with value: 0.5891962505858817 and parameters: {'num_leaves': 40, 'learning_rate': 0.09054774829004092, 'feature_fraction': 0.5729259896156172, 'atr_multiplier': 2.472034193412013, 'rrr': 1.6351458342210328}. Best is trial 2 with value: 2.282866182888084.
[I 2026-04-10 11:41:47,335] Trial 6 finished with value: 0.8785775331254188 and parameters: {'num_leaves': 42, 'learning_rate': 0.06630190255287599, 'feature_fraction': 0.7747843898486907, 'atr_multiplier': 3.4001121688843026, 'rrr': 2.25303424230923}. Best is trial 2 with value: 2.282866182888084.
[I 2026-04-10 11:41:47,772] Trial 7 finished with value: 0.8420156114328639 and parameters: {'num_leaves': 42, 'learning_rate': 0.05894305962270769, 'feature_fraction': 0.6864942995918748, 'atr_multiplier': 3.3320040893956695, 'rrr': 2.1506369364499376}. Best is trial 2 with value: 2.282866182888084.
[I 2026-04-10 11:42:41,465] Trial 9 finished with value: 0.318250148730498 and parameters: {'num_leaves': 19, 'learning_rate': 0.08010228065190074, 'feature_fraction': 0.7914215076949007, 'atr_multiplier': 2.025557026112769, 'rrr': 1.621875265590175}. Best is trial 2 with value: 2.282866182888084.
[I 2026-04-10 11:42:41,962] Trial 8 finished with value: 1.02250637396774 and parameters: {'num_leaves': 63, 'learning_rate': 0.07064884842165353, 'feature_fraction': 0.5866449474628068, 'atr_multiplier': 4.556965538316687, 'rrr': 2.515066492711849}. Best is trial 2 with value: 2.282866182888084.
[I 2026-04-10 11:42:42,702] Trial 11 finished with value: -0.3699810691659415 and parameters: {'num_leaves': 31, 'learning_rate': 0.020515204103274374, 'feature_fraction': 0.9958827671543924, 'atr_multiplier': 4.525563774731272, 'rrr': 1.5629193441690499}. Best is trial 2 with value: 2.282866182888084.
[I 2026-04-10 11:42:43,119] Trial 10 finished with value: 0.9170312523273844 and parameters: {'num_leaves': 37, 'learning_rate': 0.0865115913481793, 'feature_fraction': 0.9909238719832973, 'atr_multiplier': 2.019715761881922, 'rrr': 2.0005292372494288}. Best is trial 2 with value: 2.282866182888084.
[I 2026-04-10 11:43:27,903] Trial 13 finished with value: 1.5693197911166301 and parameters: {'num_leaves': 26, 'learning_rate': 0.010196465057717902, 'feature_fraction': 0.9825141530533144, 'atr_multiplier': 4.03553360404564, 'rrr': 3.53219965186105}. Best is trial 2 with value: 2.282866182888084.
[I 2026-04-10 11:43:28,238] Trial 14 finished with value: 2.530143558168605 and parameters: {'num_leaves': 29, 'learning_rate': 0.03809507735292511, 'feature_fraction': 0.9362392958727827, 'atr_multiplier': 3.98397105257268, 'rrr': 3.9426745598760826}. Best is trial 14 with value: 2.530143558168605.
[I 2026-04-10 11:43:29,192] Trial 12 finished with value: 0.6981448225482649 and parameters: {'num_leaves': 61, 'learning_rate': 0.02002353897173411, 'feature_fraction': 0.848548967872177, 'atr_multiplier': 2.3195800933097828, 'rrr': 1.7903363007101254}. Best is trial 14 with value: 2.530143558168605.
[I 2026-04-10 11:43:30,244] Trial 15 finished with value: 2.6360641712113497 and parameters: {'num_leaves': 52, 'learning_rate': 0.041664661919747215, 'feature_fraction': 0.8804045738144809, 'atr_multiplier': 4.111694559413614, 'rrr': 3.9967242259591655}. Best is trial 15 with value: 2.6360641712113497.
[I 2026-04-10 11:44:14,448] Trial 17 finished with value: 2.4340658896139526 and parameters: {'num_leaves': 26, 'learning_rate': 0.04036453366932876, 'feature_fraction': 0.8982825647471073, 'atr_multiplier': 3.795348316474771, 'rrr': 3.9625527702347045}. Best is trial 15 with value: 2.6360641712113497.
[I 2026-04-10 11:44:14,871] Trial 18 finished with value: 1.7381397167890262 and parameters: {'num_leaves': 27, 'learning_rate': 0.041352231739476525, 'feature_fraction': 0.8988737520097128, 'atr_multiplier': 3.8829889890821354, 'rrr': 3.3073118190043247}. Best is trial 15 with value: 2.6360641712113497.
[I 2026-04-10 11:44:15,801] Trial 16 finished with value: 2.650976520039472 and parameters: {'num_leaves': 53, 'learning_rate': 0.04273800063083886, 'feature_fraction': 0.8512749494901148, 'atr_multiplier': 2.6934851474517694, 'rrr': 3.9412694760513136}. Best is trial 16 with value: 2.650976520039472.
[I 2026-04-10 11:44:16,272] Trial 19 finished with value: 2.598141320610724 and parameters: {'num_leaves': 51, 'learning_rate': 0.0465362820513691, 'feature_fraction': 0.9071368448669553, 'atr_multiplier': 3.8573399351536373, 'rrr': 3.9578588896967237}. Best is trial 16 with value: 2.650976520039472.
[I 2026-04-10 11:45:02,384] Trial 20 finished with value: 2.3053703989376704 and parameters: {'num_leaves': 52, 'learning_rate': 0.048725317431609225, 'feature_fraction': 0.9349514038168744, 'atr_multiplier': 3.8805139396201938, 'rrr': 3.607160531916893}. Best is trial 16 with value: 2.650976520039472.
[I 2026-04-10 11:45:02,812] Trial 21 finished with value: 2.4124422152828657 and parameters: {'num_leaves': 51, 'learning_rate': 0.049596471346125395, 'feature_fraction': 0.9455514147249625, 'atr_multiplier': 4.152580685729524, 'rrr': 3.757163689920412}. Best is trial 16 with value: 2.650976520039472.
[I 2026-04-10 11:45:03,797] Trial 22 finished with value: 2.3125130676132346 and parameters: {'num_leaves': 52, 'learning_rate': 0.05018682187268333, 'feature_fraction': 0.8394749414129353, 'atr_multiplier': 2.778241925635109, 'rrr': 3.597763253715934}. Best is trial 16 with value: 2.650976520039472.
[I 2026-04-10 11:45:04,194] Trial 23 finished with value: 1.6814625572774913 and parameters: {'num_leaves': 54, 'learning_rate': 0.051243132408644455, 'feature_fraction': 0.8278843778256053, 'atr_multiplier': 2.6865684852874687, 'rrr': 2.9187441792720477}. Best is trial 16 with value: 2.650976520039472.
[I 2026-04-10 11:45:51,078] Trial 24 finished with value: 2.4090297066089534 and parameters: {'num_leaves': 51, 'learning_rate': 0.049019353303337766, 'feature_fraction': 0.824489821902475, 'atr_multiplier': 2.7896497711127664, 'rrr': 3.72298910751251}. Best is trial 16 with value: 2.650976520039472.
[I 2026-04-10 11:45:51,675] Trial 25 finished with value: 1.8580485866574248 and parameters: {'num_leaves': 57, 'learning_rate': 0.03170228892083228, 'feature_fraction': 0.8458879108129734, 'atr_multiplier': 2.8530180138258467, 'rrr': 3.1452376864913294}. Best is trial 16 with value: 2.650976520039472.
[I 2026-04-10 11:45:52,116] Trial 26 finished with value: 1.9562899596803274 and parameters: {'num_leaves': 57, 'learning_rate': 0.0992792349049463, 'feature_fraction': 0.820564264681771, 'atr_multiplier': 2.9105980100508795, 'rrr': 3.1674449148506256}. Best is trial 16 with value: 2.650976520039472.
[I 2026-04-10 11:45:52,319] Trial 27 finished with value: 1.6398817059931747 and parameters: {'num_leaves': 47, 'learning_rate': 0.03083925620811139, 'feature_fraction': 0.7415879965681154, 'atr_multiplier': 3.6007195172301465, 'rrr': 3.1848225589897616}. Best is trial 16 with value: 2.650976520039472.
[I 2026-04-10 11:46:42,142] Trial 28 finished with value: 1.8486225327674437 and parameters: {'num_leaves': 46, 'learning_rate': 0.03059722028196797, 'feature_fraction': 0.7155988926419095, 'atr_multiplier': 3.4926230337942146, 'rrr': 3.278522394314523}. Best is trial 16 with value: 2.650976520039472.
[I 2026-04-10 11:46:42,811] Trial 29 finished with value: 1.8643474938366353 and parameters: {'num_leaves': 46, 'learning_rate': 0.02736958835567176, 'feature_fraction': 0.745731963862203, 'atr_multiplier': 3.585351686873997, 'rrr': 3.331876862003641}. Best is trial 16 with value: 2.650976520039472.
