[I 2026-04-10 08:26:42,331] Trial 33 finished with value: 1.934574840696894 and parameters: {'num_leaves': 11, 'learning_rate': 0.06283693579222092, 'feature_fraction': 0.7928828423985873, 'atr_multiplier': 3.071913974723893, 'rrr': 3.318404776975651}. Best is trial 15 with value: 2.368280907995099.
[I 2026-04-10 08:26:43,990] Trial 34 finished with value: 2.3431444048240087 and parameters: {'num_leaves': 51, 'learning_rate': 0.0214836442107567, 'feature_fraction': 0.6775707227099527, 'atr_multiplier': 3.6271616714127126, 'rrr': 3.7711240651254756}. Best is trial 15 with value: 2.368280907995099.
[I 2026-04-10 08:26:44,125] Trial 32 finished with value: 2.3805153742609275 and parameters: {'num_leaves': 51, 'learning_rate': 0.06236238350100702, 'feature_fraction': 0.7899889261478301, 'atr_multiplier': 3.117147272968053, 'rrr': 3.7227877793392072}. Best is trial 32 with value: 2.3805153742609275.
[I 2026-04-10 08:26:45,161] Trial 35 finished with value: 2.4007139136698394 and parameters: {'num_leaves': 61, 'learning_rate': 0.023099493595418026, 'feature_fraction': 0.6688446431951043, 'atr_multiplier': 3.6222881117809527, 'rrr': 3.772464937728279}. Best is trial 35 with value: 2.4007139136698394.
[I 2026-04-10 08:27:25,139] Trial 36 finished with value: 2.2456627074761424 and parameters: {'num_leaves': 44, 'learning_rate': 0.020522333374890317, 'feature_fraction': 0.6817217596843766, 'atr_multiplier': 3.6622680289743417, 'rrr': 3.7630436635068043}. Best is trial 35 with value: 2.4007139136698394.
[I 2026-04-10 08:27:27,754] Trial 37 finished with value: 2.274192182399033 and parameters: {'num_leaves': 44, 'learning_rate': 0.021347008481310718, 'feature_fraction': 0.6108149081703005, 'atr_multiplier': 3.5455217310329203, 'rrr': 3.737580964689073}. Best is trial 35 with value: 2.4007139136698394.
[I 2026-04-10 08:27:27,840] Trial 39 finished with value: 2.154775122779747 and parameters: {'num_leaves': 45, 'learning_rate': 0.03735530544118281, 'feature_fraction': 0.6146906801420806, 'atr_multiplier': 2.8773726530948434, 'rrr': 3.436860718472463}. Best is trial 35 with value: 2.4007139136698394.
[I 2026-04-10 08:27:27,887] Trial 38 finished with value: 2.711784425612928 and parameters: {'num_leaves': 44, 'learning_rate': 0.021901434276312817, 'feature_fraction': 0.8248263858233327, 'atr_multiplier': 2.812470427292367, 'rrr': 3.9996316224453086}. Best is trial 38 with value: 2.711784425612928.
[I 2026-04-10 08:27:37,707] A new study created in memory with name: no-name-17d85c85-2f80-4ecb-b7b3-c03d86c01158
[I 2026-04-10 08:28:24,080] Trial 1 finished with value: 0.49415960846733065 and parameters: {'num_leaves': 13, 'learning_rate': 0.0647983949836659, 'feature_fraction': 0.5696397707318972, 'atr_multiplier': 4.971257421212475, 'rrr': 1.8772793148178286}. Best is trial 1 with value: 0.49415960846733065.
[I 2026-04-10 08:28:24,931] Trial 3 finished with value: 2.066927670261551 and parameters: {'num_leaves': 25, 'learning_rate': 0.09777264885303172, 'feature_fraction': 0.9941266440674145, 'atr_multiplier': 2.671559092320841, 'rrr': 3.485049882306683}. Best is trial 3 with value: 2.066927670261551.
[I 2026-04-10 08:28:25,188] Trial 0 finished with value: 1.8902921297948512 and parameters: {'num_leaves': 42, 'learning_rate': 0.04686367471839747, 'feature_fraction': 0.8835502275097108, 'atr_multiplier': 4.383989473250425, 'rrr': 3.2703339838339893}. Best is trial 3 with value: 2.066927670261551.
[I 2026-04-10 08:28:26,231] Trial 2 finished with value: 0.7799856586256824 and parameters: {'num_leaves': 48, 'learning_rate': 0.05324849272230108, 'feature_fraction': 0.9341690050693925, 'atr_multiplier': 3.156411207274706, 'rrr': 2.13944333803111}. Best is trial 3 with value: 2.066927670261551.
[I 2026-04-10 08:29:08,490] Trial 4 finished with value: 0.40810768051944646 and parameters: {'num_leaves': 45, 'learning_rate': 0.053386500456012696, 'feature_fraction': 0.9509674744281329, 'atr_multiplier': 4.083547856832945, 'rrr': 2.0033090073780633}. Best is trial 3 with value: 2.066927670261551.
[I 2026-04-10 08:29:08,762] Trial 7 finished with value: 1.108702038199749 and parameters: {'num_leaves': 35, 'learning_rate': 0.07239700004473258, 'feature_fraction': 0.6960514972954729, 'atr_multiplier': 4.345709459442045, 'rrr': 2.595484877134294}. Best is trial 3 with value: 2.066927670261551.
[I 2026-04-10 08:29:09,323] Trial 6 finished with value: 1.0248376039628952 and parameters: {'num_leaves': 46, 'learning_rate': 0.05140716530824482, 'feature_fraction': 0.902529359747626, 'atr_multiplier': 2.2861862911799946, 'rrr': 2.3549064384001612}. Best is trial 3 with value: 2.066927670261551.
[I 2026-04-10 08:29:09,888] Trial 5 finished with value: 2.1234909422877433 and parameters: {'num_leaves': 63, 'learning_rate': 0.024815458759486854, 'feature_fraction': 0.5059657725157147, 'atr_multiplier': 3.5641395272890253, 'rrr': 3.4804764293882524}. Best is trial 5 with value: 2.1234909422877433.
[I 2026-04-10 08:29:55,191] Trial 10 finished with value: 1.7990429602785265 and parameters: {'num_leaves': 8, 'learning_rate': 0.03034950285686626, 'feature_fraction': 0.9524696900822598, 'atr_multiplier': 2.5313252640378847, 'rrr': 3.270717701622866}. Best is trial 5 with value: 2.1234909422877433.
[I 2026-04-10 08:29:55,657] Trial 8 finished with value: 2.425130811463041 and parameters: {'num_leaves': 16, 'learning_rate': 0.03297986518706985, 'feature_fraction': 0.764406683898032, 'atr_multiplier': 3.6107937192675594, 'rrr': 3.9788631546141735}. Best is trial 8 with value: 2.425130811463041.
[I 2026-04-10 08:29:56,547] Trial 9 finished with value: -1.0 and parameters: {'num_leaves': 30, 'learning_rate': 0.020738429685411525, 'feature_fraction': 0.5384672083004338, 'atr_multiplier': 3.667867094289054, 'rrr': 1.9187464033973445}. Best is trial 8 with value: 2.425130811463041.
[I 2026-04-10 08:29:57,172] Trial 11 finished with value: 1.5684342553283492 and parameters: {'num_leaves': 37, 'learning_rate': 0.07112202440956883, 'feature_fraction': 0.6993663470241377, 'atr_multiplier': 2.4462049867596942, 'rrr': 3.015301973466644}. Best is trial 8 with value: 2.425130811463041.
[I 2026-04-10 08:30:42,901] Trial 13 finished with value: 2.3595393263307933 and parameters: {'num_leaves': 22, 'learning_rate': 0.016864336688308033, 'feature_fraction': 0.778938398217496, 'atr_multiplier': 3.424684989203905, 'rrr': 3.917320638022806}. Best is trial 8 with value: 2.425130811463041.
[I 2026-04-10 08:30:43,454] Trial 12 finished with value: 0.3558208050793155 and parameters: {'num_leaves': 49, 'learning_rate': 0.020994733275951003, 'feature_fraction': 0.535953181307613, 'atr_multiplier': 4.42448580897524, 'rrr': 2.312805771174494}. Best is trial 8 with value: 2.425130811463041.
[I 2026-04-10 08:30:45,146] Trial 15 finished with value: 2.558946910586127 and parameters: {'num_leaves': 63, 'learning_rate': 0.011853171045249076, 'feature_fraction': 0.8263928258236529, 'atr_multiplier': 3.354673042315202, 'rrr': 3.9782309644311566}. Best is trial 15 with value: 2.558946910586127.
[I 2026-04-10 08:30:45,326] Trial 14 finished with value: 2.4416168441561927 and parameters: {'num_leaves': 63, 'learning_rate': 0.010647964476995585, 'feature_fraction': 0.7663700857635742, 'atr_multiplier': 3.353403580343513, 'rrr': 3.877916830202829}. Best is trial 15 with value: 2.558946910586127.
[I 2026-04-10 08:31:27,624] Trial 16 finished with value: 2.496535125597085 and parameters: {'num_leaves': 20, 'learning_rate': 0.012623015130922635, 'feature_fraction': 0.8072820415298178, 'atr_multiplier': 3.131930417271151, 'rrr': 3.92576317368961}. Best is trial 15 with value: 2.558946910586127.
[I 2026-04-10 08:31:28,418] Trial 17 finished with value: 2.296274486064278 and parameters: {'num_leaves': 20, 'learning_rate': 0.01068766816024641, 'feature_fraction': 0.8115585695134111, 'atr_multiplier': 3.149223090724021, 'rrr': 3.827960570338896}. Best is trial 15 with value: 2.558946910586127.
[I 2026-04-10 08:31:30,466] Trial 18 finished with value: 2.5016662490687493 and parameters: {'num_leaves': 63, 'learning_rate': 0.037145967053370935, 'feature_fraction': 0.8065530929299634, 'atr_multiplier': 3.1108279334887285, 'rrr': 3.8647621555390455}. Best is trial 15 with value: 2.558946910586127.
[I 2026-04-10 08:31:30,594] Trial 19 finished with value: 2.446835570931676 and parameters: {'num_leaves': 64, 'learning_rate': 0.012300977598534088, 'feature_fraction': 0.8311910269220707, 'atr_multiplier': 2.9519023885666957, 'rrr': 3.7694716191351065}. Best is trial 15 with value: 2.558946910586127.
[I 2026-04-10 08:32:13,110] Trial 20 finished with value: 2.236676021017244 and parameters: {'num_leaves': 55, 'learning_rate': 0.01124864288280146, 'feature_fraction': 0.8405564003301128, 'atr_multiplier': 2.92206499025373, 'rrr': 3.6181945741144226}. Best is trial 15 with value: 2.558946910586127.
[I 2026-04-10 08:32:13,864] Trial 21 finished with value: 2.366631573229851 and parameters: {'num_leaves': 55, 'learning_rate': 0.03836573613290236, 'feature_fraction': 0.8408845250559746, 'atr_multiplier': 2.013243720722106, 'rrr': 3.666006827683764}. Best is trial 15 with value: 2.558946910586127.
[I 2026-04-10 08:32:14,911] Trial 22 finished with value: 2.1704567443210276 and parameters: {'num_leaves': 56, 'learning_rate': 0.038054224552160607, 'feature_fraction': 0.8474069872896137, 'atr_multiplier': 3.923524774428518, 'rrr': 3.587220588975293}. Best is trial 15 with value: 2.558946910586127.
[I 2026-04-10 08:32:14,933] Trial 23 finished with value: 1.4523477787968329 and parameters: {'num_leaves': 55, 'learning_rate': 0.039758737851135484, 'feature_fraction': 0.6874517624408697, 'atr_multiplier': 3.859956908527237, 'rrr': 2.816776742235355}. Best is trial 15 with value: 2.558946910586127.
[I 2026-04-10 08:32:58,499] Trial 27 finished with value: 0.4435208542604437 and parameters: {'num_leaves': 28, 'learning_rate': 0.02625599948646869, 'feature_fraction': 0.6204916891085682, 'atr_multiplier': 2.8218126468761193, 'rrr': 1.5496333668167097}. Best is trial 15 with value: 2.558946910586127.
[I 2026-04-10 08:32:58,502] Trial 24 finished with value: 1.5070289352157842 and parameters: {'num_leaves': 57, 'learning_rate': 0.03745190289648022, 'feature_fraction': 0.6826832407878917, 'atr_multiplier': 3.8913808157643923, 'rrr': 2.8892742385042633}. Best is trial 15 with value: 2.558946910586127.
[I 2026-04-10 08:32:59,322] Trial 25 finished with value: 0.08194646056717364 and parameters: {'num_leaves': 56, 'learning_rate': 0.0406612603889077, 'feature_fraction': 0.7125377299180855, 'atr_multiplier': 3.9839974175221355, 'rrr': 1.6281524492099704}. Best is trial 15 with value: 2.558946910586127.
[I 2026-04-10 08:33:00,218] Trial 26 finished with value: 1.5374644320491095 and parameters: {'num_leaves': 58, 'learning_rate': 0.027427320346777296, 'feature_fraction': 0.6765857299679066, 'atr_multiplier': 2.7495485235890387, 'rrr': 2.9676747614979577}. Best is trial 15 with value: 2.558946910586127.
[I 2026-04-10 08:33:45,060] Trial 28 finished with value: 1.889382722495255 and parameters: {'num_leaves': 36, 'learning_rate': 0.09408352797013257, 'feature_fraction': 0.7378675328289326, 'atr_multiplier': 3.204975867738062, 'rrr': 3.1762510690774493}. Best is trial 15 with value: 2.558946910586127.
[I 2026-04-10 08:33:45,140] Trial 30 finished with value: 2.008877178040288 and parameters: {'num_leaves': 35, 'learning_rate': 0.08708173310007838, 'feature_fraction': 0.886324197145979, 'atr_multiplier': 3.1748296965908853, 'rrr': 3.271663456668117}. Best is trial 15 with value: 2.558946910586127.
[I 2026-04-10 08:33:45,654] Trial 31 finished with value: 1.7851697923371934 and parameters: {'num_leaves': 39, 'learning_rate': 0.017748920844158973, 'feature_fraction': 0.7962273059385864, 'atr_multiplier': 3.164775800122315, 'rrr': 3.2248656101823236}. Best is trial 15 with value: 2.558946910586127.
[I 2026-04-10 08:33:46,883] Trial 29 finished with value: 1.9188356194416984 and parameters: {'num_leaves': 60, 'learning_rate': 0.08803263483829674, 'feature_fraction': 0.7331679354192849, 'atr_multiplier': 3.1959075567990136, 'rrr': 3.2516160144348527}. Best is trial 15 with value: 2.558946910586127.
[I 2026-04-10 08:34:32,937] Trial 33 finished with value: 2.00679176377426 and parameters: {'num_leaves': 41, 'learning_rate': 0.04572986450801272, 'feature_fraction': 0.8067369168423558, 'atr_multiplier': 2.974375971283628, 'rrr': 3.4125957865895673}. Best is trial 15 with value: 2.558946910586127.
[I 2026-04-10 08:34:33,060] Trial 32 finished with value: 2.006410078595039 and parameters: {'num_leaves': 51, 'learning_rate': 0.04607180225093681, 'feature_fraction': 0.8947660886663767, 'atr_multiplier': 3.056771209629607, 'rrr': 3.32879096493034}. Best is trial 15 with value: 2.558946910586127.
[I 2026-04-10 08:34:34,090] Trial 35 finished with value: 2.391742305615633 and parameters: {'num_leaves': 64, 'learning_rate': 0.015477107674246277, 'feature_fraction': 0.8156694867072651, 'atr_multiplier': 3.0499298375484454, 'rrr': 3.7848703996396633}. Best is trial 15 with value: 2.558946910586127.
[I 2026-04-10 08:34:34,854] Trial 34 finished with value: 2.3819938981737088 and parameters: {'num_leaves': 64, 'learning_rate': 0.01603697186199651, 'feature_fraction': 0.8635771669387798, 'atr_multiplier': 2.9692687789327716, 'rrr': 3.7554950524430333}. Best is trial 15 with value: 2.558946910586127.
[I 2026-04-10 08:35:19,243] Trial 37 finished with value: 2.4876850614523374 and parameters: {'num_leaves': 64, 'learning_rate': 0.060335309154076346, 'feature_fraction': 0.8658599593850129, 'atr_multiplier': 3.37784825323078, 'rrr': 3.7569727726684405}. Best is trial 15 with value: 2.558946910586127.
[I 2026-04-10 08:35:19,321] Trial 38 finished with value: 2.3895741561603963 and parameters: {'num_leaves': 51, 'learning_rate': 0.06194663454014411, 'feature_fraction': 0.8631877564269804, 'atr_multiplier': 3.3636810227082217, 'rrr': 3.6697539744431893}. Best is trial 15 with value: 2.558946910586127.
[I 2026-04-10 08:35:19,435] Trial 39 finished with value: 2.3237077384377605 and parameters: {'num_leaves': 51, 'learning_rate': 0.06050872670428325, 'feature_fraction': 0.924884779694356, 'atr_multiplier': 3.3541667728217837, 'rrr': 3.675140490077888}. Best is trial 15 with value: 2.558946910586127.
[I 2026-04-10 08:35:19,717] Trial 36 finished with value: 2.4436660445021894 and parameters: {'num_leaves': 64, 'learning_rate': 0.06207950706614771, 'feature_fraction': 0.8635737347104417, 'atr_multiplier': 2.968617444243609, 'rrr': 3.7705391350993964}. Best is trial 15 with value: 2.558946910586127.
[I 2026-04-10 08:35:29,421] A new study created in memory with name: no-name-029e6fd9-5c7c-43cd-ae0b-bc01eeb9fb06
[I 2026-04-10 08:36:15,847] Trial 1 finished with value: 0.16597602919470583 and parameters: {'num_leaves': 28, 'learning_rate': 0.024153797106589388, 'feature_fraction': 0.9581311315192289, 'atr_multiplier': 4.309741690783309, 'rrr': 2.1104887962783954}. Best is trial 1 with value: 0.16597602919470583.
[I 2026-04-10 08:36:16,013] Trial 2 finished with value: 0.7215044741624823 and parameters: {'num_leaves': 39, 'learning_rate': 0.06805460101311091, 'feature_fraction': 0.9311749213724879, 'atr_multiplier': 2.4261548786920466, 'rrr': 1.7480318861119994}. Best is trial 2 with value: 0.7215044741624823.
[I 2026-04-10 08:36:16,972] Trial 0 finished with value: 1.9428383494631785 and parameters: {'num_leaves': 46, 'learning_rate': 0.05454853987707125, 'feature_fraction': 0.9055224068210548, 'atr_multiplier': 3.2992046877912284, 'rrr': 3.0267542432226477}. Best is trial 0 with value: 1.9428383494631785.
[I 2026-04-10 08:36:17,404] Trial 3 finished with value: -0.2796554328027425 and parameters: {'num_leaves': 58, 'learning_rate': 0.013668829970939416, 'feature_fraction': 0.6807554107774689, 'atr_multiplier': 4.2847675431199015, 'rrr': 2.1912634130566104}. Best is trial 0 with value: 1.9428383494631785.
[I 2026-04-10 08:37:01,251] Trial 6 finished with value: 2.347128746125335 and parameters: {'num_leaves': 21, 'learning_rate': 0.06926331121118766, 'feature_fraction': 0.6440354158029253, 'atr_multiplier': 2.010970852280587, 'rrr': 3.4359552551522707}. Best is trial 6 with value: 2.347128746125335.
[I 2026-04-10 08:37:01,943] Trial 5 finished with value: 0.5638582085735382 and parameters: {'num_leaves': 36, 'learning_rate': 0.03608530516877105, 'feature_fraction': 0.6164491442462007, 'atr_multiplier': 4.111996004962579, 'rrr': 2.0528099340216146}. Best is trial 6 with value: 2.347128746125335.
[I 2026-04-10 08:37:02,525] Trial 7 finished with value: 2.8197099880958163 and parameters: {'num_leaves': 43, 'learning_rate': 0.028517430548602937, 'feature_fraction': 0.5992945956913863, 'atr_multiplier': 3.0086993479556634, 'rrr': 3.944726476400051}. Best is trial 7 with value: 2.8197099880958163.
[I 2026-04-10 08:37:02,925] Trial 4 finished with value: 1.1250608797175807 and parameters: {'num_leaves': 51, 'learning_rate': 0.053867255563909894, 'feature_fraction': 0.6174162013480886, 'atr_multiplier': 4.399781744184502, 'rrr': 2.4362898704067626}. Best is trial 7 with value: 2.8197099880958163.
[I 2026-04-10 08:37:46,704] Trial 8 finished with value: 2.582901397954988 and parameters: {'num_leaves': 24, 'learning_rate': 0.06377712300912305, 'feature_fraction': 0.8753973509239861, 'atr_multiplier': 4.525138559267141, 'rrr': 3.852771817341484}. Best is trial 7 with value: 2.8197099880958163.
[I 2026-04-10 08:37:47,582] Trial 9 finished with value: 1.0653926916675567 and parameters: {'num_leaves': 32, 'learning_rate': 0.023915824203137225, 'feature_fraction': 0.9166255564146297, 'atr_multiplier': 3.4344241604918615, 'rrr': 2.253858015886724}. Best is trial 7 with value: 2.8197099880958163.
[I 2026-04-10 08:37:48,239] Trial 11 finished with value: 2.350290219568409 and parameters: {'num_leaves': 46, 'learning_rate': 0.08899003243066284, 'feature_fraction': 0.6485100230566689, 'atr_multiplier': 4.232582378451609, 'rrr': 3.548764248471389}. Best is trial 7 with value: 2.8197099880958163.
[I 2026-04-10 08:37:49,590] Trial 10 finished with value: 1.9171948630593696 and parameters: {'num_leaves': 63, 'learning_rate': 0.02319821420627766, 'feature_fraction': 0.9724842604360918, 'atr_multiplier': 2.7869637330820423, 'rrr': 3.0689386398834735}. Best is trial 7 with value: 2.8197099880958163.
[I 2026-04-10 08:38:35,100] Trial 12 finished with value: 1.967726859843798 and parameters: {'num_leaves': 14, 'learning_rate': 0.06868169742842621, 'feature_fraction': 0.6470821875570982, 'atr_multiplier': 4.572074430573465, 'rrr': 3.2269181465189956}. Best is trial 7 with value: 2.8197099880958163.
[I 2026-04-10 08:38:37,624] Trial 13 finished with value: 2.9330145792274953 and parameters: {'num_leaves': 9, 'learning_rate': 0.09743157808858086, 'feature_fraction': 0.504171412127534, 'atr_multiplier': 2.8531948480072122, 'rrr': 3.9856861828613375}. Best is trial 13 with value: 2.9330145792274953.
[I 2026-04-10 08:38:39,319] Trial 14 finished with value: 2.198457043508099 and parameters: {'num_leaves': 10, 'learning_rate': 0.04056187368376857, 'feature_fraction': 0.797648748073968, 'atr_multiplier': 4.912438103052302, 'rrr': 3.8518459201852036}. Best is trial 13 with value: 2.9330145792274953.
[I 2026-04-10 08:38:39,499] Trial 15 finished with value: 2.4636656786873696 and parameters: {'num_leaves': 8, 'learning_rate': 0.042288475767686365, 'feature_fraction': 0.5299662490827063, 'atr_multiplier': 4.965380039801783, 'rrr': 3.914585323014824}. Best is trial 13 with value: 2.9330145792274953.
[I 2026-04-10 08:39:24,447] Trial 17 finished with value: 2.8120511306649774 and parameters: {'num_leaves': 10, 'learning_rate': 0.09614284993144444, 'feature_fraction': 0.522435898361281, 'atr_multiplier': 2.962990390417708, 'rrr': 3.9075406050282098}. Best is trial 13 with value: 2.9330145792274953.
[I 2026-04-10 08:39:24,816] Trial 16 finished with value: 2.314141862019563 and parameters: {'num_leaves': 23, 'learning_rate': 0.04092304773246601, 'feature_fraction': 0.5317880029057395, 'atr_multiplier': 4.990839740991734, 'rrr': 3.975767401809918}. Best is trial 13 with value: 2.9330145792274953.
[I 2026-04-10 08:39:25,233] Trial 19 finished with value: 1.5545458367308393 and parameters: {'num_leaves': 19, 'learning_rate': 0.0975725075195966, 'feature_fraction': 0.5067797392821338, 'atr_multiplier': 3.0710688005902735, 'rrr': 2.8040574619438443}. Best is trial 13 with value: 2.9330145792274953.
[I 2026-04-10 08:39:25,687] Trial 18 finished with value: 2.7985261800478636 and parameters: {'num_leaves': 17, 'learning_rate': 0.09069919868263145, 'feature_fraction': 0.504055020700655, 'atr_multiplier': 3.008178097899438, 'rrr': 3.9439529481271567}. Best is trial 13 with value: 2.9330145792274953.
[I 2026-04-10 08:40:11,875] Trial 20 finished with value: 2.428825838303066 and parameters: {'num_leaves': 18, 'learning_rate': 0.08217711946294753, 'feature_fraction': 0.545951886602005, 'atr_multiplier': 3.7945894027092093, 'rrr': 3.5942136342867266}. Best is trial 13 with value: 2.9330145792274953.
[I 2026-04-10 08:40:13,878] Trial 23 finished with value: 2.3395526115095038 and parameters: {'num_leaves': 40, 'learning_rate': 0.08045386881140476, 'feature_fraction': 0.7505427102455626, 'atr_multiplier': 3.7476530218540582, 'rrr': 3.466627342732164}. Best is trial 13 with value: 2.9330145792274953.
[I 2026-04-10 08:40:13,953] Trial 21 finished with value: 1.636973926190466 and parameters: {'num_leaves': 43, 'learning_rate': 0.0821451602252892, 'feature_fraction': 0.7431758194423453, 'atr_multiplier': 3.809881940452879, 'rrr': 2.6970062286200056}. Best is trial 13 with value: 2.9330145792274953.
[I 2026-04-10 08:40:15,086] Trial 22 finished with value: 2.3830353128841057 and parameters: {'num_leaves': 42, 'learning_rate': 0.08245436418045378, 'feature_fraction': 0.7336444699361628, 'atr_multiplier': 3.84553709813371, 'rrr': 3.516016912033312}. Best is trial 13 with value: 2.9330145792274953.
