[I 2026-04-10 09:32:49,577] Trial 32 finished with value: 1.7297932521840345 and parameters: {'num_leaves': 34, 'learning_rate': 0.05611748140539924, 'feature_fraction': 0.7633186680505388, 'atr_multiplier': 2.1098979879705744, 'rrr': 2.8225827097442835}. Best is trial 30 with value: 2.80534295433298.
[I 2026-04-10 09:33:05,859] Trial 35 finished with value: 2.620127936596442 and parameters: {'num_leaves': 23, 'learning_rate': 0.018908196543012894, 'feature_fraction': 0.8452157165435195, 'atr_multiplier': 4.3101254170182495, 'rrr': 3.9765688763073035}. Best is trial 30 with value: 2.80534295433298.
[I 2026-04-10 09:33:05,917] Trial 34 finished with value: 2.757282153428917 and parameters: {'num_leaves': 24, 'learning_rate': 0.054772477993855984, 'feature_fraction': 0.7643062174585248, 'atr_multiplier': 2.11119459445966, 'rrr': 3.960416796345305}. Best is trial 30 with value: 2.80534295433298.
[I 2026-04-10 09:33:08,274] Trial 33 finished with value: 2.81000005898841 and parameters: {'num_leaves': 58, 'learning_rate': 0.02020468126462955, 'feature_fraction': 0.77698893427842, 'atr_multiplier': 2.095823919482331, 'rrr': 3.9886719493115717}. Best is trial 33 with value: 2.81000005898841.
[I 2026-04-10 09:33:35,057] Trial 36 finished with value: 2.55067160622728 and parameters: {'num_leaves': 23, 'learning_rate': 0.019378974037414405, 'feature_fraction': 0.8445364250351738, 'atr_multiplier': 4.294708787575626, 'rrr': 3.9740209761119356}. Best is trial 33 with value: 2.81000005898841.
[I 2026-04-10 09:33:48,722] Trial 38 finished with value: 2.463949383883183 and parameters: {'num_leaves': 21, 'learning_rate': 0.017090561353349368, 'feature_fraction': 0.8620929879943688, 'atr_multiplier': 4.249997301494726, 'rrr': 3.99069200631487}. Best is trial 33 with value: 2.81000005898841.
[I 2026-04-10 09:33:48,826] Trial 37 finished with value: 2.784846819406379 and parameters: {'num_leaves': 24, 'learning_rate': 0.07639923663599832, 'feature_fraction': 0.867170107618306, 'atr_multiplier': 4.266300375022954, 'rrr': 3.99118153602554}. Best is trial 33 with value: 2.81000005898841.
[I 2026-04-10 09:33:49,244] Trial 39 finished with value: 2.8117791665085723 and parameters: {'num_leaves': 24, 'learning_rate': 0.01609937065910881, 'feature_fraction': 0.8726795041851622, 'atr_multiplier': 2.333657207233062, 'rrr': 3.9938392855150067}. Best is trial 39 with value: 2.8117791665085723.
[I 2026-04-10 09:33:59,766] A new study created in memory with name: no-name-cbdb1aa7-aea8-46fc-83cd-cf01812f570f
[I 2026-04-10 09:34:50,119] Trial 1 finished with value: 1.7774052511678262 and parameters: {'num_leaves': 15, 'learning_rate': 0.0852239772631049, 'feature_fraction': 0.6998775204829222, 'atr_multiplier': 4.278711146569101, 'rrr': 3.0983673516349564}. Best is trial 1 with value: 1.7774052511678262.
[I 2026-04-10 09:34:50,280] Trial 0 finished with value: 1.5838940452566406 and parameters: {'num_leaves': 17, 'learning_rate': 0.08861601022383488, 'feature_fraction': 0.6320187636864917, 'atr_multiplier': 3.7241650411547447, 'rrr': 2.946946369973163}. Best is trial 1 with value: 1.7774052511678262.
[I 2026-04-10 09:34:50,646] Trial 2 finished with value: 0.49510712075720514 and parameters: {'num_leaves': 21, 'learning_rate': 0.08709896459982902, 'feature_fraction': 0.5818059222429841, 'atr_multiplier': 4.7099471325651034, 'rrr': 2.1223461679677564}. Best is trial 1 with value: 1.7774052511678262.
[I 2026-04-10 09:34:50,971] Trial 3 finished with value: 0.15445483065510135 and parameters: {'num_leaves': 24, 'learning_rate': 0.08727357902616992, 'feature_fraction': 0.7083632232444964, 'atr_multiplier': 3.629816534689494, 'rrr': 1.548237343605314}. Best is trial 1 with value: 1.7774052511678262.
[I 2026-04-10 09:35:39,183] Trial 7 finished with value: 0.6526824666999483 and parameters: {'num_leaves': 32, 'learning_rate': 0.06766502660961804, 'feature_fraction': 0.5630617298409426, 'atr_multiplier': 2.9387181505464337, 'rrr': 1.7570437725999208}. Best is trial 1 with value: 1.7774052511678262.
[I 2026-04-10 09:35:39,261] Trial 4 finished with value: 1.2565827140750494 and parameters: {'num_leaves': 39, 'learning_rate': 0.06594854798371491, 'feature_fraction': 0.9055560213898051, 'atr_multiplier': 3.5527049852732695, 'rrr': 2.5963539435054113}. Best is trial 1 with value: 1.7774052511678262.
[I 2026-04-10 09:35:39,857] Trial 5 finished with value: 0.1256649932501914 and parameters: {'num_leaves': 58, 'learning_rate': 0.06544175066320716, 'feature_fraction': 0.7279464249507759, 'atr_multiplier': 4.705690538122539, 'rrr': 1.5013039083337085}. Best is trial 1 with value: 1.7774052511678262.
[I 2026-04-10 09:35:40,277] Trial 6 finished with value: 0.7299390477280095 and parameters: {'num_leaves': 52, 'learning_rate': 0.039515440791703195, 'feature_fraction': 0.6243809015938928, 'atr_multiplier': 2.0764638979914025, 'rrr': 1.959163315868163}. Best is trial 1 with value: 1.7774052511678262.
[I 2026-04-10 09:36:29,698] Trial 8 finished with value: 2.1421153309406504 and parameters: {'num_leaves': 10, 'learning_rate': 0.0734704795821936, 'feature_fraction': 0.9190100388458787, 'atr_multiplier': 3.141661490754632, 'rrr': 3.3984819585518524}. Best is trial 8 with value: 2.1421153309406504.
[I 2026-04-10 09:36:30,696] Trial 11 finished with value: 0.39158116800118487 and parameters: {'num_leaves': 15, 'learning_rate': 0.06544595503981901, 'feature_fraction': 0.8564849527469081, 'atr_multiplier': 4.734414315711327, 'rrr': 1.8262321413355056}. Best is trial 8 with value: 2.1421153309406504.
[I 2026-04-10 09:36:31,349] Trial 9 finished with value: 2.3270984584648167 and parameters: {'num_leaves': 49, 'learning_rate': 0.013797830880156802, 'feature_fraction': 0.9999806597907863, 'atr_multiplier': 2.8451660180717893, 'rrr': 3.5322179906886224}. Best is trial 9 with value: 2.3270984584648167.
[I 2026-04-10 09:36:32,252] Trial 10 finished with value: 1.6604108189170594 and parameters: {'num_leaves': 57, 'learning_rate': 0.09129261252759374, 'feature_fraction': 0.6260798280180708, 'atr_multiplier': 3.5057272281400556, 'rrr': 2.946285191562704}. Best is trial 9 with value: 2.3270984584648167.
[I 2026-04-10 09:37:18,413] Trial 13 finished with value: 2.8184478934781203 and parameters: {'num_leaves': 8, 'learning_rate': 0.010773936163565742, 'feature_fraction': 0.995944384659034, 'atr_multiplier': 2.8089047478243505, 'rrr': 3.9605598668476496}. Best is trial 13 with value: 2.8184478934781203.
[I 2026-04-10 09:37:19,678] Trial 12 finished with value: 2.019311938900459 and parameters: {'num_leaves': 56, 'learning_rate': 0.0664814293636252, 'feature_fraction': 0.8189049384906218, 'atr_multiplier': 3.1463649984703284, 'rrr': 3.2468779981266147}. Best is trial 13 with value: 2.8184478934781203.
[I 2026-04-10 09:37:19,973] Trial 14 finished with value: 2.699491546904051 and parameters: {'num_leaves': 45, 'learning_rate': 0.010780527935264574, 'feature_fraction': 0.9985084734538029, 'atr_multiplier': 2.772696786612275, 'rrr': 3.8625156381945907}. Best is trial 13 with value: 2.8184478934781203.
[I 2026-04-10 09:37:20,137] Trial 15 finished with value: 2.758611680266496 and parameters: {'num_leaves': 43, 'learning_rate': 0.025277591351304373, 'feature_fraction': 0.9999390093376609, 'atr_multiplier': 2.7368867236919394, 'rrr': 3.8939759694093103}. Best is trial 13 with value: 2.8184478934781203.
[I 2026-04-10 09:38:07,668] Trial 16 finished with value: 2.702063759943768 and parameters: {'num_leaves': 44, 'learning_rate': 0.013486646845559273, 'feature_fraction': 0.9972025039104789, 'atr_multiplier': 2.431072377598831, 'rrr': 3.9661410238490733}. Best is trial 13 with value: 2.8184478934781203.
[I 2026-04-10 09:38:09,321] Trial 19 finished with value: 2.7179623640381854 and parameters: {'num_leaves': 32, 'learning_rate': 0.027943514792578707, 'feature_fraction': 0.9397048674861173, 'atr_multiplier': 2.255197959616916, 'rrr': 3.9878623803521367}. Best is trial 13 with value: 2.8184478934781203.
[I 2026-04-10 09:38:09,539] Trial 17 finished with value: 2.7026545087799843 and parameters: {'num_leaves': 45, 'learning_rate': 0.011112960888089747, 'feature_fraction': 0.9880661664497065, 'atr_multiplier': 2.442048218357934, 'rrr': 3.905086959958906}. Best is trial 13 with value: 2.8184478934781203.
[I 2026-04-10 09:38:09,962] Trial 18 finished with value: 2.752491428734114 and parameters: {'num_leaves': 42, 'learning_rate': 0.010353925273926682, 'feature_fraction': 0.995565850079649, 'atr_multiplier': 2.3687808699216824, 'rrr': 3.9437391417820056}. Best is trial 13 with value: 2.8184478934781203.
[I 2026-04-10 09:38:55,707] Trial 20 finished with value: 2.4574516525263075 and parameters: {'num_leaves': 64, 'learning_rate': 0.03475339414853143, 'feature_fraction': 0.9237851181430687, 'atr_multiplier': 2.368602082953199, 'rrr': 3.670969238766374}. Best is trial 13 with value: 2.8184478934781203.
[I 2026-04-10 09:38:57,820] Trial 21 finished with value: 2.2880695076349062 and parameters: {'num_leaves': 37, 'learning_rate': 0.040908422152931806, 'feature_fraction': 0.7986511336427469, 'atr_multiplier': 2.533132854588874, 'rrr': 3.6027271999231534}. Best is trial 13 with value: 2.8184478934781203.
[I 2026-04-10 09:38:58,384] Trial 23 finished with value: 2.425525489250838 and parameters: {'num_leaves': 63, 'learning_rate': 0.04039969363584896, 'feature_fraction': 0.7978703780068945, 'atr_multiplier': 3.919207932265116, 'rrr': 3.6413071254698384}. Best is trial 13 with value: 2.8184478934781203.
[I 2026-04-10 09:38:58,545] Trial 22 finished with value: 2.401584353778558 and parameters: {'num_leaves': 63, 'learning_rate': 0.037802801923348825, 'feature_fraction': 0.7927566987403365, 'atr_multiplier': 3.966540125733296, 'rrr': 3.6079530333639758}. Best is trial 13 with value: 2.8184478934781203.
[I 2026-04-10 09:39:46,355] Trial 24 finished with value: 2.4073023105582685 and parameters: {'num_leaves': 38, 'learning_rate': 0.024428687466637712, 'feature_fraction': 0.8383074759818739, 'atr_multiplier': 2.622066104995955, 'rrr': 3.6806609349450907}. Best is trial 13 with value: 2.8184478934781203.
[I 2026-04-10 09:39:48,838] Trial 26 finished with value: 1.2614451058072282 and parameters: {'num_leaves': 31, 'learning_rate': 0.02356331129314502, 'feature_fraction': 0.8720419618731925, 'atr_multiplier': 3.218026831125526, 'rrr': 2.506001749577885}. Best is trial 13 with value: 2.8184478934781203.
[I 2026-04-10 09:39:48,911] Trial 25 finished with value: 1.2120579656105315 and parameters: {'num_leaves': 30, 'learning_rate': 0.02420713952390654, 'feature_fraction': 0.8647631012696536, 'atr_multiplier': 2.731059150815568, 'rrr': 2.476550104314092}. Best is trial 13 with value: 2.8184478934781203.
[I 2026-04-10 09:39:49,671] Trial 27 finished with value: 1.2635146882565718 and parameters: {'num_leaves': 30, 'learning_rate': 0.021424451837454762, 'feature_fraction': 0.9530044822408617, 'atr_multiplier': 3.212060556719091, 'rrr': 2.588515260170955}. Best is trial 13 with value: 2.8184478934781203.
[I 2026-04-10 09:40:32,545] Trial 28 finished with value: 1.3070022022922796 and parameters: {'num_leaves': 30, 'learning_rate': 0.02207992401946853, 'feature_fraction': 0.9420422304974095, 'atr_multiplier': 3.191461563250548, 'rrr': 2.5471952324484564}. Best is trial 13 with value: 2.8184478934781203.
[I 2026-04-10 09:40:40,227] Trial 29 finished with value: 2.1163193216667273 and parameters: {'num_leaves': 27, 'learning_rate': 0.049151932799761155, 'feature_fraction': 0.9565570024435835, 'atr_multiplier': 2.067346919356633, 'rrr': 3.332566088739544}. Best is trial 13 with value: 2.8184478934781203.
[I 2026-04-10 09:40:40,858] Trial 30 finished with value: 2.636111443533533 and parameters: {'num_leaves': 40, 'learning_rate': 0.05214797394945426, 'feature_fraction': 0.9580765885183139, 'atr_multiplier': 2.0449683563670633, 'rrr': 3.800248437337159}. Best is trial 13 with value: 2.8184478934781203.
[I 2026-04-10 09:40:41,277] Trial 31 finished with value: 2.130277432631827 and parameters: {'num_leaves': 42, 'learning_rate': 0.017740060033832147, 'feature_fraction': 0.9653519521991388, 'atr_multiplier': 2.0524146425658243, 'rrr': 3.338185931786871}. Best is trial 13 with value: 2.8184478934781203.
[I 2026-04-10 09:41:18,179] Trial 32 finished with value: 2.1292312313752957 and parameters: {'num_leaves': 42, 'learning_rate': 0.04745791505752649, 'feature_fraction': 0.8874397087345164, 'atr_multiplier': 2.0073467968775898, 'rrr': 3.307586639460092}. Best is trial 13 with value: 2.8184478934781203.
[I 2026-04-10 09:41:29,254] Trial 35 finished with value: 2.7396493623138993 and parameters: {'num_leaves': 10, 'learning_rate': 0.03174043047605149, 'feature_fraction': 0.5081126602337811, 'atr_multiplier': 2.2837518405106367, 'rrr': 3.9497040168500908}. Best is trial 13 with value: 2.8184478934781203.
[I 2026-04-10 09:41:30,086] Trial 34 finished with value: 2.745731980964456 and parameters: {'num_leaves': 10, 'learning_rate': 0.030946955266800875, 'feature_fraction': 0.8875144023758197, 'atr_multiplier': 2.302015494601345, 'rrr': 3.9694986545332465}. Best is trial 13 with value: 2.8184478934781203.
[I 2026-04-10 09:41:30,434] Trial 33 finished with value: 2.6750140031336924 and parameters: {'num_leaves': 40, 'learning_rate': 0.03146833340964705, 'feature_fraction': 0.8845996035663406, 'atr_multiplier': 2.9853994646392428, 'rrr': 3.8085890325109273}. Best is trial 13 with value: 2.8184478934781203.
[I 2026-04-10 09:42:05,869] Trial 36 finished with value: 2.7633565816907577 and parameters: {'num_leaves': 20, 'learning_rate': 0.02983388268437932, 'feature_fraction': 0.5002614854397858, 'atr_multiplier': 2.2293238001901625, 'rrr': 3.9499541156499105}. Best is trial 13 with value: 2.8184478934781203.
[I 2026-04-10 09:42:12,165] Trial 37 finished with value: 2.623584417536128 and parameters: {'num_leaves': 8, 'learning_rate': 0.030952102790029194, 'feature_fraction': 0.5048657722824998, 'atr_multiplier': 2.2746100716090685, 'rrr': 3.7947658243957987}. Best is trial 13 with value: 2.8184478934781203.
[I 2026-04-10 09:42:12,794] Trial 38 finished with value: 2.600981396252223 and parameters: {'num_leaves': 18, 'learning_rate': 0.029257635867987047, 'feature_fraction': 0.9012767906865279, 'atr_multiplier': 3.0098000289962363, 'rrr': 3.7887529158820046}. Best is trial 13 with value: 2.8184478934781203.
[I 2026-04-10 09:42:13,278] Trial 39 finished with value: 1.6635538957763376 and parameters: {'num_leaves': 20, 'learning_rate': 0.015171325679633642, 'feature_fraction': 0.9087623928230172, 'atr_multiplier': 2.643922908986183, 'rrr': 2.9174362855067666}. Best is trial 13 with value: 2.8184478934781203.
[I 2026-04-10 09:42:23,495] A new study created in memory with name: no-name-a7d9923a-7e30-4e14-b16b-cc1d60b968fc
[I 2026-04-10 09:43:12,359] Trial 2 finished with value: 1.1220210612264276 and parameters: {'num_leaves': 16, 'learning_rate': 0.036852715970359114, 'feature_fraction': 0.5435529954592542, 'atr_multiplier': 2.485766655041882, 'rrr': 2.3133640476218735}. Best is trial 2 with value: 1.1220210612264276.
[I 2026-04-10 09:43:13,295] Trial 0 finished with value: 0.8421095263431572 and parameters: {'num_leaves': 23, 'learning_rate': 0.04305014420732167, 'feature_fraction': 0.574230239578716, 'atr_multiplier': 4.752946701535285, 'rrr': 2.474609638970623}. Best is trial 2 with value: 1.1220210612264276.
[I 2026-04-10 09:43:13,536] Trial 3 finished with value: 2.1243165747062096 and parameters: {'num_leaves': 19, 'learning_rate': 0.0785691913687399, 'feature_fraction': 0.691552875021832, 'atr_multiplier': 4.4457987436069475, 'rrr': 3.6727226118203204}. Best is trial 3 with value: 2.1243165747062096.
[I 2026-04-10 09:43:13,779] Trial 1 finished with value: 1.1172022141037412 and parameters: {'num_leaves': 18, 'learning_rate': 0.04408984698014632, 'feature_fraction': 0.7843249471853637, 'atr_multiplier': 4.252453534804391, 'rrr': 2.600850575341236}. Best is trial 3 with value: 2.1243165747062096.
[I 2026-04-10 09:44:19,629] Trial 4 finished with value: 1.343811080940358 and parameters: {'num_leaves': 25, 'learning_rate': 0.09341262574125654, 'feature_fraction': 0.5922464262533571, 'atr_multiplier': 2.355361821996266, 'rrr': 2.416934519741485}. Best is trial 3 with value: 2.1243165747062096.
[I 2026-04-10 09:44:20,655] Trial 7 finished with value: 2.1399495478070274 and parameters: {'num_leaves': 26, 'learning_rate': 0.016593291853177792, 'feature_fraction': 0.7825341267054113, 'atr_multiplier': 2.1337284833958186, 'rrr': 3.3391767008914304}. Best is trial 7 with value: 2.1399495478070274.
[I 2026-04-10 09:44:20,848] Trial 6 finished with value: 1.754166854692012 and parameters: {'num_leaves': 33, 'learning_rate': 0.07249296207772457, 'feature_fraction': 0.9502571107976475, 'atr_multiplier': 4.2863362258905, 'rrr': 2.9183203595050955}. Best is trial 7 with value: 2.1399495478070274.
[I 2026-04-10 09:44:22,485] Trial 5 finished with value: 0.37069804763750824 and parameters: {'num_leaves': 45, 'learning_rate': 0.07770634589422766, 'feature_fraction': 0.7930896173903716, 'atr_multiplier': 3.038772573037666, 'rrr': 1.634066261086398}. Best is trial 7 with value: 2.1399495478070274.
[I 2026-04-10 09:45:15,235] Trial 8 finished with value: 2.234275711682956 and parameters: {'num_leaves': 10, 'learning_rate': 0.01947397576417282, 'feature_fraction': 0.6159620806247784, 'atr_multiplier': 2.7171920431437613, 'rrr': 3.520786211874993}. Best is trial 8 with value: 2.234275711682956.
[I 2026-04-10 09:45:16,393] Trial 10 finished with value: 2.0552099827308363 and parameters: {'num_leaves': 27, 'learning_rate': 0.06275673182249594, 'feature_fraction': 0.6634360423303083, 'atr_multiplier': 4.183936899452185, 'rrr': 3.4275358236027653}. Best is trial 8 with value: 2.234275711682956.
[I 2026-04-10 09:45:17,187] Trial 11 finished with value: 2.446904620233004 and parameters: {'num_leaves': 51, 'learning_rate': 0.04997732457949541, 'feature_fraction': 0.7916569961525729, 'atr_multiplier': 4.687984323062305, 'rrr': 3.8524279310690517}. Best is trial 11 with value: 2.446904620233004.
[I 2026-04-10 09:45:17,690] Trial 9 finished with value: 1.1630052337943018 and parameters: {'num_leaves': 47, 'learning_rate': 0.06438443014416997, 'feature_fraction': 0.8868305282412163, 'atr_multiplier': 4.008231323485779, 'rrr': 2.362604247448859}. Best is trial 11 with value: 2.446904620233004.
[I 2026-04-10 09:46:06,553] Trial 12 finished with value: 1.4214870845940417 and parameters: {'num_leaves': 28, 'learning_rate': 0.029660244870675256, 'feature_fraction': 0.6318974820213532, 'atr_multiplier': 3.813836966461316, 'rrr': 2.721889201386113}. Best is trial 11 with value: 2.446904620233004.
[I 2026-04-10 09:46:08,236] Trial 13 finished with value: 2.8868102942849796 and parameters: {'num_leaves': 64, 'learning_rate': 0.016310167324845144, 'feature_fraction': 0.9082337072803197, 'atr_multiplier': 3.3131108967735514, 'rrr': 3.98872189206397}. Best is trial 13 with value: 2.8868102942849796.
[I 2026-04-10 09:46:08,751] Trial 14 finished with value: 2.8331455399840872 and parameters: {'num_leaves': 58, 'learning_rate': 0.010595480461093432, 'feature_fraction': 0.9118553930308821, 'atr_multiplier': 3.495499488884603, 'rrr': 3.984622132894372}. Best is trial 13 with value: 2.8868102942849796.
[I 2026-04-10 09:46:09,239] Trial 15 finished with value: 2.848901636333514 and parameters: {'num_leaves': 64, 'learning_rate': 0.013940209018246802, 'feature_fraction': 0.6908611243319261, 'atr_multiplier': 3.379693852446926, 'rrr': 3.952007725822331}. Best is trial 13 with value: 2.8868102942849796.
[I 2026-04-10 09:47:00,433] Trial 16 finished with value: 2.854790407239166 and parameters: {'num_leaves': 64, 'learning_rate': 0.012709227226135187, 'feature_fraction': 0.8710780805129047, 'atr_multiplier': 3.0930611443529408, 'rrr': 3.9576029948351006}. Best is trial 13 with value: 2.8868102942849796.
[I 2026-04-10 09:47:02,945] Trial 17 finished with value: 2.8784241608391548 and parameters: {'num_leaves': 62, 'learning_rate': 0.05385455301235515, 'feature_fraction': 0.8684419928947991, 'atr_multiplier': 3.393002727248603, 'rrr': 3.895858560435907}. Best is trial 13 with value: 2.8868102942849796.
[I 2026-04-10 09:47:02,958] Trial 19 finished with value: 1.9740688793786594 and parameters: {'num_leaves': 62, 'learning_rate': 0.02666430555847078, 'feature_fraction': 0.863447154363628, 'atr_multiplier': 3.3348992443146708, 'rrr': 3.103506690210888}. Best is trial 13 with value: 2.8868102942849796.
[I 2026-04-10 09:47:03,352] Trial 18 finished with value: 2.8667249189155655 and parameters: {'num_leaves': 64, 'learning_rate': 0.01033206406632152, 'feature_fraction': 0.9974205592509072, 'atr_multiplier': 3.500859188480399, 'rrr': 3.9904764144102476}. Best is trial 13 with value: 2.8868102942849796.
[I 2026-04-10 09:47:57,228] Trial 20 finished with value: 2.013629759820042 and parameters: {'num_leaves': 64, 'learning_rate': 0.026773611319894912, 'feature_fraction': 0.9912374908274711, 'atr_multiplier': 2.9885112532043836, 'rrr': 3.036355210804881}. Best is trial 13 with value: 2.8868102942849796.
[I 2026-04-10 09:47:59,663] Trial 22 finished with value: 0.8473002017314529 and parameters: {'num_leaves': 54, 'learning_rate': 0.08682995826421724, 'feature_fraction': 0.988553283871221, 'atr_multiplier': 3.7189976867832333, 'rrr': 1.8622727300403494}. Best is trial 13 with value: 2.8868102942849796.
[I 2026-04-10 09:47:59,900] Trial 23 finished with value: 0.8702577078808439 and parameters: {'num_leaves': 56, 'learning_rate': 0.09980273932467514, 'feature_fraction': 0.996345968339279, 'atr_multiplier': 2.8697736692642075, 'rrr': 1.989981407663649}. Best is trial 13 with value: 2.8868102942849796.
