[I 2026-04-08 02:53:42,851] Trial 28 finished with value: -1.0 and parameters: {'num_leaves': 25, 'learning_rate': 0.07440477362500725, 'feature_fraction': 0.7320653078448109, 'min_data_in_leaf': 44, 'atr_multiplier': 7.314260659085203}. Best is trial 18 with value: 0.9500000000000001.
[I 2026-04-08 02:53:44,760] Trial 29 finished with value: -1.0 and parameters: {'num_leaves': 37, 'learning_rate': 0.06195983423661066, 'feature_fraction': 0.7569021276468157, 'min_data_in_leaf': 27, 'atr_multiplier': 6.193328934848215}. Best is trial 18 with value: 0.9500000000000001.
[I 2026-04-08 02:53:46,807] Trial 30 finished with value: -1.0 and parameters: {'num_leaves': 26, 'learning_rate': 0.04066928937085835, 'feature_fraction': 0.6771790299628508, 'min_data_in_leaf': 43, 'atr_multiplier': 8.283060937933188}. Best is trial 18 with value: 0.9500000000000001.
[I 2026-04-08 02:53:48,862] Trial 31 finished with value: 0.5214285714285715 and parameters: {'num_leaves': 57, 'learning_rate': 0.06575603206818662, 'feature_fraction': 0.7915423475579975, 'min_data_in_leaf': 36, 'atr_multiplier': 6.831361532448948}. Best is trial 18 with value: 0.9500000000000001.
[I 2026-04-08 02:53:50,806] Trial 32 finished with value: 0.05 and parameters: {'num_leaves': 60, 'learning_rate': 0.06426936902228238, 'feature_fraction': 0.7960309257655757, 'min_data_in_leaf': 35, 'atr_multiplier': 6.098353669913674}. Best is trial 18 with value: 0.9500000000000001.
[I 2026-04-08 02:53:52,860] Trial 33 finished with value: -1.0 and parameters: {'num_leaves': 57, 'learning_rate': 0.05223407388623973, 'feature_fraction': 0.8005704316895002, 'min_data_in_leaf': 34, 'atr_multiplier': 6.14893997915209}. Best is trial 18 with value: 0.9500000000000001.
[I 2026-04-08 02:53:54,856] Trial 34 finished with value: -1.0 and parameters: {'num_leaves': 54, 'learning_rate': 0.06473138843441079, 'feature_fraction': 0.8457471477961567, 'min_data_in_leaf': 25, 'atr_multiplier': 6.835362568765411}. Best is trial 18 with value: 0.9500000000000001.
[I 2026-04-08 02:53:56,905] Trial 35 finished with value: 0.9499999999999998 and parameters: {'num_leaves': 62, 'learning_rate': 0.0784675363363764, 'feature_fraction': 0.8873298387036352, 'min_data_in_leaf': 38, 'atr_multiplier': 7.2168760766573365}. Best is trial 18 with value: 0.9500000000000001.
[I 2026-04-08 02:53:58,844] Trial 36 finished with value: -1.0 and parameters: {'num_leaves': 17, 'learning_rate': 0.08004401120615263, 'feature_fraction': 0.8810573415488753, 'min_data_in_leaf': 47, 'atr_multiplier': 7.350319893626305}. Best is trial 18 with value: 0.9500000000000001.
[I 2026-04-08 02:54:00,809] Trial 37 finished with value: 0.9500000000000001 and parameters: {'num_leaves': 44, 'learning_rate': 0.09025602758581601, 'feature_fraction': 0.8284175863148909, 'min_data_in_leaf': 39, 'atr_multiplier': 6.799276716090752}. Best is trial 18 with value: 0.9500000000000001.
[I 2026-04-08 02:54:02,925] Trial 38 finished with value: 0.45 and parameters: {'num_leaves': 44, 'learning_rate': 0.09381439958501961, 'feature_fraction': 0.9232252573401152, 'min_data_in_leaf': 39, 'atr_multiplier': 8.133858382158092}. Best is trial 18 with value: 0.9500000000000001.
[I 2026-04-08 02:54:04,961] Trial 39 finished with value: 0.6166666666666667 and parameters: {'num_leaves': 62, 'learning_rate': 0.09152625754725845, 'feature_fraction': 0.8361011816429545, 'min_data_in_leaf': 53, 'atr_multiplier': 6.963428490533913}. Best is trial 18 with value: 0.9500000000000001.
[I 2026-04-08 02:54:07,080] A new study created in memory with name: no-name-5afaf813-fa8d-46a4-957f-770d2430f50c
[I 2026-04-08 02:54:09,404] Trial 0 finished with value: -1.0 and parameters: {'num_leaves': 59, 'learning_rate': 0.07959093764281701, 'feature_fraction': 0.8771831104434882, 'min_data_in_leaf': 39, 'atr_multiplier': 12.41962216851406}. Best is trial 0 with value: -1.0.
[I 2026-04-08 02:54:11,871] Trial 1 finished with value: -1.0 and parameters: {'num_leaves': 42, 'learning_rate': 0.08246465108293399, 'feature_fraction': 0.5764632075263525, 'min_data_in_leaf': 57, 'atr_multiplier': 14.932663609286005}. Best is trial 0 with value: -1.0.
[I 2026-04-08 02:54:13,882] Trial 2 finished with value: -1.0 and parameters: {'num_leaves': 14, 'learning_rate': 0.015755757593565723, 'feature_fraction': 0.6667991812583824, 'min_data_in_leaf': 54, 'atr_multiplier': 8.139275065804615}. Best is trial 0 with value: -1.0.
[I 2026-04-08 02:54:16,114] Trial 3 finished with value: -1.0 and parameters: {'num_leaves': 17, 'learning_rate': 0.054587347788664614, 'feature_fraction': 0.8262525485648099, 'min_data_in_leaf': 91, 'atr_multiplier': 13.48174067248183}. Best is trial 0 with value: -1.0.
[I 2026-04-08 02:54:18,073] Trial 4 finished with value: 0.13181818181818183 and parameters: {'num_leaves': 49, 'learning_rate': 0.09407358341639217, 'feature_fraction': 0.5194910262542647, 'min_data_in_leaf': 72, 'atr_multiplier': 6.172869513102701}. Best is trial 4 with value: 0.13181818181818183.
[I 2026-04-08 02:54:20,294] Trial 5 finished with value: -1.0 and parameters: {'num_leaves': 15, 'learning_rate': 0.07210651887461503, 'feature_fraction': 0.9279505877833946, 'min_data_in_leaf': 43, 'atr_multiplier': 14.612667216504946}. Best is trial 4 with value: 0.13181818181818183.
[I 2026-04-08 02:54:22,149] Trial 6 finished with value: -1.0 and parameters: {'num_leaves': 19, 'learning_rate': 0.03768649609958903, 'feature_fraction': 0.8372280567826309, 'min_data_in_leaf': 59, 'atr_multiplier': 6.101412724318383}. Best is trial 4 with value: 0.13181818181818183.
[I 2026-04-08 02:54:24,388] Trial 7 finished with value: -1.0 and parameters: {'num_leaves': 58, 'learning_rate': 0.08435203070750283, 'feature_fraction': 0.9033527709410807, 'min_data_in_leaf': 23, 'atr_multiplier': 11.039995668418054}. Best is trial 4 with value: 0.13181818181818183.
[I 2026-04-08 02:54:26,646] Trial 8 finished with value: -1.0 and parameters: {'num_leaves': 33, 'learning_rate': 0.07596943230684368, 'feature_fraction': 0.5778587901298162, 'min_data_in_leaf': 63, 'atr_multiplier': 13.691301889076836}. Best is trial 4 with value: 0.13181818181818183.
[I 2026-04-08 02:54:28,779] Trial 9 finished with value: -1.0 and parameters: {'num_leaves': 14, 'learning_rate': 0.0828728738339076, 'feature_fraction': 0.6865516263294247, 'min_data_in_leaf': 36, 'atr_multiplier': 10.296568827977108}. Best is trial 4 with value: 0.13181818181818183.
[I 2026-04-08 02:54:30,732] Trial 10 finished with value: 0.6166666666666667 and parameters: {'num_leaves': 44, 'learning_rate': 0.09710314818586914, 'feature_fraction': 0.501423577572308, 'min_data_in_leaf': 84, 'atr_multiplier': 6.055202669526798}. Best is trial 10 with value: 0.6166666666666667.
[I 2026-04-08 02:54:33,201] Trial 11 finished with value: 0.6166666666666667 and parameters: {'num_leaves': 46, 'learning_rate': 0.09800204275190695, 'feature_fraction': 0.5003129290737915, 'min_data_in_leaf': 87, 'atr_multiplier': 6.158272568741835}. Best is trial 10 with value: 0.6166666666666667.
[I 2026-04-08 02:54:36,202] Trial 12 finished with value: -1.0 and parameters: {'num_leaves': 33, 'learning_rate': 0.09916984918370983, 'feature_fraction': 0.5003451568768967, 'min_data_in_leaf': 99, 'atr_multiplier': 8.19931185977222}. Best is trial 10 with value: 0.6166666666666667.
[I 2026-04-08 02:54:38,317] Trial 13 finished with value: -1.0 and parameters: {'num_leaves': 48, 'learning_rate': 0.06349316389186524, 'feature_fraction': 0.632986543576937, 'min_data_in_leaf': 82, 'atr_multiplier': 7.8656707744087955}. Best is trial 10 with value: 0.6166666666666667.
[I 2026-04-08 02:54:40,334] Trial 14 finished with value: -1.0 and parameters: {'num_leaves': 41, 'learning_rate': 0.09996955939016126, 'feature_fraction': 0.754245486964595, 'min_data_in_leaf': 79, 'atr_multiplier': 7.071618503524475}. Best is trial 10 with value: 0.6166666666666667.
[I 2026-04-08 02:54:42,460] Trial 15 finished with value: -1.0 and parameters: {'num_leaves': 26, 'learning_rate': 0.0394244549012228, 'feature_fraction': 0.5764270087031023, 'min_data_in_leaf': 90, 'atr_multiplier': 9.801526585046693}. Best is trial 10 with value: 0.6166666666666667.
[I 2026-04-08 02:54:44,619] Trial 16 finished with value: -1.0 and parameters: {'num_leaves': 53, 'learning_rate': 0.055531521501034777, 'feature_fraction': 0.7492963795889973, 'min_data_in_leaf': 100, 'atr_multiplier': 9.198231248420672}. Best is trial 10 with value: 0.6166666666666667.
[I 2026-04-08 02:54:46,559] Trial 17 finished with value: -1.0 and parameters: {'num_leaves': 39, 'learning_rate': 0.09049509598555748, 'feature_fraction': 0.548064588494601, 'min_data_in_leaf': 73, 'atr_multiplier': 6.7556415728450725}. Best is trial 10 with value: 0.6166666666666667.
[I 2026-04-08 02:54:48,838] Trial 18 finished with value: -1.0 and parameters: {'num_leaves': 46, 'learning_rate': 0.06767409189367395, 'feature_fraction': 0.6234530406582405, 'min_data_in_leaf': 87, 'atr_multiplier': 11.452377196196025}. Best is trial 10 with value: 0.6166666666666667.
[I 2026-04-08 02:54:51,097] Trial 19 finished with value: -1.0 and parameters: {'num_leaves': 64, 'learning_rate': 0.016020788827362242, 'feature_fraction': 0.9914340387422829, 'min_data_in_leaf': 69, 'atr_multiplier': 8.850316084534295}. Best is trial 10 with value: 0.6166666666666667.
[I 2026-04-08 02:54:53,132] Trial 20 finished with value: -1.0 and parameters: {'num_leaves': 28, 'learning_rate': 0.08982206086349243, 'feature_fraction': 0.7317113834246838, 'min_data_in_leaf': 80, 'atr_multiplier': 7.431242492339066}. Best is trial 10 with value: 0.6166666666666667.
[I 2026-04-08 02:54:55,136] Trial 21 finished with value: 0.05 and parameters: {'num_leaves': 47, 'learning_rate': 0.09376651782477377, 'feature_fraction': 0.5040381146372892, 'min_data_in_leaf': 71, 'atr_multiplier': 6.254663156263401}. Best is trial 10 with value: 0.6166666666666667.
[I 2026-04-08 02:54:57,147] Trial 22 finished with value: -1.0 and parameters: {'num_leaves': 52, 'learning_rate': 0.09389579549371543, 'feature_fraction': 0.541083563857047, 'min_data_in_leaf': 93, 'atr_multiplier': 6.775827130153988}. Best is trial 10 with value: 0.6166666666666667.
[I 2026-04-08 02:54:59,096] Trial 23 finished with value: 0.2833333333333333 and parameters: {'num_leaves': 53, 'learning_rate': 0.08842093837186983, 'feature_fraction': 0.5334077213031124, 'min_data_in_leaf': 77, 'atr_multiplier': 6.049716135549885}. Best is trial 10 with value: 0.6166666666666667.
[I 2026-04-08 02:55:01,172] Trial 24 finished with value: -1.0 and parameters: {'num_leaves': 57, 'learning_rate': 0.08623297263438222, 'feature_fraction': 0.6161140521390754, 'min_data_in_leaf': 85, 'atr_multiplier': 7.467916211253254}. Best is trial 10 with value: 0.6166666666666667.
[I 2026-04-08 02:55:03,090] Trial 25 finished with value: 0.45 and parameters: {'num_leaves': 37, 'learning_rate': 0.07383916222859747, 'feature_fraction': 0.5493267420104305, 'min_data_in_leaf': 79, 'atr_multiplier': 6.051527240165345}. Best is trial 10 with value: 0.6166666666666667.
[I 2026-04-08 05:26:57,433] Trial 26 finished with value: -1.0 and parameters: {'num_leaves': 37, 'learning_rate': 0.06199672292910994, 'feature_fraction': 0.5899202843169061, 'min_data_in_leaf': 95, 'atr_multiplier': 8.769653869235032}. Best is trial 10 with value: 0.6166666666666667.
[I 2026-04-08 05:26:59,709] Trial 27 finished with value: -1.0 and parameters: {'num_leaves': 8, 'learning_rate': 0.07264220417697857, 'feature_fraction': 0.6600823130210955, 'min_data_in_leaf': 64, 'atr_multiplier': 6.811335842158816}. Best is trial 10 with value: 0.6166666666666667.
[I 2026-04-08 05:27:01,886] Trial 28 finished with value: -1.0 and parameters: {'num_leaves': 43, 'learning_rate': 0.041026962278663974, 'feature_fraction': 0.5483898512060302, 'min_data_in_leaf': 50, 'atr_multiplier': 7.557691867190495}. Best is trial 10 with value: 0.6166666666666667.
[I 2026-04-08 05:27:04,222] Trial 29 finished with value: -1.0 and parameters: {'num_leaves': 33, 'learning_rate': 0.07812127672577093, 'feature_fraction': 0.6973994121566521, 'min_data_in_leaf': 84, 'atr_multiplier': 11.87577162976888}. Best is trial 10 with value: 0.6166666666666667.
[I 2026-04-08 05:27:06,454] Trial 30 finished with value: -1.0 and parameters: {'num_leaves': 28, 'learning_rate': 0.047657230042366605, 'feature_fraction': 0.6039109774569551, 'min_data_in_leaf': 67, 'atr_multiplier': 9.628980400709857}. Best is trial 10 with value: 0.6166666666666667.
[I 2026-04-08 05:27:08,508] Trial 31 finished with value: 0.6772727272727271 and parameters: {'num_leaves': 53, 'learning_rate': 0.09975405977159153, 'feature_fraction': 0.5199308100169661, 'min_data_in_leaf': 77, 'atr_multiplier': 6.025361685488505}. Best is trial 31 with value: 0.6772727272727271.
[I 2026-04-08 05:27:10,575] Trial 32 finished with value: -1.0 and parameters: {'num_leaves': 43, 'learning_rate': 0.09477390123449042, 'feature_fraction': 0.5534295951293168, 'min_data_in_leaf': 75, 'atr_multiplier': 6.725063602017146}. Best is trial 31 with value: 0.6772727272727271.
[I 2026-04-08 05:27:12,645] Trial 33 finished with value: 0.0928571428571429 and parameters: {'num_leaves': 61, 'learning_rate': 0.09899842762193177, 'feature_fraction': 0.5016675216688696, 'min_data_in_leaf': 87, 'atr_multiplier': 6.014004790394733}. Best is trial 31 with value: 0.6772727272727271.
[I 2026-04-08 05:27:14,927] Trial 34 finished with value: -1.0 and parameters: {'num_leaves': 51, 'learning_rate': 0.07996451556487824, 'feature_fraction': 0.565094003101058, 'min_data_in_leaf': 81, 'atr_multiplier': 8.328380068279762}. Best is trial 31 with value: 0.6772727272727271.
[I 2026-04-08 05:27:17,236] Trial 35 finished with value: -1.0 and parameters: {'num_leaves': 55, 'learning_rate': 0.08672898451938856, 'feature_fraction': 0.5350426793955122, 'min_data_in_leaf': 95, 'atr_multiplier': 7.172046162536098}. Best is trial 31 with value: 0.6772727272727271.
[I 2026-04-08 05:27:19,376] Trial 36 finished with value: -1.0 and parameters: {'num_leaves': 45, 'learning_rate': 0.02565498524051992, 'feature_fraction': 0.5203827800352603, 'min_data_in_leaf': 76, 'atr_multiplier': 6.579645671336608}. Best is trial 31 with value: 0.6772727272727271.
[I 2026-04-08 05:27:22,738] Trial 37 finished with value: -1.0 and parameters: {'num_leaves': 38, 'learning_rate': 0.09423055442653068, 'feature_fraction': 0.646365767645712, 'min_data_in_leaf': 87, 'atr_multiplier': 7.753247320845978}. Best is trial 31 with value: 0.6772727272727271.
[I 2026-04-08 05:27:25,292] Trial 38 finished with value: -1.0 and parameters: {'num_leaves': 50, 'learning_rate': 0.07282503410805649, 'feature_fraction': 0.591641055892492, 'min_data_in_leaf': 57, 'atr_multiplier': 12.761373483914767}. Best is trial 31 with value: 0.6772727272727271.
[I 2026-04-08 05:27:27,476] Trial 39 finished with value: -1.0 and parameters: {'num_leaves': 35, 'learning_rate': 0.08188038112634322, 'feature_fraction': 0.8320139751328184, 'min_data_in_leaf': 53, 'atr_multiplier': 6.607667615286339}. Best is trial 31 with value: 0.6772727272727271.
[I 2026-04-08 05:27:30,616] A new study created in memory with name: no-name-fcfb570e-dac0-4ca5-b32b-bfb336afaff0
[I 2026-04-08 05:27:33,232] Trial 0 finished with value: -1.0 and parameters: {'num_leaves': 50, 'learning_rate': 0.0699741396462483, 'feature_fraction': 0.7878645863788245, 'min_data_in_leaf': 94, 'atr_multiplier': 11.861308557569906}. Best is trial 0 with value: -1.0.
[I 2026-04-08 05:27:35,576] Trial 1 finished with value: -1.0 and parameters: {'num_leaves': 16, 'learning_rate': 0.08026696407905526, 'feature_fraction': 0.9378852622128342, 'min_data_in_leaf': 37, 'atr_multiplier': 13.233283352718232}. Best is trial 0 with value: -1.0.
[I 2026-04-08 05:27:37,730] Trial 2 finished with value: -1.0 and parameters: {'num_leaves': 42, 'learning_rate': 0.05871743499526335, 'feature_fraction': 0.6049674660189729, 'min_data_in_leaf': 88, 'atr_multiplier': 6.747630434742101}. Best is trial 0 with value: -1.0.
[I 2026-04-08 05:27:39,758] Trial 3 finished with value: -1.0 and parameters: {'num_leaves': 22, 'learning_rate': 0.034937256467169366, 'feature_fraction': 0.5891750489692459, 'min_data_in_leaf': 72, 'atr_multiplier': 6.185639088070241}. Best is trial 0 with value: -1.0.
[I 2026-04-08 05:27:42,375] Trial 4 finished with value: -1.0 and parameters: {'num_leaves': 21, 'learning_rate': 0.057286541876043144, 'feature_fraction': 0.9767149099281816, 'min_data_in_leaf': 72, 'atr_multiplier': 13.974398855883322}. Best is trial 0 with value: -1.0.
[I 2026-04-08 05:27:45,557] Trial 5 finished with value: -1.0 and parameters: {'num_leaves': 28, 'learning_rate': 0.026220065534770298, 'feature_fraction': 0.5588382895838644, 'min_data_in_leaf': 28, 'atr_multiplier': 6.669985355289905}. Best is trial 0 with value: -1.0.
[I 2026-04-08 05:27:49,033] Trial 6 finished with value: -1.0 and parameters: {'num_leaves': 53, 'learning_rate': 0.024489650977347645, 'feature_fraction': 0.7328204339710778, 'min_data_in_leaf': 80, 'atr_multiplier': 10.922137747403347}. Best is trial 0 with value: -1.0.
[I 2026-04-08 05:27:52,759] Trial 7 finished with value: -1.0 and parameters: {'num_leaves': 50, 'learning_rate': 0.026427550093552597, 'feature_fraction': 0.8560052313550744, 'min_data_in_leaf': 70, 'atr_multiplier': 6.706584718513221}. Best is trial 0 with value: -1.0.
[I 2026-04-08 05:27:56,023] Trial 8 finished with value: -1.0 and parameters: {'num_leaves': 11, 'learning_rate': 0.012299738126437676, 'feature_fraction': 0.6487348838983719, 'min_data_in_leaf': 67, 'atr_multiplier': 8.539042708401881}. Best is trial 0 with value: -1.0.
[I 2026-04-08 05:28:00,877] Trial 9 finished with value: -1.0 and parameters: {'num_leaves': 54, 'learning_rate': 0.03052682087425282, 'feature_fraction': 0.8514537703007418, 'min_data_in_leaf': 50, 'atr_multiplier': 11.931278846341582}. Best is trial 0 with value: -1.0.
[I 2026-04-08 05:28:03,464] Trial 10 finished with value: -1.0 and parameters: {'num_leaves': 62, 'learning_rate': 0.09549773158458008, 'feature_fraction': 0.7215687547906884, 'min_data_in_leaf': 97, 'atr_multiplier': 9.154297617721706}. Best is trial 0 with value: -1.0.
