[I 2026-04-10 09:48:00,019] Trial 21 finished with value: 2.0132274363069937 and parameters: {'num_leaves': 55, 'learning_rate': 0.02650425245729118, 'feature_fraction': 0.9850841833482137, 'atr_multiplier': 3.0843796121689744, 'rrr': 3.124737097563304}. Best is trial 13 with value: 2.8868102942849796.
[I 2026-04-10 09:48:58,521] Trial 24 finished with value: 2.4949465676435194 and parameters: {'num_leaves': 55, 'learning_rate': 0.09786720664477686, 'feature_fraction': 0.9960875247608025, 'atr_multiplier': 3.641496181001133, 'rrr': 3.6377864909195528}. Best is trial 13 with value: 2.8868102942849796.
[I 2026-04-10 09:49:04,510] Trial 25 finished with value: 2.515108909366475 and parameters: {'num_leaves': 40, 'learning_rate': 0.0327294421682062, 'feature_fraction': 0.9377284882587965, 'atr_multiplier': 3.846737746870548, 'rrr': 3.6769487923204096}. Best is trial 13 with value: 2.8868102942849796.
[I 2026-04-10 09:49:05,042] Trial 26 finished with value: 2.3844827945818996 and parameters: {'num_leaves': 46, 'learning_rate': 0.03343589899434711, 'feature_fraction': 0.9333721215398887, 'atr_multiplier': 3.716754913309064, 'rrr': 3.569441844929085}. Best is trial 13 with value: 2.8868102942849796.
[I 2026-04-10 09:49:05,705] Trial 27 finished with value: 2.608386972594287 and parameters: {'num_leaves': 42, 'learning_rate': 0.056875169370049335, 'feature_fraction': 0.9255714722963135, 'atr_multiplier': 3.6931901174048956, 'rrr': 3.7021971540529424}. Best is trial 13 with value: 2.8868102942849796.
[I 2026-04-10 09:49:42,355] Trial 28 finished with value: 2.5635931188135257 and parameters: {'num_leaves': 43, 'learning_rate': 0.037040940622531646, 'feature_fraction': 0.9122405636041209, 'atr_multiplier': 3.296669623800523, 'rrr': 3.717266934709073}. Best is trial 13 with value: 2.8868102942849796.
[I 2026-04-10 09:49:55,710] Trial 30 finished with value: 2.159032594365592 and parameters: {'num_leaves': 59, 'learning_rate': 0.019946941015854452, 'feature_fraction': 0.8326564968570909, 'atr_multiplier': 3.2780163627420436, 'rrr': 3.2854684418833067}. Best is trial 13 with value: 2.8868102942849796.
[I 2026-04-10 09:49:55,802] Trial 29 finished with value: 2.8164246539162123 and parameters: {'num_leaves': 60, 'learning_rate': 0.058004650879551305, 'feature_fraction': 0.8342548744253976, 'atr_multiplier': 3.2821628563759653, 'rrr': 3.7810775289629768}. Best is trial 13 with value: 2.8868102942849796.
[I 2026-04-10 09:49:56,720] Trial 31 finished with value: 2.277591764697005 and parameters: {'num_leaves': 60, 'learning_rate': 0.0403808439530209, 'feature_fraction': 0.8213296624029877, 'atr_multiplier': 3.356136224818201, 'rrr': 3.3295895975120056}. Best is trial 13 with value: 2.8868102942849796.
[I 2026-04-10 09:50:28,777] Trial 32 finished with value: 2.085301645685913 and parameters: {'num_leaves': 60, 'learning_rate': 0.020939896220776716, 'feature_fraction': 0.8443179617460599, 'atr_multiplier': 2.797695952970609, 'rrr': 3.2381257720239818}. Best is trial 13 with value: 2.8868102942849796.
[I 2026-04-10 09:50:46,699] Trial 34 finished with value: 2.8292158564854115 and parameters: {'num_leaves': 51, 'learning_rate': 0.0214933740733017, 'feature_fraction': 0.8756938682534184, 'atr_multiplier': 2.73222849467289, 'rrr': 3.9857233966552505}. Best is trial 13 with value: 2.8868102942849796.
[I 2026-04-10 09:50:47,041] Trial 35 finished with value: 2.7833619929486866 and parameters: {'num_leaves': 50, 'learning_rate': 0.022074714946406976, 'feature_fraction': 0.8790187418602236, 'atr_multiplier': 2.6840431681324324, 'rrr': 3.878672748160111}. Best is trial 13 with value: 2.8868102942849796.
[I 2026-04-10 09:50:47,692] Trial 33 finished with value: 2.3379418234150875 and parameters: {'num_leaves': 60, 'learning_rate': 0.04465139489344259, 'feature_fraction': 0.8290227216650172, 'atr_multiplier': 4.971869438467312, 'rrr': 3.806553976169571}. Best is trial 13 with value: 2.8868102942849796.
[I 2026-04-10 09:51:13,808] Trial 36 finished with value: 2.8391757893419474 and parameters: {'num_leaves': 51, 'learning_rate': 0.04708069443311451, 'feature_fraction': 0.8796846529873661, 'atr_multiplier': 3.1302114284240194, 'rrr': 3.8908388102206066}. Best is trial 13 with value: 2.8868102942849796.
[I 2026-04-10 09:51:29,359] Trial 37 finished with value: 2.856874567350468 and parameters: {'num_leaves': 51, 'learning_rate': 0.04851413309909054, 'feature_fraction': 0.7281294048910592, 'atr_multiplier': 3.1301609710699125, 'rrr': 3.8732258251559744}. Best is trial 13 with value: 2.8868102942849796.
[I 2026-04-10 09:51:30,745] Trial 38 finished with value: 2.714493641627639 and parameters: {'num_leaves': 64, 'learning_rate': 0.010092077534806856, 'feature_fraction': 0.7475030637540975, 'atr_multiplier': 3.1511644325487027, 'rrr': 3.8166152634779262}. Best is trial 13 with value: 2.8868102942849796.
[I 2026-04-10 09:51:30,803] Trial 39 finished with value: 2.3878679731583006 and parameters: {'num_leaves': 64, 'learning_rate': 0.01094680008421275, 'feature_fraction': 0.7419343774547512, 'atr_multiplier': 3.1690548182201868, 'rrr': 3.4773018417370576}. Best is trial 13 with value: 2.8868102942849796.
[I 2026-04-10 09:51:44,713] A new study created in memory with name: no-name-fdf0f51b-4e8c-49ce-a496-e41d826ce499
[I 2026-04-10 09:52:35,078] Trial 1 finished with value: -0.020701188980943357 and parameters: {'num_leaves': 17, 'learning_rate': 0.07973978525634413, 'feature_fraction': 0.5144354505596612, 'atr_multiplier': 3.8926884870073972, 'rrr': 1.6350305590444654}. Best is trial 1 with value: -0.020701188980943357.
[I 2026-04-10 09:52:35,949] Trial 0 finished with value: 0.468889697784428 and parameters: {'num_leaves': 37, 'learning_rate': 0.02286267583976766, 'feature_fraction': 0.8518773092569356, 'atr_multiplier': 3.7808631124217857, 'rrr': 1.864189465310911}. Best is trial 0 with value: 0.468889697784428.
[I 2026-04-10 09:52:36,282] Trial 2 finished with value: 2.543752913579064 and parameters: {'num_leaves': 58, 'learning_rate': 0.03444669366509362, 'feature_fraction': 0.8828461815906863, 'atr_multiplier': 2.2701987012555, 'rrr': 3.671748761594528}. Best is trial 2 with value: 2.543752913579064.
[I 2026-04-10 09:52:36,983] Trial 3 finished with value: 2.7741546758529165 and parameters: {'num_leaves': 61, 'learning_rate': 0.08439875411712248, 'feature_fraction': 0.6910569101642436, 'atr_multiplier': 3.749772926432984, 'rrr': 3.901315721618662}. Best is trial 3 with value: 2.7741546758529165.
[I 2026-04-10 09:53:22,150] Trial 7 finished with value: 0.8052828362067297 and parameters: {'num_leaves': 23, 'learning_rate': 0.0796854452302246, 'feature_fraction': 0.8246178200230465, 'atr_multiplier': 3.9525079353598622, 'rrr': 2.2363302116525183}. Best is trial 3 with value: 2.7741546758529165.
[I 2026-04-10 09:53:22,577] Trial 5 finished with value: 1.4336193746311674 and parameters: {'num_leaves': 24, 'learning_rate': 0.012305518432600693, 'feature_fraction': 0.8445186588443327, 'atr_multiplier': 3.3380805321973424, 'rrr': 2.5808057999274068}. Best is trial 3 with value: 2.7741546758529165.
[I 2026-04-10 09:53:22,973] Trial 4 finished with value: 2.5663341444448267 and parameters: {'num_leaves': 59, 'learning_rate': 0.06274026093546256, 'feature_fraction': 0.5911582487277789, 'atr_multiplier': 4.326642936351341, 'rrr': 3.8619709859654114}. Best is trial 3 with value: 2.7741546758529165.
[I 2026-04-10 09:53:24,739] Trial 6 finished with value: 2.1849407998735426 and parameters: {'num_leaves': 57, 'learning_rate': 0.02372797323089091, 'feature_fraction': 0.9121455550860595, 'atr_multiplier': 4.614599977720642, 'rrr': 3.770818088707985}. Best is trial 3 with value: 2.7741546758529165.
[I 2026-04-10 09:54:09,958] Trial 8 finished with value: 1.90156525180364 and parameters: {'num_leaves': 19, 'learning_rate': 0.08086761750007294, 'feature_fraction': 0.9583695692014091, 'atr_multiplier': 4.641558810785356, 'rrr': 3.303489457671799}. Best is trial 3 with value: 2.7741546758529165.
[I 2026-04-10 09:54:11,244] Trial 9 finished with value: 0.6934070294393964 and parameters: {'num_leaves': 36, 'learning_rate': 0.03734185914381485, 'feature_fraction': 0.8031659059602302, 'atr_multiplier': 3.3981719751803583, 'rrr': 1.8621319667611678}. Best is trial 3 with value: 2.7741546758529165.
[I 2026-04-10 09:54:11,556] Trial 10 finished with value: 1.9280011729498105 and parameters: {'num_leaves': 27, 'learning_rate': 0.07311613967625889, 'feature_fraction': 0.8745740114000836, 'atr_multiplier': 4.035883365244322, 'rrr': 3.1486102765845274}. Best is trial 3 with value: 2.7741546758529165.
[I 2026-04-10 09:54:11,946] Trial 11 finished with value: 2.785324248183252 and parameters: {'num_leaves': 43, 'learning_rate': 0.06822249422547788, 'feature_fraction': 0.6710424738974434, 'atr_multiplier': 3.321094174651478, 'rrr': 3.9504432238630303}. Best is trial 11 with value: 2.785324248183252.
[I 2026-04-10 09:54:58,390] Trial 12 finished with value: 2.0372506041454765 and parameters: {'num_leaves': 63, 'learning_rate': 0.058740379912420974, 'feature_fraction': 0.6103355951211233, 'atr_multiplier': 2.570934630753073, 'rrr': 3.249667472193969}. Best is trial 11 with value: 2.785324248183252.
[I 2026-04-10 09:54:59,228] Trial 15 finished with value: 2.054381908781467 and parameters: {'num_leaves': 45, 'learning_rate': 0.09829519232953482, 'feature_fraction': 0.695557101802921, 'atr_multiplier': 2.7662948687062725, 'rrr': 3.285038564235627}. Best is trial 11 with value: 2.785324248183252.
[I 2026-04-10 09:54:59,449] Trial 13 finished with value: 1.8754437971894196 and parameters: {'num_leaves': 46, 'learning_rate': 0.09973094444955326, 'feature_fraction': 0.6780712870760065, 'atr_multiplier': 2.58857042654645, 'rrr': 3.104153563318238}. Best is trial 11 with value: 2.785324248183252.
[I 2026-04-10 09:55:00,071] Trial 14 finished with value: 2.4893695795527795 and parameters: {'num_leaves': 62, 'learning_rate': 0.0995785036280342, 'feature_fraction': 0.6259000615720529, 'atr_multiplier': 4.979455762631387, 'rrr': 3.898098907819154}. Best is trial 11 with value: 2.785324248183252.
[I 2026-04-10 10:53:26,450] Trial 16 finished with value: 2.789133679438717 and parameters: {'num_leaves': 48, 'learning_rate': 0.09566416611697187, 'feature_fraction': 0.7062520043576161, 'atr_multiplier': 2.911601270183196, 'rrr': 3.9854660630396257}. Best is trial 16 with value: 2.789133679438717.
[I 2026-04-10 10:53:26,573] Trial 19 finished with value: 1.5219589672192726 and parameters: {'num_leaves': 49, 'learning_rate': 0.047762329581054384, 'feature_fraction': 0.7448448111748407, 'atr_multiplier': 3.068974557859312, 'rrr': 2.7991916565149033}. Best is trial 16 with value: 2.789133679438717.
[I 2026-04-10 10:53:26,714] Trial 18 finished with value: 2.845352272380933 and parameters: {'num_leaves': 49, 'learning_rate': 0.04922731190372097, 'feature_fraction': 0.7210385816798528, 'atr_multiplier': 3.034643990459004, 'rrr': 3.979010430626695}. Best is trial 18 with value: 2.845352272380933.
[I 2026-04-10 10:53:27,135] Trial 17 finished with value: 2.8711246719754873 and parameters: {'num_leaves': 48, 'learning_rate': 0.09940282375407408, 'feature_fraction': 0.7140798211474179, 'atr_multiplier': 3.04464839035461, 'rrr': 3.98938415389593}. Best is trial 17 with value: 2.8711246719754873.
[I 2026-04-10 10:54:13,917] Trial 23 finished with value: 2.341991657405376 and parameters: {'num_leaves': 8, 'learning_rate': 0.046018296533070456, 'feature_fraction': 0.762255510343228, 'atr_multiplier': 2.0371474171602175, 'rrr': 3.599208524387568}. Best is trial 17 with value: 2.8711246719754873.
[I 2026-04-10 10:54:14,149] Trial 22 finished with value: 2.3220299655960597 and parameters: {'num_leaves': 9, 'learning_rate': 0.04539153488607753, 'feature_fraction': 0.7772060101417159, 'atr_multiplier': 2.0690126304507563, 'rrr': 3.6021125239913507}. Best is trial 17 with value: 2.8711246719754873.
[I 2026-04-10 10:54:15,586] Trial 20 finished with value: 2.287808038161837 and parameters: {'num_leaves': 36, 'learning_rate': 0.06592865405814036, 'feature_fraction': 0.7576142664697509, 'atr_multiplier': 2.0047677229048553, 'rrr': 3.530331779103098}. Best is trial 17 with value: 2.8711246719754873.
[I 2026-04-10 10:54:16,833] Trial 21 finished with value: 2.347064051976249 and parameters: {'num_leaves': 37, 'learning_rate': 0.06882000504973462, 'feature_fraction': 0.7564269281416893, 'atr_multiplier': 3.0879223903252195, 'rrr': 3.5115706882150928}. Best is trial 17 with value: 2.8711246719754873.
[I 2026-04-10 10:55:04,833] Trial 25 finished with value: 2.379051333745686 and parameters: {'num_leaves': 52, 'learning_rate': 0.08925856215017619, 'feature_fraction': 0.7251059928705557, 'atr_multiplier': 2.92223830950387, 'rrr': 3.477721047118182}. Best is trial 17 with value: 2.8711246719754873.
[I 2026-04-10 10:55:04,927] Trial 24 finished with value: 2.367934163588416 and parameters: {'num_leaves': 51, 'learning_rate': 0.09175951467928134, 'feature_fraction': 0.7417042718365034, 'atr_multiplier': 3.0136210061528383, 'rrr': 3.520012379883297}. Best is trial 17 with value: 2.8711246719754873.
[I 2026-04-10 10:55:05,552] Trial 26 finished with value: 2.2217609022758658 and parameters: {'num_leaves': 52, 'learning_rate': 0.08999928254397246, 'feature_fraction': 0.7169934440219037, 'atr_multiplier': 3.0367543878153986, 'rrr': 3.431166140453177}. Best is trial 17 with value: 2.8711246719754873.
[I 2026-04-10 10:55:06,103] Trial 27 finished with value: 2.2097525227011023 and parameters: {'num_leaves': 55, 'learning_rate': 0.08907396445686083, 'feature_fraction': 0.7205917691628104, 'atr_multiplier': 2.944138589032273, 'rrr': 3.426190823446115}. Best is trial 17 with value: 2.8711246719754873.
[I 2026-04-10 10:55:55,394] Trial 30 finished with value: 1.7378515804464287 and parameters: {'num_leaves': 41, 'learning_rate': 0.054690140780440606, 'feature_fraction': 0.6383223283716215, 'atr_multiplier': 3.6022636470691713, 'rrr': 2.9091649442628484}. Best is trial 17 with value: 2.8711246719754873.
[I 2026-04-10 10:55:55,577] Trial 31 finished with value: 1.6920024066123502 and parameters: {'num_leaves': 43, 'learning_rate': 0.05110957818837577, 'feature_fraction': 0.6450988195875601, 'atr_multiplier': 2.4081204274003323, 'rrr': 2.9144561449566337}. Best is trial 17 with value: 2.8711246719754873.
[I 2026-04-10 10:55:55,726] Trial 28 finished with value: 1.7215519349875166 and parameters: {'num_leaves': 54, 'learning_rate': 0.05198763245339413, 'feature_fraction': 0.5271677645704222, 'atr_multiplier': 2.4378534789079485, 'rrr': 2.941525108215349}. Best is trial 17 with value: 2.8711246719754873.
[I 2026-04-10 10:55:55,854] Trial 29 finished with value: 2.7937521060841704 and parameters: {'num_leaves': 54, 'learning_rate': 0.0510565909127867, 'feature_fraction': 0.6486463563978978, 'atr_multiplier': 2.483188258479441, 'rrr': 3.9913112592627784}. Best is trial 17 with value: 2.8711246719754873.
[I 2026-04-10 10:56:46,522] Trial 32 finished with value: 2.8179653119864514 and parameters: {'num_leaves': 30, 'learning_rate': 0.07464072339507957, 'feature_fraction': 0.57115846675871, 'atr_multiplier': 2.511789628641582, 'rrr': 3.9890669949807074}. Best is trial 17 with value: 2.8711246719754873.
[I 2026-04-10 10:56:47,698] Trial 34 finished with value: 2.7948814602549747 and parameters: {'num_leaves': 40, 'learning_rate': 0.07384164133331882, 'feature_fraction': 0.6724209337659488, 'atr_multiplier': 3.2593972350705025, 'rrr': 3.951228771544509}. Best is trial 17 with value: 2.8711246719754873.
[I 2026-04-10 10:56:47,978] Trial 33 finished with value: 2.76798853372519 and parameters: {'num_leaves': 47, 'learning_rate': 0.03546137601479468, 'feature_fraction': 0.5642437660844912, 'atr_multiplier': 2.7166359631167785, 'rrr': 3.985615229290409}. Best is trial 17 with value: 2.8711246719754873.
[I 2026-04-10 10:56:48,450] Trial 35 finished with value: 2.8101926418411605 and parameters: {'num_leaves': 48, 'learning_rate': 0.04044143008898261, 'feature_fraction': 0.5694375260498555, 'atr_multiplier': 2.727917375541303, 'rrr': 3.987275022767546}. Best is trial 17 with value: 2.8711246719754873.
[I 2026-04-10 10:57:40,421] Trial 36 finished with value: 2.45792620588092 and parameters: {'num_leaves': 31, 'learning_rate': 0.033090181763242965, 'feature_fraction': 0.5755130520731199, 'atr_multiplier': 2.747432460768185, 'rrr': 3.7219884054305514}. Best is trial 17 with value: 2.8711246719754873.
[I 2026-04-10 10:57:41,266] Trial 37 finished with value: 2.430156930089464 and parameters: {'num_leaves': 31, 'learning_rate': 0.07206308697145947, 'feature_fraction': 0.5501099675672795, 'atr_multiplier': 2.743098265789678, 'rrr': 3.725422184607329}. Best is trial 17 with value: 2.8711246719754873.
[I 2026-04-10 10:57:41,330] Trial 38 finished with value: 2.6057534292621773 and parameters: {'num_leaves': 32, 'learning_rate': 0.07516129609616569, 'feature_fraction': 0.5682363826590113, 'atr_multiplier': 3.558588574559027, 'rrr': 3.7852492931208452}. Best is trial 17 with value: 2.8711246719754873.
[I 2026-04-10 10:57:41,803] Trial 39 finished with value: 2.515586209449844 and parameters: {'num_leaves': 32, 'learning_rate': 0.027876943880761878, 'feature_fraction': 0.5610354982227838, 'atr_multiplier': 2.7409030674526935, 'rrr': 3.7418193697825015}. Best is trial 17 with value: 2.8711246719754873.
[I 2026-04-10 10:57:54,756] A new study created in memory with name: no-name-454d0abe-70e2-4c06-a7b5-db55b6203aee
[I 2026-04-10 10:58:44,942] Trial 2 finished with value: -1.0 and parameters: {'num_leaves': 9, 'learning_rate': 0.017564749436545478, 'feature_fraction': 0.7056855984530597, 'atr_multiplier': 2.18689446500481, 'rrr': 2.083474856022236}. Best is trial 2 with value: -1.0.
[I 2026-04-10 10:58:45,591] Trial 0 finished with value: 1.5657217854383765 and parameters: {'num_leaves': 26, 'learning_rate': 0.09286036762364006, 'feature_fraction': 0.802295952980812, 'atr_multiplier': 3.0877175121280516, 'rrr': 2.7341174549777683}. Best is trial 0 with value: 1.5657217854383765.
[I 2026-04-10 10:58:46,239] Trial 1 finished with value: 1.0263691729537883 and parameters: {'num_leaves': 29, 'learning_rate': 0.06405923904855414, 'feature_fraction': 0.7401124065514706, 'atr_multiplier': 2.426855006931828, 'rrr': 2.2016009321138372}. Best is trial 0 with value: 1.5657217854383765.
[I 2026-04-10 10:58:46,456] Trial 3 finished with value: 1.677469947971683 and parameters: {'num_leaves': 28, 'learning_rate': 0.04573816989913932, 'feature_fraction': 0.8517768901017866, 'atr_multiplier': 4.113308793945638, 'rrr': 3.114978584994503}. Best is trial 3 with value: 1.677469947971683.
[I 2026-04-10 10:59:30,547] Trial 7 finished with value: 1.0366460757782672 and parameters: {'num_leaves': 23, 'learning_rate': 0.09408691530634415, 'feature_fraction': 0.6460846195058134, 'atr_multiplier': 4.784711724446306, 'rrr': 2.4493571899600832}. Best is trial 3 with value: 1.677469947971683.
[I 2026-04-10 10:59:30,931] Trial 4 finished with value: 1.2471640886449071 and parameters: {'num_leaves': 38, 'learning_rate': 0.08267032436199155, 'feature_fraction': 0.9897297184299698, 'atr_multiplier': 2.022723325781848, 'rrr': 2.4410903853128505}. Best is trial 3 with value: 1.677469947971683.
[I 2026-04-10 10:59:31,899] Trial 6 finished with value: 0.38935833119108 and parameters: {'num_leaves': 53, 'learning_rate': 0.050715601508047596, 'feature_fraction': 0.6844050948891558, 'atr_multiplier': 3.3890693599692705, 'rrr': 1.705538885123716}. Best is trial 3 with value: 1.677469947971683.
[I 2026-04-10 10:59:32,439] Trial 5 finished with value: 2.8091624452404425 and parameters: {'num_leaves': 62, 'learning_rate': 0.016794960366056485, 'feature_fraction': 0.648407463148534, 'atr_multiplier': 2.681905296525994, 'rrr': 3.9151806734874786}. Best is trial 5 with value: 2.8091624452404425.
[I 2026-04-10 11:00:17,817] Trial 8 finished with value: 1.5192645422116122 and parameters: {'num_leaves': 25, 'learning_rate': 0.07372700492659126, 'feature_fraction': 0.5682918659614207, 'atr_multiplier': 2.979738640679243, 'rrr': 2.6918186205712846}. Best is trial 5 with value: 2.8091624452404425.
[I 2026-04-10 11:00:18,441] Trial 10 finished with value: 2.747688146958524 and parameters: {'num_leaves': 13, 'learning_rate': 0.09669933304261566, 'feature_fraction': 0.8859085206617265, 'atr_multiplier': 2.5231008580086893, 'rrr': 3.938914531370612}. Best is trial 5 with value: 2.8091624452404425.
[I 2026-04-10 11:00:19,529] Trial 9 finished with value: 0.643875207535649 and parameters: {'num_leaves': 33, 'learning_rate': 0.07459451856538721, 'feature_fraction': 0.6456508656179873, 'atr_multiplier': 4.568881918632494, 'rrr': 2.165662130945263}. Best is trial 5 with value: 2.8091624452404425.
[I 2026-04-10 11:00:19,740] Trial 11 finished with value: 2.1184369558303384 and parameters: {'num_leaves': 34, 'learning_rate': 0.07331362833946832, 'feature_fraction': 0.5007833562730426, 'atr_multiplier': 3.798363026180356, 'rrr': 3.4536943134391427}. Best is trial 5 with value: 2.8091624452404425.
[I 2026-04-10 11:01:04,573] Trial 12 finished with value: -0.07595311042924217 and parameters: {'num_leaves': 56, 'learning_rate': 0.03401720006176006, 'feature_fraction': 0.741060686696943, 'atr_multiplier': 4.1085791221912356, 'rrr': 1.5508613627305496}. Best is trial 5 with value: 2.8091624452404425.
[I 2026-04-10 11:01:05,694] Trial 13 finished with value: 2.5846200317150236 and parameters: {'num_leaves': 63, 'learning_rate': 0.013279126504269614, 'feature_fraction': 0.5118162244655348, 'atr_multiplier': 3.9713077451481196, 'rrr': 3.927623652957323}. Best is trial 5 with value: 2.8091624452404425.
[I 2026-04-10 11:01:06,248] Trial 15 finished with value: 2.8484539955730868 and parameters: {'num_leaves': 63, 'learning_rate': 0.011087379290596682, 'feature_fraction': 0.9154027920754659, 'atr_multiplier': 2.657265088278567, 'rrr': 3.9439012457578553}. Best is trial 15 with value: 2.8484539955730868.
