[I 2026-04-10 12:01:38,816] Trial 21 finished with value: 1.0334339387432778 and parameters: {'num_leaves': 38, 'learning_rate': 0.05192090832486057, 'feature_fraction': 0.5901688987517943, 'atr_multiplier': 2.891359843063789, 'rrr': 2.0959137937404684}. Best is trial 18 with value: 2.685547119941266.
[I 2026-04-10 12:01:39,609] Trial 22 finished with value: 0.9543749756392529 and parameters: {'num_leaves': 38, 'learning_rate': 0.056268118468862684, 'feature_fraction': 0.9831382866289841, 'atr_multiplier': 3.059659859778497, 'rrr': 2.1923511535207716}. Best is trial 18 with value: 2.685547119941266.
[I 2026-04-10 12:02:27,734] Trial 25 finished with value: 2.381882965857585 and parameters: {'num_leaves': 33, 'learning_rate': 0.06812261547067511, 'feature_fraction': 0.8911146782638191, 'atr_multiplier': 3.085327275038799, 'rrr': 3.659079657088729}. Best is trial 18 with value: 2.685547119941266.
[I 2026-04-10 12:02:27,793] Trial 27 finished with value: 2.5138440768345465 and parameters: {'num_leaves': 31, 'learning_rate': 0.0660485610781373, 'feature_fraction': 0.892787596278307, 'atr_multiplier': 2.665214904108342, 'rrr': 3.706051922737627}. Best is trial 18 with value: 2.685547119941266.
[I 2026-04-10 12:02:27,936] Trial 26 finished with value: 2.315890790423754 and parameters: {'num_leaves': 33, 'learning_rate': 0.06443105031673022, 'feature_fraction': 0.8891663329636924, 'atr_multiplier': 3.214017487648741, 'rrr': 3.6211877205650045}. Best is trial 18 with value: 2.685547119941266.
[I 2026-04-10 12:02:28,214] Trial 24 finished with value: 2.3612300581372034 and parameters: {'num_leaves': 38, 'learning_rate': 0.0641003269603968, 'feature_fraction': 0.5844099754225937, 'atr_multiplier': 2.8489980983067773, 'rrr': 3.582839231724532}. Best is trial 18 with value: 2.685547119941266.
[I 2026-04-10 12:03:16,813] Trial 31 finished with value: 1.8987953220079592 and parameters: {'num_leaves': 21, 'learning_rate': 0.04516511956543711, 'feature_fraction': 0.7230280345327481, 'atr_multiplier': 3.3884594581674823, 'rrr': 3.2410616490501774}. Best is trial 18 with value: 2.685547119941266.
[I 2026-04-10 12:03:17,523] Trial 28 finished with value: 2.6202678280897755 and parameters: {'num_leaves': 43, 'learning_rate': 0.06393284833207794, 'feature_fraction': 0.8220465186014333, 'atr_multiplier': 2.574263272309987, 'rrr': 3.732678299996903}. Best is trial 18 with value: 2.685547119941266.
[I 2026-04-10 12:03:17,965] Trial 30 finished with value: 2.0772462708811594 and parameters: {'num_leaves': 42, 'learning_rate': 0.04431036274693466, 'feature_fraction': 0.8143427948297837, 'atr_multiplier': 3.2997667694253243, 'rrr': 3.4292975134765715}. Best is trial 18 with value: 2.685547119941266.
[I 2026-04-10 12:03:18,618] Trial 29 finished with value: 2.035910549491302 and parameters: {'num_leaves': 46, 'learning_rate': 0.023037560562119662, 'feature_fraction': 0.7403873437594208, 'atr_multiplier': 3.328480936800231, 'rrr': 3.358085185624894}. Best is trial 18 with value: 2.685547119941266.
[I 2026-04-10 12:04:02,493] Trial 32 finished with value: 2.237156360039867 and parameters: {'num_leaves': 45, 'learning_rate': 0.07532369898206026, 'feature_fraction': 0.8024586999903198, 'atr_multiplier': 2.67049895416636, 'rrr': 3.3983943457908996}. Best is trial 18 with value: 2.685547119941266.
[I 2026-04-10 12:04:03,229] Trial 33 finished with value: 2.218165812643758 and parameters: {'num_leaves': 43, 'learning_rate': 0.024040389681641062, 'feature_fraction': 0.630791771746642, 'atr_multiplier': 2.3889125367553348, 'rrr': 3.4060308595630557}. Best is trial 18 with value: 2.685547119941266.
[I 2026-04-10 12:04:03,756] Trial 34 finished with value: 2.5562086547477367 and parameters: {'num_leaves': 43, 'learning_rate': 0.07498943861343735, 'feature_fraction': 0.6296476834050513, 'atr_multiplier': 2.5493097862127887, 'rrr': 3.7875957953903123}. Best is trial 18 with value: 2.685547119941266.
[I 2026-04-10 12:04:04,211] Trial 35 finished with value: 2.6068762343099507 and parameters: {'num_leaves': 44, 'learning_rate': 0.07457117959524304, 'feature_fraction': 0.6410394386649149, 'atr_multiplier': 2.4901706589336374, 'rrr': 3.784002495414396}. Best is trial 18 with value: 2.685547119941266.
[I 2026-04-10 12:04:48,061] Trial 36 finished with value: 2.581298838620029 and parameters: {'num_leaves': 42, 'learning_rate': 0.05889935294807902, 'feature_fraction': 0.9528213860988713, 'atr_multiplier': 2.417029876220951, 'rrr': 3.793425983276719}. Best is trial 18 with value: 2.685547119941266.
[I 2026-04-10 12:04:48,365] Trial 38 finished with value: 2.4895142116939204 and parameters: {'num_leaves': 29, 'learning_rate': 0.0997669527181865, 'feature_fraction': 0.9474797179379886, 'atr_multiplier': 2.7288904886393697, 'rrr': 3.798465664579693}. Best is trial 18 with value: 2.685547119941266.
[I 2026-04-10 12:04:48,838] Trial 37 finished with value: 2.571589189173993 and parameters: {'num_leaves': 41, 'learning_rate': 0.05744634574920632, 'feature_fraction': 0.942540852825982, 'atr_multiplier': 2.789878025473121, 'rrr': 3.8108348055176}. Best is trial 18 with value: 2.685547119941266.
[I 2026-04-10 12:04:50,025] Trial 39 finished with value: 2.768109291926665 and parameters: {'num_leaves': 57, 'learning_rate': 0.05693232287864796, 'feature_fraction': 0.9497378752532302, 'atr_multiplier': 2.8095788525150986, 'rrr': 3.9971607814144896}. Best is trial 39 with value: 2.768109291926665.
[I 2026-04-10 12:05:00,275] A new study created in memory with name: no-name-f73a72a9-ae58-40c2-8e7c-2d273d425e90
[I 2026-04-10 12:05:46,140] Trial 0 finished with value: 0.9587459158399224 and parameters: {'num_leaves': 18, 'learning_rate': 0.012327863148372992, 'feature_fraction': 0.9860517441991858, 'atr_multiplier': 4.914956963897326, 'rrr': 3.5419142802706016}. Best is trial 0 with value: 0.9587459158399224.
[I 2026-04-10 12:05:46,381] Trial 2 finished with value: 1.6285307191101037 and parameters: {'num_leaves': 24, 'learning_rate': 0.07071874669282957, 'feature_fraction': 0.7717646653354263, 'atr_multiplier': 3.996441677413499, 'rrr': 3.2216435732215523}. Best is trial 2 with value: 1.6285307191101037.
[I 2026-04-10 12:05:47,008] Trial 1 finished with value: 1.5173156606751894 and parameters: {'num_leaves': 34, 'learning_rate': 0.05223563628364331, 'feature_fraction': 0.9357989687214917, 'atr_multiplier': 3.4524128725820313, 'rrr': 3.0339033139840828}. Best is trial 2 with value: 1.6285307191101037.
[I 2026-04-10 12:05:48,290] Trial 3 finished with value: 1.073926314388753 and parameters: {'num_leaves': 54, 'learning_rate': 0.013154872753758422, 'feature_fraction': 0.5883210262267544, 'atr_multiplier': 3.4607445754660566, 'rrr': 2.725076576601161}. Best is trial 2 with value: 1.6285307191101037.
[I 2026-04-10 12:06:37,713] Trial 5 finished with value: 2.6955457382858468 and parameters: {'num_leaves': 28, 'learning_rate': 0.059974137124426966, 'feature_fraction': 0.8976384522697096, 'atr_multiplier': 2.1148850328281608, 'rrr': 3.885622165722588}. Best is trial 5 with value: 2.6955457382858468.
[I 2026-04-10 12:06:38,099] Trial 4 finished with value: 2.0394836125698417 and parameters: {'num_leaves': 43, 'learning_rate': 0.023539105381840834, 'feature_fraction': 0.6855065155197836, 'atr_multiplier': 2.784615614218863, 'rrr': 3.4304081049201653}. Best is trial 5 with value: 2.6955457382858468.
[I 2026-04-10 12:06:39,293] Trial 6 finished with value: 0.8625762525789171 and parameters: {'num_leaves': 44, 'learning_rate': 0.026960402100028542, 'feature_fraction': 0.9165607159528054, 'atr_multiplier': 3.8085000431679115, 'rrr': 2.364775922280377}. Best is trial 5 with value: 2.6955457382858468.
[I 2026-04-10 12:06:40,014] Trial 7 finished with value: 1.8506608604322514 and parameters: {'num_leaves': 52, 'learning_rate': 0.037254145266192945, 'feature_fraction': 0.5880730828433594, 'atr_multiplier': 4.772712643363668, 'rrr': 3.8439239604120625}. Best is trial 5 with value: 2.6955457382858468.
[I 2026-04-10 12:07:27,823] Trial 8 finished with value: 2.079463108438676 and parameters: {'num_leaves': 19, 'learning_rate': 0.05152647495079933, 'feature_fraction': 0.5392079776272416, 'atr_multiplier': 3.910465639598103, 'rrr': 3.6863637588621385}. Best is trial 5 with value: 2.6955457382858468.
[I 2026-04-10 12:07:29,009] Trial 10 finished with value: 1.2430230605367838 and parameters: {'num_leaves': 34, 'learning_rate': 0.09084855025707977, 'feature_fraction': 0.755630330033762, 'atr_multiplier': 2.679576795256238, 'rrr': 2.4186043721954054}. Best is trial 5 with value: 2.6955457382858468.
[I 2026-04-10 12:07:29,428] Trial 9 finished with value: -1.0 and parameters: {'num_leaves': 54, 'learning_rate': 0.013130402370962961, 'feature_fraction': 0.7873032237199555, 'atr_multiplier': 4.922134056554425, 'rrr': 2.39250290816538}. Best is trial 5 with value: 2.6955457382858468.
[I 2026-04-10 12:07:30,258] Trial 11 finished with value: 1.2127416520305707 and parameters: {'num_leaves': 57, 'learning_rate': 0.048084774413101265, 'feature_fraction': 0.5278585288734203, 'atr_multiplier': 4.969011504063877, 'rrr': 3.1037091851057284}. Best is trial 5 with value: 2.6955457382858468.
[I 2026-04-10 12:08:14,692] Trial 12 finished with value: 1.6095879122921146 and parameters: {'num_leaves': 39, 'learning_rate': 0.04160631145284585, 'feature_fraction': 0.9083250990972624, 'atr_multiplier': 4.059003594854488, 'rrr': 3.139381868438172}. Best is trial 5 with value: 2.6955457382858468.
[I 2026-04-10 12:08:15,325] Trial 15 finished with value: 2.7761235821965737 and parameters: {'num_leaves': 8, 'learning_rate': 0.07074167165414087, 'feature_fraction': 0.8583187129600243, 'atr_multiplier': 2.3314551984125833, 'rrr': 3.998257329642561}. Best is trial 15 with value: 2.7761235821965737.
[I 2026-04-10 12:08:15,455] Trial 14 finished with value: -1.0 and parameters: {'num_leaves': 11, 'learning_rate': 0.060749019472309485, 'feature_fraction': 0.5078540127276888, 'atr_multiplier': 2.0180646604995673, 'rrr': 1.8099161658536227}. Best is trial 15 with value: 2.7761235821965737.
[I 2026-04-10 12:08:18,880] Trial 13 finished with value: 0.360669665934311 and parameters: {'num_leaves': 64, 'learning_rate': 0.07748505469347002, 'feature_fraction': 0.8639617797627355, 'atr_multiplier': 2.0133359363372825, 'rrr': 1.5583921761790749}. Best is trial 15 with value: 2.7761235821965737.
[I 2026-04-10 12:09:01,201] Trial 18 finished with value: 2.7445377279947207 and parameters: {'num_leaves': 9, 'learning_rate': 0.07801996055742513, 'feature_fraction': 0.8213287822633978, 'atr_multiplier': 2.0786069767424404, 'rrr': 3.9262485997968315}. Best is trial 15 with value: 2.7761235821965737.
[I 2026-04-10 12:09:01,533] Trial 17 finished with value: -0.04844154959232674 and parameters: {'num_leaves': 8, 'learning_rate': 0.0713545375520948, 'feature_fraction': 0.8499822050060389, 'atr_multiplier': 2.1089858771253516, 'rrr': 1.6437402809784156}. Best is trial 15 with value: 2.7761235821965737.
[I 2026-04-10 12:09:01,705] Trial 16 finished with value: 0.8496439621039634 and parameters: {'num_leaves': 13, 'learning_rate': 0.06912690537951281, 'feature_fraction': 0.8544485719939774, 'atr_multiplier': 2.061466775122302, 'rrr': 1.5450014063141355}. Best is trial 15 with value: 2.7761235821965737.
[I 2026-04-10 12:09:01,826] Trial 19 finished with value: 2.5598507429884627 and parameters: {'num_leaves': 8, 'learning_rate': 0.09361751097846208, 'feature_fraction': 0.8350365224242033, 'atr_multiplier': 2.5170800540549303, 'rrr': 3.9608469237636417}. Best is trial 15 with value: 2.7761235821965737.
[I 2026-04-10 12:09:48,465] Trial 20 finished with value: 2.5799458764435137 and parameters: {'num_leaves': 8, 'learning_rate': 0.09892723009661804, 'feature_fraction': 0.8284147484186254, 'atr_multiplier': 2.5138126346094256, 'rrr': 3.9615317790427866}. Best is trial 15 with value: 2.7761235821965737.
[I 2026-04-10 12:09:49,126] Trial 23 finished with value: 1.9788354082969688 and parameters: {'num_leaves': 17, 'learning_rate': 0.08366459660002248, 'feature_fraction': 0.6993229871134099, 'atr_multiplier': 3.1755320180785893, 'rrr': 3.4659445571418277}. Best is trial 15 with value: 2.7761235821965737.
[I 2026-04-10 12:09:49,389] Trial 21 finished with value: 2.6215104213938214 and parameters: {'num_leaves': 14, 'learning_rate': 0.09948868019619478, 'feature_fraction': 0.6898249390251865, 'atr_multiplier': 2.6152988538781288, 'rrr': 3.9596712224057167}. Best is trial 15 with value: 2.7761235821965737.
[I 2026-04-10 12:09:49,652] Trial 22 finished with value: 2.5706503036173283 and parameters: {'num_leaves': 16, 'learning_rate': 0.09250010501923059, 'feature_fraction': 0.9953760338501971, 'atr_multiplier': 2.608114425982654, 'rrr': 3.9668011230106917}. Best is trial 15 with value: 2.7761235821965737.
[I 2026-04-10 12:10:34,985] Trial 24 finished with value: 2.433372421677357 and parameters: {'num_leaves': 27, 'learning_rate': 0.08080750778309854, 'feature_fraction': 0.6905532343836301, 'atr_multiplier': 2.384935259996376, 'rrr': 3.672657539378021}. Best is trial 15 with value: 2.7761235821965737.
[I 2026-04-10 12:10:35,096] Trial 25 finished with value: 2.41307407471984 and parameters: {'num_leaves': 26, 'learning_rate': 0.061989376446961474, 'feature_fraction': 0.9842480074673823, 'atr_multiplier': 2.3960260228438033, 'rrr': 3.6381395282991025}. Best is trial 15 with value: 2.7761235821965737.
[I 2026-04-10 12:10:35,274] Trial 27 finished with value: 2.4412872659368996 and parameters: {'num_leaves': 26, 'learning_rate': 0.06336867335829852, 'feature_fraction': 0.89631625931647, 'atr_multiplier': 2.3359806233473956, 'rrr': 3.70036127453506}. Best is trial 15 with value: 2.7761235821965737.
[I 2026-04-10 12:10:35,642] Trial 26 finished with value: 2.495092817202171 and parameters: {'num_leaves': 28, 'learning_rate': 0.06182783401192746, 'feature_fraction': 0.9770941115340457, 'atr_multiplier': 2.3566380965183438, 'rrr': 3.6876511441561814}. Best is trial 15 with value: 2.7761235821965737.
[I 2026-04-10 12:11:22,579] Trial 28 finished with value: 2.4590421468650465 and parameters: {'num_leaves': 25, 'learning_rate': 0.05970295326885176, 'feature_fraction': 0.8929259626976801, 'atr_multiplier': 2.9546240643736246, 'rrr': 3.7578663737950606}. Best is trial 15 with value: 2.7761235821965737.
[I 2026-04-10 12:11:23,093] Trial 29 finished with value: 1.990972040767277 and parameters: {'num_leaves': 22, 'learning_rate': 0.06115221110491605, 'feature_fraction': 0.8004780019122792, 'atr_multiplier': 2.9173396323286758, 'rrr': 3.346597672576939}. Best is trial 15 with value: 2.7761235821965737.
[I 2026-04-10 12:11:23,219] Trial 31 finished with value: 1.8486832783927973 and parameters: {'num_leaves': 21, 'learning_rate': 0.07561333006122381, 'feature_fraction': 0.8189326733883049, 'atr_multiplier': 3.0390884091631047, 'rrr': 3.2593542076763}. Best is trial 15 with value: 2.7761235821965737.
[I 2026-04-10 12:11:23,311] Trial 30 finished with value: 2.0626251126618342 and parameters: {'num_leaves': 21, 'learning_rate': 0.07937056334105351, 'feature_fraction': 0.7996080118982408, 'atr_multiplier': 2.911070415708173, 'rrr': 3.377071755438939}. Best is trial 15 with value: 2.7761235821965737.
[I 2026-04-10 12:12:09,311] Trial 32 finished with value: 1.9272868976750555 and parameters: {'num_leaves': 22, 'learning_rate': 0.0769315802194992, 'feature_fraction': 0.800756462837476, 'atr_multiplier': 3.013798857966356, 'rrr': 3.3284914604660116}. Best is trial 15 with value: 2.7761235821965737.
[I 2026-04-10 12:12:09,515] Trial 35 finished with value: 2.6856624276953007 and parameters: {'num_leaves': 13, 'learning_rate': 0.08694358285416527, 'feature_fraction': 0.717605732914579, 'atr_multiplier': 2.225633604368775, 'rrr': 3.8763460321087537}. Best is trial 15 with value: 2.7761235821965737.
[I 2026-04-10 12:12:09,623] Trial 34 finished with value: 2.6132626987966896 and parameters: {'num_leaves': 14, 'learning_rate': 0.08810326379024724, 'feature_fraction': 0.7172984279468564, 'atr_multiplier': 2.2359627767117143, 'rrr': 3.828201282777397}. Best is trial 15 with value: 2.7761235821965737.
[I 2026-04-10 12:12:10,246] Trial 33 finished with value: 1.5839221231061738 and parameters: {'num_leaves': 19, 'learning_rate': 0.07700624400505537, 'feature_fraction': 0.734326468132493, 'atr_multiplier': 3.1313102760790734, 'rrr': 2.9752705465705986}. Best is trial 15 with value: 2.7761235821965737.
[I 2026-04-10 12:12:56,333] Trial 36 finished with value: 2.654736740109504 and parameters: {'num_leaves': 13, 'learning_rate': 0.08484197660319706, 'feature_fraction': 0.7275178272990185, 'atr_multiplier': 2.2212040738628027, 'rrr': 3.8591502165351996}. Best is trial 15 with value: 2.7761235821965737.
[I 2026-04-10 12:12:57,109] Trial 37 finished with value: 1.7593371070425812 and parameters: {'num_leaves': 31, 'learning_rate': 0.08890237795448792, 'feature_fraction': 0.7369040956792337, 'atr_multiplier': 2.279180586048491, 'rrr': 2.8371797519912962}. Best is trial 15 with value: 2.7761235821965737.
[I 2026-04-10 12:12:57,164] Trial 38 finished with value: 1.733324506163228 and parameters: {'num_leaves': 31, 'learning_rate': 0.08552582116257684, 'feature_fraction': 0.738793536524577, 'atr_multiplier': 2.2308120716747997, 'rrr': 2.887204504382362}. Best is trial 15 with value: 2.7761235821965737.
