[I 2026-04-08 02:38:57,937] Trial 39 finished with value: -1.0 and parameters: {'num_leaves': 51, 'learning_rate': 0.015512174497081532, 'feature_fraction': 0.9552851347712621, 'min_data_in_leaf': 55, 'atr_multiplier': 14.87397323182791}. Best is trial 0 with value: -1.0.
[I 2026-04-08 02:38:57,946] A new study created in memory with name: no-name-e3407dc7-beda-48ca-a0b9-0794eba6ac76
[I 2026-04-08 02:39:00,049] Trial 0 finished with value: -1.0 and parameters: {'num_leaves': 16, 'learning_rate': 0.06942720982209244, 'feature_fraction': 0.7657440323142041, 'min_data_in_leaf': 83, 'atr_multiplier': 10.227373801670996}. Best is trial 0 with value: -1.0.
[I 2026-04-08 02:39:02,403] Trial 1 finished with value: -1.0 and parameters: {'num_leaves': 57, 'learning_rate': 0.06791287359214061, 'feature_fraction': 0.6363148664220697, 'min_data_in_leaf': 70, 'atr_multiplier': 13.296948079740151}. Best is trial 0 with value: -1.0.
[I 2026-04-08 02:39:04,433] Trial 2 finished with value: -1.0 and parameters: {'num_leaves': 28, 'learning_rate': 0.02912588893957123, 'feature_fraction': 0.6220309238168495, 'min_data_in_leaf': 32, 'atr_multiplier': 6.1900084814821374}. Best is trial 0 with value: -1.0.
[I 2026-04-08 02:39:06,632] Trial 3 finished with value: -1.0 and parameters: {'num_leaves': 17, 'learning_rate': 0.0499053100223549, 'feature_fraction': 0.7465858595320911, 'min_data_in_leaf': 30, 'atr_multiplier': 7.943190127600527}. Best is trial 0 with value: -1.0.
[I 2026-04-08 02:39:08,972] Trial 4 finished with value: -1.0 and parameters: {'num_leaves': 15, 'learning_rate': 0.09887014539083475, 'feature_fraction': 0.8242315088993081, 'min_data_in_leaf': 41, 'atr_multiplier': 8.35350451537418}. Best is trial 0 with value: -1.0.
[I 2026-04-08 02:39:11,444] Trial 5 finished with value: -1.0 and parameters: {'num_leaves': 39, 'learning_rate': 0.028564246522094737, 'feature_fraction': 0.8141993859505885, 'min_data_in_leaf': 33, 'atr_multiplier': 11.861604121672181}. Best is trial 0 with value: -1.0.
[I 2026-04-08 02:39:13,955] Trial 6 finished with value: -1.0 and parameters: {'num_leaves': 38, 'learning_rate': 0.04870552614998629, 'feature_fraction': 0.6109228996150363, 'min_data_in_leaf': 62, 'atr_multiplier': 13.26023248696736}. Best is trial 0 with value: -1.0.
[I 2026-04-08 02:39:16,569] Trial 7 finished with value: -1.0 and parameters: {'num_leaves': 61, 'learning_rate': 0.07956830146028813, 'feature_fraction': 0.756869719535048, 'min_data_in_leaf': 52, 'atr_multiplier': 14.752289418724537}. Best is trial 0 with value: -1.0.
[I 2026-04-08 02:39:18,768] Trial 8 finished with value: -1.0 and parameters: {'num_leaves': 49, 'learning_rate': 0.07064431703295905, 'feature_fraction': 0.515191207344385, 'min_data_in_leaf': 39, 'atr_multiplier': 8.121531654613815}. Best is trial 0 with value: -1.0.
[I 2026-04-08 02:39:21,279] Trial 9 finished with value: -1.0 and parameters: {'num_leaves': 61, 'learning_rate': 0.017002773323225827, 'feature_fraction': 0.7366645798594847, 'min_data_in_leaf': 70, 'atr_multiplier': 13.823297948928474}. Best is trial 0 with value: -1.0.
[I 2026-04-08 02:39:23,610] Trial 10 finished with value: -1.0 and parameters: {'num_leaves': 9, 'learning_rate': 0.0972964570413101, 'feature_fraction': 0.9846160851035102, 'min_data_in_leaf': 98, 'atr_multiplier': 10.550311618650515}. Best is trial 0 with value: -1.0.
[I 2026-04-08 02:39:26,501] Trial 11 finished with value: -1.0 and parameters: {'num_leaves': 27, 'learning_rate': 0.06815988331276722, 'feature_fraction': 0.649417689873546, 'min_data_in_leaf': 84, 'atr_multiplier': 10.89518129433154}. Best is trial 0 with value: -1.0.
[I 2026-04-08 02:39:28,882] Trial 12 finished with value: -1.0 and parameters: {'num_leaves': 48, 'learning_rate': 0.06358546258037562, 'feature_fraction': 0.9555318385243425, 'min_data_in_leaf': 81, 'atr_multiplier': 12.09925051383216}. Best is trial 0 with value: -1.0.
[I 2026-04-08 02:39:31,242] Trial 13 finished with value: -1.0 and parameters: {'num_leaves': 50, 'learning_rate': 0.08434423279862796, 'feature_fraction': 0.553499476479231, 'min_data_in_leaf': 80, 'atr_multiplier': 9.482256590948534}. Best is trial 0 with value: -1.0.
[I 2026-04-08 02:39:33,693] Trial 14 finished with value: -1.0 and parameters: {'num_leaves': 27, 'learning_rate': 0.056013760591099596, 'feature_fraction': 0.6792757768240876, 'min_data_in_leaf': 100, 'atr_multiplier': 12.345467332442686}. Best is trial 0 with value: -1.0.
[I 2026-04-08 02:39:36,210] Trial 15 finished with value: -1.0 and parameters: {'num_leaves': 22, 'learning_rate': 0.08201329833398498, 'feature_fraction': 0.8559876987077363, 'min_data_in_leaf': 68, 'atr_multiplier': 14.95190002409554}. Best is trial 0 with value: -1.0.
[I 2026-04-08 02:39:38,411] Trial 16 finished with value: -1.0 and parameters: {'num_leaves': 54, 'learning_rate': 0.03854413494406704, 'feature_fraction': 0.8975330606684448, 'min_data_in_leaf': 52, 'atr_multiplier': 9.502255955161836}. Best is trial 0 with value: -1.0.
[I 2026-04-08 02:39:40,626] Trial 17 finished with value: -1.0 and parameters: {'num_leaves': 42, 'learning_rate': 0.0618780862711786, 'feature_fraction': 0.7194773604432668, 'min_data_in_leaf': 90, 'atr_multiplier': 11.33196292118104}. Best is trial 0 with value: -1.0.
[I 2026-04-08 02:39:42,814] Trial 18 finished with value: -1.0 and parameters: {'num_leaves': 33, 'learning_rate': 0.0775261929248231, 'feature_fraction': 0.6675653902346226, 'min_data_in_leaf': 71, 'atr_multiplier': 9.590205458699234}. Best is trial 0 with value: -1.0.
[I 2026-04-08 02:39:45,084] Trial 19 finished with value: -1.0 and parameters: {'num_leaves': 8, 'learning_rate': 0.08970868614460507, 'feature_fraction': 0.58845650841445, 'min_data_in_leaf': 89, 'atr_multiplier': 13.166906311855987}. Best is trial 0 with value: -1.0.
[I 2026-04-08 02:39:47,067] Trial 20 finished with value: -1.0 and parameters: {'num_leaves': 44, 'learning_rate': 0.04217472135897501, 'feature_fraction': 0.7895558506969529, 'min_data_in_leaf': 56, 'atr_multiplier': 6.029152774842152}. Best is trial 0 with value: -1.0.
[I 2026-04-08 02:39:49,071] Trial 21 finished with value: -1.0 and parameters: {'num_leaves': 31, 'learning_rate': 0.021314374440931746, 'feature_fraction': 0.6199216300724125, 'min_data_in_leaf': 20, 'atr_multiplier': 6.580176281134044}. Best is trial 0 with value: -1.0.
[I 2026-04-08 02:39:51,104] Trial 22 finished with value: -1.0 and parameters: {'num_leaves': 20, 'learning_rate': 0.03516215003142176, 'feature_fraction': 0.6941310057092193, 'min_data_in_leaf': 76, 'atr_multiplier': 7.05719917007338}. Best is trial 0 with value: -1.0.
[I 2026-04-08 02:39:53,482] Trial 23 finished with value: -1.0 and parameters: {'num_leaves': 25, 'learning_rate': 0.07316347149546065, 'feature_fraction': 0.569078573889849, 'min_data_in_leaf': 60, 'atr_multiplier': 9.964946089936372}. Best is trial 0 with value: -1.0.
[I 2026-04-08 02:39:55,581] Trial 24 finished with value: -1.0 and parameters: {'num_leaves': 14, 'learning_rate': 0.05699427285443202, 'feature_fraction': 0.6330400065397741, 'min_data_in_leaf': 45, 'atr_multiplier': 8.711998112576133}. Best is trial 0 with value: -1.0.
[I 2026-04-08 02:39:57,653] Trial 25 finished with value: -1.0 and parameters: {'num_leaves': 31, 'learning_rate': 0.027380242648936418, 'feature_fraction': 0.5270075788778139, 'min_data_in_leaf': 22, 'atr_multiplier': 7.1580994367758315}. Best is trial 0 with value: -1.0.
[I 2026-04-08 02:40:00,169] Trial 26 finished with value: -1.0 and parameters: {'num_leaves': 56, 'learning_rate': 0.046758890986795074, 'feature_fraction': 0.7787703914876567, 'min_data_in_leaf': 67, 'atr_multiplier': 13.02021134004987}. Best is trial 0 with value: -1.0.
[I 2026-04-08 02:40:03,859] Trial 27 finished with value: -1.0 and parameters: {'num_leaves': 64, 'learning_rate': 0.013135172861273216, 'feature_fraction': 0.6926478237622278, 'min_data_in_leaf': 91, 'atr_multiplier': 13.842895334252622}. Best is trial 0 with value: -1.0.
[I 2026-04-08 02:40:07,973] Trial 28 finished with value: -1.0 and parameters: {'num_leaves': 35, 'learning_rate': 0.0596970624371981, 'feature_fraction': 0.8893573282301661, 'min_data_in_leaf': 78, 'atr_multiplier': 11.32409187373193}. Best is trial 0 with value: -1.0.
[I 2026-04-08 02:40:10,062] Trial 29 finished with value: -1.0 and parameters: {'num_leaves': 19, 'learning_rate': 0.05143973614193215, 'feature_fraction': 0.7260165995888473, 'min_data_in_leaf': 73, 'atr_multiplier': 8.82925227500089}. Best is trial 0 with value: -1.0.
[I 2026-04-08 02:40:12,036] Trial 30 finished with value: -1.0 and parameters: {'num_leaves': 12, 'learning_rate': 0.08917496485751694, 'feature_fraction': 0.5682657346956492, 'min_data_in_leaf': 29, 'atr_multiplier': 7.46358676315212}. Best is trial 0 with value: -1.0.
[I 2026-04-08 02:40:14,060] Trial 31 finished with value: -1.0 and parameters: {'num_leaves': 17, 'learning_rate': 0.06608213701534006, 'feature_fraction': 0.8276888513292393, 'min_data_in_leaf': 30, 'atr_multiplier': 8.060366981195358}. Best is trial 0 with value: -1.0.
[I 2026-04-08 02:40:15,944] Trial 32 finished with value: -1.0 and parameters: {'num_leaves': 24, 'learning_rate': 0.029535769188334646, 'feature_fraction': 0.7659852592432045, 'min_data_in_leaf': 39, 'atr_multiplier': 6.162936629050844}. Best is trial 0 with value: -1.0.
[I 2026-04-08 02:40:17,925] Trial 33 finished with value: -1.0 and parameters: {'num_leaves': 15, 'learning_rate': 0.0748175898090514, 'feature_fraction': 0.8272622130672521, 'min_data_in_leaf': 45, 'atr_multiplier': 7.712686357276516}. Best is trial 0 with value: -1.0.
[I 2026-04-08 02:40:19,824] Trial 34 finished with value: -1.0 and parameters: {'num_leaves': 12, 'learning_rate': 0.051488197424371725, 'feature_fraction': 0.6581661041211818, 'min_data_in_leaf': 33, 'atr_multiplier': 6.773447986413791}. Best is trial 0 with value: -1.0.
[I 2026-04-08 02:40:21,910] Trial 35 finished with value: -1.0 and parameters: {'num_leaves': 29, 'learning_rate': 0.03448576385997251, 'feature_fraction': 0.7062720990064644, 'min_data_in_leaf': 26, 'atr_multiplier': 8.824149120692622}. Best is trial 0 with value: -1.0.
[I 2026-04-08 02:40:24,165] Trial 36 finished with value: -1.0 and parameters: {'num_leaves': 40, 'learning_rate': 0.04268159122359588, 'feature_fraction': 0.5996246886538182, 'min_data_in_leaf': 34, 'atr_multiplier': 12.636571553970821}. Best is trial 0 with value: -1.0.
[I 2026-04-08 02:40:26,336] Trial 37 finished with value: -1.0 and parameters: {'num_leaves': 18, 'learning_rate': 0.023046354748854442, 'feature_fraction': 0.7498163613685017, 'min_data_in_leaf': 65, 'atr_multiplier': 10.143313658596764}. Best is trial 0 with value: -1.0.
[I 2026-04-08 02:40:28,687] Trial 38 finished with value: -1.0 and parameters: {'num_leaves': 22, 'learning_rate': 0.06677786721441051, 'feature_fraction': 0.6365978942109073, 'min_data_in_leaf': 52, 'atr_multiplier': 14.260493476669653}. Best is trial 0 with value: -1.0.
[I 2026-04-08 02:40:30,821] Trial 39 finished with value: -1.0 and parameters: {'num_leaves': 36, 'learning_rate': 0.046873702794642945, 'feature_fraction': 0.8014506604119492, 'min_data_in_leaf': 86, 'atr_multiplier': 8.389533537094037}. Best is trial 0 with value: -1.0.
[I 2026-04-08 02:40:30,831] A new study created in memory with name: no-name-8d74ed27-f741-4009-9045-949c0297d14c
[I 2026-04-08 02:40:33,027] Trial 0 finished with value: -1.0 and parameters: {'num_leaves': 37, 'learning_rate': 0.03331574199567025, 'feature_fraction': 0.5487081117206043, 'min_data_in_leaf': 95, 'atr_multiplier': 11.570464653636439}. Best is trial 0 with value: -1.0.
[I 2026-04-08 02:40:35,223] Trial 1 finished with value: -1.0 and parameters: {'num_leaves': 59, 'learning_rate': 0.08454241234876525, 'feature_fraction': 0.8775674924490939, 'min_data_in_leaf': 23, 'atr_multiplier': 9.546320783823825}. Best is trial 0 with value: -1.0.
[I 2026-04-08 02:40:37,277] Trial 2 finished with value: -1.0 and parameters: {'num_leaves': 28, 'learning_rate': 0.0584415081228835, 'feature_fraction': 0.9461782961005749, 'min_data_in_leaf': 42, 'atr_multiplier': 8.270498724156704}. Best is trial 0 with value: -1.0.
[I 2026-04-08 02:40:39,473] Trial 3 finished with value: -1.0 and parameters: {'num_leaves': 24, 'learning_rate': 0.04993252472193054, 'feature_fraction': 0.5508869448273745, 'min_data_in_leaf': 92, 'atr_multiplier': 12.78934690531856}. Best is trial 0 with value: -1.0.
[I 2026-04-08 02:40:41,373] Trial 4 finished with value: -1.0 and parameters: {'num_leaves': 41, 'learning_rate': 0.09044626063899765, 'feature_fraction': 0.70105890091051, 'min_data_in_leaf': 80, 'atr_multiplier': 6.323859721306342}. Best is trial 0 with value: -1.0.
[I 2026-04-08 02:40:43,660] Trial 5 finished with value: -1.0 and parameters: {'num_leaves': 23, 'learning_rate': 0.03586890419135875, 'feature_fraction': 0.5453273795546486, 'min_data_in_leaf': 41, 'atr_multiplier': 12.77151187282868}. Best is trial 0 with value: -1.0.
[I 2026-04-08 02:40:45,987] Trial 6 finished with value: -1.0 and parameters: {'num_leaves': 43, 'learning_rate': 0.06527990311467233, 'feature_fraction': 0.6250238734000275, 'min_data_in_leaf': 34, 'atr_multiplier': 12.371457797106007}. Best is trial 0 with value: -1.0.
[I 2026-04-08 02:40:48,769] Trial 7 finished with value: -1.0 and parameters: {'num_leaves': 49, 'learning_rate': 0.02752594580836276, 'feature_fraction': 0.9814481418050686, 'min_data_in_leaf': 55, 'atr_multiplier': 12.34177596076955}. Best is trial 0 with value: -1.0.
[I 2026-04-08 02:40:51,074] Trial 8 finished with value: -1.0 and parameters: {'num_leaves': 56, 'learning_rate': 0.09607688785476673, 'feature_fraction': 0.6584687245973511, 'min_data_in_leaf': 66, 'atr_multiplier': 11.962721886641322}. Best is trial 0 with value: -1.0.
[I 2026-04-08 02:40:53,264] Trial 9 finished with value: -1.0 and parameters: {'num_leaves': 52, 'learning_rate': 0.04162191737151418, 'feature_fraction': 0.9579865302801549, 'min_data_in_leaf': 94, 'atr_multiplier': 8.99400436623128}. Best is trial 0 with value: -1.0.
[I 2026-04-08 02:40:55,522] Trial 10 finished with value: -1.0 and parameters: {'num_leaves': 10, 'learning_rate': 0.012822471503991996, 'feature_fraction': 0.7986091950963601, 'min_data_in_leaf': 79, 'atr_multiplier': 14.476025156300583}. Best is trial 0 with value: -1.0.
[I 2026-04-08 02:40:57,835] Trial 11 finished with value: -1.0 and parameters: {'num_leaves': 64, 'learning_rate': 0.07464620985119924, 'feature_fraction': 0.8715647054609603, 'min_data_in_leaf': 20, 'atr_multiplier': 9.96737665275322}. Best is trial 0 with value: -1.0.
[I 2026-04-08 02:41:00,028] Trial 12 finished with value: -1.0 and parameters: {'num_leaves': 33, 'learning_rate': 0.07824876469955608, 'feature_fraction': 0.793195965944202, 'min_data_in_leaf': 20, 'atr_multiplier': 10.78349054654536}. Best is trial 0 with value: -1.0.
[I 2026-04-08 02:41:02,223] Trial 13 finished with value: -1.0 and parameters: {'num_leaves': 64, 'learning_rate': 0.018530067813079892, 'feature_fraction': 0.8684795304814676, 'min_data_in_leaf': 60, 'atr_multiplier': 7.990728321775634}. Best is trial 0 with value: -1.0.
[I 2026-04-08 02:41:04,429] Trial 14 finished with value: -1.0 and parameters: {'num_leaves': 37, 'learning_rate': 0.04897375082698473, 'feature_fraction': 0.8719368784130395, 'min_data_in_leaf': 100, 'atr_multiplier': 10.866369136578921}. Best is trial 0 with value: -1.0.
[I 2026-04-08 02:41:06,799] Trial 15 finished with value: -1.0 and parameters: {'num_leaves': 14, 'learning_rate': 0.08304007055355629, 'feature_fraction': 0.7488140299588242, 'min_data_in_leaf': 74, 'atr_multiplier': 14.651783167092361}. Best is trial 0 with value: -1.0.
[I 2026-04-08 02:41:09,026] Trial 16 finished with value: -1.0 and parameters: {'num_leaves': 56, 'learning_rate': 0.06538495973934613, 'feature_fraction': 0.6040590477484047, 'min_data_in_leaf': 50, 'atr_multiplier': 9.6362758438833}. Best is trial 0 with value: -1.0.
[I 2026-04-08 02:41:11,046] Trial 17 finished with value: -1.0 and parameters: {'num_leaves': 44, 'learning_rate': 0.024949122891061666, 'feature_fraction': 0.726640223638919, 'min_data_in_leaf': 30, 'atr_multiplier': 6.837550468605745}. Best is trial 0 with value: -1.0.
[I 2026-04-08 02:41:13,282] Trial 18 finished with value: -1.0 and parameters: {'num_leaves': 17, 'learning_rate': 0.036760534912414974, 'feature_fraction': 0.5014124259361975, 'min_data_in_leaf': 69, 'atr_multiplier': 10.993591878282746}. Best is trial 0 with value: -1.0.
[I 2026-04-08 02:41:15,576] Trial 19 finished with value: -1.0 and parameters: {'num_leaves': 36, 'learning_rate': 0.06841763095880353, 'feature_fraction': 0.812479871028488, 'min_data_in_leaf': 85, 'atr_multiplier': 13.799505173047187}. Best is trial 0 with value: -1.0.
[I 2026-04-08 02:41:17,679] Trial 20 finished with value: 0.9500000000000001 and parameters: {'num_leaves': 58, 'learning_rate': 0.08680921648133297, 'feature_fraction': 0.9258233170798972, 'min_data_in_leaf': 30, 'atr_multiplier': 7.7485074158415905}. Best is trial 20 with value: 0.9500000000000001.
[I 2026-04-08 02:41:19,796] Trial 21 finished with value: -1.0 and parameters: {'num_leaves': 56, 'learning_rate': 0.08820633175124057, 'feature_fraction': 0.915729242285137, 'min_data_in_leaf': 30, 'atr_multiplier': 7.856585902001086}. Best is trial 20 with value: 0.9500000000000001.
[I 2026-04-08 02:41:22,081] Trial 22 finished with value: -1.0 and parameters: {'num_leaves': 60, 'learning_rate': 0.09857358529820227, 'feature_fraction': 0.9010925404530854, 'min_data_in_leaf': 46, 'atr_multiplier': 9.117826483451319}. Best is trial 20 with value: 0.9500000000000001.
[I 2026-04-08 02:41:24,175] Trial 23 finished with value: -1.0 and parameters: {'num_leaves': 48, 'learning_rate': 0.07765483193488039, 'feature_fraction': 0.8212596860917505, 'min_data_in_leaf': 25, 'atr_multiplier': 7.295687982631202}. Best is trial 20 with value: 0.9500000000000001.
[I 2026-04-08 02:41:26,618] Trial 24 finished with value: -1.0 and parameters: {'num_leaves': 52, 'learning_rate': 0.05822667253502187, 'feature_fraction': 0.9844375160469588, 'min_data_in_leaf': 37, 'atr_multiplier': 11.546162545472061}. Best is trial 20 with value: 0.9500000000000001.
[I 2026-04-08 02:41:29,032] Trial 25 finished with value: -1.0 and parameters: {'num_leaves': 59, 'learning_rate': 0.08478902848737069, 'feature_fraction': 0.6862577538373646, 'min_data_in_leaf': 52, 'atr_multiplier': 10.065020308385968}. Best is trial 20 with value: 0.9500000000000001.
[I 2026-04-08 02:41:31,401] Trial 26 finished with value: -1.0 and parameters: {'num_leaves': 48, 'learning_rate': 0.07163423491241203, 'feature_fraction': 0.92081637669222, 'min_data_in_leaf': 28, 'atr_multiplier': 9.339437176109435}. Best is trial 20 with value: 0.9500000000000001.
[I 2026-04-08 02:41:33,554] Trial 27 finished with value: -1.0 and parameters: {'num_leaves': 31, 'learning_rate': 0.09407697379250152, 'feature_fraction': 0.8365580126794464, 'min_data_in_leaf': 36, 'atr_multiplier': 8.331314875196982}. Best is trial 20 with value: 0.9500000000000001.
[I 2026-04-08 02:41:35,694] Trial 28 finished with value: -1.0 and parameters: {'num_leaves': 39, 'learning_rate': 0.04283654713485518, 'feature_fraction': 0.7734024055724243, 'min_data_in_leaf': 64, 'atr_multiplier': 8.808692587487576}. Best is trial 20 with value: 0.9500000000000001.
[I 2026-04-08 02:41:37,709] Trial 29 finished with value: -1.0 and parameters: {'num_leaves': 26, 'learning_rate': 0.05106830247169787, 'feature_fraction': 0.9549493004996169, 'min_data_in_leaf': 43, 'atr_multiplier': 7.310591937726474}. Best is trial 20 with value: 0.9500000000000001.
[I 2026-04-08 02:41:40,064] Trial 30 finished with value: -1.0 and parameters: {'num_leaves': 60, 'learning_rate': 0.060968050682235604, 'feature_fraction': 0.8512418410006446, 'min_data_in_leaf': 24, 'atr_multiplier': 11.43060466289227}. Best is trial 20 with value: 0.9500000000000001.
[I 2026-04-08 02:41:42,158] Trial 31 finished with value: -1.0 and parameters: {'num_leaves': 25, 'learning_rate': 0.0814899180366567, 'feature_fraction': 0.9383031102389079, 'min_data_in_leaf': 39, 'atr_multiplier': 8.53545831583267}. Best is trial 20 with value: 0.9500000000000001.
[I 2026-04-08 02:41:44,063] Trial 32 finished with value: -1.0 and parameters: {'num_leaves': 29, 'learning_rate': 0.05592667746212247, 'feature_fraction': 0.8972144097962074, 'min_data_in_leaf': 32, 'atr_multiplier': 6.230155743754108}. Best is trial 20 with value: 0.9500000000000001.
[I 2026-04-08 02:41:46,217] Trial 33 finished with value: -1.0 and parameters: {'num_leaves': 20, 'learning_rate': 0.08873762459531204, 'feature_fraction': 0.5854564981318608, 'min_data_in_leaf': 47, 'atr_multiplier': 10.301945092377435}. Best is trial 20 with value: 0.9500000000000001.
[I 2026-04-08 02:41:48,514] Trial 34 finished with value: -1.0 and parameters: {'num_leaves': 44, 'learning_rate': 0.026877261195332576, 'feature_fraction': 0.9889427383932025, 'min_data_in_leaf': 25, 'atr_multiplier': 7.568242681003091}. Best is trial 20 with value: 0.9500000000000001.
[I 2026-04-08 02:41:50,529] Trial 35 finished with value: -1.0 and parameters: {'num_leaves': 29, 'learning_rate': 0.04736300068903934, 'feature_fraction': 0.9482023726893257, 'min_data_in_leaf': 86, 'atr_multiplier': 6.7180772144862555}. Best is trial 20 with value: 0.9500000000000001.
[I 2026-04-08 02:41:52,806] Trial 36 finished with value: -1.0 and parameters: {'num_leaves': 21, 'learning_rate': 0.03218962443922109, 'feature_fraction': 0.6543737188827269, 'min_data_in_leaf': 57, 'atr_multiplier': 13.10981220000738}. Best is trial 20 with value: 0.9500000000000001.
[I 2026-04-08 02:41:54,985] Trial 37 finished with value: -1.0 and parameters: {'num_leaves': 52, 'learning_rate': 0.09180169843142032, 'feature_fraction': 0.5530427930205184, 'min_data_in_leaf': 41, 'atr_multiplier': 8.48843428288705}. Best is trial 20 with value: 0.9500000000000001.
