[I 2026-04-10 07:58:30,439] Trial 32 finished with value: 0.6188543584539522 and parameters: {'num_leaves': 25, 'learning_rate': 0.04761649018777034, 'feature_fraction': 0.5350417061379156, 'atr_multiplier': 3.169693870574123, 'rrr': 1.555011851100153}. Best is trial 15 with value: 2.894411647468829.
[I 2026-04-10 07:58:44,842] Trial 33 finished with value: 2.2562678250652293 and parameters: {'num_leaves': 12, 'learning_rate': 0.04610727910834231, 'feature_fraction': 0.5176830839204137, 'atr_multiplier': 2.3159965631691786, 'rrr': 3.373479676626961}. Best is trial 15 with value: 2.894411647468829.
[I 2026-04-10 07:58:46,002] Trial 34 finished with value: 2.7599390318144175 and parameters: {'num_leaves': 11, 'learning_rate': 0.04725207963094512, 'feature_fraction': 0.6933456289010396, 'atr_multiplier': 2.296715457697809, 'rrr': 3.911860908716861}. Best is trial 15 with value: 2.894411647468829.
[I 2026-04-10 07:58:46,008] Trial 35 finished with value: 2.620255309635143 and parameters: {'num_leaves': 10, 'learning_rate': 0.04663415262945601, 'feature_fraction': 0.689278849304397, 'atr_multiplier': 3.6220804305532255, 'rrr': 3.9013319025256865}. Best is trial 15 with value: 2.894411647468829.
[I 2026-04-10 07:59:21,154] Trial 36 finished with value: 2.5388976417004767 and parameters: {'num_leaves': 10, 'learning_rate': 0.0592102572268454, 'feature_fraction': 0.6932669827799209, 'atr_multiplier': 3.8827291955174887, 'rrr': 3.902350813312476}. Best is trial 15 with value: 2.894411647468829.
[I 2026-04-10 07:59:29,073] Trial 39 finished with value: 2.734136504057021 and parameters: {'num_leaves': 8, 'learning_rate': 0.059382257978229235, 'feature_fraction': 0.6262826717758286, 'atr_multiplier': 2.311312930331967, 'rrr': 3.843376693318066}. Best is trial 15 with value: 2.894411647468829.
[I 2026-04-10 07:59:29,125] Trial 38 finished with value: 2.697157180393907 and parameters: {'num_leaves': 8, 'learning_rate': 0.036386805318182364, 'feature_fraction': 0.6113140699611898, 'atr_multiplier': 2.301192925635392, 'rrr': 3.8442926971691165}. Best is trial 15 with value: 2.894411647468829.
[I 2026-04-10 07:59:29,210] Trial 37 finished with value: 2.4884237867610373 and parameters: {'num_leaves': 9, 'learning_rate': 0.059637028685161346, 'feature_fraction': 0.681409446146333, 'atr_multiplier': 3.7491822048981476, 'rrr': 3.8953338221875757}. Best is trial 15 with value: 2.894411647468829.
[I 2026-04-10 07:59:39,729] A new study created in memory with name: no-name-2dca56a0-d6e3-4be8-991b-d0c9e39fe3e3
[I 2026-04-10 08:00:28,150] Trial 1 finished with value: 2.385260592005037 and parameters: {'num_leaves': 16, 'learning_rate': 0.06316052124727607, 'feature_fraction': 0.5270476239216466, 'atr_multiplier': 3.0304019070028083, 'rrr': 3.6418258992586465}. Best is trial 1 with value: 2.385260592005037.
[I 2026-04-10 08:00:28,484] Trial 0 finished with value: 1.8291936380184097 and parameters: {'num_leaves': 12, 'learning_rate': 0.010921343226756674, 'feature_fraction': 0.7355494928624366, 'atr_multiplier': 3.5476043790258007, 'rrr': 3.1708710932257738}. Best is trial 1 with value: 2.385260592005037.
[I 2026-04-10 08:00:29,686] Trial 2 finished with value: -1.0 and parameters: {'num_leaves': 35, 'learning_rate': 0.015204609752908646, 'feature_fraction': 0.5606083283619795, 'atr_multiplier': 4.176901282980418, 'rrr': 2.111182234275991}. Best is trial 1 with value: 2.385260592005037.
[I 2026-04-10 08:00:30,561] Trial 3 finished with value: 1.9062117095448579 and parameters: {'num_leaves': 43, 'learning_rate': 0.0770617207382064, 'feature_fraction': 0.5673239245121959, 'atr_multiplier': 3.563967421889883, 'rrr': 3.303645060379494}. Best is trial 1 with value: 2.385260592005037.
[I 2026-04-10 08:01:16,270] Trial 4 finished with value: 2.4102970006810382 and parameters: {'num_leaves': 18, 'learning_rate': 0.08620629208573959, 'feature_fraction': 0.5229395478259447, 'atr_multiplier': 3.6346732681855016, 'rrr': 3.8568213419695088}. Best is trial 4 with value: 2.4102970006810382.
[I 2026-04-10 08:01:16,800] Trial 5 finished with value: 1.6118791928915615 and parameters: {'num_leaves': 17, 'learning_rate': 0.08322296946624572, 'feature_fraction': 0.9975837101960413, 'atr_multiplier': 2.7712523837202765, 'rrr': 2.866630870048186}. Best is trial 4 with value: 2.4102970006810382.
[I 2026-04-10 08:01:18,043] Trial 6 finished with value: 0.40521121340723254 and parameters: {'num_leaves': 33, 'learning_rate': 0.07588408152383781, 'feature_fraction': 0.8371758451270421, 'atr_multiplier': 3.7219525704088827, 'rrr': 1.6480623363420444}. Best is trial 4 with value: 2.4102970006810382.
[I 2026-04-10 08:01:18,512] Trial 7 finished with value: 0.7871655024429107 and parameters: {'num_leaves': 34, 'learning_rate': 0.061463842020136925, 'feature_fraction': 0.7557265627256473, 'atr_multiplier': 3.7358480327364494, 'rrr': 2.1176257304940593}. Best is trial 4 with value: 2.4102970006810382.
[I 2026-04-10 08:02:02,179] Trial 8 finished with value: 1.4889226242513376 and parameters: {'num_leaves': 18, 'learning_rate': 0.02739968821544357, 'feature_fraction': 0.520672416792669, 'atr_multiplier': 4.629920911453407, 'rrr': 3.3353728826986258}. Best is trial 4 with value: 2.4102970006810382.
[I 2026-04-10 08:02:02,277] Trial 9 finished with value: 0.9397405989502366 and parameters: {'num_leaves': 18, 'learning_rate': 0.07376071791225616, 'feature_fraction': 0.9045842213288942, 'atr_multiplier': 3.386499507326036, 'rrr': 2.119894415334156}. Best is trial 4 with value: 2.4102970006810382.
[I 2026-04-10 08:02:03,964] Trial 11 finished with value: 0.6038422636933372 and parameters: {'num_leaves': 46, 'learning_rate': 0.055272736920383536, 'feature_fraction': 0.8554021957098706, 'atr_multiplier': 2.224358062211449, 'rrr': 1.8109526692071294}. Best is trial 4 with value: 2.4102970006810382.
[I 2026-04-10 08:02:04,788] Trial 10 finished with value: 0.7509777435258167 and parameters: {'num_leaves': 61, 'learning_rate': 0.04477986236679055, 'feature_fraction': 0.8993727616441634, 'atr_multiplier': 3.736317467263402, 'rrr': 2.0265566706134712}. Best is trial 4 with value: 2.4102970006810382.
[I 2026-04-10 08:02:47,570] Trial 12 finished with value: 2.263107918457492 and parameters: {'num_leaves': 22, 'learning_rate': 0.09479458346130647, 'feature_fraction': 0.9773627398157729, 'atr_multiplier': 3.821132465860925, 'rrr': 3.633437006621064}. Best is trial 4 with value: 2.4102970006810382.
[I 2026-04-10 08:02:48,343] Trial 15 finished with value: 2.765914085803081 and parameters: {'num_leaves': 25, 'learning_rate': 0.09852691030001495, 'feature_fraction': 0.6376039870283238, 'atr_multiplier': 2.895132145941896, 'rrr': 3.9936886048314517}. Best is trial 15 with value: 2.765914085803081.
[I 2026-04-10 08:02:49,745] Trial 13 finished with value: 2.7906193930363017 and parameters: {'num_leaves': 62, 'learning_rate': 0.09489927827314379, 'feature_fraction': 0.673563995903049, 'atr_multiplier': 2.033984099098487, 'rrr': 3.9181961270779992}. Best is trial 13 with value: 2.7906193930363017.
[I 2026-04-10 08:02:50,088] Trial 14 finished with value: 2.8421399362890245 and parameters: {'num_leaves': 64, 'learning_rate': 0.09976220623353743, 'feature_fraction': 0.6533585318667228, 'atr_multiplier': 2.8923780262446934, 'rrr': 3.980293385865515}. Best is trial 14 with value: 2.8421399362890245.
[I 2026-04-10 08:03:32,233] Trial 16 finished with value: 2.8087996308604852 and parameters: {'num_leaves': 28, 'learning_rate': 0.09678937369334827, 'feature_fraction': 0.6482687800896783, 'atr_multiplier': 2.9869837682893805, 'rrr': 3.9828424375814935}. Best is trial 14 with value: 2.8421399362890245.
[I 2026-04-10 08:03:33,055] Trial 17 finished with value: 2.603386395665919 and parameters: {'num_leaves': 26, 'learning_rate': 0.09793325283834103, 'feature_fraction': 0.6403581851386076, 'atr_multiplier': 2.5224635342059463, 'rrr': 3.86867835323522}. Best is trial 14 with value: 2.8421399362890245.
[I 2026-04-10 08:03:34,792] Trial 19 finished with value: 1.644932825137348 and parameters: {'num_leaves': 63, 'learning_rate': 0.09788826770224188, 'feature_fraction': 0.6689430173451328, 'atr_multiplier': 2.096845647935728, 'rrr': 2.807810388470501}. Best is trial 14 with value: 2.8421399362890245.
[I 2026-04-10 08:03:34,889] Trial 18 finished with value: 2.758632309593577 and parameters: {'num_leaves': 64, 'learning_rate': 0.09995221622188319, 'feature_fraction': 0.6490806879523012, 'atr_multiplier': 2.047693895178376, 'rrr': 3.9295437337411525}. Best is trial 14 with value: 2.8421399362890245.
[I 2026-04-10 08:04:18,695] Trial 20 finished with value: 1.3512575607791684 and parameters: {'num_leaves': 54, 'learning_rate': 0.03790851852541097, 'feature_fraction': 0.6356128475834248, 'atr_multiplier': 2.485673011595475, 'rrr': 2.5152808962301827}. Best is trial 14 with value: 2.8421399362890245.
[I 2026-04-10 08:04:19,187] Trial 21 finished with value: 1.7782686802975982 and parameters: {'num_leaves': 53, 'learning_rate': 0.03881714637903856, 'feature_fraction': 0.6816605779938582, 'atr_multiplier': 3.1382593969232513, 'rrr': 2.965071945091963}. Best is trial 14 with value: 2.8421399362890245.
[I 2026-04-10 08:04:19,193] Trial 22 finished with value: 1.243574045535157 and parameters: {'num_leaves': 53, 'learning_rate': 0.08451698907889599, 'feature_fraction': 0.7419108471907974, 'atr_multiplier': 3.1676479745711337, 'rrr': 2.4732840769450375}. Best is trial 14 with value: 2.8421399362890245.
[I 2026-04-10 08:04:19,841] Trial 23 finished with value: 1.2010662091911941 and parameters: {'num_leaves': 53, 'learning_rate': 0.04526582445277359, 'feature_fraction': 0.7327301018171468, 'atr_multiplier': 3.1587688346908154, 'rrr': 2.48549675768205}. Best is trial 14 with value: 2.8421399362890245.
[I 2026-04-10 08:05:04,880] Trial 27 finished with value: 2.4103807355319082 and parameters: {'num_leaves': 43, 'learning_rate': 0.09149720463763919, 'feature_fraction': 0.594662524083615, 'atr_multiplier': 2.5628514872912165, 'rrr': 3.6186050097038915}. Best is trial 14 with value: 2.8421399362890245.
[I 2026-04-10 08:05:05,152] Trial 24 finished with value: 2.3678582352429327 and parameters: {'num_leaves': 54, 'learning_rate': 0.08795786422678419, 'feature_fraction': 0.7113130259165811, 'atr_multiplier': 3.2921043274609922, 'rrr': 3.5982491539317736}. Best is trial 14 with value: 2.8421399362890245.
[I 2026-04-10 08:05:05,282] Trial 26 finished with value: 2.371405177083666 and parameters: {'num_leaves': 58, 'learning_rate': 0.08941128820609712, 'feature_fraction': 0.5937333503490122, 'atr_multiplier': 2.6249230672103403, 'rrr': 3.6365168164934936}. Best is trial 14 with value: 2.8421399362890245.
[I 2026-04-10 08:05:05,745] Trial 25 finished with value: 2.369361470141716 and parameters: {'num_leaves': 58, 'learning_rate': 0.0897168962030109, 'feature_fraction': 0.59448840943387, 'atr_multiplier': 2.602446682660114, 'rrr': 3.633825935686592}. Best is trial 14 with value: 2.8421399362890245.
[I 2026-04-10 08:05:52,815] Trial 31 finished with value: 2.1410664939495327 and parameters: {'num_leaves': 30, 'learning_rate': 0.07185852527762834, 'feature_fraction': 0.7904153922703031, 'atr_multiplier': 2.310127240123903, 'rrr': 3.3787124007818568}. Best is trial 14 with value: 2.8421399362890245.
[I 2026-04-10 08:05:52,961] Trial 30 finished with value: 2.116409612147868 and parameters: {'num_leaves': 29, 'learning_rate': 0.07964486259006388, 'feature_fraction': 0.7961861625932078, 'atr_multiplier': 2.3570151681781684, 'rrr': 3.3489910836025896}. Best is trial 14 with value: 2.8421399362890245.
[I 2026-04-10 08:05:54,110] Trial 29 finished with value: 2.5500716337857026 and parameters: {'num_leaves': 59, 'learning_rate': 0.06952105814579804, 'feature_fraction': 0.7934578496774077, 'atr_multiplier': 2.3480923086130847, 'rrr': 3.7597165617712793}. Best is trial 14 with value: 2.8421399362890245.
[I 2026-04-10 08:05:54,257] Trial 28 finished with value: 2.285277827795256 and parameters: {'num_leaves': 58, 'learning_rate': 0.07012337910214207, 'feature_fraction': 0.6955867790906906, 'atr_multiplier': 2.298212746539167, 'rrr': 3.4993760817708592}. Best is trial 14 with value: 2.8421399362890245.
[I 2026-04-10 08:06:39,813] Trial 32 finished with value: 1.8571321167390884 and parameters: {'num_leaves': 8, 'learning_rate': 0.0798133897911591, 'feature_fraction': 0.6995919253627888, 'atr_multiplier': 2.838225435758737, 'rrr': 3.1550158817308906}. Best is trial 14 with value: 2.8421399362890245.
[I 2026-04-10 08:06:40,283] Trial 33 finished with value: 1.7163668627221158 and parameters: {'num_leaves': 9, 'learning_rate': 0.0677434457087027, 'feature_fraction': 0.6945800633367291, 'atr_multiplier': 2.8628030185746, 'rrr': 3.1111890431042917}. Best is trial 14 with value: 2.8421399362890245.
[I 2026-04-10 08:06:40,647] Trial 35 finished with value: 2.7046258884105314 and parameters: {'num_leaves': 9, 'learning_rate': 0.09390253604737998, 'feature_fraction': 0.6248955956613536, 'atr_multiplier': 2.8964378483903777, 'rrr': 3.9844300281170657}. Best is trial 14 with value: 2.8421399362890245.
[I 2026-04-10 08:06:42,037] Trial 34 finished with value: 2.724526573156739 and parameters: {'num_leaves': 24, 'learning_rate': 0.09350922686389838, 'feature_fraction': 0.6921141179795031, 'atr_multiplier': 2.7987890629543464, 'rrr': 3.952129276315956}. Best is trial 14 with value: 2.8421399362890245.
[I 2026-04-10 08:07:24,292] Trial 36 finished with value: 2.7864774425290166 and parameters: {'num_leaves': 24, 'learning_rate': 0.09413096654250785, 'feature_fraction': 0.6143961614820894, 'atr_multiplier': 2.8336791780375474, 'rrr': 3.989395421077812}. Best is trial 14 with value: 2.8421399362890245.
[I 2026-04-10 08:07:24,668] Trial 37 finished with value: 2.4599673813596175 and parameters: {'num_leaves': 39, 'learning_rate': 0.09400402257194312, 'feature_fraction': 0.6239906728045957, 'atr_multiplier': 3.986503871523694, 'rrr': 3.9813516379655054}. Best is trial 14 with value: 2.8421399362890245.
[I 2026-04-10 08:07:24,780] Trial 38 finished with value: 2.370015396931999 and parameters: {'num_leaves': 38, 'learning_rate': 0.09435804609803138, 'feature_fraction': 0.5583603934673491, 'atr_multiplier': 4.27431992594714, 'rrr': 3.7853804089010183}. Best is trial 14 with value: 2.8421399362890245.
[I 2026-04-10 08:07:25,232] Trial 39 finished with value: 2.0415281414103807 and parameters: {'num_leaves': 39, 'learning_rate': 0.011868427546736782, 'feature_fraction': 0.6187955884810535, 'atr_multiplier': 3.969710130609136, 'rrr': 3.787292212115571}. Best is trial 14 with value: 2.8421399362890245.
[I 2026-04-10 08:07:35,521] A new study created in memory with name: no-name-545d46fe-1179-49dd-bb78-c99744332edc
[I 2026-04-10 08:08:19,516] Trial 2 finished with value: 2.6717815635684397 and parameters: {'num_leaves': 11, 'learning_rate': 0.09104943379462253, 'feature_fraction': 0.9471716746019649, 'atr_multiplier': 4.0695684082203645, 'rrr': 3.99771435235873}. Best is trial 2 with value: 2.6717815635684397.
[I 2026-04-10 08:08:20,563] Trial 3 finished with value: 0.6650370519804969 and parameters: {'num_leaves': 41, 'learning_rate': 0.06851357451449346, 'feature_fraction': 0.5236543379848674, 'atr_multiplier': 4.774212881749065, 'rrr': 1.9295334874071177}. Best is trial 2 with value: 2.6717815635684397.
[I 2026-04-10 08:08:20,813] Trial 1 finished with value: 2.3421533811180364 and parameters: {'num_leaves': 43, 'learning_rate': 0.0746337849051362, 'feature_fraction': 0.7423246852364156, 'atr_multiplier': 4.637499995981887, 'rrr': 3.7305056439258513}. Best is trial 2 with value: 2.6717815635684397.
[I 2026-04-10 08:08:21,018] Trial 0 finished with value: 0.5469590712353505 and parameters: {'num_leaves': 57, 'learning_rate': 0.01052561703593316, 'feature_fraction': 0.5154224217096681, 'atr_multiplier': 4.919521939404084, 'rrr': 2.959571166215818}. Best is trial 2 with value: 2.6717815635684397.
[I 2026-04-10 08:09:04,093] Trial 4 finished with value: 1.9285714098154758 and parameters: {'num_leaves': 45, 'learning_rate': 0.022456703961117208, 'feature_fraction': 0.9917318322822206, 'atr_multiplier': 4.11516573953217, 'rrr': 3.3688550153999026}. Best is trial 2 with value: 2.6717815635684397.
[I 2026-04-10 08:09:05,134] Trial 6 finished with value: 0.3783791174173208 and parameters: {'num_leaves': 54, 'learning_rate': 0.0853513680911421, 'feature_fraction': 0.5047114110465567, 'atr_multiplier': 4.537326134235051, 'rrr': 1.6340150746979356}. Best is trial 2 with value: 2.6717815635684397.
[I 2026-04-10 08:09:05,294] Trial 5 finished with value: 1.3703181649438767 and parameters: {'num_leaves': 52, 'learning_rate': 0.0713973237664248, 'feature_fraction': 0.8429729366257226, 'atr_multiplier': 2.6781782795974944, 'rrr': 2.6131123692750107}. Best is trial 2 with value: 2.6717815635684397.
[I 2026-04-10 08:09:05,600] Trial 7 finished with value: 0.8265941272887614 and parameters: {'num_leaves': 62, 'learning_rate': 0.029860737008923464, 'feature_fraction': 0.829315502989294, 'atr_multiplier': 2.0733661524448976, 'rrr': 2.0274416379992424}. Best is trial 2 with value: 2.6717815635684397.
[I 2026-04-10 08:09:52,018] Trial 8 finished with value: 1.2556383903336914 and parameters: {'num_leaves': 31, 'learning_rate': 0.097813990528443, 'feature_fraction': 0.9408072473699731, 'atr_multiplier': 3.5468241380619467, 'rrr': 2.491109371337918}. Best is trial 2 with value: 2.6717815635684397.
[I 2026-04-10 08:09:53,558] Trial 9 finished with value: 2.5485769788147388 and parameters: {'num_leaves': 42, 'learning_rate': 0.022182218457324182, 'feature_fraction': 0.8424103398356101, 'atr_multiplier': 4.371637018530607, 'rrr': 3.931435971752985}. Best is trial 2 with value: 2.6717815635684397.
[I 2026-04-10 08:09:53,566] Trial 10 finished with value: 2.4867669379581803 and parameters: {'num_leaves': 23, 'learning_rate': 0.06564400739758201, 'feature_fraction': 0.527526126739059, 'atr_multiplier': 4.030857520475682, 'rrr': 3.7539437097492545}. Best is trial 2 with value: 2.6717815635684397.
[I 2026-04-10 08:09:54,394] Trial 11 finished with value: 1.9369632264986334 and parameters: {'num_leaves': 51, 'learning_rate': 0.010106749608666544, 'feature_fraction': 0.5491582494367782, 'atr_multiplier': 3.519521136671539, 'rrr': 3.4099474664266194}. Best is trial 2 with value: 2.6717815635684397.
[I 2026-04-10 08:10:36,829] Trial 12 finished with value: 2.3531242435363766 and parameters: {'num_leaves': 34, 'learning_rate': 0.030096958011135752, 'feature_fraction': 0.989210152384643, 'atr_multiplier': 4.021238429229639, 'rrr': 3.6548363236031305}. Best is trial 2 with value: 2.6717815635684397.
[I 2026-04-10 08:10:37,039] Trial 13 finished with value: 2.4436232024102558 and parameters: {'num_leaves': 9, 'learning_rate': 0.04380350289269561, 'feature_fraction': 0.8730700614811817, 'atr_multiplier': 3.625030889961013, 'rrr': 3.979399470006367}. Best is trial 2 with value: 2.6717815635684397.
[I 2026-04-10 08:10:37,679] Trial 14 finished with value: 2.5449889917433786 and parameters: {'num_leaves': 12, 'learning_rate': 0.04491179939845031, 'feature_fraction': 0.8837604773513605, 'atr_multiplier': 3.6124493063899967, 'rrr': 3.926651988991172}. Best is trial 2 with value: 2.6717815635684397.
[I 2026-04-10 08:10:37,912] Trial 15 finished with value: 2.455810889028327 and parameters: {'num_leaves': 10, 'learning_rate': 0.044428608773982414, 'feature_fraction': 0.8810337854533657, 'atr_multiplier': 4.206384092824106, 'rrr': 3.98542549004786}. Best is trial 2 with value: 2.6717815635684397.
[I 2026-04-10 08:11:24,660] Trial 16 finished with value: 1.73363327315617 and parameters: {'num_leaves': 8, 'learning_rate': 0.049113435740199315, 'feature_fraction': 0.8534941600166759, 'atr_multiplier': 3.052868184206236, 'rrr': 3.0792860937331192}. Best is trial 2 with value: 2.6717815635684397.
[I 2026-04-10 08:11:25,346] Trial 17 finished with value: 1.8886879090624789 and parameters: {'num_leaves': 19, 'learning_rate': 0.054908211692214715, 'feature_fraction': 0.7159022312397043, 'atr_multiplier': 2.9287898409886948, 'rrr': 3.074604241697415}. Best is trial 2 with value: 2.6717815635684397.
[I 2026-04-10 08:11:25,666] Trial 19 finished with value: 1.727868191064793 and parameters: {'num_leaves': 24, 'learning_rate': 0.056051691165998105, 'feature_fraction': 0.7431238321353549, 'atr_multiplier': 2.8823433501542883, 'rrr': 3.0162249421970886}. Best is trial 2 with value: 2.6717815635684397.
[I 2026-04-10 08:11:26,002] Trial 18 finished with value: 1.8068393715982174 and parameters: {'num_leaves': 23, 'learning_rate': 0.05332073365211079, 'feature_fraction': 0.7411528713776283, 'atr_multiplier': 3.052091212119074, 'rrr': 3.0748482882224186}. Best is trial 2 with value: 2.6717815635684397.
