[I 2026-04-08 02:50:47,857] Trial 30 finished with value: -1.0 and parameters: {'num_leaves': 32, 'learning_rate': 0.08094122829744052, 'feature_fraction': 0.9676888344977517, 'min_data_in_leaf': 83, 'atr_multiplier': 14.880042029030623}. Best is trial 11 with value: 0.9500000000000001.
[I 2026-04-08 02:50:49,853] Trial 31 finished with value: 0.9499999999999997 and parameters: {'num_leaves': 49, 'learning_rate': 0.09293203674392131, 'feature_fraction': 0.8652640824090346, 'min_data_in_leaf': 94, 'atr_multiplier': 6.517097523409566}. Best is trial 11 with value: 0.9500000000000001.
[I 2026-04-08 02:50:51,907] Trial 32 finished with value: -1.0 and parameters: {'num_leaves': 43, 'learning_rate': 0.07222792587336738, 'feature_fraction': 0.9160437175116614, 'min_data_in_leaf': 88, 'atr_multiplier': 7.300080112389833}. Best is trial 11 with value: 0.9500000000000001.
[I 2026-04-08 02:50:54,086] Trial 33 finished with value: -1.0 and parameters: {'num_leaves': 38, 'learning_rate': 0.08814698679717128, 'feature_fraction': 0.8135383132888298, 'min_data_in_leaf': 64, 'atr_multiplier': 9.684856019218344}. Best is trial 11 with value: 0.9500000000000001.
[I 2026-04-08 02:50:56,093] Trial 34 finished with value: -1.0 and parameters: {'num_leaves': 47, 'learning_rate': 0.07866129695957295, 'feature_fraction': 0.8680364568947035, 'min_data_in_leaf': 77, 'atr_multiplier': 6.343155040308677}. Best is trial 11 with value: 0.9500000000000001.
[I 2026-04-08 02:50:58,123] Trial 35 finished with value: -1.0 and parameters: {'num_leaves': 53, 'learning_rate': 0.05360824582595216, 'feature_fraction': 0.7788775155941592, 'min_data_in_leaf': 94, 'atr_multiplier': 6.750802928485521}. Best is trial 11 with value: 0.9500000000000001.
[I 2026-04-08 02:51:00,291] Trial 36 finished with value: -1.0 and parameters: {'num_leaves': 35, 'learning_rate': 0.03890622640065875, 'feature_fraction': 0.9668529099579214, 'min_data_in_leaf': 80, 'atr_multiplier': 9.207955363562393}. Best is trial 11 with value: 0.9500000000000001.
[I 2026-04-08 02:51:02,504] Trial 37 finished with value: -1.0 and parameters: {'num_leaves': 40, 'learning_rate': 0.09420902658823001, 'feature_fraction': 0.9164651956482921, 'min_data_in_leaf': 70, 'atr_multiplier': 10.2265366154322}. Best is trial 11 with value: 0.9500000000000001.
[I 2026-04-08 02:51:04,536] Trial 38 finished with value: -1.0 and parameters: {'num_leaves': 26, 'learning_rate': 0.08604392308060695, 'feature_fraction': 0.8486812687416899, 'min_data_in_leaf': 21, 'atr_multiplier': 7.836879474881005}. Best is trial 11 with value: 0.9500000000000001.
[I 2026-04-08 02:51:06,878] Trial 39 finished with value: -1.0 and parameters: {'num_leaves': 55, 'learning_rate': 0.05954409560146581, 'feature_fraction': 0.9777014226547888, 'min_data_in_leaf': 54, 'atr_multiplier': 12.723994423567893}. Best is trial 11 with value: 0.9500000000000001.
[I 2026-04-08 02:51:09,077] A new study created in memory with name: no-name-1602560f-48e1-4aee-bce2-2e15ae0e0d05
[I 2026-04-08 02:51:11,341] Trial 0 finished with value: -1.0 and parameters: {'num_leaves': 38, 'learning_rate': 0.053885293250799084, 'feature_fraction': 0.7539891165354133, 'min_data_in_leaf': 65, 'atr_multiplier': 9.937224837432936}. Best is trial 0 with value: -1.0.
[I 2026-04-08 02:51:13,639] Trial 1 finished with value: -1.0 and parameters: {'num_leaves': 12, 'learning_rate': 0.025258136180050295, 'feature_fraction': 0.8256491521632365, 'min_data_in_leaf': 91, 'atr_multiplier': 14.988358136478716}. Best is trial 0 with value: -1.0.
[I 2026-04-08 02:51:15,917] Trial 2 finished with value: -1.0 and parameters: {'num_leaves': 62, 'learning_rate': 0.02493044585833681, 'feature_fraction': 0.7421022109289781, 'min_data_in_leaf': 20, 'atr_multiplier': 7.448312658933763}. Best is trial 0 with value: -1.0.
[I 2026-04-08 02:51:18,096] Trial 3 finished with value: -1.0 and parameters: {'num_leaves': 43, 'learning_rate': 0.06555369619186922, 'feature_fraction': 0.8321701032088455, 'min_data_in_leaf': 95, 'atr_multiplier': 9.837165801056498}. Best is trial 0 with value: -1.0.
[I 2026-04-08 02:51:20,424] Trial 4 finished with value: -1.0 and parameters: {'num_leaves': 51, 'learning_rate': 0.06133940453343374, 'feature_fraction': 0.8015055902901234, 'min_data_in_leaf': 95, 'atr_multiplier': 14.86343451298759}. Best is trial 0 with value: -1.0.
[I 2026-04-08 02:51:22,605] Trial 5 finished with value: -1.0 and parameters: {'num_leaves': 9, 'learning_rate': 0.04258827600846713, 'feature_fraction': 0.9835229863740137, 'min_data_in_leaf': 50, 'atr_multiplier': 13.612205366412343}. Best is trial 0 with value: -1.0.
[I 2026-04-08 02:51:24,918] Trial 6 finished with value: -1.0 and parameters: {'num_leaves': 46, 'learning_rate': 0.07949108064585826, 'feature_fraction': 0.866556881277514, 'min_data_in_leaf': 34, 'atr_multiplier': 10.894946394462401}. Best is trial 0 with value: -1.0.
[I 2026-04-08 02:51:26,955] Trial 7 finished with value: -1.0 and parameters: {'num_leaves': 17, 'learning_rate': 0.047624166353115026, 'feature_fraction': 0.8876692351019705, 'min_data_in_leaf': 84, 'atr_multiplier': 8.954778200615243}. Best is trial 0 with value: -1.0.
[I 2026-04-08 02:51:29,231] Trial 8 finished with value: -1.0 and parameters: {'num_leaves': 42, 'learning_rate': 0.0661132821784906, 'feature_fraction': 0.8162155187775433, 'min_data_in_leaf': 50, 'atr_multiplier': 14.596329254549}. Best is trial 0 with value: -1.0.
[I 2026-04-08 02:51:31,516] Trial 9 finished with value: -1.0 and parameters: {'num_leaves': 39, 'learning_rate': 0.08612423215929424, 'feature_fraction': 0.9257057330498848, 'min_data_in_leaf': 97, 'atr_multiplier': 14.157895522533162}. Best is trial 0 with value: -1.0.
[I 2026-04-08 02:51:33,713] Trial 10 finished with value: -1.0 and parameters: {'num_leaves': 27, 'learning_rate': 0.09926870009747779, 'feature_fraction': 0.6016923112798398, 'min_data_in_leaf': 72, 'atr_multiplier': 11.847519973274489}. Best is trial 0 with value: -1.0.
[I 2026-04-08 02:51:35,944] Trial 11 finished with value: -1.0 and parameters: {'num_leaves': 29, 'learning_rate': 0.02083202880532674, 'feature_fraction': 0.6866291884828948, 'min_data_in_leaf': 69, 'atr_multiplier': 12.14010924697088}. Best is trial 0 with value: -1.0.
[I 2026-04-08 02:51:37,880] Trial 12 finished with value: -1.0 and parameters: {'num_leaves': 28, 'learning_rate': 0.03498592283881429, 'feature_fraction': 0.6814557960462078, 'min_data_in_leaf': 77, 'atr_multiplier': 6.521641847480055}. Best is trial 0 with value: -1.0.
[I 2026-04-08 02:51:39,945] Trial 13 finished with value: -1.0 and parameters: {'num_leaves': 18, 'learning_rate': 0.014643669708043962, 'feature_fraction': 0.5645072239482936, 'min_data_in_leaf': 58, 'atr_multiplier': 8.622301347329348}. Best is trial 0 with value: -1.0.
[I 2026-04-08 02:51:42,487] Trial 14 finished with value: -1.0 and parameters: {'num_leaves': 56, 'learning_rate': 0.03371783095757148, 'feature_fraction': 0.7557868402305419, 'min_data_in_leaf': 84, 'atr_multiplier': 12.809440467488871}. Best is trial 0 with value: -1.0.
[I 2026-04-08 02:51:44,693] Trial 15 finished with value: -1.0 and parameters: {'num_leaves': 35, 'learning_rate': 0.05016435075831767, 'feature_fraction': 0.6759302655305162, 'min_data_in_leaf': 63, 'atr_multiplier': 10.730542732161021}. Best is trial 0 with value: -1.0.
[I 2026-04-08 02:51:46,787] Trial 16 finished with value: -1.0 and parameters: {'num_leaves': 10, 'learning_rate': 0.030324027108675114, 'feature_fraction': 0.7549074690540812, 'min_data_in_leaf': 43, 'atr_multiplier': 9.659822394951512}. Best is trial 0 with value: -1.0.
[I 2026-04-08 02:51:48,819] Trial 17 finished with value: -1.0 and parameters: {'num_leaves': 20, 'learning_rate': 0.011250264568508438, 'feature_fraction': 0.5128321973786396, 'min_data_in_leaf': 84, 'atr_multiplier': 7.889771732076735}. Best is trial 0 with value: -1.0.
[I 2026-04-08 02:51:51,031] Trial 18 finished with value: -1.0 and parameters: {'num_leaves': 34, 'learning_rate': 0.04186348436076598, 'feature_fraction': 0.9540169340080065, 'min_data_in_leaf': 60, 'atr_multiplier': 11.516464434073399}. Best is trial 0 with value: -1.0.
[I 2026-04-08 02:51:53,291] Trial 19 finished with value: -1.0 and parameters: {'num_leaves': 25, 'learning_rate': 0.07626693977439876, 'feature_fraction': 0.8886471063195478, 'min_data_in_leaf': 31, 'atr_multiplier': 13.14437092648925}. Best is trial 0 with value: -1.0.
[I 2026-04-08 02:51:55,211] Trial 20 finished with value: -1.0 and parameters: {'num_leaves': 53, 'learning_rate': 0.05676697024986552, 'feature_fraction': 0.6360409739761634, 'min_data_in_leaf': 77, 'atr_multiplier': 6.038937690324751}. Best is trial 0 with value: -1.0.
[I 2026-04-08 02:51:57,412] Trial 21 finished with value: -1.0 and parameters: {'num_leaves': 63, 'learning_rate': 0.023606169185564643, 'feature_fraction': 0.7406495889729391, 'min_data_in_leaf': 24, 'atr_multiplier': 7.237393573008731}. Best is trial 0 with value: -1.0.
[I 2026-04-08 02:51:59,583] Trial 22 finished with value: -1.0 and parameters: {'num_leaves': 63, 'learning_rate': 0.024356724998553823, 'feature_fraction': 0.7254678374143679, 'min_data_in_leaf': 42, 'atr_multiplier': 7.849565199263433}. Best is trial 0 with value: -1.0.
[I 2026-04-08 02:52:01,807] Trial 23 finished with value: -1.0 and parameters: {'num_leaves': 49, 'learning_rate': 0.03971572026443243, 'feature_fraction': 0.7926137382961441, 'min_data_in_leaf': 22, 'atr_multiplier': 9.8985486105492}. Best is trial 0 with value: -1.0.
[I 2026-04-08 02:52:04,107] Trial 24 finished with value: -1.0 and parameters: {'num_leaves': 58, 'learning_rate': 0.01795539326532592, 'feature_fraction': 0.848314123217407, 'min_data_in_leaf': 52, 'atr_multiplier': 8.840457618678297}. Best is trial 0 with value: -1.0.
[I 2026-04-08 02:52:06,071] Trial 25 finished with value: -1.0 and parameters: {'num_leaves': 14, 'learning_rate': 0.026075423697193456, 'feature_fraction': 0.771876576665466, 'min_data_in_leaf': 90, 'atr_multiplier': 7.500819331995845}. Best is trial 0 with value: -1.0.
[I 2026-04-08 02:52:08,134] Trial 26 finished with value: -1.0 and parameters: {'num_leaves': 23, 'learning_rate': 0.04955347767608713, 'feature_fraction': 0.7085310946350442, 'min_data_in_leaf': 66, 'atr_multiplier': 6.8976803120054715}. Best is trial 0 with value: -1.0.
[I 2026-04-08 02:52:10,334] Trial 27 finished with value: -1.0 and parameters: {'num_leaves': 33, 'learning_rate': 0.03037052253472324, 'feature_fraction': 0.6438107878930688, 'min_data_in_leaf': 38, 'atr_multiplier': 8.255256138988988}. Best is trial 0 with value: -1.0.
[I 2026-04-08 02:52:12,488] Trial 28 finished with value: -1.0 and parameters: {'num_leaves': 38, 'learning_rate': 0.010949571540111535, 'feature_fraction': 0.7960183963676248, 'min_data_in_leaf': 76, 'atr_multiplier': 9.361421972053858}. Best is trial 0 with value: -1.0.
[I 2026-04-08 02:52:14,703] Trial 29 finished with value: -1.0 and parameters: {'num_leaves': 44, 'learning_rate': 0.06967730770113671, 'feature_fraction': 0.8334060288479033, 'min_data_in_leaf': 91, 'atr_multiplier': 10.252841467116818}. Best is trial 0 with value: -1.0.
[I 2026-04-08 02:52:17,046] Trial 30 finished with value: -1.0 and parameters: {'num_leaves': 59, 'learning_rate': 0.09176110407014222, 'feature_fraction': 0.7219108565644197, 'min_data_in_leaf': 54, 'atr_multiplier': 12.226473923834822}. Best is trial 0 with value: -1.0.
[I 2026-04-08 02:52:19,295] Trial 31 finished with value: -1.0 and parameters: {'num_leaves': 47, 'learning_rate': 0.0637492627844743, 'feature_fraction': 0.7809623785729107, 'min_data_in_leaf': 100, 'atr_multiplier': 11.267580068531359}. Best is trial 0 with value: -1.0.
[I 2026-04-08 02:52:21,469] Trial 32 finished with value: -1.0 and parameters: {'num_leaves': 32, 'learning_rate': 0.05475414765515147, 'feature_fraction': 0.8374230601221073, 'min_data_in_leaf': 92, 'atr_multiplier': 10.10042991518415}. Best is trial 0 with value: -1.0.
[I 2026-04-08 02:52:23,619] Trial 33 finished with value: -1.0 and parameters: {'num_leaves': 52, 'learning_rate': 0.07486464507578733, 'feature_fraction': 0.9146338525633253, 'min_data_in_leaf': 86, 'atr_multiplier': 9.32153603638441}. Best is trial 0 with value: -1.0.
[I 2026-04-08 02:52:25,872] Trial 34 finished with value: -1.0 and parameters: {'num_leaves': 41, 'learning_rate': 0.06947004532948328, 'feature_fraction': 0.8682506840802782, 'min_data_in_leaf': 96, 'atr_multiplier': 10.958307226952334}. Best is trial 0 with value: -1.0.
[I 2026-04-08 02:52:28,045] Trial 35 finished with value: -1.0 and parameters: {'num_leaves': 44, 'learning_rate': 0.05517201698305138, 'feature_fraction': 0.8010782753398938, 'min_data_in_leaf': 47, 'atr_multiplier': 10.390969895287654}. Best is trial 0 with value: -1.0.
[I 2026-04-08 02:52:31,840] Trial 36 finished with value: -1.0 and parameters: {'num_leaves': 38, 'learning_rate': 0.03864647851162463, 'feature_fraction': 0.8247441658165526, 'min_data_in_leaf': 79, 'atr_multiplier': 13.482982162253549}. Best is trial 0 with value: -1.0.
[I 2026-04-08 02:52:34,104] Trial 37 finished with value: -1.0 and parameters: {'num_leaves': 9, 'learning_rate': 0.08415095609634726, 'feature_fraction': 0.8580372039539772, 'min_data_in_leaf': 100, 'atr_multiplier': 14.786982237278572}. Best is trial 0 with value: -1.0.
[I 2026-04-08 02:52:36,219] Trial 38 finished with value: -1.0 and parameters: {'num_leaves': 55, 'learning_rate': 0.060279936256978174, 'feature_fraction': 0.8860306970769056, 'min_data_in_leaf': 31, 'atr_multiplier': 8.5383916280207}. Best is trial 0 with value: -1.0.
[I 2026-04-08 02:52:38,557] Trial 39 finished with value: -1.0 and parameters: {'num_leaves': 50, 'learning_rate': 0.04420220983174596, 'feature_fraction': 0.9934668792373872, 'min_data_in_leaf': 88, 'atr_multiplier': 13.801752137060594}. Best is trial 0 with value: -1.0.
[I 2026-04-08 02:52:38,567] A new study created in memory with name: no-name-fabee951-22e0-4e54-94ca-1dd2bbdb81a7
[I 2026-04-08 02:52:40,821] Trial 0 finished with value: -1.0 and parameters: {'num_leaves': 59, 'learning_rate': 0.06832383568571451, 'feature_fraction': 0.6841351060452749, 'min_data_in_leaf': 35, 'atr_multiplier': 10.567161029965275}. Best is trial 0 with value: -1.0.
[I 2026-04-08 02:52:43,017] Trial 1 finished with value: -1.0 and parameters: {'num_leaves': 49, 'learning_rate': 0.06255071125496456, 'feature_fraction': 0.5241501122788303, 'min_data_in_leaf': 61, 'atr_multiplier': 11.044306045988494}. Best is trial 0 with value: -1.0.
[I 2026-04-08 02:52:44,984] Trial 2 finished with value: -1.0 and parameters: {'num_leaves': 14, 'learning_rate': 0.06590009619414339, 'feature_fraction': 0.819560353163112, 'min_data_in_leaf': 39, 'atr_multiplier': 7.926537370029209}. Best is trial 0 with value: -1.0.
[I 2026-04-08 02:52:47,392] Trial 3 finished with value: -1.0 and parameters: {'num_leaves': 42, 'learning_rate': 0.08915795479211157, 'feature_fraction': 0.75735938007895, 'min_data_in_leaf': 76, 'atr_multiplier': 13.909700710683676}. Best is trial 0 with value: -1.0.
[I 2026-04-08 02:52:49,659] Trial 4 finished with value: -1.0 and parameters: {'num_leaves': 20, 'learning_rate': 0.01890937111676781, 'feature_fraction': 0.8537881852600583, 'min_data_in_leaf': 56, 'atr_multiplier': 13.965247676160978}. Best is trial 0 with value: -1.0.
[I 2026-04-08 02:52:51,926] Trial 5 finished with value: -1.0 and parameters: {'num_leaves': 41, 'learning_rate': 0.0256001508175286, 'feature_fraction': 0.6508692704801302, 'min_data_in_leaf': 64, 'atr_multiplier': 12.220668742714365}. Best is trial 0 with value: -1.0.
[I 2026-04-08 02:52:54,075] Trial 6 finished with value: -1.0 and parameters: {'num_leaves': 26, 'learning_rate': 0.018234889550382154, 'feature_fraction': 0.9739031936437834, 'min_data_in_leaf': 39, 'atr_multiplier': 9.174520828029982}. Best is trial 0 with value: -1.0.
[I 2026-04-08 02:52:56,471] Trial 7 finished with value: -1.0 and parameters: {'num_leaves': 40, 'learning_rate': 0.033151119793958315, 'feature_fraction': 0.5616047909668548, 'min_data_in_leaf': 72, 'atr_multiplier': 12.871318132380116}. Best is trial 0 with value: -1.0.
[I 2026-04-08 02:52:58,596] Trial 8 finished with value: -1.0 and parameters: {'num_leaves': 12, 'learning_rate': 0.06320032121898947, 'feature_fraction': 0.8056763208273265, 'min_data_in_leaf': 48, 'atr_multiplier': 8.387873005886153}. Best is trial 0 with value: -1.0.
[I 2026-04-08 02:53:00,678] Trial 9 finished with value: -1.0 and parameters: {'num_leaves': 33, 'learning_rate': 0.04512603144990432, 'feature_fraction': 0.9541206001982312, 'min_data_in_leaf': 51, 'atr_multiplier': 6.926760981390594}. Best is trial 0 with value: -1.0.
[I 2026-04-08 02:53:02,891] Trial 10 finished with value: -1.0 and parameters: {'num_leaves': 63, 'learning_rate': 0.09790989190267416, 'feature_fraction': 0.6494631482747459, 'min_data_in_leaf': 20, 'atr_multiplier': 10.44555422531945}. Best is trial 0 with value: -1.0.
[I 2026-04-08 02:53:05,158] Trial 11 finished with value: -1.0 and parameters: {'num_leaves': 58, 'learning_rate': 0.07766349904168451, 'feature_fraction': 0.5111499189426022, 'min_data_in_leaf': 97, 'atr_multiplier': 10.780757952013655}. Best is trial 0 with value: -1.0.
[I 2026-04-08 02:53:07,361] Trial 12 finished with value: -1.0 and parameters: {'num_leaves': 49, 'learning_rate': 0.05053867210678993, 'feature_fraction': 0.6433889175853222, 'min_data_in_leaf': 32, 'atr_multiplier': 10.871134488957841}. Best is trial 0 with value: -1.0.
[I 2026-04-08 02:53:09,684] Trial 13 finished with value: -1.0 and parameters: {'num_leaves': 53, 'learning_rate': 0.07323644072440512, 'feature_fraction': 0.5612607764935258, 'min_data_in_leaf': 87, 'atr_multiplier': 11.8263394409659}. Best is trial 0 with value: -1.0.
[I 2026-04-08 02:53:11,873] Trial 14 finished with value: -1.0 and parameters: {'num_leaves': 64, 'learning_rate': 0.04294817892411482, 'feature_fraction': 0.6998674605056068, 'min_data_in_leaf': 20, 'atr_multiplier': 9.40137530678535}. Best is trial 0 with value: -1.0.
[I 2026-04-08 02:53:14,207] Trial 15 finished with value: -1.0 and parameters: {'num_leaves': 49, 'learning_rate': 0.06016375671295776, 'feature_fraction': 0.5012847826286154, 'min_data_in_leaf': 67, 'atr_multiplier': 9.95869035526704}. Best is trial 0 with value: -1.0.
[I 2026-04-08 02:53:16,632] Trial 16 finished with value: -1.0 and parameters: {'num_leaves': 55, 'learning_rate': 0.0821938923963111, 'feature_fraction': 0.5901991856897841, 'min_data_in_leaf': 79, 'atr_multiplier': 14.8476492847822}. Best is trial 0 with value: -1.0.
[I 2026-04-08 02:53:18,945] Trial 17 finished with value: -1.0 and parameters: {'num_leaves': 48, 'learning_rate': 0.07031292934429828, 'feature_fraction': 0.6908122950385309, 'min_data_in_leaf': 31, 'atr_multiplier': 11.968676974331949}. Best is trial 0 with value: -1.0.
[I 2026-04-08 02:53:20,962] Trial 18 finished with value: 0.9500000000000001 and parameters: {'num_leaves': 58, 'learning_rate': 0.051901791103328924, 'feature_fraction': 0.886137659222691, 'min_data_in_leaf': 58, 'atr_multiplier': 6.147435896868363}. Best is trial 18 with value: 0.9500000000000001.
[I 2026-04-08 02:53:23,062] Trial 19 finished with value: -1.0 and parameters: {'num_leaves': 32, 'learning_rate': 0.03560020332732132, 'feature_fraction': 0.8851731076561784, 'min_data_in_leaf': 48, 'atr_multiplier': 6.519379991708973}. Best is trial 18 with value: 0.9500000000000001.
[I 2026-04-08 02:53:25,428] Trial 20 finished with value: -1.0 and parameters: {'num_leaves': 57, 'learning_rate': 0.05337275944423939, 'feature_fraction': 0.9043629938754982, 'min_data_in_leaf': 40, 'atr_multiplier': 7.64803856755098}. Best is trial 18 with value: 0.9500000000000001.
[I 2026-04-08 02:53:27,867] Trial 21 finished with value: -1.0 and parameters: {'num_leaves': 61, 'learning_rate': 0.05766960722847257, 'feature_fraction': 0.7774038100672245, 'min_data_in_leaf': 58, 'atr_multiplier': 11.226948870811077}. Best is trial 18 with value: 0.9500000000000001.
[I 2026-04-08 02:53:29,992] Trial 22 finished with value: -1.0 and parameters: {'num_leaves': 53, 'learning_rate': 0.08440857754948596, 'feature_fraction': 0.7152863213230773, 'min_data_in_leaf': 63, 'atr_multiplier': 8.961997127713346}. Best is trial 18 with value: 0.9500000000000001.
[I 2026-04-08 02:53:32,243] Trial 23 finished with value: -1.0 and parameters: {'num_leaves': 45, 'learning_rate': 0.04815670057339584, 'feature_fraction': 0.9279302132391888, 'min_data_in_leaf': 83, 'atr_multiplier': 9.905561928750465}. Best is trial 18 with value: 0.9500000000000001.
[I 2026-04-08 02:53:34,471] Trial 24 finished with value: -1.0 and parameters: {'num_leaves': 59, 'learning_rate': 0.0686168119632316, 'feature_fraction': 0.6008721601214772, 'min_data_in_leaf': 70, 'atr_multiplier': 11.342968745530275}. Best is trial 18 with value: 0.9500000000000001.
[I 2026-04-08 02:53:36,788] Trial 25 finished with value: -1.0 and parameters: {'num_leaves': 51, 'learning_rate': 0.037718566830631656, 'feature_fraction': 0.9962602200937994, 'min_data_in_leaf': 54, 'atr_multiplier': 12.828883269307116}. Best is trial 18 with value: 0.9500000000000001.
[I 2026-04-08 02:53:38,955] Trial 26 finished with value: -1.0 and parameters: {'num_leaves': 46, 'learning_rate': 0.056449432025945774, 'feature_fraction': 0.8455450524071885, 'min_data_in_leaf': 29, 'atr_multiplier': 10.113478706563955}. Best is trial 18 with value: 0.9500000000000001.
[I 2026-04-08 02:53:40,849] Trial 27 finished with value: 0.45 and parameters: {'num_leaves': 37, 'learning_rate': 0.06213292869796506, 'feature_fraction': 0.7284132111992296, 'min_data_in_leaf': 45, 'atr_multiplier': 6.13388425599583}. Best is trial 18 with value: 0.9500000000000001.
