[I 2026-04-10 12:12:57,472] Trial 39 finished with value: 2.3652940196614964 and parameters: {'num_leaves': 31, 'learning_rate': 0.06757312371420315, 'feature_fraction': 0.6431271794405115, 'atr_multiplier': 2.224541117261595, 'rrr': 3.5544060883664663}. Best is trial 15 with value: 2.7761235821965737.
✅ Data Loaded: 34670 candles.
📅 Range: 2025-10-06 04:40:00 to 2026-04-06 04:40:00
📊 Resuming: 0 experts in portfolio, 7 total expert files, 0 reserve files.
💎 --- STARTING V4 ENGINE MINING --- 💎

🚀 [Expert 1/30] Hunting...
🎲 Sampled 3000 unique points for AI Trap Analysis.
[LightGBM] [Info] Auto-choosing col-wise multi-threading, the overhead of testing was 0.000245 seconds.
You can set `force_col_wise=true` to remove the overhead.
[LightGBM] [Info] Total Bins 2073
[LightGBM] [Info] Number of data points in the train set: 6000, number of used features: 12
[LightGBM] [Info] Start training from score 0.760833
🔄 WFA ✅ ROBUST | Slice EVs: [3.732, 3.793, 3.76] | Avg: 3.762 | ATR: 2.750227982861506
✅ HIRED! EV: 2.772 | ATR: 2.75 | RRR: 3.98 | MC: 2.3R

🚀 [Expert 2/30] Hunting...
🎲 Sampled 3000 unique points for AI Trap Analysis.
[LightGBM] [Info] Auto-choosing col-wise multi-threading, the overhead of testing was 0.000246 seconds.
You can set `force_col_wise=true` to remove the overhead.
[LightGBM] [Info] Total Bins 2073
[LightGBM] [Info] Number of data points in the train set: 6000, number of used features: 12
[LightGBM] [Info] Start training from score 0.772167
🔄 WFA ✅ ROBUST | Slice EVs: [3.278, 3.383, 3.278] | Avg: 3.313 | ATR: 2.333657207233062
✅ HIRED! EV: 2.812 | ATR: 2.33 | RRR: 3.99 | MC: 5.8R

🚀 [Expert 3/30] Hunting...
🎲 Sampled 3000 unique points for AI Trap Analysis.
[LightGBM] [Info] Auto-choosing col-wise multi-threading, the overhead of testing was 0.000322 seconds.
You can set `force_col_wise=true` to remove the overhead.
[LightGBM] [Info] Total Bins 2073
[LightGBM] [Info] Number of data points in the train set: 6000, number of used features: 12
[LightGBM] [Info] Start training from score 0.745167
🔄 WFA ✅ ROBUST | Slice EVs: [2.977, 3.053, 3.063] | Avg: 3.031 | ATR: 2.8089047478243505
✅ HIRED! EV: 2.818 | ATR: 2.81 | RRR: 3.96 | MC: 5.9R

🚀 [Expert 4/30] Hunting...
🎲 Sampled 3000 unique points for AI Trap Analysis.
[LightGBM] [Info] Auto-choosing col-wise multi-threading, the overhead of testing was 0.000415 seconds.
You can set `force_col_wise=true` to remove the overhead.
[LightGBM] [Info] Total Bins 2073
[LightGBM] [Info] Number of data points in the train set: 6000, number of used features: 12
[LightGBM] [Info] Start training from score 0.723667
🔄 WFA ✅ ROBUST | Slice EVs: [3.759, 3.743, 3.739] | Avg: 3.747 | ATR: 3.3131108967735514
✅ HIRED! EV: 2.887 | ATR: 3.31 | RRR: 3.99 | MC: 2.3R

🚀 [Expert 5/30] Hunting...
🎲 Sampled 3000 unique points for AI Trap Analysis.
[LightGBM] [Info] Auto-choosing row-wise multi-threading, the overhead of testing was 0.000292 seconds.
You can set `force_row_wise=true` to remove the overhead.
And if memory is not enough, you can set `force_col_wise=true`.
[LightGBM] [Info] Total Bins 2073
[LightGBM] [Info] Number of data points in the train set: 6000, number of used features: 12
[LightGBM] [Info] Start training from score 0.739333
🔄 WFA ✅ ROBUST | Slice EVs: [3.825, 3.83, 3.83] | Avg: 3.828 | ATR: 3.04464839035461
✅ HIRED! EV: 2.871 | ATR: 3.04 | RRR: 3.99 | MC: 1.1R

🚀 [Expert 6/30] Hunting...
🎲 Sampled 3000 unique points for AI Trap Analysis.
[LightGBM] [Info] Auto-choosing col-wise multi-threading, the overhead of testing was 0.000302 seconds.
You can set `force_col_wise=true` to remove the overhead.
[LightGBM] [Info] Total Bins 2073
[LightGBM] [Info] Number of data points in the train set: 6000, number of used features: 12
[LightGBM] [Info] Start training from score 0.751000
🔄 WFA ✅ ROBUST | Slice EVs: [3.643, 3.651, 3.673] | Avg: 3.655 | ATR: 2.708618761684516
✅ HIRED! EV: 2.990 | ATR: 2.71 | RRR: 4.00 | MC: 3.5R

🚀 [Expert 7/30] Hunting...
🎲 Sampled 3000 unique points for AI Trap Analysis.
[LightGBM] [Info] Auto-choosing col-wise multi-threading, the overhead of testing was 0.000795 seconds.
You can set `force_col_wise=true` to remove the overhead.
[LightGBM] [Info] Total Bins 2073
[LightGBM] [Info] Number of data points in the train set: 6000, number of used features: 12
[LightGBM] [Info] Start training from score 0.775833
🔄 WFA ✅ ROBUST | Slice EVs: [3.785, 3.8, 3.777] | Avg: 3.787 | ATR: 2.086059873958189
✅ HIRED! EV: 2.848 | ATR: 2.09 | RRR: 4.00 | MC: 2.3R

🚀 [Expert 8/30] Hunting...
🎲 Sampled 3000 unique points for AI Trap Analysis.
[LightGBM] [Info] Auto-choosing col-wise multi-threading, the overhead of testing was 0.000270 seconds.
You can set `force_col_wise=true` to remove the overhead.
[LightGBM] [Info] Total Bins 2073
[LightGBM] [Info] Number of data points in the train set: 6000, number of used features: 12
[LightGBM] [Info] Start training from score 0.713333
🔄 WFA ✅ ROBUST | Slice EVs: [3.813, 3.813, 3.813] | Avg: 3.813 | ATR: 3.4987514535971864
✅ HIRED! EV: 2.844 | ATR: 3.50 | RRR: 3.96 | MC: 0.0R

🚀 [Expert 9/30] Hunting...
🎲 Sampled 3000 unique points for AI Trap Analysis.
[LightGBM] [Info] Auto-choosing col-wise multi-threading, the overhead of testing was 0.000401 seconds.
You can set `force_col_wise=true` to remove the overhead.
[LightGBM] [Info] Total Bins 2073
[LightGBM] [Info] Number of data points in the train set: 6000, number of used features: 12
[LightGBM] [Info] Start training from score 0.736167
🔄 WFA ✅ ROBUST | Slice EVs: [3.375, 3.524, 3.354] | Avg: 3.418 | ATR: 3.0754528926113744
✅ HIRED! EV: 3.007 | ATR: 3.08 | RRR: 3.96 | MC: 4.6R

🚀 [Expert 10/30] Hunting...
🎲 Sampled 3000 unique points for AI Trap Analysis.
[LightGBM] [Info] Auto-choosing col-wise multi-threading, the overhead of testing was 0.000382 seconds.
You can set `force_col_wise=true` to remove the overhead.
[LightGBM] [Info] Total Bins 2073
[LightGBM] [Info] Number of data points in the train set: 6000, number of used features: 12
[LightGBM] [Info] Start training from score 0.709833
🔄 WFA ✅ ROBUST | Slice EVs: [3.811, 3.811, 3.793] | Avg: 3.805 | ATR: 3.655115031318874
✅ HIRED! EV: 2.865 | ATR: 3.66 | RRR: 3.97 | MC: 1.1R

🚀 [Expert 11/30] Hunting...
🎲 Sampled 3000 unique points for AI Trap Analysis.
[LightGBM] [Info] Auto-choosing col-wise multi-threading, the overhead of testing was 0.000517 seconds.
You can set `force_col_wise=true` to remove the overhead.
[LightGBM] [Info] Total Bins 2073
[LightGBM] [Info] Number of data points in the train set: 6000, number of used features: 12
[LightGBM] [Info] Start training from score 0.731667
🔄 WFA ✅ ROBUST | Slice EVs: [3.802, 3.811, 3.787] | Avg: 3.800 | ATR: 3.1190984971227396
✅ HIRED! EV: 2.744 | ATR: 3.12 | RRR: 3.96 | MC: 1.1R

🚀 [Expert 12/30] Hunting...
🎲 Sampled 3000 unique points for AI Trap Analysis.
[LightGBM] [Info] Auto-choosing col-wise multi-threading, the overhead of testing was 0.000291 seconds.
You can set `force_col_wise=true` to remove the overhead.
[LightGBM] [Info] Total Bins 2073
[LightGBM] [Info] Number of data points in the train set: 6000, number of used features: 12
[LightGBM] [Info] Start training from score 0.692667
🔄 WFA ✅ ROBUST | Slice EVs: [3.8, 3.811, 3.792] | Avg: 3.801 | ATR: 4.031944769705725
✅ HIRED! EV: 2.769 | ATR: 4.03 | RRR: 3.96 | MC: 1.1R

🚀 [Expert 13/30] Hunting...
🎲 Sampled 3000 unique points for AI Trap Analysis.
[LightGBM] [Info] Auto-choosing col-wise multi-threading, the overhead of testing was 0.000549 seconds.
You can set `force_col_wise=true` to remove the overhead.
[LightGBM] [Info] Total Bins 2073
[LightGBM] [Info] Number of data points in the train set: 6000, number of used features: 12
[LightGBM] [Info] Start training from score 0.749833
🔄 WFA ✅ ROBUST | Slice EVs: [3.799, 3.801, 3.812] | Avg: 3.804 | ATR: 2.8095788525150986
✅ HIRED! EV: 2.768 | ATR: 2.81 | RRR: 4.00 | MC: 2.3R

🚀 [Expert 14/30] Hunting...
🎲 Sampled 3000 unique points for AI Trap Analysis.
[LightGBM] [Info] Auto-choosing col-wise multi-threading, the overhead of testing was 0.000249 seconds.
You can set `force_col_wise=true` to remove the overhead.
[LightGBM] [Info] Total Bins 2073
[LightGBM] [Info] Number of data points in the train set: 6000, number of used features: 12
[LightGBM] [Info] Start training from score 0.777833
🔄 WFA ✅ ROBUST | Slice EVs: [3.16, 3.196, 3.093] | Avg: 3.150 | ATR: 2.3314551984125833[I 2026-04-10 12:13:06,939] A new study created in memory with name: no-name-7206bea8-2966-479c-ab2c-d381a2d57153
[I 2026-04-10 12:13:52,291] Trial 0 finished with value: 1.4771440563202118 and parameters: {'num_leaves': 16, 'learning_rate': 0.056408927802988625, 'feature_fraction': 0.7583779122013141, 'atr_multiplier': 4.472319527117289, 'rrr': 2.8575786143436024}. Best is trial 0 with value: 1.4771440563202118.
[I 2026-04-10 12:13:52,727] Trial 1 finished with value: 0.9350226448444816 and parameters: {'num_leaves': 23, 'learning_rate': 0.08900053481941052, 'feature_fraction': 0.5536344479093924, 'atr_multiplier': 2.7904848556953197, 'rrr': 2.1358740578460997}. Best is trial 0 with value: 1.4771440563202118.
[I 2026-04-10 12:13:53,024] Trial 3 finished with value: 0.7339397531618675 and parameters: {'num_leaves': 30, 'learning_rate': 0.0613596327640739, 'feature_fraction': 0.6904133310220881, 'atr_multiplier': 2.66864941123342, 'rrr': 1.8081366132035384}. Best is trial 0 with value: 1.4771440563202118.
[I 2026-04-10 12:13:53,267] Trial 2 finished with value: 1.316166232659858 and parameters: {'num_leaves': 33, 'learning_rate': 0.04060361044848889, 'feature_fraction': 0.664179235021573, 'atr_multiplier': 2.462399175902608, 'rrr': 2.6877252077156752}. Best is trial 0 with value: 1.4771440563202118.
[I 2026-04-10 12:14:38,631] Trial 4 finished with value: -1.0 and parameters: {'num_leaves': 29, 'learning_rate': 0.016818579727257664, 'feature_fraction': 0.5855763277024888, 'atr_multiplier': 4.857556035233745, 'rrr': 2.440725784336701}. Best is trial 0 with value: 1.4771440563202118.
[I 2026-04-10 12:14:39,003] Trial 5 finished with value: 1.2217055982340534 and parameters: {'num_leaves': 30, 'learning_rate': 0.04777825590848273, 'feature_fraction': 0.515520001806177, 'atr_multiplier': 2.972658161757474, 'rrr': 2.4690619198050334}. Best is trial 0 with value: 1.4771440563202118.
[I 2026-04-10 12:14:39,457] Trial 7 finished with value: 0.8914211373987038 and parameters: {'num_leaves': 41, 'learning_rate': 0.06652482692234972, 'feature_fraction': 0.7982338385335954, 'atr_multiplier': 2.6959336572938275, 'rrr': 2.0219462506374515}. Best is trial 0 with value: 1.4771440563202118.
[I 2026-04-10 12:14:40,075] Trial 6 finished with value: 0.8362430916133385 and parameters: {'num_leaves': 53, 'learning_rate': 0.06414049752122984, 'feature_fraction': 0.8226877615300072, 'atr_multiplier': 4.421350117689262, 'rrr': 2.189448041340649}. Best is trial 0 with value: 1.4771440563202118.
[I 2026-04-10 12:15:28,093] Trial 9 finished with value: 0.8199332755364829 and parameters: {'num_leaves': 25, 'learning_rate': 0.07832246607080137, 'feature_fraction': 0.6223333890891845, 'atr_multiplier': 4.963263473890191, 'rrr': 2.3368257524393483}. Best is trial 0 with value: 1.4771440563202118.
[I 2026-04-10 12:15:28,153] Trial 10 finished with value: 0.7980698873485138 and parameters: {'num_leaves': 22, 'learning_rate': 0.054750953827970815, 'feature_fraction': 0.5797106477325273, 'atr_multiplier': 4.254103807551836, 'rrr': 2.333364029463012}. Best is trial 0 with value: 1.4771440563202118.
[I 2026-04-10 12:15:28,417] Trial 8 finished with value: 1.2138799687721606 and parameters: {'num_leaves': 28, 'learning_rate': 0.0252573449245089, 'feature_fraction': 0.7145167269272497, 'atr_multiplier': 4.013579326205294, 'rrr': 2.765715764206814}. Best is trial 0 with value: 1.4771440563202118.
[I 2026-04-10 12:15:30,228] Trial 11 finished with value: 0.564443315532086 and parameters: {'num_leaves': 49, 'learning_rate': 0.0883894307706356, 'feature_fraction': 0.8865233297636747, 'atr_multiplier': 2.6558597265298154, 'rrr': 1.7997331207771678}. Best is trial 0 with value: 1.4771440563202118.
[I 2026-04-10 12:16:16,656] Trial 13 finished with value: 1.9073442437834447 and parameters: {'num_leaves': 8, 'learning_rate': 0.028832699562937592, 'feature_fraction': 0.9674743939395962, 'atr_multiplier': 3.645870734517483, 'rrr': 3.421778864976056}. Best is trial 13 with value: 1.9073442437834447.
[I 2026-04-10 12:16:17,736] Trial 15 finished with value: 2.1012418528247956 and parameters: {'num_leaves': 10, 'learning_rate': 0.0360761984630505, 'feature_fraction': 0.9343473691658969, 'atr_multiplier': 2.1672675315411762, 'rrr': 3.5471377800120374}. Best is trial 15 with value: 2.1012418528247956.
[I 2026-04-10 12:16:17,795] Trial 14 finished with value: 2.1232656468850526 and parameters: {'num_leaves': 11, 'learning_rate': 0.035399615814462576, 'feature_fraction': 0.9642949989405387, 'atr_multiplier': 2.139075398434834, 'rrr': 3.460107925316815}. Best is trial 14 with value: 2.1232656468850526.
[I 2026-04-10 12:16:19,343] Trial 12 finished with value: 1.4734865561231085 and parameters: {'num_leaves': 64, 'learning_rate': 0.03182895358090423, 'feature_fraction': 0.793988031027008, 'atr_multiplier': 2.8935943815204292, 'rrr': 2.834326505103004}. Best is trial 14 with value: 2.1232656468850526.
[I 2026-04-10 12:17:03,628] Trial 16 finished with value: 2.0323939287567523 and parameters: {'num_leaves': 8, 'learning_rate': 0.0307657269489417, 'feature_fraction': 0.9582396627805686, 'atr_multiplier': 3.5064178573032367, 'rrr': 3.4599973308123824}. Best is trial 14 with value: 2.1232656468850526.
[I 2026-04-10 12:17:04,987] Trial 18 finished with value: 2.600742502062889 and parameters: {'num_leaves': 9, 'learning_rate': 0.03394862132050107, 'feature_fraction': 0.9978592615439743, 'atr_multiplier': 2.1180558515916452, 'rrr': 3.983019299455214}. Best is trial 18 with value: 2.600742502062889.
[I 2026-04-10 12:17:06,295] Trial 17 finished with value: 2.5295602099153847 and parameters: {'num_leaves': 14, 'learning_rate': 0.036971353358702205, 'feature_fraction': 0.9834468434941328, 'atr_multiplier': 2.059548544867743, 'rrr': 3.9236738054810365}. Best is trial 18 with value: 2.600742502062889.
[I 2026-04-10 12:17:07,571] Trial 19 finished with value: 2.3795050163838742 and parameters: {'num_leaves': 10, 'learning_rate': 0.011843438132169194, 'feature_fraction': 0.9972713369890271, 'atr_multiplier': 2.117975167681065, 'rrr': 3.7781847052067987}. Best is trial 18 with value: 2.600742502062889.
[I 2026-04-10 12:17:50,016] Trial 20 finished with value: 2.6308378882123398 and parameters: {'num_leaves': 16, 'learning_rate': 0.013241193116684199, 'feature_fraction': 0.8904353129175175, 'atr_multiplier': 2.0198256658018408, 'rrr': 3.968321268264591}. Best is trial 20 with value: 2.6308378882123398.
[I 2026-04-10 12:17:51,379] Trial 21 finished with value: 2.6008219039931424 and parameters: {'num_leaves': 16, 'learning_rate': 0.010450642968376698, 'feature_fraction': 0.9963157675677053, 'atr_multiplier': 2.0306972155458247, 'rrr': 3.9238062085146335}. Best is trial 20 with value: 2.6308378882123398.
[I 2026-04-10 12:17:51,760] Trial 22 finished with value: 2.6273346874527026 and parameters: {'num_leaves': 17, 'learning_rate': 0.01355833451284982, 'feature_fraction': 0.8830354600178217, 'atr_multiplier': 3.1621586725603015, 'rrr': 3.922808022275905}. Best is trial 20 with value: 2.6308378882123398.
[I 2026-04-10 12:17:51,882] Trial 23 finished with value: 2.8025633925528592 and parameters: {'num_leaves': 20, 'learning_rate': 0.045798941088240265, 'feature_fraction': 0.8795831865769059, 'atr_multiplier': 3.091224131779907, 'rrr': 3.9820091636036037}. Best is trial 23 with value: 2.8025633925528592.
[I 2026-04-10 12:18:36,390] Trial 24 finished with value: 2.582816878196424 and parameters: {'num_leaves': 17, 'learning_rate': 0.018560563881811064, 'feature_fraction': 0.8852021149393186, 'atr_multiplier': 2.385029942894663, 'rrr': 3.994864489396167}. Best is trial 23 with value: 2.8025633925528592.
[I 2026-04-10 12:18:37,284] Trial 25 finished with value: 2.71558555857068 and parameters: {'num_leaves': 17, 'learning_rate': 0.019907269231945926, 'feature_fraction': 0.8918777470907593, 'atr_multiplier': 3.1943091855102184, 'rrr': 3.9886948762635126}. Best is trial 23 with value: 2.8025633925528592.
[I 2026-04-10 12:18:37,481] Trial 26 finished with value: 1.825256532162512 and parameters: {'num_leaves': 18, 'learning_rate': 0.018528588776038316, 'feature_fraction': 0.8961059580180641, 'atr_multiplier': 3.2562473398420355, 'rrr': 3.165359145027517}. Best is trial 23 with value: 2.8025633925528592.
[I 2026-04-10 12:18:37,637] Trial 27 finished with value: 1.7479376136766636 and parameters: {'num_leaves': 19, 'learning_rate': 0.020788794056996466, 'feature_fraction': 0.8796683491759305, 'atr_multiplier': 3.1680602081927427, 'rrr': 3.1095047515979806}. Best is trial 23 with value: 2.8025633925528592.
[I 2026-04-10 12:19:25,838] Trial 29 finished with value: 1.799760668079683 and parameters: {'num_leaves': 21, 'learning_rate': 0.022880690000659502, 'feature_fraction': 0.8440832616152402, 'atr_multiplier': 3.1502307862912, 'rrr': 3.142560063915183}. Best is trial 23 with value: 2.8025633925528592.
[I 2026-04-10 12:19:25,932] Trial 28 finished with value: 1.8369000952007637 and parameters: {'num_leaves': 38, 'learning_rate': 0.019047343418835738, 'feature_fraction': 0.8745262625283664, 'atr_multiplier': 3.18365951114342, 'rrr': 3.1467070470606346}. Best is trial 23 with value: 2.8025633925528592.
[I 2026-04-10 12:19:26,771] Trial 31 finished with value: 2.586457673616692 and parameters: {'num_leaves': 39, 'learning_rate': 0.04532861526532231, 'feature_fraction': 0.8283923806331658, 'atr_multiplier': 3.4085528788000263, 'rrr': 3.728317346976759}. Best is trial 23 with value: 2.8025633925528592.
[I 2026-04-10 12:19:27,034] Trial 30 finished with value: 2.3727954391956456 and parameters: {'num_leaves': 37, 'learning_rate': 0.02283030110281733, 'feature_fraction': 0.8493929541118584, 'atr_multiplier': 3.7557586962242913, 'rrr': 3.710480758695891}. Best is trial 23 with value: 2.8025633925528592.
[I 2026-04-10 12:20:12,262] Trial 32 finished with value: 2.5361585318160795 and parameters: {'num_leaves': 39, 'learning_rate': 0.04584300264366419, 'feature_fraction': 0.7739591856294616, 'atr_multiplier': 3.837183543755734, 'rrr': 3.679975783041002}. Best is trial 23 with value: 2.8025633925528592.
[I 2026-04-10 12:20:12,501] Trial 33 finished with value: 2.57598569059817 and parameters: {'num_leaves': 35, 'learning_rate': 0.0440349696450717, 'feature_fraction': 0.7528261706353954, 'atr_multiplier': 3.835615232137781, 'rrr': 3.722041271253126}. Best is trial 23 with value: 2.8025633925528592.
[I 2026-04-10 12:20:12,656] Trial 35 finished with value: 1.977899644057115 and parameters: {'num_leaves': 14, 'learning_rate': 0.012802489348398664, 'feature_fraction': 0.9197159233403039, 'atr_multiplier': 3.927647258436667, 'rrr': 3.628014779472262}. Best is trial 23 with value: 2.8025633925528592.
[I 2026-04-10 12:20:12,662] Trial 34 finished with value: 2.1320835460589738 and parameters: {'num_leaves': 14, 'learning_rate': 0.011672651142706266, 'feature_fraction': 0.9281596964633346, 'atr_multiplier': 3.806291439589122, 'rrr': 3.7262003063249223}. Best is trial 23 with value: 2.8025633925528592.
[I 2026-04-10 12:20:59,251] Trial 36 finished with value: 2.428762818373551 and parameters: {'num_leaves': 14, 'learning_rate': 0.012910114637583486, 'feature_fraction': 0.9260461718452803, 'atr_multiplier': 2.391743028626551, 'rrr': 3.8231767480238266}. Best is trial 23 with value: 2.8025633925528592.
[I 2026-04-10 12:20:59,420] Trial 37 finished with value: -1.0 and parameters: {'num_leaves': 14, 'learning_rate': 0.015195117314414593, 'feature_fraction': 0.9255163983087282, 'atr_multiplier': 2.4807709477409956, 'rrr': 1.5385536418245889}. Best is trial 23 with value: 2.8025633925528592.
[I 2026-04-10 12:20:59,582] Trial 38 finished with value: 1.9229332578615275 and parameters: {'num_leaves': 25, 'learning_rate': 0.055042664205618326, 'feature_fraction': 0.9141448965383265, 'atr_multiplier': 2.46974486607571, 'rrr': 3.3114184799693547}. Best is trial 23 with value: 2.8025633925528592.
[I 2026-04-10 12:21:00,085] Trial 39 finished with value: 2.584985165161129 and parameters: {'num_leaves': 27, 'learning_rate': 0.052729067568109474, 'feature_fraction': 0.7251917753353702, 'atr_multiplier': 3.0067315679734907, 'rrr': 3.8554807147094667}. Best is trial 23 with value: 2.8025633925528592.
[I 2026-04-10 12:21:10,413] A new study created in memory with name: no-name-aebd56c0-df66-4d18-93ea-93c1ac9c930c
[I 2026-04-10 12:22:00,238] Trial 1 finished with value: 2.0494326167516475 and parameters: {'num_leaves': 30, 'learning_rate': 0.036235329655385014, 'feature_fraction': 0.6950264398581374, 'atr_multiplier': 4.032708314268511, 'rrr': 3.774910799242989}. Best is trial 1 with value: 2.0494326167516475.
[I 2026-04-10 12:22:00,431] Trial 2 finished with value: 1.5579372100734032 and parameters: {'num_leaves': 35, 'learning_rate': 0.09861167809328097, 'feature_fraction': 0.9107093346939219, 'atr_multiplier': 2.7472657809049337, 'rrr': 2.8379410834498984}. Best is trial 1 with value: 2.0494326167516475.
[I 2026-04-10 12:22:01,173] Trial 3 finished with value: 1.8138534042049368 and parameters: {'num_leaves': 50, 'learning_rate': 0.04549512574319976, 'feature_fraction': 0.8016722818307274, 'atr_multiplier': 2.6393391362410243, 'rrr': 3.189582608655792}. Best is trial 1 with value: 2.0494326167516475.
[I 2026-04-10 12:22:01,613] Trial 0 finished with value: 1.2551706067805868 and parameters: {'num_leaves': 57, 'learning_rate': 0.06630659569766972, 'feature_fraction': 0.990734091494536, 'atr_multiplier': 4.703922319622419, 'rrr': 2.729117729779075}. Best is trial 1 with value: 2.0494326167516475.
