[I 2026-04-10 08:55:44,267] Trial 16 finished with value: 1.7922686853173513 and parameters: {'num_leaves': 9, 'learning_rate': 0.05963412200234067, 'feature_fraction': 0.6918657586799352, 'atr_multiplier': 2.3645781164629582, 'rrr': 3.119176159444292}. Best is trial 10 with value: 2.5814097571395407.
[I 2026-04-10 08:55:57,122] Trial 17 finished with value: -1.0 and parameters: {'num_leaves': 23, 'learning_rate': 0.0466158052817873, 'feature_fraction': 0.7185970751423, 'atr_multiplier': 2.4820220474695684, 'rrr': 1.5011958222687234}. Best is trial 10 with value: 2.5814097571395407.
[I 2026-04-10 08:55:57,634] Trial 18 finished with value: 2.3088179328734584 and parameters: {'num_leaves': 25, 'learning_rate': 0.07540346566708363, 'feature_fraction': 0.6607728594370197, 'atr_multiplier': 2.7196621369913734, 'rrr': 3.6246033642876325}. Best is trial 10 with value: 2.5814097571395407.
[I 2026-04-10 08:55:57,772] Trial 19 finished with value: 2.3245686495959896 and parameters: {'num_leaves': 26, 'learning_rate': 0.07614354320150389, 'feature_fraction': 0.8294049789865616, 'atr_multiplier': 2.7011286277383104, 'rrr': 3.6294678882401117}. Best is trial 10 with value: 2.5814097571395407.
[I 2026-04-10 08:56:30,082] Trial 20 finished with value: 2.266010775598961 and parameters: {'num_leaves': 25, 'learning_rate': 0.07361819204165755, 'feature_fraction': 0.8195594131122462, 'atr_multiplier': 2.866523107371525, 'rrr': 3.554681034131948}. Best is trial 10 with value: 2.5814097571395407.
[I 2026-04-10 08:56:46,258] Trial 21 finished with value: 2.344941575901131 and parameters: {'num_leaves': 26, 'learning_rate': 0.07284313325372098, 'feature_fraction': 0.8130720213505759, 'atr_multiplier': 2.9452891415741544, 'rrr': 3.581509950460137}. Best is trial 10 with value: 2.5814097571395407.
[I 2026-04-10 08:56:47,299] Trial 23 finished with value: 1.3316029324913212 and parameters: {'num_leaves': 55, 'learning_rate': 0.027352915089565537, 'feature_fraction': 0.5009072776441699, 'atr_multiplier': 3.7004847064932136, 'rrr': 2.8909083015604664}. Best is trial 10 with value: 2.5814097571395407.
[I 2026-04-10 08:56:47,812] Trial 22 finished with value: 2.274575355667504 and parameters: {'num_leaves': 52, 'learning_rate': 0.03221836711748131, 'feature_fraction': 0.5036974504724758, 'atr_multiplier': 2.906605711526513, 'rrr': 3.6054634093459534}. Best is trial 10 with value: 2.5814097571395407.
[I 2026-04-10 08:57:13,500] Trial 24 finished with value: 2.439899730844262 and parameters: {'num_leaves': 55, 'learning_rate': 0.029046339842315656, 'feature_fraction': 0.5029192690066812, 'atr_multiplier': 3.78845612962922, 'rrr': 3.9763437648254936}. Best is trial 10 with value: 2.5814097571395407.
[I 2026-04-10 08:57:34,687] Trial 26 finished with value: 2.734157842591683 and parameters: {'num_leaves': 39, 'learning_rate': 0.09893588120393637, 'feature_fraction': 0.5415409818235042, 'atr_multiplier': 3.1433670664843647, 'rrr': 3.9905543189662835}. Best is trial 26 with value: 2.734157842591683.
[I 2026-04-10 08:57:34,900] Trial 25 finished with value: 2.4792578553723357 and parameters: {'num_leaves': 55, 'learning_rate': 0.029316260769628698, 'feature_fraction': 0.5262498586390314, 'atr_multiplier': 3.790270000324691, 'rrr': 3.984180788044674}. Best is trial 26 with value: 2.734157842591683.
[I 2026-04-10 08:57:35,976] Trial 27 finished with value: 2.622451825666531 and parameters: {'num_leaves': 38, 'learning_rate': 0.08596753204476332, 'feature_fraction': 0.8976441472736664, 'atr_multiplier': 3.0666417807008926, 'rrr': 3.9210789487052966}. Best is trial 26 with value: 2.734157842591683.
[I 2026-04-10 08:57:53,970] Trial 28 finished with value: 2.5109420903219095 and parameters: {'num_leaves': 39, 'learning_rate': 0.09823812589907993, 'feature_fraction': 0.9015666134997442, 'atr_multiplier': 3.0506552052213913, 'rrr': 3.8164908506749144}. Best is trial 26 with value: 2.734157842591683.
[I 2026-04-10 08:58:22,314] Trial 29 finished with value: 2.4252893359209104 and parameters: {'num_leaves': 33, 'learning_rate': 0.0839862725674344, 'feature_fraction': 0.8954618022734465, 'atr_multiplier': 3.0613366363050014, 'rrr': 3.7633513202176108}. Best is trial 26 with value: 2.734157842591683.
[I 2026-04-10 08:58:22,536] Trial 30 finished with value: 1.8803116976746643 and parameters: {'num_leaves': 20, 'learning_rate': 0.08543069813888643, 'feature_fraction': 0.6393711006179632, 'atr_multiplier': 3.0546422702082117, 'rrr': 3.313306569674018}. Best is trial 26 with value: 2.734157842591683.
[I 2026-04-10 08:58:23,463] Trial 31 finished with value: 2.3269679568523025 and parameters: {'num_leaves': 36, 'learning_rate': 0.08316681551499734, 'feature_fraction': 0.8882992226111205, 'atr_multiplier': 3.096854519294573, 'rrr': 3.737077149268572}. Best is trial 26 with value: 2.734157842591683.
[I 2026-04-10 08:58:38,045] Trial 32 finished with value: 1.9959474441747842 and parameters: {'num_leaves': 34, 'learning_rate': 0.08742391431051885, 'feature_fraction': 0.6624131074382236, 'atr_multiplier': 3.5504491629827353, 'rrr': 3.3693714502427556}. Best is trial 26 with value: 2.734157842591683.
[I 2026-04-10 08:59:11,814] Trial 35 finished with value: 2.7313429210880282 and parameters: {'num_leaves': 15, 'learning_rate': 0.09123447027207249, 'feature_fraction': 0.7700128290646413, 'atr_multiplier': 2.5614296211835494, 'rrr': 3.9929896800404245}. Best is trial 26 with value: 2.734157842591683.
[I 2026-04-10 08:59:12,079] Trial 33 finished with value: 2.016240991742602 and parameters: {'num_leaves': 39, 'learning_rate': 0.08962784476594085, 'feature_fraction': 0.6404488138664076, 'atr_multiplier': 3.5237252620421002, 'rrr': 3.379734235273908}. Best is trial 26 with value: 2.734157842591683.
[I 2026-04-10 08:59:12,488] Trial 34 finished with value: 2.1620034064167535 and parameters: {'num_leaves': 31, 'learning_rate': 0.06736617520259092, 'feature_fraction': 0.7764344228982505, 'atr_multiplier': 2.569284769882537, 'rrr': 3.428203449463283}. Best is trial 26 with value: 2.734157842591683.
[I 2026-04-10 08:59:23,152] Trial 36 finished with value: 2.650325447249952 and parameters: {'num_leaves': 42, 'learning_rate': 0.09205186302826673, 'feature_fraction': 0.7665683666764803, 'atr_multiplier': 2.5377172138077295, 'rrr': 3.870236890732484}. Best is trial 26 with value: 2.734157842591683.
[I 2026-04-10 08:59:48,537] Trial 38 finished with value: 2.48283258583387 and parameters: {'num_leaves': 30, 'learning_rate': 0.093662537555694, 'feature_fraction': 0.9540877673021909, 'atr_multiplier': 2.5590981003544666, 'rrr': 3.7388682493426972}. Best is trial 26 with value: 2.734157842591683.
[I 2026-04-10 08:59:48,722] Trial 37 finished with value: 2.1679728883551594 and parameters: {'num_leaves': 30, 'learning_rate': 0.09229704732198318, 'feature_fraction': 0.7765882881103497, 'atr_multiplier': 3.476182035286194, 'rrr': 3.462101470546594}. Best is trial 26 with value: 2.734157842591683.
[I 2026-04-10 08:59:49,581] Trial 39 finished with value: 2.443826961299193 and parameters: {'num_leaves': 44, 'learning_rate': 0.09263577837349153, 'feature_fraction': 0.948278893849691, 'atr_multiplier': 3.356442057710422, 'rrr': 3.730110485827615}. Best is trial 26 with value: 2.734157842591683.
[I 2026-04-10 09:00:00,403] A new study created in memory with name: no-name-314cd53a-30bd-43bd-9b27-7a3e07f665d4
[I 2026-04-10 09:00:48,799] Trial 0 finished with value: -1.0 and parameters: {'num_leaves': 30, 'learning_rate': 0.010143914273097628, 'feature_fraction': 0.8463740679180713, 'atr_multiplier': 2.035388834072337, 'rrr': 2.0532485997948595}. Best is trial 0 with value: -1.0.
[I 2026-04-10 09:00:49,118] Trial 1 finished with value: 0.500897107437883 and parameters: {'num_leaves': 21, 'learning_rate': 0.0435531546422056, 'feature_fraction': 0.6230263484844426, 'atr_multiplier': 3.760786445117249, 'rrr': 2.388683536319865}. Best is trial 1 with value: 0.500897107437883.
[I 2026-04-10 09:00:49,753] Trial 2 finished with value: 1.3543050291258887 and parameters: {'num_leaves': 36, 'learning_rate': 0.022806571952996166, 'feature_fraction': 0.7494547038541117, 'atr_multiplier': 3.8031323386938567, 'rrr': 2.9283216143151196}. Best is trial 2 with value: 1.3543050291258887.
[I 2026-04-10 09:00:50,139] Trial 3 finished with value: 1.097682430379558 and parameters: {'num_leaves': 36, 'learning_rate': 0.013308743418244864, 'feature_fraction': 0.6535265664073728, 'atr_multiplier': 4.278158763674385, 'rrr': 2.74613738396593}. Best is trial 2 with value: 1.3543050291258887.
[I 2026-04-10 09:01:35,242] Trial 6 finished with value: 2.0008858863711105 and parameters: {'num_leaves': 20, 'learning_rate': 0.08348102701801191, 'feature_fraction': 0.9758950318031128, 'atr_multiplier': 3.678053878122178, 'rrr': 3.3810262666666806}. Best is trial 6 with value: 2.0008858863711105.
[I 2026-04-10 09:01:35,852] Trial 7 finished with value: 2.3891233204829208 and parameters: {'num_leaves': 36, 'learning_rate': 0.0820363838449359, 'feature_fraction': 0.5677991113654088, 'atr_multiplier': 4.49733931293473, 'rrr': 3.7398973042181973}. Best is trial 7 with value: 2.3891233204829208.
[I 2026-04-10 09:01:36,164] Trial 4 finished with value: 2.42352286496689 and parameters: {'num_leaves': 58, 'learning_rate': 0.04714701952504806, 'feature_fraction': 0.911036098145325, 'atr_multiplier': 3.255994190880061, 'rrr': 3.499991755884231}. Best is trial 4 with value: 2.42352286496689.
[I 2026-04-10 09:01:36,443] Trial 5 finished with value: 1.226661887564561 and parameters: {'num_leaves': 47, 'learning_rate': 0.03139044208174416, 'feature_fraction': 0.6154091498524188, 'atr_multiplier': 2.73516029453222, 'rrr': 2.382172686149567}. Best is trial 4 with value: 2.42352286496689.
[I 2026-04-10 09:02:23,010] Trial 11 finished with value: 0.7079130840449048 and parameters: {'num_leaves': 24, 'learning_rate': 0.08018712358266439, 'feature_fraction': 0.6962362196491352, 'atr_multiplier': 2.158579782006361, 'rrr': 1.875341677688543}. Best is trial 4 with value: 2.42352286496689.
[I 2026-04-10 09:02:23,452] Trial 10 finished with value: 0.3969639982893495 and parameters: {'num_leaves': 37, 'learning_rate': 0.04496025725455516, 'feature_fraction': 0.9578522853707547, 'atr_multiplier': 4.904506490878657, 'rrr': 1.887666130140119}. Best is trial 4 with value: 2.42352286496689.
[I 2026-04-10 09:02:24,356] Trial 9 finished with value: 2.6708824249165732 and parameters: {'num_leaves': 44, 'learning_rate': 0.08383513365408171, 'feature_fraction': 0.5481142559578298, 'atr_multiplier': 2.044178394762178, 'rrr': 3.977859906853928}. Best is trial 9 with value: 2.6708824249165732.
[I 2026-04-10 09:02:25,078] Trial 8 finished with value: 1.8007522793681507 and parameters: {'num_leaves': 63, 'learning_rate': 0.046351092090353666, 'feature_fraction': 0.8161464463951227, 'atr_multiplier': 4.512974297913713, 'rrr': 3.426128419052226}. Best is trial 9 with value: 2.6708824249165732.
[I 2026-04-10 09:03:10,976] Trial 12 finished with value: 0.8706953846620054 and parameters: {'num_leaves': 28, 'learning_rate': 0.0833907732195676, 'feature_fraction': 0.8002477390904925, 'atr_multiplier': 2.762973212966917, 'rrr': 2.031043076993008}. Best is trial 9 with value: 2.6708824249165732.
[I 2026-04-10 09:03:12,665] Trial 15 finished with value: 2.705512557213417 and parameters: {'num_leaves': 56, 'learning_rate': 0.06558755901105777, 'feature_fraction': 0.5074809964054994, 'atr_multiplier': 2.94409051191219, 'rrr': 3.920996084420543}. Best is trial 15 with value: 2.705512557213417.
[I 2026-04-10 09:03:12,750] Trial 14 finished with value: 2.764449161534946 and parameters: {'num_leaves': 61, 'learning_rate': 0.0644814116200124, 'feature_fraction': 0.5139627885452159, 'atr_multiplier': 2.884311482223069, 'rrr': 3.9562793001346854}. Best is trial 14 with value: 2.764449161534946.
[I 2026-04-10 09:03:13,106] Trial 13 finished with value: 2.8388655208897275 and parameters: {'num_leaves': 64, 'learning_rate': 0.05927390746314392, 'feature_fraction': 0.8644677477850787, 'atr_multiplier': 3.0488222964199325, 'rrr': 3.9479370122511925}. Best is trial 13 with value: 2.8388655208897275.
[I 2026-04-10 09:03:57,926] Trial 16 finished with value: 2.82671688902265 and parameters: {'num_leaves': 57, 'learning_rate': 0.06100441045942774, 'feature_fraction': 0.528225802788564, 'atr_multiplier': 2.9000530007963103, 'rrr': 3.968313827584142}. Best is trial 13 with value: 2.8388655208897275.
[I 2026-04-10 09:03:59,453] Trial 18 finished with value: 2.84925797062424 and parameters: {'num_leaves': 54, 'learning_rate': 0.06693868761431497, 'feature_fraction': 0.5281715907811528, 'atr_multiplier': 3.0244491422311026, 'rrr': 3.916934728756147}. Best is trial 18 with value: 2.84925797062424.
[I 2026-04-10 09:03:59,714] Trial 17 finished with value: 2.746556114265033 and parameters: {'num_leaves': 51, 'learning_rate': 0.06462733864160748, 'feature_fraction': 0.5003326000211895, 'atr_multiplier': 2.5654359851344317, 'rrr': 3.9463132409391743}. Best is trial 18 with value: 2.84925797062424.
[I 2026-04-10 09:04:00,611] Trial 19 finished with value: 1.7623957520479938 and parameters: {'num_leaves': 64, 'learning_rate': 0.06744478915987556, 'feature_fraction': 0.8703592617771463, 'atr_multiplier': 3.243419774959887, 'rrr': 3.066363880217953}. Best is trial 18 with value: 2.84925797062424.
[I 2026-04-10 09:04:43,223] Trial 20 finished with value: 1.9921562994365534 and parameters: {'num_leaves': 8, 'learning_rate': 0.06514379525510686, 'feature_fraction': 0.8893541381792567, 'atr_multiplier': 2.4367072575260744, 'rrr': 3.122185756173999}. Best is trial 18 with value: 2.84925797062424.
[I 2026-04-10 09:04:44,615] Trial 22 finished with value: 1.891646758833831 and parameters: {'num_leaves': 10, 'learning_rate': 0.09830377322345599, 'feature_fraction': 0.8816713929672266, 'atr_multiplier': 3.342498441614533, 'rrr': 3.09961084886299}. Best is trial 18 with value: 2.84925797062424.
[I 2026-04-10 09:04:46,181] Trial 21 finished with value: 1.875549984005041 and parameters: {'num_leaves': 51, 'learning_rate': 0.09898029379275239, 'feature_fraction': 0.8936441371473827, 'atr_multiplier': 3.318000156471919, 'rrr': 3.045149246014066}. Best is trial 18 with value: 2.84925797062424.
[I 2026-04-10 09:04:46,299] Trial 23 finished with value: 2.0720260193973767 and parameters: {'num_leaves': 51, 'learning_rate': 0.09385203790555843, 'feature_fraction': 0.7605699900121409, 'atr_multiplier': 3.3446604085768747, 'rrr': 3.1841587890785377}. Best is trial 18 with value: 2.84925797062424.
[I 2026-04-10 09:05:28,493] Trial 24 finished with value: 2.4193781048250753 and parameters: {'num_leaves': 52, 'learning_rate': 0.09613384295973858, 'feature_fraction': 0.72933330600475, 'atr_multiplier': 3.3325630713689613, 'rrr': 3.5729093291848404}. Best is trial 18 with value: 2.84925797062424.
[I 2026-04-10 09:05:30,171] Trial 25 finished with value: 2.6032331374437545 and parameters: {'num_leaves': 53, 'learning_rate': 0.055361625902112355, 'feature_fraction': 0.7332333567064262, 'atr_multiplier': 3.1479693874121146, 'rrr': 3.69736942357091}. Best is trial 18 with value: 2.84925797062424.
[I 2026-04-10 09:05:30,680] Trial 27 finished with value: 2.4725453056414155 and parameters: {'num_leaves': 57, 'learning_rate': 0.055238565855893554, 'feature_fraction': 0.578940068275726, 'atr_multiplier': 3.040538440515674, 'rrr': 3.6480042844691387}. Best is trial 18 with value: 2.84925797062424.
[I 2026-04-10 09:05:30,996] Trial 26 finished with value: 2.489191801455082 and parameters: {'num_leaves': 56, 'learning_rate': 0.05726784239891962, 'feature_fraction': 0.7589850482960122, 'atr_multiplier': 3.043548858577092, 'rrr': 3.6620415681362437}. Best is trial 18 with value: 2.84925797062424.
[I 2026-04-10 09:06:14,462] Trial 28 finished with value: 2.4580308571335703 and parameters: {'num_leaves': 58, 'learning_rate': 0.05683625745526867, 'feature_fraction': 0.5708571938255335, 'atr_multiplier': 3.0298968016595746, 'rrr': 3.69152360702353}. Best is trial 18 with value: 2.84925797062424.
[I 2026-04-10 09:06:15,829] Trial 30 finished with value: 2.5125956515703045 and parameters: {'num_leaves': 45, 'learning_rate': 0.07218934655195086, 'feature_fraction': 0.674999820517787, 'atr_multiplier': 2.3611936713383432, 'rrr': 3.7797272228553647}. Best is trial 18 with value: 2.84925797062424.
[I 2026-04-10 09:06:15,955] Trial 29 finished with value: 0.3538860161575539 and parameters: {'num_leaves': 44, 'learning_rate': 0.05648409963783218, 'feature_fraction': 0.5725816411407347, 'atr_multiplier': 2.991449038271684, 'rrr': 1.5780903134129494}. Best is trial 18 with value: 2.84925797062424.
[I 2026-04-10 09:06:16,043] Trial 31 finished with value: 2.60576363108056 and parameters: {'num_leaves': 42, 'learning_rate': 0.07429867379454863, 'feature_fraction': 0.6739663712619287, 'atr_multiplier': 2.355612469326186, 'rrr': 3.829975686580296}. Best is trial 18 with value: 2.84925797062424.
[I 2026-04-10 09:07:02,953] Trial 32 finished with value: 2.0962097029129767 and parameters: {'num_leaves': 45, 'learning_rate': 0.07345347796474422, 'feature_fraction': 0.6777406023423245, 'atr_multiplier': 2.4141922842944803, 'rrr': 3.317618816682285}. Best is trial 18 with value: 2.84925797062424.
[I 2026-04-10 09:07:05,600] Trial 34 finished with value: 2.6456144356410727 and parameters: {'num_leaves': 61, 'learning_rate': 0.07316255373455995, 'feature_fraction': 0.5341426359815836, 'atr_multiplier': 2.7598880238681844, 'rrr': 3.8489428436180213}. Best is trial 18 with value: 2.84925797062424.
[I 2026-04-10 09:07:05,600] Trial 35 finished with value: 2.0791070110039107 and parameters: {'num_leaves': 61, 'learning_rate': 0.03976295798161428, 'feature_fraction': 0.5303874054533908, 'atr_multiplier': 2.7128238850598216, 'rrr': 3.3147550578069493}. Best is trial 18 with value: 2.84925797062424.
[I 2026-04-10 09:07:05,707] Trial 33 finished with value: 0.37496645665458983 and parameters: {'num_leaves': 61, 'learning_rate': 0.07334284409054218, 'feature_fraction': 0.8295211664005604, 'atr_multiplier': 4.000167253508454, 'rrr': 1.6029599863586963}. Best is trial 18 with value: 2.84925797062424.
[I 2026-04-10 09:07:49,508] Trial 36 finished with value: 2.708998529844629 and parameters: {'num_leaves': 61, 'learning_rate': 0.06275177249944208, 'feature_fraction': 0.5306465292980602, 'atr_multiplier': 2.8038166046639295, 'rrr': 3.8802093367246315}. Best is trial 18 with value: 2.84925797062424.
[I 2026-04-10 09:07:51,845] Trial 37 finished with value: 1.478322241578047 and parameters: {'num_leaves': 61, 'learning_rate': 0.06050156377817627, 'feature_fraction': 0.6202842540460997, 'atr_multiplier': 3.625025830111967, 'rrr': 2.7494946663071436}. Best is trial 18 with value: 2.84925797062424.
[I 2026-04-10 09:07:51,904] Trial 39 finished with value: 1.1527392698255645 and parameters: {'num_leaves': 60, 'learning_rate': 0.06317709139535586, 'feature_fraction': 0.6163170895610895, 'atr_multiplier': 3.546007380435634, 'rrr': 2.5458109110588336}. Best is trial 18 with value: 2.84925797062424.
[I 2026-04-10 09:07:52,558] Trial 38 finished with value: 2.6672840435891025 and parameters: {'num_leaves': 60, 'learning_rate': 0.05042487514344314, 'feature_fraction': 0.6076925772126537, 'atr_multiplier': 3.5299079642739404, 'rrr': 3.967260826595025}. Best is trial 18 with value: 2.84925797062424.
[I 2026-04-10 09:08:03,078] A new study created in memory with name: no-name-4b2d4cc7-a29e-4c91-93e7-b4ef74c2f02c
[I 2026-04-10 09:08:49,012] Trial 3 finished with value: 1.1392577092619882 and parameters: {'num_leaves': 11, 'learning_rate': 0.04154748796431411, 'feature_fraction': 0.9232193395817379, 'atr_multiplier': 3.5372228059957136, 'rrr': 1.7979816446535413}. Best is trial 3 with value: 1.1392577092619882.
[I 2026-04-10 09:08:50,337] Trial 2 finished with value: 1.5048404235629569 and parameters: {'num_leaves': 34, 'learning_rate': 0.010460961397452404, 'feature_fraction': 0.6099001591448432, 'atr_multiplier': 2.636163592742723, 'rrr': 2.809118868590329}. Best is trial 2 with value: 1.5048404235629569.
[I 2026-04-10 09:08:50,554] Trial 0 finished with value: 0.8774220834287894 and parameters: {'num_leaves': 43, 'learning_rate': 0.07761918547632647, 'feature_fraction': 0.9123941416433134, 'atr_multiplier': 4.258540271536059, 'rrr': 2.1312407732955743}. Best is trial 2 with value: 1.5048404235629569.
[I 2026-04-10 09:08:50,598] Trial 1 finished with value: 0.3831698689617535 and parameters: {'num_leaves': 47, 'learning_rate': 0.09057960562104368, 'feature_fraction': 0.9922279764825441, 'atr_multiplier': 4.632642391506604, 'rrr': 1.6282912039344344}. Best is trial 2 with value: 1.5048404235629569.
