[I 2026-04-10 09:17:28,100] A new study created in memory with name: no-name-87873d4c-f1c7-4aff-9250-29d0cc229b6d
[I 2026-04-10 09:18:19,919] Trial 0 finished with value: 0.9912730709740774 and parameters: {'num_leaves': 23, 'learning_rate': 0.024195093013451, 'feature_fraction': 0.9598802513581908, 'atr_multiplier': 2.0272180354851943, 'rrr': 2.1003849673478827}. Best is trial 0 with value: 0.9912730709740774.
[I 2026-04-10 09:18:20,195] Trial 1 finished with value: -1.0 and parameters: {'num_leaves': 26, 'learning_rate': 0.010873184348105185, 'feature_fraction': 0.8999939637768171, 'atr_multiplier': 4.719962797212496, 'rrr': 2.192958598980729}. Best is trial 0 with value: 0.9912730709740774.
[I 2026-04-10 09:18:21,804] Trial 3 finished with value: 2.488633123370728 and parameters: {'num_leaves': 51, 'learning_rate': 0.0646093957872714, 'feature_fraction': 0.6986942869055044, 'atr_multiplier': 4.059516173097891, 'rrr': 3.8575752196999225}. Best is trial 3 with value: 2.488633123370728.
[I 2026-04-10 09:18:21,975] Trial 2 finished with value: 0.4907162674339518 and parameters: {'num_leaves': 63, 'learning_rate': 0.07231475392768628, 'feature_fraction': 0.5269225294494511, 'atr_multiplier': 2.3231265546222906, 'rrr': 1.6920490213236683}. Best is trial 3 with value: 2.488633123370728.
[I 2026-04-10 09:19:06,775] Trial 7 finished with value: 0.8958027736788329 and parameters: {'num_leaves': 14, 'learning_rate': 0.06392246121678256, 'feature_fraction': 0.5870296176538207, 'atr_multiplier': 3.690869669033695, 'rrr': 2.1225410756150613}. Best is trial 3 with value: 2.488633123370728.
[I 2026-04-10 09:19:07,090] Trial 5 finished with value: 0.5407209371214355 and parameters: {'num_leaves': 25, 'learning_rate': 0.05452877421098488, 'feature_fraction': 0.7816968474062556, 'atr_multiplier': 3.959306577620791, 'rrr': 1.6235324886367102}. Best is trial 3 with value: 2.488633123370728.
[I 2026-04-10 09:19:07,367] Trial 4 finished with value: 1.6222933475296437 and parameters: {'num_leaves': 36, 'learning_rate': 0.0786043392729954, 'feature_fraction': 0.8126637885861554, 'atr_multiplier': 3.363389212539114, 'rrr': 2.9304959016086944}. Best is trial 3 with value: 2.488633123370728.
[I 2026-04-10 09:19:09,719] Trial 6 finished with value: 2.021383849024066 and parameters: {'num_leaves': 61, 'learning_rate': 0.08394390520128178, 'feature_fraction': 0.8230482915192756, 'atr_multiplier': 3.356945932677705, 'rrr': 3.2563309552691413}. Best is trial 3 with value: 2.488633123370728.
[I 2026-04-10 09:19:53,631] Trial 10 finished with value: 2.191479579645052 and parameters: {'num_leaves': 15, 'learning_rate': 0.056205027007550104, 'feature_fraction': 0.635240783966061, 'atr_multiplier': 2.589616022631808, 'rrr': 3.4134571326525682}. Best is trial 3 with value: 2.488633123370728.
[I 2026-04-10 09:19:54,031] Trial 11 finished with value: -1.0 and parameters: {'num_leaves': 22, 'learning_rate': 0.020708893701971806, 'feature_fraction': 0.501442391824987, 'atr_multiplier': 2.048144780129478, 'rrr': 1.893610349495752}. Best is trial 3 with value: 2.488633123370728.
[I 2026-04-10 09:19:54,767] Trial 8 finished with value: -1.0 and parameters: {'num_leaves': 43, 'learning_rate': 0.022388414384377386, 'feature_fraction': 0.727137717652762, 'atr_multiplier': 2.0052017026906235, 'rrr': 1.6051307278984255}. Best is trial 3 with value: 2.488633123370728.
[I 2026-04-10 09:19:55,160] Trial 9 finished with value: 2.3331139453323724 and parameters: {'num_leaves': 46, 'learning_rate': 0.06300159329283996, 'feature_fraction': 0.8025328489659085, 'atr_multiplier': 2.562755316670259, 'rrr': 3.614906637896292}. Best is trial 3 with value: 2.488633123370728.
[I 2026-04-10 09:20:41,435] Trial 14 finished with value: 2.771827671532314 and parameters: {'num_leaves': 51, 'learning_rate': 0.048615954799886604, 'feature_fraction': 0.6766701103658549, 'atr_multiplier': 2.750227982861506, 'rrr': 3.9845771364799187}. Best is trial 14 with value: 2.771827671532314.
[I 2026-04-10 09:20:41,796] Trial 12 finished with value: 0.929467784026504 and parameters: {'num_leaves': 56, 'learning_rate': 0.029652916222554934, 'feature_fraction': 0.8314284932446522, 'atr_multiplier': 2.861250367706375, 'rrr': 2.265643069281059}. Best is trial 14 with value: 2.771827671532314.
[I 2026-04-10 09:20:41,869] Trial 15 finished with value: 2.6505055985309642 and parameters: {'num_leaves': 50, 'learning_rate': 0.09982118154410007, 'feature_fraction': 0.689853485773763, 'atr_multiplier': 4.28947692157826, 'rrr': 3.953265590502442}. Best is trial 14 with value: 2.771827671532314.
[I 2026-04-10 09:20:42,453] Trial 13 finished with value: 2.123581053084821 and parameters: {'num_leaves': 48, 'learning_rate': 0.04038070729772689, 'feature_fraction': 0.6964034534090497, 'atr_multiplier': 4.789020829857792, 'rrr': 3.9758432006889284}. Best is trial 14 with value: 2.771827671532314.
[I 2026-04-10 09:21:29,018] Trial 18 finished with value: 2.350078906144033 and parameters: {'num_leaves': 37, 'learning_rate': 0.09482626403717138, 'feature_fraction': 0.6592266758894902, 'atr_multiplier': 4.910853069571209, 'rrr': 3.9808815202818932}. Best is trial 14 with value: 2.771827671532314.
[I 2026-04-10 09:21:29,368] Trial 19 finished with value: 1.3991861087197304 and parameters: {'num_leaves': 37, 'learning_rate': 0.0966532467332393, 'feature_fraction': 0.6253006890506563, 'atr_multiplier': 4.263268882176473, 'rrr': 2.711315070047843}. Best is trial 14 with value: 2.771827671532314.
[I 2026-04-10 09:21:30,347] Trial 17 finished with value: 2.6516423166768135 and parameters: {'num_leaves': 52, 'learning_rate': 0.09630315755982863, 'feature_fraction': 0.6958506559061258, 'atr_multiplier': 4.463464683406547, 'rrr': 3.974720517251373}. Best is trial 14 with value: 2.771827671532314.
[I 2026-04-10 09:21:30,652] Trial 16 finished with value: 2.2621655510244025 and parameters: {'num_leaves': 53, 'learning_rate': 0.042761628026999204, 'feature_fraction': 0.6806956379823815, 'atr_multiplier': 4.417221620497199, 'rrr': 3.908729389193}. Best is trial 14 with value: 2.771827671532314.
[I 2026-04-10 09:22:16,685] Trial 20 finished with value: 1.0437531431280485 and parameters: {'num_leaves': 38, 'learning_rate': 0.043221569782502224, 'feature_fraction': 0.6064813267299868, 'atr_multiplier': 4.374848555320109, 'rrr': 2.738649722795688}. Best is trial 14 with value: 2.771827671532314.
[I 2026-04-10 09:22:16,907] Trial 21 finished with value: 2.313551884166198 and parameters: {'num_leaves': 54, 'learning_rate': 0.03944274203011946, 'feature_fraction': 0.5533681197324857, 'atr_multiplier': 3.0278908169906114, 'rrr': 3.618069178888263}. Best is trial 14 with value: 2.771827671532314.
[I 2026-04-10 09:22:17,267] Trial 22 finished with value: 1.8545851817728796 and parameters: {'num_leaves': 57, 'learning_rate': 0.0416328170734034, 'feature_fraction': 0.563572745924149, 'atr_multiplier': 3.083725832927161, 'rrr': 3.0776513181203367}. Best is trial 14 with value: 2.771827671532314.
[I 2026-04-10 09:22:17,842] Trial 23 finished with value: 2.32911252817974 and parameters: {'num_leaves': 58, 'learning_rate': 0.043559483332306435, 'feature_fraction': 0.5871715208251502, 'atr_multiplier': 2.9869449799320655, 'rrr': 3.5871101486191472}. Best is trial 14 with value: 2.771827671532314.
[I 2026-04-10 09:23:04,405] Trial 26 finished with value: 2.328090472246545 and parameters: {'num_leaves': 44, 'learning_rate': 0.08537061526198507, 'feature_fraction': 0.7613059280472508, 'atr_multiplier': 3.672071659555489, 'rrr': 3.6647331039541893}. Best is trial 14 with value: 2.771827671532314.
[I 2026-04-10 09:23:04,521] Trial 27 finished with value: 2.3303287508780164 and parameters: {'num_leaves': 45, 'learning_rate': 0.08711179870490766, 'feature_fraction': 0.7412043809205668, 'atr_multiplier': 3.7092154907946435, 'rrr': 3.7152841140927957}. Best is trial 14 with value: 2.771827671532314.
[I 2026-04-10 09:23:05,190] Trial 25 finished with value: 2.350382797578659 and parameters: {'num_leaves': 58, 'learning_rate': 0.08892938620198011, 'feature_fraction': 0.7505825150346654, 'atr_multiplier': 3.783012740577314, 'rrr': 3.6205052928038297}. Best is trial 14 with value: 2.771827671532314.
[I 2026-04-10 09:23:05,667] Trial 24 finished with value: 2.354416910066183 and parameters: {'num_leaves': 56, 'learning_rate': 0.08814117848243722, 'feature_fraction': 0.7304418076092158, 'atr_multiplier': 3.0012179623743327, 'rrr': 3.561455706308972}. Best is trial 14 with value: 2.771827671532314.
[I 2026-04-10 09:23:55,278] Trial 28 finished with value: 1.9082032878752575 and parameters: {'num_leaves': 49, 'learning_rate': 0.09920399188299402, 'feature_fraction': 0.7252615819439565, 'atr_multiplier': 4.545548069651119, 'rrr': 3.3912662595131904}. Best is trial 14 with value: 2.771827671532314.
[I 2026-04-10 09:23:55,415] Trial 31 finished with value: 1.778165485331061 and parameters: {'num_leaves': 31, 'learning_rate': 0.09948590421432324, 'feature_fraction': 0.6627235869946713, 'atr_multiplier': 4.501196452245798, 'rrr': 3.334607175135744}. Best is trial 14 with value: 2.771827671532314.
[I 2026-04-10 09:23:56,107] Trial 29 finished with value: 1.791490080466331 and parameters: {'num_leaves': 50, 'learning_rate': 0.09847197139793461, 'feature_fraction': 0.6633769467851365, 'atr_multiplier': 4.6624448245845045, 'rrr': 3.3463808651666684}. Best is trial 14 with value: 2.771827671532314.
[I 2026-04-10 09:23:56,531] Trial 30 finished with value: 1.7945461418863666 and parameters: {'num_leaves': 49, 'learning_rate': 0.09857241184368949, 'feature_fraction': 0.6669523787658448, 'atr_multiplier': 4.532930001596391, 'rrr': 3.3850435350394097}. Best is trial 14 with value: 2.771827671532314.
[I 2026-04-10 09:24:43,045] Trial 32 finished with value: 2.3527623148145236 and parameters: {'num_leaves': 32, 'learning_rate': 0.07379387070647422, 'feature_fraction': 0.8717011310643634, 'atr_multiplier': 4.117508242917377, 'rrr': 3.808525781283844}. Best is trial 14 with value: 2.771827671532314.
[I 2026-04-10 09:24:43,848] Trial 33 finished with value: 2.5131774939510456 and parameters: {'num_leaves': 41, 'learning_rate': 0.07963841332882729, 'feature_fraction': 0.8708795182054218, 'atr_multiplier': 4.132433374053541, 'rrr': 3.7931128403439054}. Best is trial 14 with value: 2.771827671532314.
[I 2026-04-10 09:24:44,397] Trial 35 finished with value: 2.5680319081314034 and parameters: {'num_leaves': 41, 'learning_rate': 0.054580460954898755, 'feature_fraction': 0.9766360513055552, 'atr_multiplier': 4.11047236895651, 'rrr': 3.818265840129472}. Best is trial 14 with value: 2.771827671532314.
[I 2026-04-10 09:24:44,926] Trial 34 finished with value: 2.5664467995951457 and parameters: {'num_leaves': 51, 'learning_rate': 0.07333075201065636, 'feature_fraction': 0.9826174610419807, 'atr_multiplier': 4.128640524746932, 'rrr': 3.827907524707712}. Best is trial 14 with value: 2.771827671532314.
[I 2026-04-10 09:25:29,974] Trial 36 finished with value: 2.5308931051543246 and parameters: {'num_leaves': 42, 'learning_rate': 0.05180720653049154, 'feature_fraction': 0.9921105055751825, 'atr_multiplier': 4.098429006090557, 'rrr': 3.81792291250566}. Best is trial 14 with value: 2.771827671532314.
[I 2026-04-10 09:25:30,690] Trial 37 finished with value: 2.273335539918292 and parameters: {'num_leaves': 41, 'learning_rate': 0.07689542546512264, 'feature_fraction': 0.966289732051856, 'atr_multiplier': 4.232735012180647, 'rrr': 3.780515901897733}. Best is trial 14 with value: 2.771827671532314.
[I 2026-04-10 09:25:31,062] Trial 39 finished with value: 1.0292423108252537 and parameters: {'num_leaves': 40, 'learning_rate': 0.050734702146196596, 'feature_fraction': 0.9274084830138946, 'atr_multiplier': 3.907255894183186, 'rrr': 2.341504876598722}. Best is trial 14 with value: 2.771827671532314.
[I 2026-04-10 09:25:31,260] Trial 38 finished with value: 1.1060560343512973 and parameters: {'num_leaves': 64, 'learning_rate': 0.04978796079640008, 'feature_fraction': 0.9915430473583564, 'atr_multiplier': 3.878753684933143, 'rrr': 2.4363767410648904}. Best is trial 14 with value: 2.771827671532314.
[I 2026-04-10 09:25:41,699] A new study created in memory with name: no-name-e2ee711a-f0ad-46a9-8058-b7280828d3d7
[I 2026-04-10 09:26:29,703] Trial 1 finished with value: 0.5732554113301231 and parameters: {'num_leaves': 15, 'learning_rate': 0.09406058286628934, 'feature_fraction': 0.8161392478680081, 'atr_multiplier': 4.349127686912997, 'rrr': 1.663212908419281}. Best is trial 1 with value: 0.5732554113301231.
[I 2026-04-10 09:26:30,127] Trial 0 finished with value: 0.6447886370751504 and parameters: {'num_leaves': 27, 'learning_rate': 0.06411268572777956, 'feature_fraction': 0.7731774785895078, 'atr_multiplier': 2.3880571405032325, 'rrr': 1.6921829556127257}. Best is trial 0 with value: 0.6447886370751504.
[I 2026-04-10 09:26:30,280] Trial 2 finished with value: 1.8156853785784364 and parameters: {'num_leaves': 28, 'learning_rate': 0.06839418616403559, 'feature_fraction': 0.7342295677996886, 'atr_multiplier': 4.095380857307179, 'rrr': 3.147951847065786}. Best is trial 2 with value: 1.8156853785784364.
[I 2026-04-10 09:26:31,908] Trial 3 finished with value: 0.737835867340462 and parameters: {'num_leaves': 52, 'learning_rate': 0.05123589888427149, 'feature_fraction': 0.5931602772129894, 'atr_multiplier': 4.345691296785575, 'rrr': 1.7228401932795123}. Best is trial 2 with value: 1.8156853785784364.
[I 2026-04-10 09:27:17,133] Trial 5 finished with value: 1.2262892403042511 and parameters: {'num_leaves': 12, 'learning_rate': 0.06652819890538944, 'feature_fraction': 0.6038811648787444, 'atr_multiplier': 2.8319390160848688, 'rrr': 2.1683856537390014}. Best is trial 2 with value: 1.8156853785784364.
[I 2026-04-10 09:27:17,340] Trial 7 finished with value: 1.0093350423464615 and parameters: {'num_leaves': 11, 'learning_rate': 0.04320225920820157, 'feature_fraction': 0.8871995614298862, 'atr_multiplier': 3.0616627778657426, 'rrr': 2.039064133672798}. Best is trial 2 with value: 1.8156853785784364.
[I 2026-04-10 09:27:18,120] Trial 6 finished with value: 1.9557912285534345 and parameters: {'num_leaves': 19, 'learning_rate': 0.04439261519827213, 'feature_fraction': 0.712010862011879, 'atr_multiplier': 2.6009023614771967, 'rrr': 3.226535463933572}. Best is trial 6 with value: 1.9557912285534345.
[I 2026-04-10 09:27:18,552] Trial 4 finished with value: 1.736720261603242 and parameters: {'num_leaves': 64, 'learning_rate': 0.06521716938310405, 'feature_fraction': 0.8424950399489345, 'atr_multiplier': 3.933952218904822, 'rrr': 2.9338638859103003}. Best is trial 6 with value: 1.9557912285534345.
[I 2026-04-10 09:28:05,267] Trial 9 finished with value: 0.9640011085925296 and parameters: {'num_leaves': 19, 'learning_rate': 0.01487943928855805, 'feature_fraction': 0.9471387394500048, 'atr_multiplier': 3.598508546497766, 'rrr': 2.095501623296204}. Best is trial 6 with value: 1.9557912285534345.
[I 2026-04-10 09:28:06,667] Trial 10 finished with value: 2.4282360839076365 and parameters: {'num_leaves': 31, 'learning_rate': 0.06624633542750864, 'feature_fraction': 0.7525042489276839, 'atr_multiplier': 3.8185031968892917, 'rrr': 3.610419569650224}. Best is trial 10 with value: 2.4282360839076365.
[I 2026-04-10 09:28:07,282] Trial 11 finished with value: 1.0784860437744501 and parameters: {'num_leaves': 45, 'learning_rate': 0.0811821866948995, 'feature_fraction': 0.9437078148048986, 'atr_multiplier': 3.757684345862169, 'rrr': 2.431868507412653}. Best is trial 10 with value: 2.4282360839076365.
[I 2026-04-10 09:28:07,730] Trial 8 finished with value: 2.477877753953046 and parameters: {'num_leaves': 61, 'learning_rate': 0.025729982868085206, 'feature_fraction': 0.8266537506817216, 'atr_multiplier': 4.003421352074124, 'rrr': 3.6739529345407336}. Best is trial 8 with value: 2.477877753953046.
[I 2026-04-10 09:28:51,927] Trial 12 finished with value: 1.1752852303037662 and parameters: {'num_leaves': 28, 'learning_rate': 0.09864376698743497, 'feature_fraction': 0.8498364694433497, 'atr_multiplier': 2.6095692716565266, 'rrr': 2.339153671952802}. Best is trial 8 with value: 2.477877753953046.
[I 2026-04-10 09:28:55,261] Trial 13 finished with value: 2.522792420757458 and parameters: {'num_leaves': 41, 'learning_rate': 0.09073061886405574, 'feature_fraction': 0.5005105253375157, 'atr_multiplier': 4.981292736248205, 'rrr': 3.845616891251436}. Best is trial 13 with value: 2.522792420757458.
[I 2026-04-10 09:28:55,425] Trial 15 finished with value: 2.3827655014597404 and parameters: {'num_leaves': 38, 'learning_rate': 0.028060395857052303, 'feature_fraction': 0.6853574787559238, 'atr_multiplier': 4.9446049056665515, 'rrr': 3.9172276574372056}. Best is trial 13 with value: 2.522792420757458.
[I 2026-04-10 09:28:55,699] Trial 14 finished with value: 2.4420124024946284 and parameters: {'num_leaves': 36, 'learning_rate': 0.03352139232087774, 'feature_fraction': 0.7055396796215099, 'atr_multiplier': 4.94030126528072, 'rrr': 3.8719248677513334}. Best is trial 13 with value: 2.522792420757458.
[I 2026-04-10 09:29:38,222] Trial 16 finished with value: 2.2104924587856334 and parameters: {'num_leaves': 40, 'learning_rate': 0.027724382614635223, 'feature_fraction': 0.6866352158952279, 'atr_multiplier': 4.9149218720085655, 'rrr': 3.8750806092242294}. Best is trial 13 with value: 2.522792420757458.
[I 2026-04-10 09:29:44,471] Trial 18 finished with value: 0.3424076198005474 and parameters: {'num_leaves': 64, 'learning_rate': 0.011728246269117509, 'feature_fraction': 0.5020966353504662, 'atr_multiplier': 4.9142805654185695, 'rrr': 3.850324764351779}. Best is trial 13 with value: 2.522792420757458.
[I 2026-04-10 09:29:44,738] Trial 19 finished with value: 2.3290837185340383 and parameters: {'num_leaves': 64, 'learning_rate': 0.010868249724329716, 'feature_fraction': 0.5387271054252792, 'atr_multiplier': 3.1947689884610417, 'rrr': 3.5010645608534117}. Best is trial 13 with value: 2.522792420757458.
[I 2026-04-10 09:29:45,068] Trial 17 finished with value: 2.0669671329505963 and parameters: {'num_leaves': 64, 'learning_rate': 0.022738754318017293, 'feature_fraction': 0.5301261792311808, 'atr_multiplier': 4.944805160894956, 'rrr': 3.940342382745558}. Best is trial 13 with value: 2.522792420757458.
[I 2026-04-10 09:30:22,444] Trial 20 finished with value: 2.1585056776482148 and parameters: {'num_leaves': 64, 'learning_rate': 0.010847024975300764, 'feature_fraction': 0.5256911998965006, 'atr_multiplier': 3.326887598444711, 'rrr': 3.4375988850995896}. Best is trial 13 with value: 2.522792420757458.
[I 2026-04-10 09:30:31,830] Trial 22 finished with value: 2.338340915223216 and parameters: {'num_leaves': 55, 'learning_rate': 0.08651578180135908, 'feature_fraction': 0.646583012472957, 'atr_multiplier': 4.541447467897464, 'rrr': 3.530589115503323}. Best is trial 13 with value: 2.522792420757458.
[I 2026-04-10 09:30:32,303] Trial 23 finished with value: 2.290778155356649 and parameters: {'num_leaves': 52, 'learning_rate': 0.08463730261638903, 'feature_fraction': 0.634627104044645, 'atr_multiplier': 4.5035924890713455, 'rrr': 3.4994791262356175}. Best is trial 13 with value: 2.522792420757458.
[I 2026-04-10 09:30:32,962] Trial 21 finished with value: 2.2870821437808955 and parameters: {'num_leaves': 51, 'learning_rate': 0.08552453561969268, 'feature_fraction': 0.5855588153935533, 'atr_multiplier': 4.549731880862694, 'rrr': 3.4821409037142765}. Best is trial 13 with value: 2.522792420757458.
[I 2026-04-10 09:31:08,749] Trial 24 finished with value: 2.395144609837134 and parameters: {'num_leaves': 52, 'learning_rate': 0.03544857461198861, 'feature_fraction': 0.6575931975097534, 'atr_multiplier': 4.559100672522761, 'rrr': 3.650969534006516}. Best is trial 13 with value: 2.522792420757458.
[I 2026-04-10 09:31:24,058] Trial 25 finished with value: 1.3333416896095323 and parameters: {'num_leaves': 46, 'learning_rate': 0.03681970101502739, 'feature_fraction': 0.988356372171638, 'atr_multiplier': 4.590945140588647, 'rrr': 2.7488908198913133}. Best is trial 13 with value: 2.522792420757458.
[I 2026-04-10 09:31:24,167] Trial 27 finished with value: 2.368798831351225 and parameters: {'num_leaves': 45, 'learning_rate': 0.038466873724332155, 'feature_fraction': 0.8951483409778582, 'atr_multiplier': 4.732413378652673, 'rrr': 3.7574160199868563}. Best is trial 13 with value: 2.522792420757458.
[I 2026-04-10 09:31:24,301] Trial 26 finished with value: 2.3529535748736845 and parameters: {'num_leaves': 45, 'learning_rate': 0.03645628900810052, 'feature_fraction': 0.7985119094945897, 'atr_multiplier': 4.638270053030741, 'rrr': 3.702162906812424}. Best is trial 13 with value: 2.522792420757458.
[I 2026-04-10 09:31:59,520] Trial 28 finished with value: 2.0412497340411964 and parameters: {'num_leaves': 44, 'learning_rate': 0.038403622021167184, 'feature_fraction': 0.7948448586583754, 'atr_multiplier': 4.098944195270446, 'rrr': 3.2201225991145876}. Best is trial 13 with value: 2.522792420757458.
[I 2026-04-10 09:32:16,894] Trial 30 finished with value: 2.80534295433298 and parameters: {'num_leaves': 33, 'learning_rate': 0.01929340582012632, 'feature_fraction': 0.7876246051415017, 'atr_multiplier': 4.148453715596101, 'rrr': 3.988454920016968}. Best is trial 30 with value: 2.80534295433298.
[I 2026-04-10 09:32:17,224] Trial 29 finished with value: 1.9378852643957527 and parameters: {'num_leaves': 34, 'learning_rate': 0.02255179300656899, 'feature_fraction': 0.7946746381116004, 'atr_multiplier': 4.111195413883441, 'rrr': 3.2704796209728495}. Best is trial 30 with value: 2.80534295433298.
[I 2026-04-10 09:32:17,935] Trial 31 finished with value: 2.114341079699064 and parameters: {'num_leaves': 34, 'learning_rate': 0.055222884658288555, 'feature_fraction': 0.7866728276618694, 'atr_multiplier': 2.037910571196863, 'rrr': 3.2565189948744173}. Best is trial 30 with value: 2.80534295433298.
