[I 2026-04-10 11:46:43,218] Trial 31 finished with value: 2.6147751959788637 and parameters: {'num_leaves': 46, 'learning_rate': 0.07255580577914639, 'feature_fraction': 0.8871501648910745, 'atr_multiplier': 4.228386814450668, 'rrr': 3.998430344943689}. Best is trial 16 with value: 2.650976520039472.
[I 2026-04-10 11:46:44,141] Trial 30 finished with value: 2.2777184870115494 and parameters: {'num_leaves': 46, 'learning_rate': 0.026728438982031526, 'feature_fraction': 0.7478085358887909, 'atr_multiplier': 4.247380914715781, 'rrr': 3.7864537431242358}. Best is trial 16 with value: 2.650976520039472.
[I 2026-04-10 11:47:27,629] Trial 32 finished with value: 2.414506703939936 and parameters: {'num_leaves': 57, 'learning_rate': 0.06241019279248085, 'feature_fraction': 0.8767454958576693, 'atr_multiplier': 4.2890478227524405, 'rrr': 3.780147718578411}. Best is trial 16 with value: 2.650976520039472.
[I 2026-04-10 11:47:28,413] Trial 33 finished with value: 2.2887827645918195 and parameters: {'num_leaves': 58, 'learning_rate': 0.05756731251820365, 'feature_fraction': 0.8858416890406545, 'atr_multiplier': 4.409548541698544, 'rrr': 3.7854389521242804}. Best is trial 16 with value: 2.650976520039472.
[I 2026-04-10 11:47:28,645] Trial 35 finished with value: 2.706073376556349 and parameters: {'num_leaves': 57, 'learning_rate': 0.05967023959132601, 'feature_fraction': 0.8803797303573515, 'atr_multiplier': 4.279695192956211, 'rrr': 3.9914727596534965}. Best is trial 35 with value: 2.706073376556349.
[I 2026-04-10 11:47:29,090] Trial 34 finished with value: 2.460964748481906 and parameters: {'num_leaves': 58, 'learning_rate': 0.07277739505168955, 'feature_fraction': 0.8785491462660853, 'atr_multiplier': 4.29840165753539, 'rrr': 3.794218733860158}. Best is trial 35 with value: 2.706073376556349.
[I 2026-04-10 11:48:13,503] Trial 37 finished with value: 2.4374874770390944 and parameters: {'num_leaves': 36, 'learning_rate': 0.07186939654287051, 'feature_fraction': 0.9503215850695589, 'atr_multiplier': 4.828365014611706, 'rrr': 3.9912869245761313}. Best is trial 35 with value: 2.706073376556349.
[I 2026-04-10 11:48:13,783] Trial 36 finished with value: 2.7437963080699426 and parameters: {'num_leaves': 55, 'learning_rate': 0.07422599176226796, 'feature_fraction': 0.8817746109475981, 'atr_multiplier': 3.1190984971227396, 'rrr': 3.961254485983198}. Best is trial 36 with value: 2.7437963080699426.
[I 2026-04-10 11:48:14,144] Trial 38 finished with value: 2.0291606150903836 and parameters: {'num_leaves': 60, 'learning_rate': 0.07384484840276215, 'feature_fraction': 0.8718073176343573, 'atr_multiplier': 4.843323128319629, 'rrr': 3.450824861126537}. Best is trial 36 with value: 2.7437963080699426.
[I 2026-04-10 11:48:14,516] Trial 39 finished with value: 1.9613114161846292 and parameters: {'num_leaves': 64, 'learning_rate': 0.07855642064845161, 'feature_fraction': 0.959203336550658, 'atr_multiplier': 4.772045681682553, 'rrr': 3.4415097752780572}. Best is trial 36 with value: 2.7437963080699426.
[I 2026-04-10 11:48:24,232] A new study created in memory with name: no-name-4b209398-11bc-4f31-9fa5-0f29bb095e78
[I 2026-04-10 11:49:11,379] Trial 3 finished with value: 0.6069101449108958 and parameters: {'num_leaves': 21, 'learning_rate': 0.07219711800819818, 'feature_fraction': 0.7003271169530025, 'atr_multiplier': 4.985280554876278, 'rrr': 2.470968822872745}. Best is trial 3 with value: 0.6069101449108958.
[I 2026-04-10 11:49:12,367] Trial 0 finished with value: 2.4449892712550687 and parameters: {'num_leaves': 52, 'learning_rate': 0.07114524586232183, 'feature_fraction': 0.6388285082804572, 'atr_multiplier': 3.9343412723947604, 'rrr': 3.6565018513500696}. Best is trial 0 with value: 2.4449892712550687.
[I 2026-04-10 11:49:12,384] Trial 2 finished with value: 2.27768554631176 and parameters: {'num_leaves': 59, 'learning_rate': 0.053797180288644324, 'feature_fraction': 0.6285407810639513, 'atr_multiplier': 3.2521187255011466, 'rrr': 3.6443023297248844}. Best is trial 0 with value: 2.4449892712550687.
[I 2026-04-10 11:49:13,245] Trial 1 finished with value: 1.6017847573358275 and parameters: {'num_leaves': 54, 'learning_rate': 0.03912204912560539, 'feature_fraction': 0.9815050372189256, 'atr_multiplier': 2.0578702751014295, 'rrr': 2.80726384234135}. Best is trial 0 with value: 2.4449892712550687.
[I 2026-04-10 11:49:57,390] Trial 4 finished with value: 1.1460201811839736 and parameters: {'num_leaves': 25, 'learning_rate': 0.018856983474875553, 'feature_fraction': 0.8104533461292013, 'atr_multiplier': 3.7733555332577886, 'rrr': 2.7803160558887647}. Best is trial 0 with value: 2.4449892712550687.
[I 2026-04-10 11:49:58,999] Trial 7 finished with value: 1.8176290710465621 and parameters: {'num_leaves': 45, 'learning_rate': 0.049939408254836594, 'feature_fraction': 0.9237052512916841, 'atr_multiplier': 3.0547434705592753, 'rrr': 3.1838704936066287}. Best is trial 0 with value: 2.4449892712550687.
[I 2026-04-10 11:49:59,143] Trial 5 finished with value: 0.8529446146454013 and parameters: {'num_leaves': 52, 'learning_rate': 0.0960573493120589, 'feature_fraction': 0.6844959052917667, 'atr_multiplier': 4.127905642836761, 'rrr': 2.1527831897196132}. Best is trial 0 with value: 2.4449892712550687.
[I 2026-04-10 11:49:59,332] Trial 6 finished with value: 0.5072336257597837 and parameters: {'num_leaves': 58, 'learning_rate': 0.023105755160148865, 'feature_fraction': 0.7048231774029061, 'atr_multiplier': 4.994601844083228, 'rrr': 2.239138450348668}. Best is trial 0 with value: 2.4449892712550687.
[I 2026-04-10 11:50:49,699] Trial 8 finished with value: 1.189920029747662 and parameters: {'num_leaves': 53, 'learning_rate': 0.05814181015536804, 'feature_fraction': 0.8177162627971237, 'atr_multiplier': 2.4163097565476717, 'rrr': 2.429882778647214}. Best is trial 0 with value: 2.4449892712550687.
[I 2026-04-10 11:50:50,709] Trial 10 finished with value: 2.2566899948252788 and parameters: {'num_leaves': 33, 'learning_rate': 0.011440281209868283, 'feature_fraction': 0.5671530696090066, 'atr_multiplier': 3.414211575981801, 'rrr': 3.895953380541248}. Best is trial 0 with value: 2.4449892712550687.
[I 2026-04-10 11:50:51,884] Trial 9 finished with value: 0.8816358459800134 and parameters: {'num_leaves': 46, 'learning_rate': 0.062331672767885066, 'feature_fraction': 0.7446884919381505, 'atr_multiplier': 2.8276662597763362, 'rrr': 2.1588660572979563}. Best is trial 0 with value: 2.4449892712550687.
[I 2026-04-10 11:50:52,115] Trial 11 finished with value: 0.7128369937388228 and parameters: {'num_leaves': 45, 'learning_rate': 0.031791488481288176, 'feature_fraction': 0.9771771089426049, 'atr_multiplier': 2.7636929101819687, 'rrr': 1.9207444222818584}. Best is trial 0 with value: 2.4449892712550687.
[I 2026-04-10 11:51:38,055] Trial 12 finished with value: 1.035345029840459 and parameters: {'num_leaves': 27, 'learning_rate': 0.04392529656615762, 'feature_fraction': 0.8579652606356992, 'atr_multiplier': 3.7834702952514783, 'rrr': 2.6422417164007648}. Best is trial 0 with value: 2.4449892712550687.
[I 2026-04-10 11:51:40,896] Trial 13 finished with value: 0.15891916067545298 and parameters: {'num_leaves': 8, 'learning_rate': 0.0870991269087376, 'feature_fraction': 0.501769051642853, 'atr_multiplier': 4.225994200965745, 'rrr': 1.6178383213509058}. Best is trial 0 with value: 2.4449892712550687.
[I 2026-04-10 11:51:43,732] Trial 15 finished with value: 2.632558750599648 and parameters: {'num_leaves': 63, 'learning_rate': 0.07778250173692727, 'feature_fraction': 0.5650193311543107, 'atr_multiplier': 4.165977054246679, 'rrr': 3.827739458002182}. Best is trial 15 with value: 2.632558750599648.
[I 2026-04-10 11:51:43,867] Trial 14 finished with value: 2.641889135171979 and parameters: {'num_leaves': 63, 'learning_rate': 0.08144669104044693, 'feature_fraction': 0.5478960851609207, 'atr_multiplier': 4.3567227371602995, 'rrr': 3.9081929459936364}. Best is trial 14 with value: 2.641889135171979.
[I 2026-04-10 11:52:28,277] Trial 16 finished with value: 2.709431485619315 and parameters: {'num_leaves': 64, 'learning_rate': 0.08106523531887626, 'feature_fraction': 0.5635817030111426, 'atr_multiplier': 4.366457469674747, 'rrr': 3.887410900013245}. Best is trial 16 with value: 2.709431485619315.
[I 2026-04-10 11:52:29,461] Trial 17 finished with value: 2.5803758771627625 and parameters: {'num_leaves': 63, 'learning_rate': 0.06882844887671263, 'feature_fraction': 0.6184494398800122, 'atr_multiplier': 4.3910638839318885, 'rrr': 3.8936113657403975}. Best is trial 16 with value: 2.709431485619315.
[I 2026-04-10 11:52:30,662] Trial 19 finished with value: 1.9488038147068876 and parameters: {'num_leaves': 63, 'learning_rate': 0.08290329014174871, 'feature_fraction': 0.5069735628463882, 'atr_multiplier': 4.503590673254991, 'rrr': 3.2432484053656805}. Best is trial 16 with value: 2.709431485619315.
[I 2026-04-10 11:52:30,906] Trial 18 finished with value: 1.9673486622737204 and parameters: {'num_leaves': 64, 'learning_rate': 0.07683577421264161, 'feature_fraction': 0.5975388486700918, 'atr_multiplier': 4.393197391990261, 'rrr': 3.3443901569984824}. Best is trial 16 with value: 2.709431485619315.
[I 2026-04-10 11:53:16,019] Trial 20 finished with value: 1.9038838632377315 and parameters: {'num_leaves': 64, 'learning_rate': 0.08860016997834383, 'feature_fraction': 0.5111478733591541, 'atr_multiplier': 4.536596289182244, 'rrr': 3.213586596112819}. Best is trial 16 with value: 2.709431485619315.
[I 2026-04-10 11:53:16,021] Trial 21 finished with value: 1.869425648860135 and parameters: {'num_leaves': 38, 'learning_rate': 0.09718080840421847, 'feature_fraction': 0.5016328819643339, 'atr_multiplier': 4.508026430406831, 'rrr': 3.2984879028911647}. Best is trial 16 with value: 2.709431485619315.
[I 2026-04-10 11:53:16,394] Trial 22 finished with value: 1.811546806049061 and parameters: {'num_leaves': 39, 'learning_rate': 0.09688667997511143, 'feature_fraction': 0.5622450205658942, 'atr_multiplier': 4.614478614067956, 'rrr': 3.244883755336988}. Best is trial 16 with value: 2.709431485619315.
[I 2026-04-10 11:53:16,401] Trial 23 finished with value: 2.1342173321662097 and parameters: {'num_leaves': 38, 'learning_rate': 0.08473306364597435, 'feature_fraction': 0.5407087758770042, 'atr_multiplier': 4.700659158164361, 'rrr': 3.4857602585684813}. Best is trial 16 with value: 2.709431485619315.
[I 2026-04-10 11:54:04,772] Trial 24 finished with value: 2.621680617694207 and parameters: {'num_leaves': 39, 'learning_rate': 0.0986163290438998, 'feature_fraction': 0.5577855493332752, 'atr_multiplier': 4.723679144747502, 'rrr': 3.985851775445082}. Best is trial 16 with value: 2.709431485619315.
[I 2026-04-10 11:54:04,961] Trial 25 finished with value: 2.6723831079813065 and parameters: {'num_leaves': 59, 'learning_rate': 0.08006599199250905, 'feature_fraction': 0.6581685482145208, 'atr_multiplier': 4.702283862603883, 'rrr': 3.989697709819909}. Best is trial 16 with value: 2.709431485619315.
[I 2026-04-10 11:54:05,248] Trial 26 finished with value: 2.768904871086637 and parameters: {'num_leaves': 58, 'learning_rate': 0.0789524471188701, 'feature_fraction': 0.665942267163136, 'atr_multiplier': 4.031944769705725, 'rrr': 3.961010660776342}. Best is trial 26 with value: 2.768904871086637.
[I 2026-04-10 11:54:05,700] Trial 27 finished with value: 2.747408559151229 and parameters: {'num_leaves': 58, 'learning_rate': 0.07810412165647951, 'feature_fraction': 0.663503272270159, 'atr_multiplier': 3.9788546748855422, 'rrr': 3.9444735451918578}. Best is trial 26 with value: 2.768904871086637.
[I 2026-04-10 11:54:54,462] Trial 28 finished with value: 2.4117397260567794 and parameters: {'num_leaves': 58, 'learning_rate': 0.07901651282298197, 'feature_fraction': 0.6731870025911788, 'atr_multiplier': 4.101561206724776, 'rrr': 3.672880751706972}. Best is trial 26 with value: 2.768904871086637.
[I 2026-04-10 11:54:54,934] Trial 30 finished with value: 1.6176452809683273 and parameters: {'num_leaves': 57, 'learning_rate': 0.06398791136002482, 'feature_fraction': 0.6690488951041849, 'atr_multiplier': 3.8983395542969657, 'rrr': 2.983731843818047}. Best is trial 26 with value: 2.768904871086637.
[I 2026-04-10 11:54:54,995] Trial 31 finished with value: 1.529480752503805 and parameters: {'num_leaves': 48, 'learning_rate': 0.06450270502187624, 'feature_fraction': 0.7454947156776969, 'atr_multiplier': 3.5923840738348156, 'rrr': 2.9661036689043105}. Best is trial 26 with value: 2.768904871086637.
[I 2026-04-10 11:54:55,817] Trial 29 finished with value: 2.3601996064931083 and parameters: {'num_leaves': 57, 'learning_rate': 0.06430938382305551, 'feature_fraction': 0.6615510357177119, 'atr_multiplier': 3.95191743873366, 'rrr': 3.634018452840704}. Best is trial 26 with value: 2.768904871086637.
[I 2026-04-10 11:55:43,941] Trial 32 finished with value: 2.226508703067433 and parameters: {'num_leaves': 49, 'learning_rate': 0.06637830714905496, 'feature_fraction': 0.7314908593590752, 'atr_multiplier': 3.877164106376412, 'rrr': 3.520387161657624}. Best is trial 26 with value: 2.768904871086637.
[I 2026-04-10 11:55:44,129] Trial 33 finished with value: 2.337646844139203 and parameters: {'num_leaves': 50, 'learning_rate': 0.0695131770808336, 'feature_fraction': 0.7526478519374169, 'atr_multiplier': 3.576473765103662, 'rrr': 3.650195792185604}. Best is trial 26 with value: 2.768904871086637.
[I 2026-04-10 11:55:44,319] Trial 35 finished with value: 2.5188813815571094 and parameters: {'num_leaves': 52, 'learning_rate': 0.07333514790188628, 'feature_fraction': 0.6071039204847429, 'atr_multiplier': 3.6360678800255593, 'rrr': 3.772111447340016}. Best is trial 26 with value: 2.768904871086637.
[I 2026-04-10 11:55:44,613] Trial 34 finished with value: 2.3911681931005306 and parameters: {'num_leaves': 55, 'learning_rate': 0.0709621724612698, 'feature_fraction': 0.6403824030166686, 'atr_multiplier': 3.6872885885296047, 'rrr': 3.676784199853459}. Best is trial 26 with value: 2.768904871086637.
[I 2026-04-10 11:56:33,951] Trial 37 finished with value: 2.472858364907852 and parameters: {'num_leaves': 55, 'learning_rate': 0.09119550178445227, 'feature_fraction': 0.6118407898791625, 'atr_multiplier': 4.850391189309817, 'rrr': 3.799710445228236}. Best is trial 26 with value: 2.768904871086637.
[I 2026-04-10 11:56:33,952] Trial 36 finished with value: 2.5055453453938914 and parameters: {'num_leaves': 54, 'learning_rate': 0.09065949789343594, 'feature_fraction': 0.6034318824240857, 'atr_multiplier': 3.5790097839897146, 'rrr': 3.763632528216414}. Best is trial 26 with value: 2.768904871086637.
[I 2026-04-10 11:56:34,356] Trial 38 finished with value: 2.1864719335539227 and parameters: {'num_leaves': 55, 'learning_rate': 0.09073655990567525, 'feature_fraction': 0.6342595421506085, 'atr_multiplier': 4.789485634499661, 'rrr': 3.4486292447385636}. Best is trial 26 with value: 2.768904871086637.
[I 2026-04-10 11:56:34,630] Trial 39 finished with value: 2.582405285744467 and parameters: {'num_leaves': 60, 'learning_rate': 0.09087593768047326, 'feature_fraction': 0.7791571408498509, 'atr_multiplier': 4.802177629153576, 'rrr': 3.990063588549667}. Best is trial 26 with value: 2.768904871086637.
[I 2026-04-10 11:56:44,507] A new study created in memory with name: no-name-f276611a-3ad6-467e-9b70-77975318e506
[I 2026-04-10 11:57:33,653] Trial 0 finished with value: 0.251004165951667 and parameters: {'num_leaves': 28, 'learning_rate': 0.07876638381460985, 'feature_fraction': 0.6607989767150467, 'atr_multiplier': 2.483422248180965, 'rrr': 1.5295908551905097}. Best is trial 0 with value: 0.251004165951667.
[I 2026-04-10 11:57:34,360] Trial 2 finished with value: 1.2463435965185365 and parameters: {'num_leaves': 45, 'learning_rate': 0.05493693778826569, 'feature_fraction': 0.7776994152373258, 'atr_multiplier': 3.74403079186531, 'rrr': 2.569378923485652}. Best is trial 2 with value: 1.2463435965185365.
[I 2026-04-10 11:57:34,664] Trial 1 finished with value: -1.0 and parameters: {'num_leaves': 46, 'learning_rate': 0.011524733850494545, 'feature_fraction': 0.7807318457175805, 'atr_multiplier': 3.5721650049149085, 'rrr': 1.550929105196929}. Best is trial 2 with value: 1.2463435965185365.
[I 2026-04-10 11:57:35,225] Trial 3 finished with value: 1.8604705608283012 and parameters: {'num_leaves': 55, 'learning_rate': 0.030099464451509905, 'feature_fraction': 0.7547793291243081, 'atr_multiplier': 4.44413571677029, 'rrr': 3.5873837117383642}. Best is trial 3 with value: 1.8604705608283012.
[I 2026-04-10 11:58:23,463] Trial 7 finished with value: 0.7348407440026927 and parameters: {'num_leaves': 27, 'learning_rate': 0.08923891551822753, 'feature_fraction': 0.9207237317513455, 'atr_multiplier': 3.8490772666217694, 'rrr': 1.8590280948355449}. Best is trial 3 with value: 1.8604705608283012.
[I 2026-04-10 11:58:24,742] Trial 6 finished with value: 1.5164243897341916 and parameters: {'num_leaves': 64, 'learning_rate': 0.041848435146752135, 'feature_fraction': 0.5184062800117522, 'atr_multiplier': 2.0953022162527812, 'rrr': 2.63682802009647}. Best is trial 3 with value: 1.8604705608283012.
[I 2026-04-10 11:58:24,881] Trial 4 finished with value: 1.3532953815363584 and parameters: {'num_leaves': 62, 'learning_rate': 0.017316464501271125, 'feature_fraction': 0.8733962869840322, 'atr_multiplier': 4.467830624592168, 'rrr': 3.161322192683816}. Best is trial 3 with value: 1.8604705608283012.
[I 2026-04-10 11:58:25,803] Trial 5 finished with value: 1.7219596343331338 and parameters: {'num_leaves': 60, 'learning_rate': 0.08744975458911465, 'feature_fraction': 0.6755053061051979, 'atr_multiplier': 3.566839589545122, 'rrr': 2.95502915745029}. Best is trial 3 with value: 1.8604705608283012.
[I 2026-04-10 11:59:14,454] Trial 8 finished with value: 1.468698926323551 and parameters: {'num_leaves': 18, 'learning_rate': 0.015086858777168356, 'feature_fraction': 0.8419267064057357, 'atr_multiplier': 4.512248672269946, 'rrr': 3.350419184053642}. Best is trial 3 with value: 1.8604705608283012.
[I 2026-04-10 11:59:14,839] Trial 10 finished with value: 0.6662214707904441 and parameters: {'num_leaves': 18, 'learning_rate': 0.08633239548066557, 'feature_fraction': 0.611943515354213, 'atr_multiplier': 2.1356449245616624, 'rrr': 1.6997886727966058}. Best is trial 3 with value: 1.8604705608283012.
[I 2026-04-10 11:59:15,400] Trial 11 finished with value: 1.581062849015882 and parameters: {'num_leaves': 24, 'learning_rate': 0.06576194482156932, 'feature_fraction': 0.8397150982667904, 'atr_multiplier': 2.1767105311325854, 'rrr': 2.5820462005208307}. Best is trial 3 with value: 1.8604705608283012.
[I 2026-04-10 11:59:16,883] Trial 9 finished with value: 1.6544122973508553 and parameters: {'num_leaves': 50, 'learning_rate': 0.03177827563885043, 'feature_fraction': 0.9463777423111897, 'atr_multiplier': 2.253117011035883, 'rrr': 2.758294031143663}. Best is trial 3 with value: 1.8604705608283012.
[I 2026-04-10 12:00:02,927] Trial 12 finished with value: 1.7792077582294408 and parameters: {'num_leaves': 63, 'learning_rate': 0.01070006039560083, 'feature_fraction': 0.6627555863912956, 'atr_multiplier': 4.16636118314244, 'rrr': 3.5402720252556343}. Best is trial 3 with value: 1.8604705608283012.
[I 2026-04-10 12:00:03,036] Trial 13 finished with value: 2.1083277041342585 and parameters: {'num_leaves': 49, 'learning_rate': 0.035828813399046006, 'feature_fraction': 0.9448944946378814, 'atr_multiplier': 4.762128711547508, 'rrr': 3.9194359454576055}. Best is trial 13 with value: 2.1083277041342585.
[I 2026-04-10 12:00:03,180] Trial 14 finished with value: 2.655933788762791 and parameters: {'num_leaves': 54, 'learning_rate': 0.0356560541921845, 'feature_fraction': 0.6799727340790681, 'atr_multiplier': 2.945867805311076, 'rrr': 3.8968854936850246}. Best is trial 14 with value: 2.655933788762791.
[I 2026-04-10 12:00:03,311] Trial 15 finished with value: 2.062897154751079 and parameters: {'num_leaves': 55, 'learning_rate': 0.038524479867457426, 'feature_fraction': 0.6855183654813161, 'atr_multiplier': 4.954502075647853, 'rrr': 3.877410138537782}. Best is trial 14 with value: 2.655933788762791.
[I 2026-04-10 12:00:50,129] Trial 17 finished with value: 1.9498760404883437 and parameters: {'num_leaves': 38, 'learning_rate': 0.03417106840495256, 'feature_fraction': 0.9853286413837647, 'atr_multiplier': 4.945045264219789, 'rrr': 3.950548303466459}. Best is trial 14 with value: 2.655933788762791.
[I 2026-04-10 12:00:50,409] Trial 18 finished with value: 2.685547119941266 and parameters: {'num_leaves': 36, 'learning_rate': 0.04844853127185319, 'feature_fraction': 0.9887299155014921, 'atr_multiplier': 3.0065131978615085, 'rrr': 3.998996412990116}. Best is trial 18 with value: 2.685547119941266.
[I 2026-04-10 12:00:50,505] Trial 19 finished with value: 2.6628774431990716 and parameters: {'num_leaves': 38, 'learning_rate': 0.050789831172103145, 'feature_fraction': 0.9807122511857376, 'atr_multiplier': 2.935787840687969, 'rrr': 3.888610891123575}. Best is trial 18 with value: 2.685547119941266.
[I 2026-04-10 12:00:51,264] Trial 16 finished with value: 1.9421992302527429 and parameters: {'num_leaves': 53, 'learning_rate': 0.028880049118986322, 'feature_fraction': 0.7032761977343889, 'atr_multiplier': 4.983071077800611, 'rrr': 3.9475187684043886}. Best is trial 18 with value: 2.685547119941266.
[I 2026-04-10 12:01:37,575] Trial 23 finished with value: 0.9178613080618476 and parameters: {'num_leaves': 9, 'learning_rate': 0.050494894970188955, 'feature_fraction': 0.9914527875286449, 'atr_multiplier': 3.065225208501414, 'rrr': 2.2204397420635336}. Best is trial 18 with value: 2.685547119941266.
[I 2026-04-10 12:01:38,629] Trial 20 finished with value: 1.0819285124801745 and parameters: {'num_leaves': 37, 'learning_rate': 0.05118940441605375, 'feature_fraction': 0.5723646319285859, 'atr_multiplier': 2.974111157848056, 'rrr': 2.17620596006794}. Best is trial 18 with value: 2.685547119941266.
