[I 2026-04-10 07:32:30,766] A new study created in memory with name: no-name-edb3901a-fb7b-43b2-a38e-ce288cd04bba
[I 2026-04-10 07:33:18,714] Trial 1 finished with value: 1.8051246265599077 and parameters: {'num_leaves': 24, 'learning_rate': 0.09172002621781988, 'feature_fraction': 0.6969193907250779, 'atr_multiplier': 3.3953478287511176, 'rrr': 3.039718239499448}. Best is trial 1 with value: 1.8051246265599077.
[I 2026-04-10 07:33:19,344] Trial 2 finished with value: 0.36734748434508263 and parameters: {'num_leaves': 36, 'learning_rate': 0.042112349915535995, 'feature_fraction': 0.8421012236260979, 'atr_multiplier': 4.1063291770255255, 'rrr': 1.75881360790015}. Best is trial 1 with value: 1.8051246265599077.
[I 2026-04-10 07:33:21,074] Trial 0 finished with value: 0.33598185731158237 and parameters: {'num_leaves': 62, 'learning_rate': 0.040703627561932056, 'feature_fraction': 0.735940744418475, 'atr_multiplier': 4.971948308970406, 'rrr': 1.7017851951119678}. Best is trial 1 with value: 1.8051246265599077.
[I 2026-04-10 07:33:21,788] Trial 3 finished with value: 2.5403444184815602 and parameters: {'num_leaves': 58, 'learning_rate': 0.07886874790627592, 'feature_fraction': 0.9012771174728966, 'atr_multiplier': 3.390722054284226, 'rrr': 3.6270373442735164}. Best is trial 3 with value: 2.5403444184815602.
[I 2026-04-10 07:34:08,769] Trial 7 finished with value: 1.4941542132463135 and parameters: {'num_leaves': 15, 'learning_rate': 0.06072866176971194, 'feature_fraction': 0.7163055321712729, 'atr_multiplier': 3.7033480322477605, 'rrr': 2.952314718747121}. Best is trial 3 with value: 2.5403444184815602.
[I 2026-04-10 07:34:09,002] Trial 4 finished with value: 1.9904684694342045 and parameters: {'num_leaves': 42, 'learning_rate': 0.07947621624952529, 'feature_fraction': 0.6678802440668676, 'atr_multiplier': 3.910400830898248, 'rrr': 3.2717124879938373}. Best is trial 3 with value: 2.5403444184815602.
[I 2026-04-10 07:34:11,464] Trial 5 finished with value: 2.71574695164299 and parameters: {'num_leaves': 57, 'learning_rate': 0.014262658312416663, 'feature_fraction': 0.9268999718104458, 'atr_multiplier': 2.7552781809418057, 'rrr': 3.8580242440433294}. Best is trial 5 with value: 2.71574695164299.
[I 2026-04-10 07:34:11,753] Trial 6 finished with value: 1.3767012908509009 and parameters: {'num_leaves': 63, 'learning_rate': 0.09967830852266948, 'feature_fraction': 0.6838204734656297, 'atr_multiplier': 4.143781756772164, 'rrr': 2.75395620354991}. Best is trial 5 with value: 2.71574695164299.
[I 2026-04-10 07:34:55,755] Trial 9 finished with value: 0.8389979741490687 and parameters: {'num_leaves': 14, 'learning_rate': 0.07324175275451363, 'feature_fraction': 0.5266853195769634, 'atr_multiplier': 3.102754404493696, 'rrr': 2.054532603157498}. Best is trial 5 with value: 2.71574695164299.
[I 2026-04-10 07:34:56,319] Trial 8 finished with value: 0.9019352626774829 and parameters: {'num_leaves': 31, 'learning_rate': 0.07774136176762184, 'feature_fraction': 0.728839108923839, 'atr_multiplier': 4.232329487079236, 'rrr': 2.242564365712566}. Best is trial 5 with value: 2.71574695164299.
[I 2026-04-10 07:34:56,660] Trial 11 finished with value: 1.474385865767545 and parameters: {'num_leaves': 17, 'learning_rate': 0.0760040632254091, 'feature_fraction': 0.5839396658673779, 'atr_multiplier': 2.1037654646281885, 'rrr': 2.4245035077698454}. Best is trial 5 with value: 2.71574695164299.
[I 2026-04-10 07:34:59,478] Trial 10 finished with value: 2.4373402661250885 and parameters: {'num_leaves': 64, 'learning_rate': 0.01615569823554137, 'feature_fraction': 0.9874449845665728, 'atr_multiplier': 4.477629615716756, 'rrr': 3.998092056174281}. Best is trial 5 with value: 2.71574695164299.
[I 2026-04-10 07:35:43,739] Trial 12 finished with value: 0.5271692370049598 and parameters: {'num_leaves': 38, 'learning_rate': 0.09041436645529304, 'feature_fraction': 0.5323239080914828, 'atr_multiplier': 3.590452910873495, 'rrr': 1.668223786144254}. Best is trial 5 with value: 2.71574695164299.
[I 2026-04-10 07:35:44,698] Trial 13 finished with value: 2.847644568247111 and parameters: {'num_leaves': 49, 'learning_rate': 0.010302276182200754, 'feature_fraction': 0.9859577460362816, 'atr_multiplier': 2.2085890243828503, 'rrr': 3.958910246871416}. Best is trial 13 with value: 2.847644568247111.
[I 2026-04-10 07:35:45,077] Trial 15 finished with value: 2.7839808470951892 and parameters: {'num_leaves': 49, 'learning_rate': 0.016745054518117464, 'feature_fraction': 0.909518161658633, 'atr_multiplier': 2.7279945049361376, 'rrr': 3.937754310658136}. Best is trial 13 with value: 2.847644568247111.
[I 2026-04-10 07:35:45,397] Trial 14 finished with value: 2.6501690678334353 and parameters: {'num_leaves': 51, 'learning_rate': 0.011010400086644188, 'feature_fraction': 0.9955111482312905, 'atr_multiplier': 2.719963104963358, 'rrr': 3.7799001556342424}. Best is trial 13 with value: 2.847644568247111.
[I 2026-04-10 07:36:34,487] Trial 16 finished with value: 2.7435119145953455 and parameters: {'num_leaves': 51, 'learning_rate': 0.01309755091660797, 'feature_fraction': 0.915016139574826, 'atr_multiplier': 2.7179233547340074, 'rrr': 3.928496094424487}. Best is trial 13 with value: 2.847644568247111.
[I 2026-04-10 07:36:35,051] Trial 17 finished with value: 2.836326345981245 and parameters: {'num_leaves': 48, 'learning_rate': 0.012279257197375909, 'feature_fraction': 0.9952147870841601, 'atr_multiplier': 2.45711016041738, 'rrr': 3.973680325194193}. Best is trial 13 with value: 2.847644568247111.
[I 2026-04-10 07:36:35,095] Trial 18 finished with value: 2.465414621044264 and parameters: {'num_leaves': 48, 'learning_rate': 0.02882430160617902, 'feature_fraction': 0.8249339717690021, 'atr_multiplier': 2.096869660444395, 'rrr': 3.581121396201783}. Best is trial 13 with value: 2.847644568247111.
[I 2026-04-10 07:36:35,475] Trial 19 finished with value: 2.330219543792136 and parameters: {'num_leaves': 48, 'learning_rate': 0.0286731776324765, 'feature_fraction': 0.838916968724724, 'atr_multiplier': 2.014011013210212, 'rrr': 3.4578093032843094}. Best is trial 13 with value: 2.847644568247111.
[I 2026-04-10 07:37:21,269] Trial 21 finished with value: 2.2613822262024312 and parameters: {'num_leaves': 43, 'learning_rate': 0.028369896562514003, 'feature_fraction': 0.8186735664404889, 'atr_multiplier': 2.337433279608082, 'rrr': 3.3683413961501256}. Best is trial 13 with value: 2.847644568247111.
[I 2026-04-10 07:37:21,409] Trial 20 finished with value: 2.418496819540556 and parameters: {'num_leaves': 47, 'learning_rate': 0.02700281279495441, 'feature_fraction': 0.814710066098637, 'atr_multiplier': 2.0647477547416133, 'rrr': 3.4508603657289214}. Best is trial 13 with value: 2.847644568247111.
[I 2026-04-10 07:37:21,573] Trial 23 finished with value: 2.1113196035171535 and parameters: {'num_leaves': 41, 'learning_rate': 0.02747505920992549, 'feature_fraction': 0.7921234403769399, 'atr_multiplier': 2.459222120379301, 'rrr': 3.3153925140461777}. Best is trial 13 with value: 2.847644568247111.
[I 2026-04-10 07:37:22,050] Trial 22 finished with value: 2.2952399856352277 and parameters: {'num_leaves': 43, 'learning_rate': 0.02931935241273796, 'feature_fraction': 0.8116574667203322, 'atr_multiplier': 2.03098998945408, 'rrr': 3.398833195944978}. Best is trial 13 with value: 2.847644568247111.
[I 2026-04-10 07:38:11,812] Trial 25 finished with value: 2.599357860388573 and parameters: {'num_leaves': 55, 'learning_rate': 0.021095190714077998, 'feature_fraction': 0.9617593459125047, 'atr_multiplier': 2.4026073600503217, 'rrr': 3.7109578763470545}. Best is trial 13 with value: 2.847644568247111.
[I 2026-04-10 07:38:12,078] Trial 26 finished with value: 2.5449179132142565 and parameters: {'num_leaves': 54, 'learning_rate': 0.019834871927025516, 'feature_fraction': 0.9530477138678585, 'atr_multiplier': 3.031259945964269, 'rrr': 3.699361617777355}. Best is trial 13 with value: 2.847644568247111.
[I 2026-04-10 07:38:12,174] Trial 24 finished with value: 2.4864055800242464 and parameters: {'num_leaves': 56, 'learning_rate': 0.023834959565192017, 'feature_fraction': 0.9529100797641642, 'atr_multiplier': 2.476868973912232, 'rrr': 3.6618374852917475}. Best is trial 13 with value: 2.847644568247111.
[I 2026-04-10 07:38:12,244] Trial 27 finished with value: 2.5490905708395006 and parameters: {'num_leaves': 55, 'learning_rate': 0.01968521903470532, 'feature_fraction': 0.9535281594469964, 'atr_multiplier': 3.0822617814596134, 'rrr': 3.74736705182659}. Best is trial 13 with value: 2.847644568247111.
[I 2026-04-10 07:38:59,228] Trial 30 finished with value: 1.8616634613320209 and parameters: {'num_leaves': 8, 'learning_rate': 0.040478497314708047, 'feature_fraction': 0.8803303581711102, 'atr_multiplier': 2.923712168479873, 'rrr': 3.1242525107413024}. Best is trial 13 with value: 2.847644568247111.
[I 2026-04-10 07:39:00,337] Trial 29 finished with value: 2.7558098093624124 and parameters: {'num_leaves': 32, 'learning_rate': 0.04201929147516285, 'feature_fraction': 0.8760342393007303, 'atr_multiplier': 2.9919073497110418, 'rrr': 3.998011944503269}. Best is trial 13 with value: 2.847644568247111.
[I 2026-04-10 07:39:00,421] Trial 31 finished with value: 1.9648075172379964 and parameters: {'num_leaves': 34, 'learning_rate': 0.03879127328081204, 'feature_fraction': 0.8692557845936392, 'atr_multiplier': 2.943210445723061, 'rrr': 3.1486585229595434}. Best is trial 13 with value: 2.847644568247111.
[I 2026-04-10 07:39:00,743] Trial 28 finished with value: 2.778272045090988 and parameters: {'num_leaves': 33, 'learning_rate': 0.046962985696400825, 'feature_fraction': 0.8788053771472665, 'atr_multiplier': 3.1165657227877697, 'rrr': 3.983995157209191}. Best is trial 13 with value: 2.847644568247111.
[I 2026-04-10 07:39:46,420] Trial 32 finished with value: 2.7817929646720136 and parameters: {'num_leaves': 29, 'learning_rate': 0.03894761815066973, 'feature_fraction': 0.8810694744160352, 'atr_multiplier': 2.2802855346941935, 'rrr': 3.949337727785889}. Best is trial 13 with value: 2.847644568247111.
[I 2026-04-10 07:39:46,801] Trial 34 finished with value: 2.8414460189167863 and parameters: {'num_leaves': 30, 'learning_rate': 0.05040079541848839, 'feature_fraction': 0.9985652093411653, 'atr_multiplier': 2.6047454534974777, 'rrr': 3.991735410518803}. Best is trial 13 with value: 2.847644568247111.
[I 2026-04-10 07:39:46,896] Trial 35 finished with value: 2.658554501455247 and parameters: {'num_leaves': 26, 'learning_rate': 0.055592738483600634, 'feature_fraction': 0.9963847805827643, 'atr_multiplier': 3.2568483790501004, 'rrr': 3.880999451323512}. Best is trial 13 with value: 2.847644568247111.
[I 2026-04-10 07:39:48,749] Trial 33 finished with value: 1.6255678508703175 and parameters: {'num_leaves': 59, 'learning_rate': 0.04987174249269109, 'feature_fraction': 0.99762760362585, 'atr_multiplier': 2.322944553928558, 'rrr': 2.6945685774126633}. Best is trial 13 with value: 2.847644568247111.
[I 2026-04-10 07:40:38,349] Trial 36 finished with value: 2.730702516555514 and parameters: {'num_leaves': 25, 'learning_rate': 0.034594805481823476, 'feature_fraction': 0.7595645398615622, 'atr_multiplier': 2.271175290742539, 'rrr': 3.850878145694392}. Best is trial 13 with value: 2.847644568247111.
[I 2026-04-10 07:40:38,832] Trial 37 finished with value: 2.3389646862900664 and parameters: {'num_leaves': 24, 'learning_rate': 0.058760780114140085, 'feature_fraction': 0.9825854340493047, 'atr_multiplier': 2.614793669188477, 'rrr': 3.5317558076113986}. Best is trial 13 with value: 2.847644568247111.
[I 2026-04-10 07:40:39,388] Trial 38 finished with value: 2.3635277321439814 and parameters: {'num_leaves': 37, 'learning_rate': 0.01060334253542868, 'feature_fraction': 0.9265407317046008, 'atr_multiplier': 2.648956225985601, 'rrr': 3.557547401123908}. Best is trial 13 with value: 2.847644568247111.
[I 2026-04-10 07:40:39,508] Trial 39 finished with value: 2.4166956490274702 and parameters: {'num_leaves': 39, 'learning_rate': 0.010317461833656337, 'feature_fraction': 0.9327954904059705, 'atr_multiplier': 2.703115856350155, 'rrr': 3.596858425040854}. Best is trial 13 with value: 2.847644568247111.
[I 2026-04-10 07:40:49,753] A new study created in memory with name: no-name-e90e80a6-df2a-4f30-bf75-4f145f49798a
[I 2026-04-10 07:41:38,665] Trial 3 finished with value: 1.3510373418335202 and parameters: {'num_leaves': 33, 'learning_rate': 0.08262775814438135, 'feature_fraction': 0.5722188326339657, 'atr_multiplier': 3.453284208903551, 'rrr': 2.7198973122207417}. Best is trial 3 with value: 1.3510373418335202.
[I 2026-04-10 07:52:00,442] Trial 0 finished with value: 0.6645889019835274 and parameters: {'num_leaves': 40, 'learning_rate': 0.051677700681105936, 'feature_fraction': 0.5274187122080538, 'atr_multiplier': 2.385126334480912, 'rrr': 1.7511509159105092}. Best is trial 3 with value: 1.3510373418335202.
[I 2026-04-10 07:52:01,745] Trial 1 finished with value: 0.7410821555306971 and parameters: {'num_leaves': 55, 'learning_rate': 0.07813593920892624, 'feature_fraction': 0.6215450536069029, 'atr_multiplier': 3.7015857562794987, 'rrr': 1.9311773410725805}. Best is trial 3 with value: 1.3510373418335202.
[I 2026-04-10 07:52:03,186] Trial 2 finished with value: 0.9291357977602549 and parameters: {'num_leaves': 54, 'learning_rate': 0.04285124099069732, 'feature_fraction': 0.9244549479451372, 'atr_multiplier': 4.164962030585491, 'rrr': 2.18367669032039}. Best is trial 3 with value: 1.3510373418335202.
[I 2026-04-10 07:52:56,285] Trial 7 finished with value: -0.10493571371938006 and parameters: {'num_leaves': 16, 'learning_rate': 0.022489560320936755, 'feature_fraction': 0.9137756700534876, 'atr_multiplier': 3.422415867278546, 'rrr': 1.8739267872717047}. Best is trial 3 with value: 1.3510373418335202.
[I 2026-04-10 07:52:57,047] Trial 4 finished with value: 2.4290100087954243 and parameters: {'num_leaves': 29, 'learning_rate': 0.06667855513788302, 'feature_fraction': 0.7087232109441011, 'atr_multiplier': 4.667454349798497, 'rrr': 3.761361529558198}. Best is trial 4 with value: 2.4290100087954243.
[I 2026-04-10 07:52:58,204] Trial 5 finished with value: 2.6858731336084443 and parameters: {'num_leaves': 49, 'learning_rate': 0.03804182795810549, 'feature_fraction': 0.7705726120116327, 'atr_multiplier': 3.0986478933156114, 'rrr': 3.794841417010555}. Best is trial 5 with value: 2.6858731336084443.
[I 2026-04-10 07:52:58,367] Trial 6 finished with value: 2.2253109568675193 and parameters: {'num_leaves': 63, 'learning_rate': 0.0796212769625305, 'feature_fraction': 0.737093677660261, 'atr_multiplier': 2.7254830133830033, 'rrr': 3.3783103368152316}. Best is trial 5 with value: 2.6858731336084443.
[I 2026-04-10 07:53:45,799] Trial 9 finished with value: 1.419703409189045 and parameters: {'num_leaves': 28, 'learning_rate': 0.08002467837982734, 'feature_fraction': 0.5637334444488913, 'atr_multiplier': 3.3914234134303562, 'rrr': 2.7581912359389786}. Best is trial 5 with value: 2.6858731336084443.
[I 2026-04-10 07:53:46,033] Trial 11 finished with value: 2.402105329393387 and parameters: {'num_leaves': 32, 'learning_rate': 0.09024427513334275, 'feature_fraction': 0.7780384788702818, 'atr_multiplier': 2.16064547237909, 'rrr': 3.5388012542248832}. Best is trial 5 with value: 2.6858731336084443.
[I 2026-04-10 07:53:46,463] Trial 8 finished with value: 1.4061101548477382 and parameters: {'num_leaves': 64, 'learning_rate': 0.04011238653507461, 'feature_fraction': 0.8305638257305534, 'atr_multiplier': 4.670430281671304, 'rrr': 2.618762691132753}. Best is trial 5 with value: 2.6858731336084443.
[I 2026-04-10 07:53:46,690] Trial 10 finished with value: 0.6141734908054295 and parameters: {'num_leaves': 44, 'learning_rate': 0.030509030498503183, 'feature_fraction': 0.5962804444406665, 'atr_multiplier': 4.709397403079561, 'rrr': 1.7932746937752633}. Best is trial 5 with value: 2.6858731336084443.
[I 2026-04-10 07:54:34,639] Trial 15 finished with value: 2.894411647468829 and parameters: {'num_leaves': 15, 'learning_rate': 0.06292330139338682, 'feature_fraction': 0.6962677946634334, 'atr_multiplier': 2.848114191162019, 'rrr': 3.996037917461496}. Best is trial 15 with value: 2.894411647468829.
[I 2026-04-10 07:54:35,745] Trial 12 finished with value: 0.9757349715224799 and parameters: {'num_leaves': 47, 'learning_rate': 0.02039548379364661, 'feature_fraction': 0.8284246258967297, 'atr_multiplier': 2.422516536483136, 'rrr': 2.10684341991747}. Best is trial 15 with value: 2.894411647468829.
[I 2026-04-10 07:54:35,963] Trial 14 finished with value: 2.598163000299119 and parameters: {'num_leaves': 44, 'learning_rate': 0.06395262287970287, 'feature_fraction': 0.6786468491536294, 'atr_multiplier': 4.951360519002943, 'rrr': 3.9975506670654926}. Best is trial 15 with value: 2.894411647468829.
[I 2026-04-10 07:54:36,082] Trial 13 finished with value: 1.8055380598353603 and parameters: {'num_leaves': 45, 'learning_rate': 0.012306351828819999, 'feature_fraction': 0.8207482560868485, 'atr_multiplier': 2.84713334471388, 'rrr': 3.109234934069338}. Best is trial 15 with value: 2.894411647468829.
[I 2026-04-10 07:55:17,738] Trial 16 finished with value: 2.811140681404994 and parameters: {'num_leaves': 9, 'learning_rate': 0.06277011441493711, 'feature_fraction': 0.8321564316995087, 'atr_multiplier': 2.810384279961987, 'rrr': 3.9625526514231093}. Best is trial 15 with value: 2.894411647468829.
[I 2026-04-10 07:55:20,570] Trial 18 finished with value: 1.8612179615502384 and parameters: {'num_leaves': 8, 'learning_rate': 0.010750763035475952, 'feature_fraction': 0.9971706756491003, 'atr_multiplier': 2.905257690343935, 'rrr': 3.160955728687602}. Best is trial 15 with value: 2.894411647468829.
[I 2026-04-10 07:55:20,922] Trial 19 finished with value: 2.6885373329864337 and parameters: {'num_leaves': 10, 'learning_rate': 0.06067366280853778, 'feature_fraction': 0.6605091295499131, 'atr_multiplier': 2.9661880478229805, 'rrr': 3.9055205916470688}. Best is trial 15 with value: 2.894411647468829.
[I 2026-04-10 07:55:21,212] Trial 17 finished with value: 2.75734893481542 and parameters: {'num_leaves': 11, 'learning_rate': 0.06338999704457249, 'feature_fraction': 0.6800540452985335, 'atr_multiplier': 3.047401539932802, 'rrr': 3.957282832265822}. Best is trial 15 with value: 2.894411647468829.
[I 2026-04-10 07:56:01,272] Trial 20 finished with value: 2.0440147616708284 and parameters: {'num_leaves': 10, 'learning_rate': 0.0997974983699691, 'feature_fraction': 0.9859543312996728, 'atr_multiplier': 2.8835012660656005, 'rrr': 3.183205900546495}. Best is trial 15 with value: 2.894411647468829.
[I 2026-04-10 07:56:07,552] Trial 22 finished with value: 2.3991294403251584 and parameters: {'num_leaves': 20, 'learning_rate': 0.05062991818097379, 'feature_fraction': 0.875091144203543, 'atr_multiplier': 2.078102995733272, 'rrr': 3.5413591763300407}. Best is trial 15 with value: 2.894411647468829.
[I 2026-04-10 07:56:07,685] Trial 21 finished with value: 2.6840843021296172 and parameters: {'num_leaves': 20, 'learning_rate': 0.06103438384536655, 'feature_fraction': 0.6769187669092757, 'atr_multiplier': 3.801341173268788, 'rrr': 3.95155610878046}. Best is trial 15 with value: 2.894411647468829.
[I 2026-04-10 07:56:08,060] Trial 23 finished with value: 2.4279439480955114 and parameters: {'num_leaves': 20, 'learning_rate': 0.05393416157439965, 'feature_fraction': 0.8760493668320928, 'atr_multiplier': 2.0548240836183767, 'rrr': 3.5281033368013732}. Best is trial 15 with value: 2.894411647468829.
[I 2026-04-10 07:56:44,917] Trial 24 finished with value: 2.4530355629867167 and parameters: {'num_leaves': 19, 'learning_rate': 0.05294475726503103, 'feature_fraction': 0.648819921887637, 'atr_multiplier': 2.516634518410032, 'rrr': 3.6028779317155304}. Best is trial 15 with value: 2.894411647468829.
[I 2026-04-10 07:57:01,397] Trial 26 finished with value: 2.511776320665728 and parameters: {'num_leaves': 16, 'learning_rate': 0.07186238042862922, 'feature_fraction': 0.7275701582170766, 'atr_multiplier': 2.5868849082571406, 'rrr': 3.631070052606656}. Best is trial 15 with value: 2.894411647468829.
[I 2026-04-10 07:57:01,980] Trial 25 finished with value: 2.480800739175813 and parameters: {'num_leaves': 20, 'learning_rate': 0.06927175902803268, 'feature_fraction': 0.6427367855118377, 'atr_multiplier': 2.5921541607188496, 'rrr': 3.606920535888908}. Best is trial 15 with value: 2.894411647468829.
[I 2026-04-10 07:57:02,137] Trial 27 finished with value: 2.5849725452323336 and parameters: {'num_leaves': 15, 'learning_rate': 0.07061448664803477, 'feature_fraction': 0.7323030283301893, 'atr_multiplier': 2.5750522534576583, 'rrr': 3.7284179281074303}. Best is trial 15 with value: 2.894411647468829.
[I 2026-04-10 07:57:35,275] Trial 28 finished with value: 2.5063544362073396 and parameters: {'num_leaves': 14, 'learning_rate': 0.07134023139627803, 'feature_fraction': 0.7360513653941755, 'atr_multiplier': 3.2263222725760117, 'rrr': 3.739718713602106}. Best is trial 15 with value: 2.894411647468829.
[I 2026-04-10 07:57:54,743] Trial 29 finished with value: 0.3638108468688714 and parameters: {'num_leaves': 25, 'learning_rate': 0.06986082595449523, 'feature_fraction': 0.7944530996221052, 'atr_multiplier': 3.115482419185134, 'rrr': 1.5545558040912204}. Best is trial 15 with value: 2.894411647468829.
[I 2026-04-10 07:57:55,215] Trial 31 finished with value: 1.6383228138703991 and parameters: {'num_leaves': 25, 'learning_rate': 0.05762532991483645, 'feature_fraction': 0.793458322464737, 'atr_multiplier': 3.201329743921286, 'rrr': 2.945476781626615}. Best is trial 15 with value: 2.894411647468829.
[I 2026-04-10 07:57:55,686] Trial 30 finished with value: 2.0491377719545576 and parameters: {'num_leaves': 13, 'learning_rate': 0.07176367296997885, 'feature_fraction': 0.787864924985447, 'atr_multiplier': 3.3167851947644653, 'rrr': 3.3012330809532564}. Best is trial 15 with value: 2.894411647468829.
