[I 2026-04-08 02:35:56,237] Trial 39 finished with value: -1.0 and parameters: {'num_leaves': 22, 'learning_rate': 0.04425132687391837, 'feature_fraction': 0.6229320414950845, 'min_data_in_leaf': 43, 'atr_multiplier': 9.293915428698481}. Best is trial 0 with value: -1.0.
[I 2026-04-08 02:35:56,247] A new study created in memory with name: no-name-66c98dc1-bcb8-427c-92cc-638470bd0979
[I 2026-04-08 02:35:58,482] Trial 0 finished with value: -1.0 and parameters: {'num_leaves': 16, 'learning_rate': 0.07459818273358634, 'feature_fraction': 0.9912254356384786, 'min_data_in_leaf': 93, 'atr_multiplier': 7.986502622914866}. Best is trial 0 with value: -1.0.
[I 2026-04-08 02:36:00,673] Trial 1 finished with value: -1.0 and parameters: {'num_leaves': 29, 'learning_rate': 0.02640928081678596, 'feature_fraction': 0.9715743335253377, 'min_data_in_leaf': 22, 'atr_multiplier': 7.936690440075204}. Best is trial 0 with value: -1.0.
[I 2026-04-08 02:36:02,663] Trial 2 finished with value: -1.0 and parameters: {'num_leaves': 22, 'learning_rate': 0.031611836760544416, 'feature_fraction': 0.591450061698409, 'min_data_in_leaf': 61, 'atr_multiplier': 7.051653650159882}. Best is trial 0 with value: -1.0.
[I 2026-04-08 02:36:04,912] Trial 3 finished with value: -1.0 and parameters: {'num_leaves': 24, 'learning_rate': 0.0709044960669931, 'feature_fraction': 0.8813804799263397, 'min_data_in_leaf': 49, 'atr_multiplier': 11.379864315351542}. Best is trial 0 with value: -1.0.
[I 2026-04-08 02:36:07,188] Trial 4 finished with value: -1.0 and parameters: {'num_leaves': 50, 'learning_rate': 0.04078856375414501, 'feature_fraction': 0.8638852313742349, 'min_data_in_leaf': 77, 'atr_multiplier': 10.347711786645927}. Best is trial 0 with value: -1.0.
[I 2026-04-08 02:36:09,318] Trial 5 finished with value: -1.0 and parameters: {'num_leaves': 21, 'learning_rate': 0.06297230746505071, 'feature_fraction': 0.8878491517905543, 'min_data_in_leaf': 44, 'atr_multiplier': 8.41730044155566}. Best is trial 0 with value: -1.0.
[I 2026-04-08 02:36:11,313] Trial 6 finished with value: -1.0 and parameters: {'num_leaves': 23, 'learning_rate': 0.01945541800720546, 'feature_fraction': 0.7020081628349837, 'min_data_in_leaf': 73, 'atr_multiplier': 6.659716780680379}. Best is trial 0 with value: -1.0.
[I 2026-04-08 02:36:13,734] Trial 7 finished with value: -1.0 and parameters: {'num_leaves': 31, 'learning_rate': 0.09599921903538221, 'feature_fraction': 0.5903278282542229, 'min_data_in_leaf': 47, 'atr_multiplier': 14.949197709220442}. Best is trial 0 with value: -1.0.
[I 2026-04-08 02:36:16,112] Trial 8 finished with value: -1.0 and parameters: {'num_leaves': 8, 'learning_rate': 0.029730914046608353, 'feature_fraction': 0.8949982453780557, 'min_data_in_leaf': 86, 'atr_multiplier': 14.899655930163727}. Best is trial 0 with value: -1.0.
[I 2026-04-08 02:36:18,597] Trial 9 finished with value: -1.0 and parameters: {'num_leaves': 17, 'learning_rate': 0.06107479571612557, 'feature_fraction': 0.7878412770449595, 'min_data_in_leaf': 91, 'atr_multiplier': 13.994850297778745}. Best is trial 0 with value: -1.0.
[I 2026-04-08 02:36:20,881] Trial 10 finished with value: -1.0 and parameters: {'num_leaves': 46, 'learning_rate': 0.0860678392357771, 'feature_fraction': 0.9914723011768869, 'min_data_in_leaf': 99, 'atr_multiplier': 9.722643329211385}. Best is trial 0 with value: -1.0.
[I 2026-04-08 02:36:22,983] Trial 11 finished with value: -1.0 and parameters: {'num_leaves': 37, 'learning_rate': 0.04792478333096352, 'feature_fraction': 0.9853068388742633, 'min_data_in_leaf': 22, 'atr_multiplier': 8.146558719524336}. Best is trial 0 with value: -1.0.
[I 2026-04-08 02:36:25,364] Trial 12 finished with value: -1.0 and parameters: {'num_leaves': 62, 'learning_rate': 0.0773927301703068, 'feature_fraction': 0.9534403541417714, 'min_data_in_leaf': 22, 'atr_multiplier': 8.761743247634564}. Best is trial 0 with value: -1.0.
[I 2026-04-08 02:36:27,602] Trial 13 finished with value: -1.0 and parameters: {'num_leaves': 10, 'learning_rate': 0.01428341348146077, 'feature_fraction': 0.7764374609729997, 'min_data_in_leaf': 35, 'atr_multiplier': 11.887401299090781}. Best is trial 0 with value: -1.0.
[I 2026-04-08 02:36:29,564] Trial 14 finished with value: -1.0 and parameters: {'num_leaves': 33, 'learning_rate': 0.048072843231071874, 'feature_fraction': 0.8220509824633813, 'min_data_in_leaf': 64, 'atr_multiplier': 6.225499233352752}. Best is trial 0 with value: -1.0.
[I 2026-04-08 02:36:31,585] Trial 15 finished with value: -1.0 and parameters: {'num_leaves': 14, 'learning_rate': 0.07984827836363952, 'feature_fraction': 0.6882004321509936, 'min_data_in_leaf': 32, 'atr_multiplier': 7.521543805585292}. Best is trial 0 with value: -1.0.
[I 2026-04-08 02:36:33,755] Trial 16 finished with value: -1.0 and parameters: {'num_leaves': 42, 'learning_rate': 0.0932940807116267, 'feature_fraction': 0.9449982604624663, 'min_data_in_leaf': 73, 'atr_multiplier': 9.285898916661182}. Best is trial 0 with value: -1.0.
[I 2026-04-08 02:36:36,072] Trial 17 finished with value: -1.0 and parameters: {'num_leaves': 30, 'learning_rate': 0.024514406695823134, 'feature_fraction': 0.9288495467524441, 'min_data_in_leaf': 100, 'atr_multiplier': 12.007988750402639}. Best is trial 0 with value: -1.0.
[I 2026-04-08 02:36:38,128] Trial 18 finished with value: -1.0 and parameters: {'num_leaves': 27, 'learning_rate': 0.010064918310140343, 'feature_fraction': 0.5368943774235734, 'min_data_in_leaf': 56, 'atr_multiplier': 7.857806768176224}. Best is trial 0 with value: -1.0.
[I 2026-04-08 02:36:40,313] Trial 19 finished with value: -1.0 and parameters: {'num_leaves': 16, 'learning_rate': 0.037292275631030936, 'feature_fraction': 0.7160828606778741, 'min_data_in_leaf': 86, 'atr_multiplier': 10.72764729084807}. Best is trial 0 with value: -1.0.
[I 2026-04-08 02:36:42,437] Trial 20 finished with value: -1.0 and parameters: {'num_leaves': 38, 'learning_rate': 0.05691021093581504, 'feature_fraction': 0.8371951701236588, 'min_data_in_leaf': 34, 'atr_multiplier': 6.1498829783460796}. Best is trial 0 with value: -1.0.
[I 2026-04-08 02:36:44,474] Trial 21 finished with value: -1.0 and parameters: {'num_leaves': 20, 'learning_rate': 0.03099788677995734, 'feature_fraction': 0.6338287945525242, 'min_data_in_leaf': 60, 'atr_multiplier': 7.145364856207133}. Best is trial 0 with value: -1.0.
[I 2026-04-08 02:36:46,610] Trial 22 finished with value: -1.0 and parameters: {'num_leaves': 27, 'learning_rate': 0.06930405646495774, 'feature_fraction': 0.5206319863669554, 'min_data_in_leaf': 67, 'atr_multiplier': 6.947397696387796}. Best is trial 0 with value: -1.0.
[I 2026-04-08 02:36:48,703] Trial 23 finished with value: -1.0 and parameters: {'num_leaves': 16, 'learning_rate': 0.04424397789439622, 'feature_fraction': 0.6561907320254126, 'min_data_in_leaf': 52, 'atr_multiplier': 9.085034342702986}. Best is trial 0 with value: -1.0.
[I 2026-04-08 02:36:50,711] Trial 24 finished with value: -1.0 and parameters: {'num_leaves': 12, 'learning_rate': 0.0330891590649348, 'feature_fraction': 0.5811514806041127, 'min_data_in_leaf': 41, 'atr_multiplier': 7.584058735267468}. Best is trial 0 with value: -1.0.
[I 2026-04-08 02:36:53,056] Trial 25 finished with value: -1.0 and parameters: {'num_leaves': 26, 'learning_rate': 0.02197019176912584, 'feature_fraction': 0.999983551887805, 'min_data_in_leaf': 80, 'atr_multiplier': 9.779914780937299}. Best is trial 0 with value: -1.0.
[I 2026-04-08 02:36:55,238] Trial 26 finished with value: -1.0 and parameters: {'num_leaves': 20, 'learning_rate': 0.05176446218889121, 'feature_fraction': 0.7467838615129713, 'min_data_in_leaf': 92, 'atr_multiplier': 8.079139098262187}. Best is trial 0 with value: -1.0.
[I 2026-04-08 02:36:57,671] Trial 27 finished with value: -1.0 and parameters: {'num_leaves': 55, 'learning_rate': 0.036400341405470375, 'feature_fraction': 0.9138878564932648, 'min_data_in_leaf': 28, 'atr_multiplier': 6.8186761498145}. Best is trial 0 with value: -1.0.
[I 2026-04-08 02:37:00,599] Trial 28 finished with value: -1.0 and parameters: {'num_leaves': 33, 'learning_rate': 0.026064463036822354, 'feature_fraction': 0.9626967023889914, 'min_data_in_leaf': 65, 'atr_multiplier': 8.621818696796646}. Best is trial 0 with value: -1.0.
[I 2026-04-08 02:37:02,923] Trial 29 finished with value: -1.0 and parameters: {'num_leaves': 24, 'learning_rate': 0.06544110526445802, 'feature_fraction': 0.8384163064409331, 'min_data_in_leaf': 40, 'atr_multiplier': 13.264796318864624}. Best is trial 0 with value: -1.0.
[I 2026-04-08 02:37:05,123] Trial 30 finished with value: -1.0 and parameters: {'num_leaves': 39, 'learning_rate': 0.01592811713013487, 'feature_fraction': 0.5649304526193294, 'min_data_in_leaf': 53, 'atr_multiplier': 7.349260589075074}. Best is trial 0 with value: -1.0.
[I 2026-04-08 02:37:07,335] Trial 31 finished with value: -1.0 and parameters: {'num_leaves': 19, 'learning_rate': 0.07235098877567869, 'feature_fraction': 0.8882174783808656, 'min_data_in_leaf': 48, 'atr_multiplier': 10.557974501042356}. Best is trial 0 with value: -1.0.
[I 2026-04-08 02:37:09,574] Trial 32 finished with value: -1.0 and parameters: {'num_leaves': 29, 'learning_rate': 0.08812080821456902, 'feature_fraction': 0.8692192135075756, 'min_data_in_leaf': 28, 'atr_multiplier': 11.091372423743302}. Best is trial 0 with value: -1.0.
[I 2026-04-08 02:37:11,988] Trial 33 finished with value: -1.0 and parameters: {'num_leaves': 23, 'learning_rate': 0.07756292530002296, 'feature_fraction': 0.9192501622580369, 'min_data_in_leaf': 76, 'atr_multiplier': 11.866205343055649}. Best is trial 0 with value: -1.0.
[I 2026-04-08 02:37:14,224] Trial 34 finished with value: -1.0 and parameters: {'num_leaves': 22, 'learning_rate': 0.0574201982162762, 'feature_fraction': 0.9679665092478134, 'min_data_in_leaf': 69, 'atr_multiplier': 11.449403960231235}. Best is trial 0 with value: -1.0.
[I 2026-04-08 02:37:16,396] Trial 35 finished with value: -1.0 and parameters: {'num_leaves': 34, 'learning_rate': 0.06884867847907582, 'feature_fraction': 0.6142496707145932, 'min_data_in_leaf': 60, 'atr_multiplier': 10.053229647404322}. Best is trial 0 with value: -1.0.
[I 2026-04-08 02:37:18,663] Trial 36 finished with value: -1.0 and parameters: {'num_leaves': 13, 'learning_rate': 0.041491813760304794, 'feature_fraction': 0.8616439949843889, 'min_data_in_leaf': 48, 'atr_multiplier': 12.639221490631973}. Best is trial 0 with value: -1.0.
[I 2026-04-08 02:37:20,612] Trial 37 finished with value: -1.0 and parameters: {'num_leaves': 25, 'learning_rate': 0.0855008748370446, 'feature_fraction': 0.9326654681154104, 'min_data_in_leaf': 80, 'atr_multiplier': 6.4207292347359}. Best is trial 0 with value: -1.0.
[I 2026-04-08 02:37:22,919] Trial 38 finished with value: -1.0 and parameters: {'num_leaves': 18, 'learning_rate': 0.06285157678777409, 'feature_fraction': 0.8989356877945561, 'min_data_in_leaf': 41, 'atr_multiplier': 8.23056296111027}. Best is trial 0 with value: -1.0.
[I 2026-04-08 02:37:25,283] Trial 39 finished with value: -1.0 and parameters: {'num_leaves': 8, 'learning_rate': 0.07380270866688668, 'feature_fraction': 0.8031021718015959, 'min_data_in_leaf': 87, 'atr_multiplier': 9.166622055745165}. Best is trial 0 with value: -1.0.
[I 2026-04-08 02:37:25,294] A new study created in memory with name: no-name-80190e49-54b2-4cf1-b127-b65dc261ad26
[I 2026-04-08 02:37:27,558] Trial 0 finished with value: -1.0 and parameters: {'num_leaves': 53, 'learning_rate': 0.06518749481321641, 'feature_fraction': 0.5013466014929366, 'min_data_in_leaf': 92, 'atr_multiplier': 9.301669740616687}. Best is trial 0 with value: -1.0.
[I 2026-04-08 02:37:29,750] Trial 1 finished with value: -1.0 and parameters: {'num_leaves': 28, 'learning_rate': 0.01131901431135426, 'feature_fraction': 0.6282550185915319, 'min_data_in_leaf': 93, 'atr_multiplier': 9.102118161755442}. Best is trial 0 with value: -1.0.
[I 2026-04-08 02:37:31,898] Trial 2 finished with value: -1.0 and parameters: {'num_leaves': 21, 'learning_rate': 0.04103527753161153, 'feature_fraction': 0.6395290253650907, 'min_data_in_leaf': 21, 'atr_multiplier': 9.370406101329564}. Best is trial 0 with value: -1.0.
[I 2026-04-08 02:37:34,315] Trial 3 finished with value: -1.0 and parameters: {'num_leaves': 61, 'learning_rate': 0.06448453437022877, 'feature_fraction': 0.5433721306767949, 'min_data_in_leaf': 59, 'atr_multiplier': 14.930227513004846}. Best is trial 0 with value: -1.0.
[I 2026-04-08 02:37:36,724] Trial 4 finished with value: -1.0 and parameters: {'num_leaves': 35, 'learning_rate': 0.07773365743159857, 'feature_fraction': 0.904213761987875, 'min_data_in_leaf': 66, 'atr_multiplier': 6.086920909991687}. Best is trial 0 with value: -1.0.
[I 2026-04-08 02:37:38,647] Trial 5 finished with value: -1.0 and parameters: {'num_leaves': 26, 'learning_rate': 0.08122012843935957, 'feature_fraction': 0.8321748657231063, 'min_data_in_leaf': 78, 'atr_multiplier': 6.008307746359887}. Best is trial 0 with value: -1.0.
[I 2026-04-08 02:37:40,953] Trial 6 finished with value: -1.0 and parameters: {'num_leaves': 34, 'learning_rate': 0.021521966902902923, 'feature_fraction': 0.5427276909278645, 'min_data_in_leaf': 88, 'atr_multiplier': 14.989812506145716}. Best is trial 0 with value: -1.0.
[I 2026-04-08 02:37:43,201] Trial 7 finished with value: -1.0 and parameters: {'num_leaves': 62, 'learning_rate': 0.03235273950611679, 'feature_fraction': 0.7399558938170966, 'min_data_in_leaf': 89, 'atr_multiplier': 7.9465591755439835}. Best is trial 0 with value: -1.0.
[I 2026-04-08 02:37:45,531] Trial 8 finished with value: -1.0 and parameters: {'num_leaves': 30, 'learning_rate': 0.06905167406572837, 'feature_fraction': 0.7941041283645393, 'min_data_in_leaf': 50, 'atr_multiplier': 14.26421553122811}. Best is trial 0 with value: -1.0.
[I 2026-04-08 02:37:47,945] Trial 9 finished with value: -1.0 and parameters: {'num_leaves': 55, 'learning_rate': 0.037397246612043064, 'feature_fraction': 0.8196722916096352, 'min_data_in_leaf': 98, 'atr_multiplier': 10.208246461445793}. Best is trial 0 with value: -1.0.
[I 2026-04-08 02:37:50,298] Trial 10 finished with value: -1.0 and parameters: {'num_leaves': 47, 'learning_rate': 0.0914258932255881, 'feature_fraction': 0.6819003729695756, 'min_data_in_leaf': 27, 'atr_multiplier': 12.270442626527979}. Best is trial 0 with value: -1.0.
[I 2026-04-08 02:37:52,692] Trial 11 finished with value: -1.0 and parameters: {'num_leaves': 14, 'learning_rate': 0.05213684580905095, 'feature_fraction': 0.5047664680255274, 'min_data_in_leaf': 100, 'atr_multiplier': 8.466108047688753}. Best is trial 0 with value: -1.0.
[I 2026-04-08 02:37:54,997] Trial 12 finished with value: -1.0 and parameters: {'num_leaves': 47, 'learning_rate': 0.01112355862743776, 'feature_fraction': 0.6135112203588651, 'min_data_in_leaf': 75, 'atr_multiplier': 12.120551712549867}. Best is trial 0 with value: -1.0.
[I 2026-04-08 02:37:59,003] Trial 13 finished with value: -1.0 and parameters: {'num_leaves': 45, 'learning_rate': 0.05111441760616522, 'feature_fraction': 0.5922964355785553, 'min_data_in_leaf': 44, 'atr_multiplier': 11.265474808631224}. Best is trial 0 with value: -1.0.
[I 2026-04-08 02:38:01,635] Trial 14 finished with value: -1.0 and parameters: {'num_leaves': 11, 'learning_rate': 0.0972848485650072, 'feature_fraction': 0.6895044439123464, 'min_data_in_leaf': 80, 'atr_multiplier': 7.72926703188021}. Best is trial 0 with value: -1.0.
[I 2026-04-08 02:38:03,855] Trial 15 finished with value: -1.0 and parameters: {'num_leaves': 42, 'learning_rate': 0.0645178834970274, 'feature_fraction': 0.5044383922445753, 'min_data_in_leaf': 89, 'atr_multiplier': 9.505427866172703}. Best is trial 0 with value: -1.0.
[I 2026-04-08 02:38:05,843] Trial 16 finished with value: -1.0 and parameters: {'num_leaves': 22, 'learning_rate': 0.02573761723413931, 'feature_fraction': 0.5629756536163708, 'min_data_in_leaf': 66, 'atr_multiplier': 7.2168061567995485}. Best is trial 0 with value: -1.0.
[I 2026-04-08 02:38:08,670] Trial 17 finished with value: -1.0 and parameters: {'num_leaves': 55, 'learning_rate': 0.011395596569824988, 'feature_fraction': 0.9872732825742616, 'min_data_in_leaf': 92, 'atr_multiplier': 10.882616648794677}. Best is trial 0 with value: -1.0.
[I 2026-04-08 02:38:11,110] Trial 18 finished with value: -1.0 and parameters: {'num_leaves': 39, 'learning_rate': 0.047297360521975085, 'feature_fraction': 0.6608922357922166, 'min_data_in_leaf': 82, 'atr_multiplier': 8.99549052310263}. Best is trial 0 with value: -1.0.
[I 2026-04-08 02:38:13,252] Trial 19 finished with value: -1.0 and parameters: {'num_leaves': 17, 'learning_rate': 0.05886491425590351, 'feature_fraction': 0.7142092552765523, 'min_data_in_leaf': 70, 'atr_multiplier': 10.034272740940866}. Best is trial 0 with value: -1.0.
[I 2026-04-08 02:38:15,604] Trial 20 finished with value: -1.0 and parameters: {'num_leaves': 53, 'learning_rate': 0.07663627102895072, 'feature_fraction': 0.5956652445201157, 'min_data_in_leaf': 57, 'atr_multiplier': 11.623720657178453}. Best is trial 0 with value: -1.0.
[I 2026-04-08 02:38:17,775] Trial 21 finished with value: -1.0 and parameters: {'num_leaves': 21, 'learning_rate': 0.042616714479234895, 'feature_fraction': 0.651058539189029, 'min_data_in_leaf': 30, 'atr_multiplier': 8.953221711890928}. Best is trial 0 with value: -1.0.
[I 2026-04-08 02:38:19,940] Trial 22 finished with value: -1.0 and parameters: {'num_leaves': 28, 'learning_rate': 0.021125127183159245, 'feature_fraction': 0.6341529939358652, 'min_data_in_leaf': 20, 'atr_multiplier': 9.719882470452331}. Best is trial 0 with value: -1.0.
[I 2026-04-08 02:38:21,961] Trial 23 finished with value: -1.0 and parameters: {'num_leaves': 8, 'learning_rate': 0.030078594531850307, 'feature_fraction': 0.7755681692877874, 'min_data_in_leaf': 40, 'atr_multiplier': 7.128819243930508}. Best is trial 0 with value: -1.0.
[I 2026-04-08 02:38:24,045] Trial 24 finished with value: -1.0 and parameters: {'num_leaves': 19, 'learning_rate': 0.03938430475371528, 'feature_fraction': 0.5762515379107559, 'min_data_in_leaf': 37, 'atr_multiplier': 9.04174375708236}. Best is trial 0 with value: -1.0.
[I 2026-04-08 02:38:26,287] Trial 25 finished with value: -1.0 and parameters: {'num_leaves': 30, 'learning_rate': 0.05786472351608868, 'feature_fraction': 0.6262249836555788, 'min_data_in_leaf': 97, 'atr_multiplier': 12.990652307921785}. Best is trial 0 with value: -1.0.
[I 2026-04-08 02:38:28,502] Trial 26 finished with value: -1.0 and parameters: {'num_leaves': 24, 'learning_rate': 0.019018520137118466, 'feature_fraction': 0.7237729990506809, 'min_data_in_leaf': 85, 'atr_multiplier': 10.589872387652317}. Best is trial 0 with value: -1.0.
[I 2026-04-08 02:38:30,611] Trial 27 finished with value: -1.0 and parameters: {'num_leaves': 32, 'learning_rate': 0.07153291611364226, 'feature_fraction': 0.5375440084684879, 'min_data_in_leaf': 52, 'atr_multiplier': 8.238756791332479}. Best is trial 0 with value: -1.0.
[I 2026-04-08 02:38:32,749] Trial 28 finished with value: -1.0 and parameters: {'num_leaves': 16, 'learning_rate': 0.08426459994983862, 'feature_fraction': 0.6831286706596407, 'min_data_in_leaf': 71, 'atr_multiplier': 9.32785201123593}. Best is trial 0 with value: -1.0.
[I 2026-04-08 02:38:34,851] Trial 29 finished with value: -1.0 and parameters: {'num_leaves': 40, 'learning_rate': 0.05957471638750728, 'feature_fraction': 0.5456735281757545, 'min_data_in_leaf': 60, 'atr_multiplier': 6.859924519714859}. Best is trial 0 with value: -1.0.
[I 2026-04-08 02:38:37,335] Trial 30 finished with value: -1.0 and parameters: {'num_leaves': 59, 'learning_rate': 0.04613014265213107, 'feature_fraction': 0.8696902942460627, 'min_data_in_leaf': 93, 'atr_multiplier': 8.377470667792398}. Best is trial 0 with value: -1.0.
[I 2026-04-08 02:38:39,697] Trial 31 finished with value: -1.0 and parameters: {'num_leaves': 59, 'learning_rate': 0.0662360678817935, 'feature_fraction': 0.5207107687432343, 'min_data_in_leaf': 62, 'atr_multiplier': 13.539505900064341}. Best is trial 0 with value: -1.0.
[I 2026-04-08 02:38:41,930] Trial 32 finished with value: -1.0 and parameters: {'num_leaves': 61, 'learning_rate': 0.07339049591672392, 'feature_fraction': 0.570685148343686, 'min_data_in_leaf': 75, 'atr_multiplier': 10.052221339737368}. Best is trial 0 with value: -1.0.
[I 2026-04-08 02:38:44,170] Trial 33 finished with value: -1.0 and parameters: {'num_leaves': 51, 'learning_rate': 0.08281250882916717, 'feature_fraction': 0.6073334815432772, 'min_data_in_leaf': 21, 'atr_multiplier': 10.790062671309098}. Best is trial 0 with value: -1.0.
[I 2026-04-08 02:38:46,151] Trial 34 finished with value: -1.0 and parameters: {'num_leaves': 37, 'learning_rate': 0.06289848673194431, 'feature_fraction': 0.5478927625930972, 'min_data_in_leaf': 33, 'atr_multiplier': 6.408100936054983}. Best is trial 0 with value: -1.0.
[I 2026-04-08 02:38:48,429] Trial 35 finished with value: -1.0 and parameters: {'num_leaves': 25, 'learning_rate': 0.05429210147894227, 'feature_fraction': 0.5268829443588536, 'min_data_in_leaf': 47, 'atr_multiplier': 14.299452910737557}. Best is trial 0 with value: -1.0.
[I 2026-04-08 02:38:50,779] Trial 36 finished with value: -1.0 and parameters: {'num_leaves': 63, 'learning_rate': 0.07827729473980358, 'feature_fraction': 0.5786267840614725, 'min_data_in_leaf': 94, 'atr_multiplier': 8.631126709707}. Best is trial 0 with value: -1.0.
[I 2026-04-08 02:38:53,065] Trial 37 finished with value: -1.0 and parameters: {'num_leaves': 35, 'learning_rate': 0.0334834341387483, 'feature_fraction': 0.6502613786710446, 'min_data_in_leaf': 84, 'atr_multiplier': 7.640703872569915}. Best is trial 0 with value: -1.0.
[I 2026-04-08 02:38:55,444] Trial 38 finished with value: -1.0 and parameters: {'num_leaves': 56, 'learning_rate': 0.06686180119824696, 'feature_fraction': 0.5069021053509813, 'min_data_in_leaf': 26, 'atr_multiplier': 9.719198445139845}. Best is trial 0 with value: -1.0.
