[I 2026-04-10 12:22:48,537] Trial 7 finished with value: -1.0 and parameters: {'num_leaves': 12, 'learning_rate': 0.013012883700227334, 'feature_fraction': 0.6344425549003101, 'atr_multiplier': 2.462823082146142, 'rrr': 2.250091157466122}. Best is trial 1 with value: 2.0494326167516475.
[I 2026-04-10 12:22:49,131] Trial 6 finished with value: 1.163451381147446 and parameters: {'num_leaves': 17, 'learning_rate': 0.013131958397151828, 'feature_fraction': 0.9175443701170587, 'atr_multiplier': 3.4195290437510923, 'rrr': 2.635423598945987}. Best is trial 1 with value: 2.0494326167516475.
[I 2026-04-10 12:22:49,760] Trial 4 finished with value: 0.05446590779585601 and parameters: {'num_leaves': 40, 'learning_rate': 0.05595651399293803, 'feature_fraction': 0.8797255037175544, 'atr_multiplier': 4.494899298639039, 'rrr': 1.6809079883198084}. Best is trial 1 with value: 2.0494326167516475.
[I 2026-04-10 12:22:50,469] Trial 5 finished with value: 1.7228535414671626 and parameters: {'num_leaves': 26, 'learning_rate': 0.06302564365988235, 'feature_fraction': 0.7908811309920694, 'atr_multiplier': 2.006611818361586, 'rrr': 2.87835228098067}. Best is trial 1 with value: 2.0494326167516475.
[I 2026-04-10 12:23:42,091] Trial 10 finished with value: 0.5844356361394006 and parameters: {'num_leaves': 19, 'learning_rate': 0.035394737915437534, 'feature_fraction': 0.5950746398133326, 'atr_multiplier': 3.5842368215871776, 'rrr': 1.943284715872922}. Best is trial 1 with value: 2.0494326167516475.
[I 2026-04-10 12:23:43,106] Trial 11 finished with value: 1.8753084108791445 and parameters: {'num_leaves': 34, 'learning_rate': 0.09305713766105009, 'feature_fraction': 0.9596394163132995, 'atr_multiplier': 3.2150781932899646, 'rrr': 3.167644781792016}. Best is trial 1 with value: 2.0494326167516475.
[I 2026-04-10 12:23:43,668] Trial 8 finished with value: 2.078533110580506 and parameters: {'num_leaves': 57, 'learning_rate': 0.09785642844108573, 'feature_fraction': 0.8654701049347873, 'atr_multiplier': 2.476011123569944, 'rrr': 3.401809554275176}. Best is trial 8 with value: 2.078533110580506.
[I 2026-04-10 12:23:44,109] Trial 9 finished with value: 0.727935913587108 and parameters: {'num_leaves': 55, 'learning_rate': 0.07047819377180439, 'feature_fraction': 0.8454768878989156, 'atr_multiplier': 2.341424770593414, 'rrr': 2.1140456288596345}. Best is trial 8 with value: 2.078533110580506.
[I 2026-04-10 12:24:37,501] Trial 12 finished with value: 1.394568141356481 and parameters: {'num_leaves': 47, 'learning_rate': 0.02802285620196157, 'feature_fraction': 0.7290400565942634, 'atr_multiplier': 4.81525873485459, 'rrr': 3.0879947189005756}. Best is trial 8 with value: 2.078533110580506.
[I 2026-04-10 12:24:38,078] Trial 15 finished with value: 2.229458494558237 and parameters: {'num_leaves': 44, 'learning_rate': 0.029325045281604404, 'feature_fraction': 0.6947142956062266, 'atr_multiplier': 4.1080749912371255, 'rrr': 3.8499099005873947}. Best is trial 15 with value: 2.229458494558237.
[I 2026-04-10 12:24:38,223] Trial 13 finished with value: 2.3378295107662477 and parameters: {'num_leaves': 48, 'learning_rate': 0.03244652628339729, 'feature_fraction': 0.6891560008836778, 'atr_multiplier': 4.106073643607306, 'rrr': 3.8978031427781348}. Best is trial 13 with value: 2.3378295107662477.
[I 2026-04-10 12:24:38,796] Trial 14 finished with value: 2.5443472292460956 and parameters: {'num_leaves': 63, 'learning_rate': 0.08082909883338017, 'feature_fraction': 0.7103705652141002, 'atr_multiplier': 4.0690662692847, 'rrr': 3.9982344866270703}. Best is trial 14 with value: 2.5443472292460956.
[I 2026-04-10 12:25:27,906] Trial 18 finished with value: 2.1240212450755247 and parameters: {'num_leaves': 44, 'learning_rate': 0.026528459196389464, 'feature_fraction': 0.5004022055026099, 'atr_multiplier': 4.245825193408721, 'rrr': 3.9716618906702417}. Best is trial 14 with value: 2.5443472292460956.
[I 2026-04-10 12:25:28,487] Trial 17 finished with value: 2.627373141490652 and parameters: {'num_leaves': 63, 'learning_rate': 0.0825773735149294, 'feature_fraction': 0.5153214099545305, 'atr_multiplier': 4.0998219946793535, 'rrr': 3.901800495236706}. Best is trial 17 with value: 2.627373141490652.
[I 2026-04-10 12:25:28,554] Trial 16 finished with value: 2.512023589000024 and parameters: {'num_leaves': 62, 'learning_rate': 0.08353752900544549, 'feature_fraction': 0.7014218991656708, 'atr_multiplier': 4.045571626477491, 'rrr': 3.855811014489018}. Best is trial 17 with value: 2.627373141490652.
[I 2026-04-10 12:25:29,381] Trial 19 finished with value: 2.2954823196363736 and parameters: {'num_leaves': 63, 'learning_rate': 0.0837233142066315, 'feature_fraction': 0.5268256872060468, 'atr_multiplier': 4.069791443011618, 'rrr': 3.6106212683056786}. Best is trial 17 with value: 2.627373141490652.
[I 2026-04-10 12:26:18,133] Trial 20 finished with value: 2.0462295496300804 and parameters: {'num_leaves': 64, 'learning_rate': 0.0844474667569208, 'feature_fraction': 0.6202420589139017, 'atr_multiplier': 3.7726330532163828, 'rrr': 3.4919982859665994}. Best is trial 17 with value: 2.627373141490652.
[I 2026-04-10 12:26:18,411] Trial 23 finished with value: 2.1884961877466105 and parameters: {'num_leaves': 64, 'learning_rate': 0.07765274388349629, 'feature_fraction': 0.5810048506034563, 'atr_multiplier': 3.67375311342314, 'rrr': 3.5083965612304655}. Best is trial 17 with value: 2.627373141490652.
[I 2026-04-10 12:26:18,591] Trial 21 finished with value: 2.2021147396420995 and parameters: {'num_leaves': 63, 'learning_rate': 0.08049514102804006, 'feature_fraction': 0.5456231006457399, 'atr_multiplier': 3.7008943564562493, 'rrr': 3.5812234775108687}. Best is trial 17 with value: 2.627373141490652.
[I 2026-04-10 12:26:18,675] Trial 22 finished with value: 2.1758655479084505 and parameters: {'num_leaves': 62, 'learning_rate': 0.08015991800904708, 'feature_fraction': 0.5124687688090128, 'atr_multiplier': 3.7146939046037217, 'rrr': 3.5260692021536735}. Best is trial 17 with value: 2.627373141490652.
[I 2026-04-10 12:27:12,233] Trial 24 finished with value: 2.0288134137054037 and parameters: {'num_leaves': 60, 'learning_rate': 0.07893300821156074, 'feature_fraction': 0.5619196079418068, 'atr_multiplier': 4.442689800289212, 'rrr': 3.6158112582571618}. Best is trial 17 with value: 2.627373141490652.
[I 2026-04-10 12:27:12,624] Trial 25 finished with value: 2.1735583760592916 and parameters: {'num_leaves': 54, 'learning_rate': 0.07701371941376689, 'feature_fraction': 0.7669514860884868, 'atr_multiplier': 4.440391639106544, 'rrr': 3.698116469861591}. Best is trial 17 with value: 2.627373141490652.
[I 2026-04-10 12:27:13,518] Trial 27 finished with value: 2.290909870948048 and parameters: {'num_leaves': 53, 'learning_rate': 0.08910286347344092, 'feature_fraction': 0.7596398552137267, 'atr_multiplier': 4.39216959889015, 'rrr': 3.748071162704846}. Best is trial 17 with value: 2.627373141490652.
[I 2026-04-10 12:27:13,529] Trial 26 finished with value: 2.3742120288702386 and parameters: {'num_leaves': 54, 'learning_rate': 0.09052775303329433, 'feature_fraction': 0.7726485468734566, 'atr_multiplier': 4.3917509216408215, 'rrr': 3.9909361102497596}. Best is trial 17 with value: 2.627373141490652.
[I 2026-04-10 12:28:03,679] Trial 29 finished with value: 2.674224029184776 and parameters: {'num_leaves': 52, 'learning_rate': 0.0917860403642399, 'feature_fraction': 0.6588798530817594, 'atr_multiplier': 3.252726244209925, 'rrr': 3.9453320507698892}. Best is trial 29 with value: 2.674224029184776.
[I 2026-04-10 12:28:03,894] Trial 28 finished with value: 2.6007815752365806 and parameters: {'num_leaves': 51, 'learning_rate': 0.08891496639146657, 'feature_fraction': 0.6419591488541541, 'atr_multiplier': 3.1879614879202975, 'rrr': 3.988284339855451}. Best is trial 29 with value: 2.674224029184776.
[I 2026-04-10 12:28:04,345] Trial 31 finished with value: 2.0116604250220167 and parameters: {'num_leaves': 59, 'learning_rate': 0.07151635701188504, 'feature_fraction': 0.6524263224428026, 'atr_multiplier': 3.290125279610785, 'rrr': 3.322582612334788}. Best is trial 29 with value: 2.674224029184776.
[I 2026-04-10 12:28:04,439] Trial 30 finished with value: 2.2600037006057114 and parameters: {'num_leaves': 57, 'learning_rate': 0.06945857738252273, 'feature_fraction': 0.6535806798465313, 'atr_multiplier': 4.992658699697722, 'rrr': 3.9630746929607876}. Best is trial 29 with value: 2.674224029184776.
[I 2026-04-10 12:28:50,469] Trial 35 finished with value: 2.4276821872720205 and parameters: {'num_leaves': 51, 'learning_rate': 0.09167924074527413, 'feature_fraction': 0.604840459273096, 'atr_multiplier': 3.005503246377279, 'rrr': 3.7395661130420335}. Best is trial 29 with value: 2.674224029184776.
[I 2026-04-10 12:28:50,563] Trial 34 finished with value: 2.619909463126128 and parameters: {'num_leaves': 51, 'learning_rate': 0.09381455128295553, 'feature_fraction': 0.6607389616377282, 'atr_multiplier': 2.9783739168055012, 'rrr': 3.9563221471099386}. Best is trial 29 with value: 2.674224029184776.
[I 2026-04-10 12:28:50,905] Trial 33 finished with value: 2.0398462327933196 and parameters: {'num_leaves': 58, 'learning_rate': 0.06622091149012534, 'feature_fraction': 0.6576454772415338, 'atr_multiplier': 2.948660672494603, 'rrr': 3.3305859451829836}. Best is trial 29 with value: 2.674224029184776.
[I 2026-04-10 12:28:51,572] Trial 32 finished with value: 1.980053110639343 and parameters: {'num_leaves': 58, 'learning_rate': 0.06994300991365701, 'feature_fraction': 0.6644287547301132, 'atr_multiplier': 3.0789117862508917, 'rrr': 3.3295260180011352}. Best is trial 29 with value: 2.674224029184776.
[I 2026-04-10 12:29:39,741] Trial 37 finished with value: 1.307453059738371 and parameters: {'num_leaves': 41, 'learning_rate': 0.09658659805326175, 'feature_fraction': 0.6626070970791365, 'atr_multiplier': 2.9887563509556725, 'rrr': 2.5425622029994694}. Best is trial 29 with value: 2.674224029184776.
[I 2026-04-10 12:29:39,863] Trial 36 finished with value: 2.517490884302616 and parameters: {'num_leaves': 40, 'learning_rate': 0.09592927342220049, 'feature_fraction': 0.7267711514501766, 'atr_multiplier': 3.080598501371256, 'rrr': 3.7629751744189814}. Best is trial 29 with value: 2.674224029184776.
[I 2026-04-10 12:29:39,864] Trial 39 finished with value: 2.5037835608565384 and parameters: {'num_leaves': 39, 'learning_rate': 0.09968870628904307, 'feature_fraction': 0.5533374885288027, 'atr_multiplier': 2.8439243825800054, 'rrr': 3.787336894495765}. Best is trial 29 with value: 2.674224029184776.
[I 2026-04-10 12:29:40,210] Trial 38 finished with value: 2.424399939488942 and parameters: {'num_leaves': 44, 'learning_rate': 0.09671674710974365, 'feature_fraction': 0.5764752733968961, 'atr_multiplier': 3.0725740128178205, 'rrr': 3.7952337216383336}. Best is trial 29 with value: 2.674224029184776.
[I 2026-04-10 12:29:50,332] A new study created in memory with name: no-name-6301c734-8531-43b2-82ef-a0e366c339eb
[I 2026-04-10 12:30:37,557] Trial 0 finished with value: -1.0 and parameters: {'num_leaves': 16, 'learning_rate': 0.010823522443536168, 'feature_fraction': 0.8534340877194562, 'atr_multiplier': 3.6210229115223984, 'rrr': 2.6835936706727916}. Best is trial 0 with value: -1.0.
[I 2026-04-10 12:30:37,785] Trial 1 finished with value: -1.0 and parameters: {'num_leaves': 23, 'learning_rate': 0.01545728172264588, 'feature_fraction': 0.642430745742317, 'atr_multiplier': 4.676191143285433, 'rrr': 1.7733440103524876}. Best is trial 0 with value: -1.0.
[I 2026-04-10 12:30:38,894] Trial 2 finished with value: 2.2753448002631296 and parameters: {'num_leaves': 46, 'learning_rate': 0.028410563965481472, 'feature_fraction': 0.5318613070385183, 'atr_multiplier': 3.4332030225976453, 'rrr': 3.690386913996672}. Best is trial 2 with value: 2.2753448002631296.
[I 2026-04-10 12:30:39,857] Trial 3 finished with value: 1.2946317786835682 and parameters: {'num_leaves': 42, 'learning_rate': 0.08272001203991748, 'feature_fraction': 0.8087241332277565, 'atr_multiplier': 3.9372534303119444, 'rrr': 2.7780672943291504}. Best is trial 2 with value: 2.2753448002631296.
[I 2026-04-10 12:31:28,022] Trial 4 finished with value: 1.776352150176942 and parameters: {'num_leaves': 15, 'learning_rate': 0.014625791708035765, 'feature_fraction': 0.8353745951836046, 'atr_multiplier': 3.5546821356541933, 'rrr': 3.5637158532521354}. Best is trial 2 with value: 2.2753448002631296.
[I 2026-04-10 12:31:28,961] Trial 5 finished with value: 1.5757811580011034 and parameters: {'num_leaves': 31, 'learning_rate': 0.04960733622692437, 'feature_fraction': 0.5472997760105659, 'atr_multiplier': 4.813678774650264, 'rrr': 3.4895219072959347}. Best is trial 2 with value: 2.2753448002631296.
[I 2026-04-10 12:31:29,607] Trial 6 finished with value: 1.1715901879095096 and parameters: {'num_leaves': 52, 'learning_rate': 0.050824014389649876, 'feature_fraction': 0.7076710219016585, 'atr_multiplier': 3.431098067437783, 'rrr': 2.643606822691314}. Best is trial 2 with value: 2.2753448002631296.
[I 2026-04-10 12:31:30,505] Trial 7 finished with value: 2.573911449020884 and parameters: {'num_leaves': 56, 'learning_rate': 0.08139039012915038, 'feature_fraction': 0.6269356041730396, 'atr_multiplier': 4.552705389466132, 'rrr': 3.934753822015405}. Best is trial 7 with value: 2.573911449020884.
[I 2026-04-10 12:32:17,480] Trial 8 finished with value: -1.0 and parameters: {'num_leaves': 22, 'learning_rate': 0.03455037858628029, 'feature_fraction': 0.945698210808822, 'atr_multiplier': 2.543188869517431, 'rrr': 1.5756836687165134}. Best is trial 7 with value: 2.573911449020884.
[I 2026-04-10 12:32:18,602] Trial 10 finished with value: 0.3466954480510373 and parameters: {'num_leaves': 26, 'learning_rate': 0.0321746012224745, 'feature_fraction': 0.7243172457548814, 'atr_multiplier': 4.824345639856821, 'rrr': 2.265517341202263}. Best is trial 7 with value: 2.573911449020884.
[I 2026-04-10 12:32:18,860] Trial 11 finished with value: 2.4468390138234986 and parameters: {'num_leaves': 19, 'learning_rate': 0.04336765528724567, 'feature_fraction': 0.975489087352511, 'atr_multiplier': 2.086762666972671, 'rrr': 3.673387117728907}. Best is trial 7 with value: 2.573911449020884.
[I 2026-04-10 12:32:19,911] Trial 9 finished with value: 1.8937489831596264 and parameters: {'num_leaves': 42, 'learning_rate': 0.04886753068010047, 'feature_fraction': 0.9492714145026073, 'atr_multiplier': 3.3644673782764207, 'rrr': 3.273546552113011}. Best is trial 7 with value: 2.573911449020884.
[I 2026-04-10 12:33:09,951] Trial 12 finished with value: 2.2847859037071823 and parameters: {'num_leaves': 53, 'learning_rate': 0.011742237410702249, 'feature_fraction': 0.6568049666633029, 'atr_multiplier': 2.97692940198718, 'rrr': 3.7121856199619194}. Best is trial 7 with value: 2.573911449020884.
[I 2026-04-10 12:33:10,806] Trial 15 finished with value: 2.7700966572267283 and parameters: {'num_leaves': 59, 'learning_rate': 0.08630403170588791, 'feature_fraction': 0.640982415243575, 'atr_multiplier': 2.225196667822357, 'rrr': 3.9529364950589203}. Best is trial 15 with value: 2.7700966572267283.
[I 2026-04-10 12:33:10,916] Trial 14 finished with value: 2.701385656260746 and parameters: {'num_leaves': 62, 'learning_rate': 0.08465105522069935, 'feature_fraction': 0.9809302661301985, 'atr_multiplier': 2.038703734635926, 'rrr': 3.913321118763708}. Best is trial 15 with value: 2.7700966572267283.
[I 2026-04-10 12:33:12,353] Trial 13 finished with value: 2.7358207416851523 and parameters: {'num_leaves': 63, 'learning_rate': 0.09882338779141903, 'feature_fraction': 0.6187607055174623, 'atr_multiplier': 2.0652956679467858, 'rrr': 3.9429925611142007}. Best is trial 15 with value: 2.7700966572267283.
[I 2026-04-10 12:33:57,342] Trial 16 finished with value: 2.738537984711827 and parameters: {'num_leaves': 62, 'learning_rate': 0.08171146082027127, 'feature_fraction': 0.614003105618951, 'atr_multiplier': 2.0227961381941437, 'rrr': 3.9619735161405027}. Best is trial 15 with value: 2.7700966572267283.
[I 2026-04-10 12:33:57,853] Trial 17 finished with value: 2.548012373164693 and parameters: {'num_leaves': 64, 'learning_rate': 0.08837613667848798, 'feature_fraction': 0.5805533433225496, 'atr_multiplier': 4.208709807632573, 'rrr': 3.9659023296783023}. Best is trial 15 with value: 2.7700966572267283.
[I 2026-04-10 12:33:58,221] Trial 19 finished with value: 1.94816948124849 and parameters: {'num_leaves': 64, 'learning_rate': 0.09725517919564447, 'feature_fraction': 0.582838127876013, 'atr_multiplier': 2.499291729270975, 'rrr': 3.2002546449761864}. Best is trial 15 with value: 2.7700966572267283.
[I 2026-04-10 12:33:58,366] Trial 18 finished with value: 2.026798022336611 and parameters: {'num_leaves': 64, 'learning_rate': 0.0981808916666912, 'feature_fraction': 0.8973850594913985, 'atr_multiplier': 2.096245528408815, 'rrr': 3.228671145288067}. Best is trial 15 with value: 2.7700966572267283.
[I 2026-04-10 12:34:43,065] Trial 20 finished with value: 1.9358767261959255 and parameters: {'num_leaves': 58, 'learning_rate': 0.06881599807637238, 'feature_fraction': 0.5825336385748011, 'atr_multiplier': 2.596416191632779, 'rrr': 3.1000553131760467}. Best is trial 15 with value: 2.7700966572267283.
[I 2026-04-10 12:34:44,625] Trial 21 finished with value: 1.962314038326246 and parameters: {'num_leaves': 57, 'learning_rate': 0.06593798984460177, 'feature_fraction': 0.69476209796955, 'atr_multiplier': 2.539145453550953, 'rrr': 3.2142414410849978}. Best is trial 15 with value: 2.7700966572267283.
[I 2026-04-10 12:34:44,990] Trial 23 finished with value: 1.746760210219372 and parameters: {'num_leaves': 47, 'learning_rate': 0.06709540037328024, 'feature_fraction': 0.7701268804650034, 'atr_multiplier': 2.549807455921938, 'rrr': 2.9712261635648356}. Best is trial 15 with value: 2.7700966572267283.
[I 2026-04-10 12:34:45,371] Trial 22 finished with value: 1.8180355934177128 and parameters: {'num_leaves': 57, 'learning_rate': 0.07042131162490609, 'feature_fraction': 0.6831732678555302, 'atr_multiplier': 2.514909213473792, 'rrr': 3.0852175302659535}. Best is trial 15 with value: 2.7700966572267283.
[I 2026-04-10 12:35:30,296] Trial 26 finished with value: 1.9372494622174155 and parameters: {'num_leaves': 9, 'learning_rate': 0.07439923210756667, 'feature_fraction': 0.5051973987370368, 'atr_multiplier': 2.9941975838662858, 'rrr': 3.437921101937534}. Best is trial 15 with value: 2.7700966572267283.
[I 2026-04-10 12:35:30,448] Trial 27 finished with value: 2.086571135456792 and parameters: {'num_leaves': 8, 'learning_rate': 0.0906225195215905, 'feature_fraction': 0.5100618431254839, 'atr_multiplier': 2.950288761123976, 'rrr': 3.442929467763414}. Best is trial 15 with value: 2.7700966572267283.
[I 2026-04-10 12:35:30,978] Trial 24 finished with value: 2.7926396280650585 and parameters: {'num_leaves': 49, 'learning_rate': 0.07195551840594645, 'feature_fraction': 0.5003916392498521, 'atr_multiplier': 2.3560083137125796, 'rrr': 3.9784178354380826}. Best is trial 24 with value: 2.7926396280650585.
[I 2026-04-10 12:35:33,052] Trial 25 finished with value: 2.142679612018378 and parameters: {'num_leaves': 49, 'learning_rate': 0.07098799353844258, 'feature_fraction': 0.7571828253030464, 'atr_multiplier': 2.9098507715876005, 'rrr': 3.4535602444607543}. Best is trial 24 with value: 2.7926396280650585.
[I 2026-04-10 14:23:12,563] Trial 28 finished with value: 2.5549654247904448 and parameters: {'num_leaves': 51, 'learning_rate': 0.09219328971416223, 'feature_fraction': 0.6148856159056417, 'atr_multiplier': 2.2654135790853998, 'rrr': 3.817222125814492}. Best is trial 24 with value: 2.7926396280650585.
[I 2026-04-10 14:23:12,681] Trial 29 finished with value: 2.6763484031517755 and parameters: {'num_leaves': 50, 'learning_rate': 0.06099266549824297, 'feature_fraction': 0.6124742809519863, 'atr_multiplier': 2.243108248519511, 'rrr': 3.830764858979116}. Best is trial 24 with value: 2.7926396280650585.
[I 2026-04-10 14:23:13,842] Trial 30 finished with value: 2.5554268271501495 and parameters: {'num_leaves': 49, 'learning_rate': 0.060310888763108104, 'feature_fraction': 0.555000588120264, 'atr_multiplier': 2.2998390489351297, 'rrr': 3.7817259720651597}. Best is trial 24 with value: 2.7926396280650585.
[I 2026-04-10 14:23:14,921] Trial 31 finished with value: 2.5504276291787997 and parameters: {'num_leaves': 42, 'learning_rate': 0.058577547231545436, 'feature_fraction': 0.5486198878751406, 'atr_multiplier': 2.243088160017097, 'rrr': 3.750972761191425}. Best is trial 24 with value: 2.7926396280650585.
[I 2026-04-11 01:19:47,491] Trial 32 finished with value: 0.8568262913924787 and parameters: {'num_leaves': 37, 'learning_rate': 0.059446101791629125, 'feature_fraction': 0.543912735213694, 'atr_multiplier': 2.2987397236241773, 'rrr': 2.1277562919900794}. Best is trial 24 with value: 2.7926396280650585.
[I 2026-04-11 01:19:47,565] Trial 33 finished with value: 1.120603459677369 and parameters: {'num_leaves': 40, 'learning_rate': 0.07680990624979, 'feature_fraction': 0.560230107178272, 'atr_multiplier': 2.288154737021741, 'rrr': 2.290553676858647}. Best is trial 24 with value: 2.7926396280650585.
[I 2026-04-11 01:19:48,781] Trial 34 finished with value: 2.7335217829576113 and parameters: {'num_leaves': 59, 'learning_rate': 0.08082580490848863, 'feature_fraction': 0.6666110033834848, 'atr_multiplier': 2.2636907454374815, 'rrr': 3.986347441403992}. Best is trial 24 with value: 2.7926396280650585.
[I 2026-04-11 01:19:49,670] Trial 35 finished with value: 2.7334664696340476 and parameters: {'num_leaves': 60, 'learning_rate': 0.07666592707730771, 'feature_fraction': 0.6594345527887677, 'atr_multiplier': 2.005134072654728, 'rrr': 3.9888174571959203}. Best is trial 24 with value: 2.7926396280650585.
