[I 2026-04-11 06:13:28,634] Trial 37 finished with value: 2.3978324590510853 and parameters: {'num_leaves': 60, 'learning_rate': 0.07765686470722111, 'feature_fraction': 0.659919819348123, 'atr_multiplier': 2.740605130814255, 'rrr': 3.6422794901208277}. Best is trial 24 with value: 2.7926396280650585.
[I 2026-04-11 06:13:28,723] Trial 36 finished with value: 2.8514609447376063 and parameters: {'num_leaves': 60, 'learning_rate': 0.07845466502089721, 'feature_fraction': 0.6576938602887188, 'atr_multiplier': 2.7405021953795337, 'rrr': 3.9945946249977826}. Best is trial 36 with value: 2.8514609447376063.
[I 2026-04-11 06:13:30,012] Trial 38 finished with value: 2.31665482048963 and parameters: {'num_leaves': 60, 'learning_rate': 0.09401889015643528, 'feature_fraction': 0.6383835239017509, 'atr_multiplier': 2.791645217773525, 'rrr': 3.5789504848178533}. Best is trial 36 with value: 2.8514609447376063.
[I 2026-04-11 06:13:30,603] Trial 39 finished with value: 2.331887777477167 and parameters: {'num_leaves': 54, 'learning_rate': 0.09409280102968517, 'feature_fraction': 0.7922110647982905, 'atr_multiplier': 2.74973665418765, 'rrr': 3.6214146864696946}. Best is trial 36 with value: 2.8514609447376063.
[I 2026-04-11 06:13:44,665] A new study created in memory with name: no-name-819cedb6-17b3-4761-bf7e-fab32d1aa1ca
